---------------------------------------------------------------
[ 2019-08-14T09:38:21+08:00 ] 223.104.255.48 POST /api/Bedorder/queryauth
[ info ] queryauth request: 
[ info ] {"mac":"CFF68135017E"}
[ info ] queryauth response: 
[ info ] 0
---------------------------------------------------------------
[ 2019-08-14T15:50:57+08:00 ] 117.132.197.79 POST /api/Bedorder/queryauth
[ info ] queryauth request: 
[ info ] {"mac":"D310E86FCFB5"}
[ info ] queryauth response: 
[ info ] 1
---------------------------------------------------------------
[ 2019-08-14T15:54:43+08:00 ] 117.132.197.79 POST /api/Bedorder/queryauth
[ info ] queryauth request: 
[ info ] {"mac":"D310E86FCFB5"}
[ info ] queryauth response: 
[ info ] 1
---------------------------------------------------------------
[ 2019-08-14T15:54:51+08:00 ] 117.132.197.79 POST /api/Bedorder/queryauth
[ info ] queryauth request: 
[ info ] {"mac":"D310E86FCFB5"}
[ info ] queryauth response: 
[ info ] 1
---------------------------------------------------------------
[ 2019-08-14T16:22:06+08:00 ] 117.132.197.79 POST /api/Bedorder/queryauth
[ info ] queryauth request: 
[ info ] {"mac":"D310E86FCFB5"}
[ info ] queryauth response: 
[ info ] 1
