---------------------------------------------------------------
[ 2019-08-20T10:43:35+08:00 ] 117.132.196.139 POST /api/Bedorder/queryauth
[ info ] queryauth request: 
[ info ] {"mac":"D6650F4F8FC7"}
[ info ] queryauth response: 
[ info ] 1
---------------------------------------------------------------
[ 2019-08-20T10:56:51+08:00 ] 117.132.196.136 POST /api/Bedorder/queryauth
[ info ] queryauth request: 
[ info ] {"mac":"EC3BE09E242A"}
[ info ] queryauth response: 
[ info ] 0
---------------------------------------------------------------
[ 2019-08-20T10:57:03+08:00 ] 117.132.196.136 POST /api/Bedorder/queryauth
[ info ] queryauth request: 
[ info ] {"mac":"EC3BE09E242A"}
[ info ] queryauth response: 
[ info ] 1
---------------------------------------------------------------
[ 2019-08-20T18:23:43+08:00 ] 223.104.254.243 POST /api/Bedorder/queryauth
[ info ] queryauth request: 
[ info ] {"mac":"E8413CE9A071"}
[ info ] queryauth response: 
[ info ] 1
---------------------------------------------------------------
[ 2019-08-20T18:24:13+08:00 ] 117.132.191.186 POST /api/Bedorder/queryauth
[ info ] queryauth request: 
[ info ] {"mac":"E8413CE9A071"}
[ info ] queryauth response: 
[ info ] 1
