---------------------------------------------------------------
[ 2019-12-03T07:28:29+08:00 ] 39.144.17.23 POST /api/Bedorder/queryauth
[ info ] queryauth request: 
[ info ] {"mac":"EC675A47FFAA"}
[ info ] queryauth response: 
[ info ] 1
---------------------------------------------------------------
[ 2019-12-03T07:28:39+08:00 ] 39.144.17.23 POST /api/Bedorder/queryauth
[ info ] queryauth request: 
[ info ] {"mac":"EC675A47FFAA"}
[ info ] queryauth response: 
[ info ] 1
---------------------------------------------------------------
[ 2019-12-03T08:38:39+08:00 ] 115.204.229.173 POST /admin/index/login?url=%2Fadmin%2Findex%2Findex
[ sql ] [ DB ] CONNECT:[ UseTime:0.000675s ] mysql:host=127.0.0.1;dbname=share;charset=utf8
[ sql ] [ SQL ] SHOW COLUMNS FROM `fa_admin` [ RunTime:0.000718s ]
[ sql ] [ SQL ] SELECT * FROM `fa_admin` WHERE  `username` = 'admin' LIMIT 1 [ RunTime:0.000342s ]
[ sql ] [ SQL ] UPDATE `fa_admin`  SET `logintime`=1575333519,`token`='a5159446-b640-4f7b-9e36-0b7b97288988',`updatetime`=1575333519  WHERE  `id` = 2 [ RunTime:0.000357s ]
[ sql ] [ SQL ] SHOW COLUMNS FROM `fa_admin_log` [ RunTime:0.000518s ]
[ sql ] [ SQL ] INSERT INTO `fa_admin_log` (`title` , `content` , `url` , `admin_id` , `username` , `useragent` , `ip` , `createtime`) VALUES ('登录' , '{\"url\":\"\\/admin\\/index\\/index\",\"__token__\":\"81075ad891af5fb0f8bc2f58cb695d74\",\"username\":\"admin\"}' , '/admin/index/login?url=%2Fadmin%2Findex%2Findex' , 2 , 'admin' , 'Mozilla/5.0 (iPhone; CPU iPhone OS 12_1_2 like Mac OS X) AppleWebKit/605.1.15 (KHTML, like Gecko) Version/12.0 Mobile/15E148 Safari/604.1' , '115.204.229.173' , 1575333519) [ RunTime:0.000274s ]
---------------------------------------------------------------
[ 2019-12-03T08:38:40+08:00 ] 115.204.229.173 GET /admin/index/index
[ sql ] [ DB ] CONNECT:[ UseTime:0.000747s ] mysql:host=127.0.0.1;dbname=share;charset=utf8
[ sql ] [ SQL ] SHOW COLUMNS FROM `fa_auth_group_access` [ RunTime:0.000816s ]
[ sql ] [ SQL ] SELECT `aga`.`uid`,`aga`.`group_id`,`ag`.`id`,`ag`.`pid`,`ag`.`name`,`ag`.`rules` FROM `fa_auth_group_access` `aga` LEFT JOIN `fa_auth_group` `ag` ON `aga`.`group_id`=`ag`.`id` WHERE  (  aga.uid='2' and ag.status='normal' ) [ RunTime:0.000463s ]
[ sql ] [ SQL ] SHOW COLUMNS FROM `fa_auth_rule` [ RunTime:0.000483s ]
[ sql ] [ SQL ] SELECT `id`,`pid`,`condition`,`icon`,`name`,`title`,`ismenu` FROM `fa_auth_rule` WHERE  `status` = 'normal'  AND `id` IN (1,2,6,7,8,9,10,11,13,14,15,16,17,18,19,20,21,22,23,24,25,26,27,28,29,30,31,32,33,34,40,41,42,43,44,45,46,47,48,49,50,92,93,94,95,96,97,98,99,100,101,102,103,104,105,106,107,108,109,110,111,112,113,114,115,116,117,118,119,120,121,122,123,124,125,126,127,128,129,130,132,133,134,135,136,137,138,139,140,141,142,143,144,145,146,147,148,149,150,151,152,153,154,155,156,157,159,160,161,162,163,164,165,166,167,168,169,170,171,172,173,174,175,176,177,178,179,180,183,184,189,190,191,192,193,194,197,198,199,200,201,202,203,204,205,206,207,208,209,211,5,131,182,181,188) [ RunTime:0.001205s ]
---------------------------------------------------------------
[ 2019-12-03T08:38:40+08:00 ] 115.204.229.173 GET /admin/dashboard?addtabs=1
[ sql ] [ DB ] CONNECT:[ UseTime:0.000748s ] mysql:host=127.0.0.1;dbname=share;charset=utf8
[ sql ] [ SQL ] SHOW COLUMNS FROM `fa_users` [ RunTime:0.000937s ]
[ sql ] [ SQL ] SELECT * FROM `fa_users` WHERE  ( `createtime` >= 1573574400 AND `createtime` < 1575388800 ) [ RunTime:0.001316s ]
[ sql ] [ SQL ] SHOW COLUMNS FROM `fa_bedorder` [ RunTime:0.000818s ]
[ sql ] [ SQL ] SELECT * FROM `fa_bedorder` WHERE  `status` >= -1  AND ( `createtime` >= 1573574400 AND `createtime` < 1575388800 ) [ RunTime:0.004242s ]
[ sql ] [ SQL ] SHOW COLUMNS FROM `fa_auth_rule` [ RunTime:0.000948s ]
[ sql ] [ SQL ] SELECT `title`,`remark` FROM `fa_auth_rule` WHERE  `name` = 'dashboard' LIMIT 1 [ RunTime:0.000324s ]
---------------------------------------------------------------
[ 2019-12-03T08:38:40+08:00 ] 115.204.229.173 GET /admin/dashboard/devcount
[ sql ] [ DB ] CONNECT:[ UseTime:0.000704s ] mysql:host=127.0.0.1;dbname=share;charset=utf8
[ sql ] [ SQL ] SHOW COLUMNS FROM `fa_device` [ RunTime:0.000769s ]
[ sql ] [ SQL ] SELECT COUNT(*) AS tp_count FROM `fa_device` LIMIT 1 [ RunTime:0.000335s ]
---------------------------------------------------------------
[ 2019-12-03T08:38:40+08:00 ] 115.204.229.173 GET /admin/dashboard/orderinfo
[ sql ] [ DB ] CONNECT:[ UseTime:0.003319s ] mysql:host=127.0.0.1;dbname=share;charset=utf8
[ sql ] [ SQL ] SHOW COLUMNS FROM `fa_bedorder` [ RunTime:0.000896s ]
[ sql ] [ SQL ] SELECT (total-refund) as amount FROM `fa_bedorder` WHERE  `status` >= -1 [ RunTime:0.002603s ]
---------------------------------------------------------------
[ 2019-12-03T08:38:40+08:00 ] 115.204.229.173 GET /admin/dashboard/usercount
[ sql ] [ DB ] CONNECT:[ UseTime:0.000725s ] mysql:host=127.0.0.1;dbname=share;charset=utf8
[ sql ] [ SQL ] SHOW COLUMNS FROM `fa_users` [ RunTime:0.000859s ]
[ sql ] [ SQL ] SELECT COUNT(*) AS tp_count FROM `fa_users` LIMIT 1 [ RunTime:0.000516s ]
---------------------------------------------------------------
[ 2019-12-03T08:38:41+08:00 ] 115.204.229.173 GET /admin/dashboard/todayregister
[ sql ] [ DB ] CONNECT:[ UseTime:0.001701s ] mysql:host=127.0.0.1;dbname=share;charset=utf8
[ sql ] [ SQL ] SHOW COLUMNS FROM `fa_users` [ RunTime:0.000958s ]
[ sql ] [ SQL ] SELECT COUNT(*) AS tp_count FROM `fa_users` WHERE  ( `createtime` >= 1575302400 AND `createtime` < 1575388800 ) LIMIT 1 [ RunTime:0.000645s ]
---------------------------------------------------------------
[ 2019-12-03T08:38:41+08:00 ] 115.204.229.173 GET /admin/dashboard/todaylogin
[ sql ] [ DB ] CONNECT:[ UseTime:0.000674s ] mysql:host=127.0.0.1;dbname=share;charset=utf8
[ sql ] [ SQL ] SHOW COLUMNS FROM `fa_oauth` [ RunTime:0.000644s ]
[ sql ] [ SQL ] SELECT COUNT(*) AS tp_count FROM `fa_oauth` WHERE  ( `createtime` >= 1575302400 AND `createtime` < 1575388800 ) LIMIT 1 [ RunTime:0.002824s ]
---------------------------------------------------------------
[ 2019-12-03T08:38:41+08:00 ] 115.204.229.173 GET /admin/dashboard/todayorder
[ sql ] [ DB ] CONNECT:[ UseTime:0.000593s ] mysql:host=127.0.0.1;dbname=share;charset=utf8
[ sql ] [ SQL ] SHOW COLUMNS FROM `fa_bedorder` [ RunTime:0.000713s ]
[ sql ] [ SQL ] SELECT COUNT(*) AS tp_count FROM `fa_bedorder` WHERE  `status` >= -1  AND ( `createtime` >= 1575302400 AND `createtime` < 1575388800 ) LIMIT 1 [ RunTime:0.000999s ]
---------------------------------------------------------------
[ 2019-12-03T08:38:41+08:00 ] 115.204.229.173 GET /admin/dashboard/unsettleorder
[ sql ] [ DB ] CONNECT:[ UseTime:0.000696s ] mysql:host=127.0.0.1;dbname=share;charset=utf8
[ sql ] [ SQL ] SHOW COLUMNS FROM `fa_bedorder` [ RunTime:0.000869s ]
[ sql ] [ SQL ] SELECT COUNT(*) AS tp_count FROM `fa_bedorder` WHERE  `status` >= -1  AND `step` < 9000 LIMIT 1 [ RunTime:0.001394s ]
---------------------------------------------------------------
[ 2019-12-03T08:38:41+08:00 ] 115.204.229.173 GET /admin/dashboard/sevendnudau
[ sql ] [ DB ] CONNECT:[ UseTime:0.000555s ] mysql:host=127.0.0.1;dbname=share;charset=utf8
[ sql ] [ SQL ] SHOW COLUMNS FROM `fa_users` [ RunTime:0.000602s ]
[ sql ] [ SQL ] SELECT COUNT(*) AS tp_count FROM `fa_users` WHERE  ( `createtime` >= 1574697600 AND `createtime` < 1575388800 ) LIMIT 1 [ RunTime:0.000425s ]
[ sql ] [ SQL ] SHOW COLUMNS FROM `fa_oauth` [ RunTime:0.000427s ]
[ sql ] [ SQL ] SELECT COUNT(*) AS tp_count FROM ( SELECT count(*) FROM `fa_oauth` WHERE  ( `createtime` >= 1574697600 AND `createtime` < 1575388800 ) GROUP BY `id` ) `_group_count_` LIMIT 1 [ RunTime:0.001892s ]
[ sql ] [ SQL ] SELECT COUNT(*) AS tp_count FROM `fa_users` LIMIT 1 [ RunTime:0.000320s ]
---------------------------------------------------------------
[ 2019-12-03T09:09:12+08:00 ] 221.178.125.222 POST /api/Bedorder/queryauth
[ info ] queryauth request: 
[ info ] {"mac":"E92960A8BC9D"}
[ info ] queryauth response: 
[ info ] 1
---------------------------------------------------------------
[ 2019-12-03T09:10:38+08:00 ] 117.132.198.210 POST /api/Bedorder/queryauth
[ info ] queryauth request: 
[ info ] {"mac":"F6C1B2655635"}
[ info ] queryauth response: 
[ info ] 1
---------------------------------------------------------------
[ 2019-12-03T09:18:55+08:00 ] 221.178.126.239 POST /api/Bedorder/queryauth
[ info ] queryauth request: 
[ info ] {"mac":"FF3FBD6926E2"}
[ info ] queryauth response: 
[ info ] 1
---------------------------------------------------------------
[ 2019-12-03T09:31:38+08:00 ] 117.132.191.13 POST /api/Bedorder/queryauth
[ info ] queryauth request: 
[ info ] {"mac":"EB530B160EA1"}
[ info ] queryauth response: 
[ info ] 1
---------------------------------------------------------------
[ 2019-12-03T10:17:21+08:00 ] 223.104.254.111 POST /api/Bedorder/queryauth
[ info ] queryauth request: 
[ info ] {"mac":"F0E8309DCD7D"}
[ info ] queryauth response: 
[ info ] 1
---------------------------------------------------------------
[ 2019-12-03T10:18:55+08:00 ] 218.204.252.37 POST /api/Bedorder/queryauth
[ info ] queryauth request: 
[ info ] {"mac":"DA1AE0FFC53B"}
[ info ] queryauth response: 
[ info ] 1
---------------------------------------------------------------
[ 2019-12-03T10:20:47+08:00 ] 218.204.253.78 POST /api/Bedorder/queryauth
[ info ] queryauth request: 
[ info ] {"mac":"D22367871BBE"}
[ info ] queryauth response: 
[ info ] 1
---------------------------------------------------------------
[ 2019-12-03T10:21:20+08:00 ] 218.204.253.78 POST /api/Bedorder/queryauth
[ info ] queryauth request: 
[ info ] {"mac":"D22367871BBE"}
[ info ] queryauth response: 
[ info ] 1
---------------------------------------------------------------
[ 2019-12-03T11:40:32+08:00 ] 223.104.192.113 GET /admin/index/index
[ sql ] [ DB ] CONNECT:[ UseTime:0.000625s ] mysql:host=127.0.0.1;dbname=share;charset=utf8
[ sql ] [ SQL ] SHOW COLUMNS FROM `fa_auth_group_access` [ RunTime:0.000609s ]
[ sql ] [ SQL ] SELECT `aga`.`uid`,`aga`.`group_id`,`ag`.`id`,`ag`.`pid`,`ag`.`name`,`ag`.`rules` FROM `fa_auth_group_access` `aga` LEFT JOIN `fa_auth_group` `ag` ON `aga`.`group_id`=`ag`.`id` WHERE  (  aga.uid='11' and ag.status='normal' ) [ RunTime:0.000381s ]
[ sql ] [ SQL ] SHOW COLUMNS FROM `fa_auth_rule` [ RunTime:0.000500s ]
[ sql ] [ SQL ] SELECT `id`,`pid`,`condition`,`icon`,`name`,`title`,`ismenu` FROM `fa_auth_rule` WHERE  `status` = 'normal'  AND `id` IN (2,7,9,11,23,24,25,26,27,28,40,41,42,43,47,48,49,50,92,93,94,95,96,97,98,99,100,101,102,103,104,105,106,107,108,109,110,111,112,113,114,115,117,118,119,120,121,122,123,124,125,126,127,128,129,130,132,133,134,135,136,137,138,139,140,141,142,143,150,151,152,153,154,155,156,157,159,160,167,168,175,176,177,178,194,5,131) [ RunTime:0.000815s ]
---------------------------------------------------------------
[ 2019-12-03T11:40:33+08:00 ] 223.104.192.113 GET /admin/general/attachment?addtabs=1
[ sql ] [ DB ] CONNECT:[ UseTime:0.000685s ] mysql:host=127.0.0.1;dbname=share;charset=utf8
[ sql ] [ SQL ] SHOW COLUMNS FROM `fa_auth_group_access` [ RunTime:0.000646s ]
[ sql ] [ SQL ] SELECT `aga`.`uid`,`aga`.`group_id`,`ag`.`id`,`ag`.`pid`,`ag`.`name`,`ag`.`rules` FROM `fa_auth_group_access` `aga` LEFT JOIN `fa_auth_group` `ag` ON `aga`.`group_id`=`ag`.`id` WHERE  (  aga.uid='11' and ag.status='normal' ) [ RunTime:0.000372s ]
[ sql ] [ SQL ] SHOW COLUMNS FROM `fa_auth_rule` [ RunTime:0.000487s ]
[ sql ] [ SQL ] SELECT `id`,`pid`,`condition`,`icon`,`name`,`title`,`ismenu` FROM `fa_auth_rule` WHERE  `status` = 'normal'  AND `id` IN (2,7,9,11,23,24,25,26,27,28,40,41,42,43,47,48,49,50,92,93,94,95,96,97,98,99,100,101,102,103,104,105,106,107,108,109,110,111,112,113,114,115,117,118,119,120,121,122,123,124,125,126,127,128,129,130,132,133,134,135,136,137,138,139,140,141,142,143,150,151,152,153,154,155,156,157,159,160,167,168,175,176,177,178,194,5,131) [ RunTime:0.000826s ]
[ sql ] [ SQL ] SELECT `title`,`remark` FROM `fa_auth_rule` WHERE  `name` = 'general/attachment' LIMIT 1 [ RunTime:0.000337s ]
---------------------------------------------------------------
[ 2019-12-03T11:40:33+08:00 ] 223.104.192.113 GET /admin/general/attachment/index?sort=id&order=desc&offset=0&limit=10&filter=%7B%7D&op=%7B%7D&_=1575344433418
[ sql ] [ DB ] CONNECT:[ UseTime:0.000639s ] mysql:host=127.0.0.1;dbname=share;charset=utf8
[ sql ] [ SQL ] SHOW COLUMNS FROM `fa_auth_group_access` [ RunTime:0.000610s ]
[ sql ] [ SQL ] SELECT `aga`.`uid`,`aga`.`group_id`,`ag`.`id`,`ag`.`pid`,`ag`.`name`,`ag`.`rules` FROM `fa_auth_group_access` `aga` LEFT JOIN `fa_auth_group` `ag` ON `aga`.`group_id`=`ag`.`id` WHERE  (  aga.uid='11' and ag.status='normal' ) [ RunTime:0.000391s ]
[ sql ] [ SQL ] SHOW COLUMNS FROM `fa_auth_rule` [ RunTime:0.000526s ]
[ sql ] [ SQL ] SELECT `id`,`pid`,`condition`,`icon`,`name`,`title`,`ismenu` FROM `fa_auth_rule` WHERE  `status` = 'normal'  AND `id` IN (2,7,9,11,23,24,25,26,27,28,40,41,42,43,47,48,49,50,92,93,94,95,96,97,98,99,100,101,102,103,104,105,106,107,108,109,110,111,112,113,114,115,117,118,119,120,121,122,123,124,125,126,127,128,129,130,132,133,134,135,136,137,138,139,140,141,142,143,150,151,152,153,154,155,156,157,159,160,167,168,175,176,177,178,194,5,131) [ RunTime:0.000865s ]
[ sql ] [ SQL ] SHOW COLUMNS FROM `fa_attachment` [ RunTime:0.000601s ]
[ sql ] [ SQL ] SELECT COUNT(*) AS tp_count FROM `fa_attachment` ORDER BY `id` DESC LIMIT 1 [ RunTime:0.000245s ]
[ sql ] [ SQL ] SELECT * FROM `fa_attachment` ORDER BY `id` DESC LIMIT 0,10 [ RunTime:0.000255s ]
---------------------------------------------------------------
[ 2019-12-03T11:40:39+08:00 ] 223.104.192.113 GET /admin/order/bedorder?addtabs=1
[ sql ] [ DB ] CONNECT:[ UseTime:0.000650s ] mysql:host=127.0.0.1;dbname=share;charset=utf8
[ sql ] [ SQL ] SHOW COLUMNS FROM `fa_auth_group_access` [ RunTime:0.000637s ]
[ sql ] [ SQL ] SELECT `aga`.`uid`,`aga`.`group_id`,`ag`.`id`,`ag`.`pid`,`ag`.`name`,`ag`.`rules` FROM `fa_auth_group_access` `aga` LEFT JOIN `fa_auth_group` `ag` ON `aga`.`group_id`=`ag`.`id` WHERE  (  aga.uid='11' and ag.status='normal' ) [ RunTime:0.000352s ]
[ sql ] [ SQL ] SHOW COLUMNS FROM `fa_auth_rule` [ RunTime:0.000501s ]
[ sql ] [ SQL ] SELECT `id`,`pid`,`condition`,`icon`,`name`,`title`,`ismenu` FROM `fa_auth_rule` WHERE  `status` = 'normal'  AND `id` IN (2,7,9,11,23,24,25,26,27,28,40,41,42,43,47,48,49,50,92,93,94,95,96,97,98,99,100,101,102,103,104,105,106,107,108,109,110,111,112,113,114,115,117,118,119,120,121,122,123,124,125,126,127,128,129,130,132,133,134,135,136,137,138,139,140,141,142,143,150,151,152,153,154,155,156,157,159,160,167,168,175,176,177,178,194,5,131) [ RunTime:0.000844s ]
[ sql ] [ SQL ] SELECT `title`,`remark` FROM `fa_auth_rule` WHERE  `name` = 'order/bedorder' LIMIT 1 [ RunTime:0.000317s ]
---------------------------------------------------------------
[ 2019-12-03T11:40:40+08:00 ] 223.104.192.113 GET /admin/order/bedorder/index?sort=order_no&order=desc&offset=0&limit=10&filter=%7B%7D&op=%7B%7D&_=1575344439986
[ sql ] [ DB ] CONNECT:[ UseTime:0.000639s ] mysql:host=127.0.0.1;dbname=share;charset=utf8
[ sql ] [ SQL ] SHOW COLUMNS FROM `fa_auth_group_access` [ RunTime:0.000595s ]
[ sql ] [ SQL ] SELECT `aga`.`uid`,`aga`.`group_id`,`ag`.`id`,`ag`.`pid`,`ag`.`name`,`ag`.`rules` FROM `fa_auth_group_access` `aga` LEFT JOIN `fa_auth_group` `ag` ON `aga`.`group_id`=`ag`.`id` WHERE  (  aga.uid='11' and ag.status='normal' ) [ RunTime:0.000356s ]
[ sql ] [ SQL ] SHOW COLUMNS FROM `fa_auth_rule` [ RunTime:0.000516s ]
[ sql ] [ SQL ] SELECT `id`,`pid`,`condition`,`icon`,`name`,`title`,`ismenu` FROM `fa_auth_rule` WHERE  `status` = 'normal'  AND `id` IN (2,7,9,11,23,24,25,26,27,28,40,41,42,43,47,48,49,50,92,93,94,95,96,97,98,99,100,101,102,103,104,105,106,107,108,109,110,111,112,113,114,115,117,118,119,120,121,122,123,124,125,126,127,128,129,130,132,133,134,135,136,137,138,139,140,141,142,143,150,151,152,153,154,155,156,157,159,160,167,168,175,176,177,178,194,5,131) [ RunTime:0.000834s ]
[ sql ] [ SQL ] SHOW COLUMNS FROM `fa_auth_group` [ RunTime:0.000536s ]
[ sql ] [ SQL ] SELECT * FROM `fa_auth_group` WHERE  `status` = 'normal' [ RunTime:0.000288s ]
[ sql ] [ SQL ] SELECT `uid`,`group_id` FROM `fa_auth_group_access` WHERE  `group_id` IN (24) [ RunTime:0.000254s ]
[ sql ] [ SQL ] SHOW COLUMNS FROM `fa_bedorder` [ RunTime:0.000546s ]
[ sql ] [ SQL ] SHOW COLUMNS FROM `fa_netpoint` [ RunTime:0.000461s ]
[ sql ] [ SQL ] SHOW COLUMNS FROM `fa_device` [ RunTime:0.000486s ]
[ sql ] [ SQL ] SELECT COUNT(*) AS tp_count FROM `fa_bedorder` `bedorder` LEFT JOIN `fa_netpoint` `netpoint` ON `bedorder`.`netpoint_id`=`netpoint`.`id` LEFT JOIN `fa_device` `device` ON `bedorder`.`dev_id`=`device`.`dev_id` WHERE  (  `bedorder`.`admin_id` IN (15,11) ) ORDER BY `bedorder`.`order_no` DESC LIMIT 1 [ RunTime:0.001088s ]
[ sql ] [ SQL ] SELECT `bedorder`.`order_no`,`bedorder`.`users_id`,`bedorder`.`phone`,`bedorder`.`dev_id`,`bedorder`.`admin_id`,`bedorder`.`entity_id`,`bedorder`.`netpoint_id`,`bedorder`.`pricetype`,`bedorder`.`price_id`,`bedorder`.`deposit`,`bedorder`.`lightnight`,`bedorder`.`canusestart`,`bedorder`.`canuseend`,`bedorder`.`hourprice`,`bedorder`.`lighttimesprice`,`bedorder`.`nighttimesprice`,`bedorder`.`dayprice`,`bedorder`.`days`,`bedorder`.`pricedata`,`bedorder`.`total`,`bedorder`.`save`,`bedorder`.`pay`,`bedorder`.`tran_id`,`bedorder`.`refund`,`bedorder`.`refundtime`,`bedorder`.`refundnote`,`bedorder`.`step`,`bedorder`.`status`,`bedorder`.`rtn_admin_id`,`bedorder`.`createtime`,`bedorder`.`endtime`,netpoint.id AS netpoint__id,netpoint.admin_id AS netpoint__admin_id,netpoint.name AS netpoint__name,netpoint.shortname AS netpoint__shortname,netpoint.netaddr AS netpoint__netaddr,netpoint.netlng AS netpoint__netlng,netpoint.netlat AS netpoint__netlat,netpoint.deposit AS netpoint__deposit,netpoint.level1 AS netpoint__level1,netpoint.level2 AS netpoint__level2,netpoint.level3 AS netpoint__level3,netpoint.level4 AS netpoint__level4,netpoint.percent1 AS netpoint__percent1,netpoint.percent2 AS netpoint__percent2,netpoint.percent3 AS netpoint__percent3,netpoint.percent4 AS netpoint__percent4,netpoint.mt_admin_id AS netpoint__mt_admin_id,netpoint.mall_admin_id AS netpoint__mall_admin_id,netpoint.status AS netpoint__status,device.id AS device__id,device.dev_id AS device__dev_id,device.iscabinet AS device__iscabinet,device.devtype_id AS device__devtype_id,device.price_id AS device__price_id,device.netpoint_id AS device__netpoint_id,device.department AS device__department,device.room AS device__room,device.bed AS device__bed,device.entity_id AS device__entity_id,device.admin_id AS device__admin_id,device.mac AS device__mac,device.blekey AS device__blekey,device.blepwd AS device__blepwd,device.mac2 AS device__mac2,device.blekey2 AS device__blekey2,device.blepwd2 AS device__blepwd2,device.createtime AS device__createtime,device.updatetime AS device__updatetime,device.status AS device__status FROM `fa_bedorder` `bedorder` LEFT JOIN `fa_netpoint` `netpoint` ON `bedorder`.`netpoint_id`=`netpoint`.`id` LEFT JOIN `fa_device` `device` ON `bedorder`.`dev_id`=`device`.`dev_id` WHERE  (  `bedorder`.`admin_id` IN (15,11) ) ORDER BY `bedorder`.`order_no` DESC LIMIT 0,10 [ RunTime:0.000695s ]
---------------------------------------------------------------
[ 2019-12-03T11:40:41+08:00 ] 223.104.192.113 GET /admin/order/bedorder/index?sort=order_no&order=desc&offset=0&limit=10&filter=%7B%7D&op=%7B%7D&_=1575344439987
[ sql ] [ DB ] CONNECT:[ UseTime:0.000663s ] mysql:host=127.0.0.1;dbname=share;charset=utf8
[ sql ] [ SQL ] SHOW COLUMNS FROM `fa_auth_group_access` [ RunTime:0.000616s ]
[ sql ] [ SQL ] SELECT `aga`.`uid`,`aga`.`group_id`,`ag`.`id`,`ag`.`pid`,`ag`.`name`,`ag`.`rules` FROM `fa_auth_group_access` `aga` LEFT JOIN `fa_auth_group` `ag` ON `aga`.`group_id`=`ag`.`id` WHERE  (  aga.uid='11' and ag.status='normal' ) [ RunTime:0.000369s ]
[ sql ] [ SQL ] SHOW COLUMNS FROM `fa_auth_rule` [ RunTime:0.000523s ]
[ sql ] [ SQL ] SELECT `id`,`pid`,`condition`,`icon`,`name`,`title`,`ismenu` FROM `fa_auth_rule` WHERE  `status` = 'normal'  AND `id` IN (2,7,9,11,23,24,25,26,27,28,40,41,42,43,47,48,49,50,92,93,94,95,96,97,98,99,100,101,102,103,104,105,106,107,108,109,110,111,112,113,114,115,117,118,119,120,121,122,123,124,125,126,127,128,129,130,132,133,134,135,136,137,138,139,140,141,142,143,150,151,152,153,154,155,156,157,159,160,167,168,175,176,177,178,194,5,131) [ RunTime:0.000826s ]
[ sql ] [ SQL ] SHOW COLUMNS FROM `fa_auth_group` [ RunTime:0.000556s ]
[ sql ] [ SQL ] SELECT * FROM `fa_auth_group` WHERE  `status` = 'normal' [ RunTime:0.000299s ]
[ sql ] [ SQL ] SELECT `uid`,`group_id` FROM `fa_auth_group_access` WHERE  `group_id` IN (24) [ RunTime:0.000258s ]
[ sql ] [ SQL ] SHOW COLUMNS FROM `fa_bedorder` [ RunTime:0.000539s ]
[ sql ] [ SQL ] SHOW COLUMNS FROM `fa_netpoint` [ RunTime:0.000493s ]
[ sql ] [ SQL ] SHOW COLUMNS FROM `fa_device` [ RunTime:0.000498s ]
[ sql ] [ SQL ] SELECT COUNT(*) AS tp_count FROM `fa_bedorder` `bedorder` LEFT JOIN `fa_netpoint` `netpoint` ON `bedorder`.`netpoint_id`=`netpoint`.`id` LEFT JOIN `fa_device` `device` ON `bedorder`.`dev_id`=`device`.`dev_id` WHERE  (  `bedorder`.`admin_id` IN (15,11) ) ORDER BY `bedorder`.`order_no` DESC LIMIT 1 [ RunTime:0.001084s ]
[ sql ] [ SQL ] SELECT `bedorder`.`order_no`,`bedorder`.`users_id`,`bedorder`.`phone`,`bedorder`.`dev_id`,`bedorder`.`admin_id`,`bedorder`.`entity_id`,`bedorder`.`netpoint_id`,`bedorder`.`pricetype`,`bedorder`.`price_id`,`bedorder`.`deposit`,`bedorder`.`lightnight`,`bedorder`.`canusestart`,`bedorder`.`canuseend`,`bedorder`.`hourprice`,`bedorder`.`lighttimesprice`,`bedorder`.`nighttimesprice`,`bedorder`.`dayprice`,`bedorder`.`days`,`bedorder`.`pricedata`,`bedorder`.`total`,`bedorder`.`save`,`bedorder`.`pay`,`bedorder`.`tran_id`,`bedorder`.`refund`,`bedorder`.`refundtime`,`bedorder`.`refundnote`,`bedorder`.`step`,`bedorder`.`status`,`bedorder`.`rtn_admin_id`,`bedorder`.`createtime`,`bedorder`.`endtime`,netpoint.id AS netpoint__id,netpoint.admin_id AS netpoint__admin_id,netpoint.name AS netpoint__name,netpoint.shortname AS netpoint__shortname,netpoint.netaddr AS netpoint__netaddr,netpoint.netlng AS netpoint__netlng,netpoint.netlat AS netpoint__netlat,netpoint.deposit AS netpoint__deposit,netpoint.level1 AS netpoint__level1,netpoint.level2 AS netpoint__level2,netpoint.level3 AS netpoint__level3,netpoint.level4 AS netpoint__level4,netpoint.percent1 AS netpoint__percent1,netpoint.percent2 AS netpoint__percent2,netpoint.percent3 AS netpoint__percent3,netpoint.percent4 AS netpoint__percent4,netpoint.mt_admin_id AS netpoint__mt_admin_id,netpoint.mall_admin_id AS netpoint__mall_admin_id,netpoint.status AS netpoint__status,device.id AS device__id,device.dev_id AS device__dev_id,device.iscabinet AS device__iscabinet,device.devtype_id AS device__devtype_id,device.price_id AS device__price_id,device.netpoint_id AS device__netpoint_id,device.department AS device__department,device.room AS device__room,device.bed AS device__bed,device.entity_id AS device__entity_id,device.admin_id AS device__admin_id,device.mac AS device__mac,device.blekey AS device__blekey,device.blepwd AS device__blepwd,device.mac2 AS device__mac2,device.blekey2 AS device__blekey2,device.blepwd2 AS device__blepwd2,device.createtime AS device__createtime,device.updatetime AS device__updatetime,device.status AS device__status FROM `fa_bedorder` `bedorder` LEFT JOIN `fa_netpoint` `netpoint` ON `bedorder`.`netpoint_id`=`netpoint`.`id` LEFT JOIN `fa_device` `device` ON `bedorder`.`dev_id`=`device`.`dev_id` WHERE  (  `bedorder`.`admin_id` IN (15,11) ) ORDER BY `bedorder`.`order_no` DESC LIMIT 0,10 [ RunTime:0.000757s ]
---------------------------------------------------------------
[ 2019-12-03T13:32:10+08:00 ] 117.132.197.72 POST /api/Bedorder/queryauth
[ info ] queryauth request: 
[ info ] {"mac":"CA41B5A22D1A"}
[ info ] queryauth response: 
[ info ] 1
---------------------------------------------------------------
[ 2019-12-03T13:40:41+08:00 ] 117.132.196.49 POST /api/Bedorder/queryauth
[ info ] queryauth request: 
[ info ] {"mac":"CAD13409C893"}
[ info ] queryauth response: 
[ info ] 1
---------------------------------------------------------------
[ 2019-12-03T13:41:05+08:00 ] 223.104.254.227 POST /api/Bedorder/queryauth
[ info ] queryauth request: 
[ info ] {"mac":"C3AFE6CD17E0"}
[ info ] queryauth response: 
[ info ] 1
---------------------------------------------------------------
[ 2019-12-03T13:41:26+08:00 ] 223.104.254.227 POST /api/Bedorder/queryauth
[ info ] queryauth request: 
[ info ] {"mac":"C3AFE6CD17E0"}
[ info ] queryauth response: 
[ info ] 1
---------------------------------------------------------------
[ 2019-12-03T13:41:39+08:00 ] 223.104.254.227 POST /api/Bedorder/queryauth
[ info ] queryauth request: 
[ info ] {"mac":"C3AFE6CD17E0"}
[ info ] queryauth response: 
[ info ] 1
---------------------------------------------------------------
[ 2019-12-03T14:10:01+08:00 ] 221.178.126.65 POST /api/Bedorder/queryauth
[ info ] queryauth request: 
[ info ] {"mac":"E4F22359480B"}
[ info ] queryauth response: 
[ info ] 1
---------------------------------------------------------------
[ 2019-12-03T14:31:29+08:00 ] 218.204.252.93 POST /api/Bedorder/queryauth
[ info ] queryauth request: 
[ info ] {"mac":"E3029E0D84DA"}
[ info ] queryauth response: 
[ info ] 1
---------------------------------------------------------------
[ 2019-12-03T14:31:34+08:00 ] 218.204.252.93 POST /api/Bedorder/queryauth
[ info ] queryauth request: 
[ info ] {"mac":"E3029E0D84DA"}
[ info ] queryauth response: 
[ info ] 1
---------------------------------------------------------------
[ 2019-12-03T14:31:38+08:00 ] 218.204.252.93 POST /api/Bedorder/queryauth
[ info ] queryauth request: 
[ info ] {"mac":"E3029E0D84DA"}
[ info ] queryauth response: 
[ info ] 1
---------------------------------------------------------------
[ 2019-12-03T14:33:02+08:00 ] 218.204.252.93 POST /api/Bedorder/queryauth
[ info ] queryauth request: 
[ info ] {"mac":"E3029E0D84DA"}
[ info ] queryauth response: 
[ info ] 1
---------------------------------------------------------------
[ 2019-12-03T14:33:03+08:00 ] 39.144.17.85 POST /api/Bedorder/queryauth
[ info ] queryauth request: 
[ info ] {"mac":"D91FE12B3049"}
[ info ] queryauth response: 
[ info ] 1
---------------------------------------------------------------
[ 2019-12-03T14:33:21+08:00 ] 218.204.252.93 POST /api/Bedorder/queryauth
[ info ] queryauth request: 
[ info ] {"mac":"E3029E0D84DA"}
[ info ] queryauth response: 
[ info ] 1
---------------------------------------------------------------
[ 2019-12-03T14:34:42+08:00 ] 218.204.252.93 POST /api/Bedorder/queryauth
[ info ] queryauth request: 
[ info ] {"mac":"E3029E0D84DA"}
[ info ] queryauth response: 
[ info ] 1
---------------------------------------------------------------
[ 2019-12-03T14:38:04+08:00 ] 218.204.253.122 POST /api/Bedorder/queryauth
[ info ] queryauth request: 
[ info ] {"mac":"C67E47965488"}
[ info ] queryauth response: 
[ info ] 1
---------------------------------------------------------------
[ 2019-12-03T14:38:14+08:00 ] 218.204.252.97 POST /api/Bedorder/queryauth
[ info ] queryauth request: 
[ info ] {"mac":"EE15AC7BAEDE"}
[ info ] queryauth response: 
[ info ] 1
---------------------------------------------------------------
[ 2019-12-03T14:39:53+08:00 ] 221.178.126.65 POST /api/Bedorder/queryauth
[ info ] queryauth request: 
[ info ] {"mac":"E4F22359480B"}
[ info ] queryauth response: 
[ info ] 1
---------------------------------------------------------------
[ 2019-12-03T14:40:09+08:00 ] 221.178.126.65 POST /api/Bedorder/queryauth
[ info ] queryauth request: 
[ info ] {"mac":"E4F22359480B"}
[ info ] queryauth response: 
[ info ] 1
---------------------------------------------------------------
[ 2019-12-03T14:40:22+08:00 ] 221.178.126.65 POST /api/Bedorder/queryauth
[ info ] queryauth request: 
[ info ] {"mac":"E4F22359480B"}
[ info ] queryauth response: 
[ info ] 1
---------------------------------------------------------------
[ 2019-12-03T14:43:11+08:00 ] 221.178.126.65 POST /api/Bedorder/queryauth
[ info ] queryauth request: 
[ info ] {"mac":"E4F22359480B"}
[ info ] queryauth response: 
[ info ] 1
---------------------------------------------------------------
[ 2019-12-03T14:43:39+08:00 ] 218.204.252.93 POST /api/Bedorder/queryauth
[ info ] queryauth request: 
[ info ] {"mac":"E3029E0D84DA"}
[ info ] queryauth response: 
[ info ] 1
---------------------------------------------------------------
[ 2019-12-03T14:43:43+08:00 ] 218.204.252.93 POST /api/Bedorder/queryauth
[ info ] queryauth request: 
[ info ] {"mac":"E3029E0D84DA"}
[ info ] queryauth response: 
[ info ] 1
---------------------------------------------------------------
[ 2019-12-03T14:43:46+08:00 ] 39.144.17.33 POST /api/Bedorder/queryauth
[ info ] queryauth request: 
[ info ] {"mac":"EF2864C9B2CC"}
[ info ] queryauth response: 
[ info ] 1
---------------------------------------------------------------
[ 2019-12-03T14:48:56+08:00 ] 39.144.17.23 POST /api/Bedorder/queryauth
[ info ] queryauth request: 
[ info ] {"mac":"EC675A47FFAA"}
[ info ] queryauth response: 
[ info ] 1
---------------------------------------------------------------
[ 2019-12-03T14:49:44+08:00 ] 39.144.17.23 POST /api/Bedorder/queryauth
[ info ] queryauth request: 
[ info ] {"mac":"EC675A47FFAA"}
[ info ] queryauth response: 
[ info ] 1
---------------------------------------------------------------
[ 2019-12-03T14:50:29+08:00 ] 39.144.17.90 POST /api/Bedorder/queryauth
[ info ] queryauth request: 
[ info ] {"mac":"F96F5A5A19AF"}
[ info ] queryauth response: 
[ info ] 1
---------------------------------------------------------------
[ 2019-12-03T14:53:43+08:00 ] 39.144.17.90 POST /api/Bedorder/queryauth
[ info ] queryauth request: 
[ info ] {"mac":"F96F5A5A19AF"}
[ info ] queryauth response: 
[ info ] 1
---------------------------------------------------------------
[ 2019-12-03T14:54:04+08:00 ] 117.132.197.72 POST /api/Bedorder/queryauth
[ info ] queryauth request: 
[ info ] {"mac":"CA41B5A22D1A"}
[ info ] queryauth response: 
[ info ] 1
---------------------------------------------------------------
[ 2019-12-03T14:54:17+08:00 ] 117.132.197.72 POST /api/Bedorder/queryauth
[ info ] queryauth request: 
[ info ] {"mac":"CA41B5A22D1A"}
[ info ] queryauth response: 
[ info ] 1
---------------------------------------------------------------
[ 2019-12-03T14:55:06+08:00 ] 218.204.253.235 POST /api/Bedorder/queryauth
[ info ] queryauth request: 
[ info ] {"mac":"C9E6E1C413D4"}
[ info ] queryauth response: 
[ info ] 1
---------------------------------------------------------------
[ 2019-12-03T14:56:34+08:00 ] 39.144.17.33 POST /api/Bedorder/queryauth
[ info ] queryauth request: 
[ info ] {"mac":"EF2864C9B2CC"}
[ info ] queryauth response: 
[ info ] 1
---------------------------------------------------------------
[ 2019-12-03T15:02:43+08:00 ] 117.132.193.148 POST /api/Bedorder/queryauth
[ info ] queryauth request: 
[ info ] {"mac":"F2D0DF8A2528"}
[ info ] queryauth response: 
[ info ] 1
---------------------------------------------------------------
[ 2019-12-03T15:10:24+08:00 ] 218.204.252.61 POST /api/Bedorder/queryauth
[ info ] queryauth request: 
[ info ] {"mac":"D3B457EF2D84"}
[ info ] queryauth response: 
[ info ] 1
---------------------------------------------------------------
[ 2019-12-03T15:13:41+08:00 ] 221.178.126.46 POST /api/Bedorder/queryauth
[ info ] queryauth request: 
[ info ] {"mac":"D148794544F8"}
[ info ] queryauth response: 
[ info ] 1
---------------------------------------------------------------
[ 2019-12-03T15:15:32+08:00 ] 221.178.126.65 POST /api/Bedorder/queryauth
[ info ] queryauth request: 
[ info ] {"mac":"E4F22359480B"}
[ info ] queryauth response: 
[ info ] 1
---------------------------------------------------------------
[ 2019-12-03T15:27:17+08:00 ] 218.204.252.89 POST /api/Bedorder/queryauth
[ info ] queryauth request: 
[ info ] {"mac":"E6EC09A26F52"}
[ info ] queryauth response: 
[ info ] 0
---------------------------------------------------------------
[ 2019-12-03T15:27:47+08:00 ] 221.178.127.118 POST /api/Bedorder/queryauth
[ info ] queryauth request: 
[ info ] {"mac":"F6B55ED1A919"}
[ info ] queryauth response: 
[ info ] 1
---------------------------------------------------------------
[ 2019-12-03T16:05:40+08:00 ] 218.204.252.125 POST /api/Bedorder/queryauth
[ info ] queryauth request: 
[ info ] {"mac":"F566E0371150"}
[ info ] queryauth response: 
[ info ] 1
---------------------------------------------------------------
[ 2019-12-03T16:05:46+08:00 ] 218.204.252.125 POST /api/Bedorder/queryauth
[ info ] queryauth request: 
[ info ] {"mac":"F566E0371150"}
[ info ] queryauth response: 
[ info ] 1
---------------------------------------------------------------
[ 2019-12-03T16:06:16+08:00 ] 218.204.252.125 POST /api/Bedorder/queryauth
[ info ] queryauth request: 
[ info ] {"mac":"F566E0371150"}
[ info ] queryauth response: 
[ info ] 1
---------------------------------------------------------------
[ 2019-12-03T16:30:07+08:00 ] 218.204.253.30 POST /api/Bedorder/queryauth
[ info ] queryauth request: 
[ info ] {"mac":"FA7B8700AC59"}
[ info ] queryauth response: 
[ info ] 1
---------------------------------------------------------------
[ 2019-12-03T16:31:31+08:00 ] 221.178.125.223 POST /api/Bedorder/queryauth
[ info ] queryauth request: 
[ info ] {"mac":"E7B8213FB09E"}
[ info ] queryauth response: 
[ info ] 1
---------------------------------------------------------------
[ 2019-12-03T16:31:35+08:00 ] 221.178.125.223 POST /api/Bedorder/queryauth
[ info ] queryauth request: 
[ info ] {"mac":"E7B8213FB09E"}
[ info ] queryauth response: 
[ info ] 1
---------------------------------------------------------------
[ 2019-12-03T16:31:43+08:00 ] 221.178.125.223 POST /api/Bedorder/queryauth
[ info ] queryauth request: 
[ info ] {"mac":"E7B8213FB09E"}
[ info ] queryauth response: 
[ info ] 1
---------------------------------------------------------------
[ 2019-12-03T16:31:54+08:00 ] 221.178.125.223 POST /api/Bedorder/queryauth
[ info ] queryauth request: 
[ info ] {"mac":"E7B8213FB09E"}
[ info ] queryauth response: 
[ info ] 1
---------------------------------------------------------------
[ 2019-12-03T16:31:57+08:00 ] 221.178.125.223 POST /api/Bedorder/queryauth
[ info ] queryauth request: 
[ info ] {"mac":"E7B8213FB09E"}
[ info ] queryauth response: 
[ info ] 1
---------------------------------------------------------------
[ 2019-12-03T16:32:01+08:00 ] 221.178.125.223 POST /api/Bedorder/queryauth
[ info ] queryauth request: 
[ info ] {"mac":"E7B8213FB09E"}
[ info ] queryauth response: 
[ info ] 1
---------------------------------------------------------------
[ 2019-12-03T16:32:12+08:00 ] 221.178.125.223 POST /api/Bedorder/queryauth
[ info ] queryauth request: 
[ info ] {"mac":"E7B8213FB09E"}
[ info ] queryauth response: 
[ info ] 1
---------------------------------------------------------------
[ 2019-12-03T16:32:27+08:00 ] 221.178.125.223 POST /api/Bedorder/queryauth
[ info ] queryauth request: 
[ info ] {"mac":"E7B8213FB09E"}
[ info ] queryauth response: 
[ info ] 1
---------------------------------------------------------------
[ 2019-12-03T16:36:53+08:00 ] 221.178.125.223 POST /api/Bedorder/queryauth
[ info ] queryauth request: 
[ info ] {"mac":"E7B8213FB09E"}
[ info ] queryauth response: 
[ info ] 1
---------------------------------------------------------------
[ 2019-12-03T16:36:56+08:00 ] 221.178.125.223 POST /api/Bedorder/queryauth
[ info ] queryauth request: 
[ info ] {"mac":"E7B8213FB09E"}
[ info ] queryauth response: 
[ info ] 1
---------------------------------------------------------------
[ 2019-12-03T16:37:02+08:00 ] 221.178.125.223 POST /api/Bedorder/queryauth
[ info ] queryauth request: 
[ info ] {"mac":"E7B8213FB09E"}
[ info ] queryauth response: 
[ info ] 1
---------------------------------------------------------------
[ 2019-12-03T16:37:06+08:00 ] 221.178.125.223 POST /api/Bedorder/queryauth
[ info ] queryauth request: 
[ info ] {"mac":"E7B8213FB09E"}
[ info ] queryauth response: 
[ info ] 1
---------------------------------------------------------------
[ 2019-12-03T16:37:21+08:00 ] 221.178.125.223 POST /api/Bedorder/queryauth
[ info ] queryauth request: 
[ info ] {"mac":"E7B8213FB09E"}
[ info ] queryauth response: 
[ info ] 1
---------------------------------------------------------------
[ 2019-12-03T16:37:31+08:00 ] 221.178.125.223 POST /api/Bedorder/queryauth
[ info ] queryauth request: 
[ info ] {"mac":"E7B8213FB09E"}
[ info ] queryauth response: 
[ info ] 1
---------------------------------------------------------------
[ 2019-12-03T16:37:34+08:00 ] 221.178.125.223 POST /api/Bedorder/queryauth
[ info ] queryauth request: 
[ info ] {"mac":"E7B8213FB09E"}
[ info ] queryauth response: 
[ info ] 1
---------------------------------------------------------------
[ 2019-12-03T16:37:39+08:00 ] 221.178.125.223 POST /api/Bedorder/queryauth
[ info ] queryauth request: 
[ info ] {"mac":"E7B8213FB09E"}
[ info ] queryauth response: 
[ info ] 1
---------------------------------------------------------------
[ 2019-12-03T16:39:34+08:00 ] 218.204.252.125 POST /api/Bedorder/queryauth
[ info ] queryauth request: 
[ info ] {"mac":"F566E0371150"}
[ info ] queryauth response: 
[ info ] 1
---------------------------------------------------------------
[ 2019-12-03T16:39:46+08:00 ] 218.204.252.125 POST /api/Bedorder/queryauth
[ info ] queryauth request: 
[ info ] {"mac":"F566E0371150"}
[ info ] queryauth response: 
[ info ] 1
---------------------------------------------------------------
[ 2019-12-03T17:03:55+08:00 ] 117.132.197.160 POST /api/Bedorder/queryauth
[ info ] queryauth request: 
[ info ] {"mac":"F4A76F04FDAD"}
[ info ] queryauth response: 
[ info ] 1
---------------------------------------------------------------
[ 2019-12-03T17:04:03+08:00 ] 117.132.197.160 POST /api/Bedorder/queryauth
[ info ] queryauth request: 
[ info ] {"mac":"F4A76F04FDAD"}
[ info ] queryauth response: 
[ info ] 1
---------------------------------------------------------------
[ 2019-12-03T17:06:12+08:00 ] 221.178.127.1 POST /api/Bedorder/queryauth
[ info ] queryauth request: 
[ info ] {"mac":"CFCCA28A91BB"}
[ info ] queryauth response: 
[ info ] 1
---------------------------------------------------------------
[ 2019-12-03T17:27:41+08:00 ] 223.104.254.142 POST /api/Bedorder/queryauth
[ info ] queryauth request: 
[ info ] {"mac":"CEE11692C751"}
[ info ] queryauth response: 
[ info ] 1
---------------------------------------------------------------
[ 2019-12-03T17:28:11+08:00 ] 223.104.254.142 POST /api/Bedorder/queryauth
[ info ] queryauth request: 
[ info ] {"mac":"CEE11692C751"}
[ info ] queryauth response: 
[ info ] 1
---------------------------------------------------------------
[ 2019-12-03T17:47:30+08:00 ] 223.104.254.142 POST /api/Bedorder/queryauth
[ info ] queryauth request: 
[ info ] {"mac":"CEE11692C751"}
[ info ] queryauth response: 
[ info ] 1
---------------------------------------------------------------
[ 2019-12-03T17:47:35+08:00 ] 223.104.254.142 POST /api/Bedorder/queryauth
[ info ] queryauth request: 
[ info ] {"mac":"CEE11692C751"}
[ info ] queryauth response: 
[ info ] 1
---------------------------------------------------------------
[ 2019-12-03T17:56:57+08:00 ] 221.178.126.46 POST /api/Bedorder/queryauth
[ info ] queryauth request: 
[ info ] {"mac":"D148794544F8"}
[ info ] queryauth response: 
[ info ] 1
---------------------------------------------------------------
[ 2019-12-03T18:04:36+08:00 ] 221.178.124.32 POST /api/Bedorder/queryauth
[ info ] queryauth request: 
[ info ] {"mac":"E5214975DAD3"}
[ info ] queryauth response: 
[ info ] 1
---------------------------------------------------------------
[ 2019-12-03T18:17:29+08:00 ] 221.178.126.65 POST /api/Bedorder/queryauth
[ info ] queryauth request: 
[ info ] {"mac":"E4F22359480B"}
[ info ] queryauth response: 
[ info ] 1
---------------------------------------------------------------
[ 2019-12-03T19:03:02+08:00 ] 117.132.198.55 POST /api/Bedorder/queryauth
[ info ] queryauth request: 
[ info ] {"mac":"CA13EA817915"}
[ info ] queryauth response: 
[ info ] 1
---------------------------------------------------------------
[ 2019-12-03T19:03:12+08:00 ] 117.132.198.55 POST /api/Bedorder/queryauth
[ info ] queryauth request: 
[ info ] {"mac":"CA13EA817915"}
[ info ] queryauth response: 
[ info ] 1
---------------------------------------------------------------
[ 2019-12-03T19:36:03+08:00 ] 117.132.196.49 POST /api/Bedorder/queryauth
[ info ] queryauth request: 
[ info ] {"mac":"CAD13409C893"}
[ info ] queryauth response: 
[ info ] 1
---------------------------------------------------------------
[ 2019-12-03T19:36:13+08:00 ] 117.132.196.49 POST /api/Bedorder/queryauth
[ info ] queryauth request: 
[ info ] {"mac":"CAD13409C893"}
[ info ] queryauth response: 
[ info ] 1
---------------------------------------------------------------
[ 2019-12-03T19:37:24+08:00 ] 117.132.196.49 POST /api/Bedorder/queryauth
[ info ] queryauth request: 
[ info ] {"mac":"CAD13409C893"}
[ info ] queryauth response: 
[ info ] 1
---------------------------------------------------------------
[ 2019-12-03T19:43:46+08:00 ] 117.132.192.214 POST /api/Bedorder/queryauth
[ info ] queryauth request: 
[ info ] {"mac":"C1AB67B02580"}
[ info ] queryauth response: 
[ info ] 1
---------------------------------------------------------------
[ 2019-12-03T20:30:55+08:00 ] 117.132.198.55 POST /api/Bedorder/queryauth
[ info ] queryauth request: 
[ info ] {"mac":"CA13EA817915"}
[ info ] queryauth response: 
[ info ] 1
---------------------------------------------------------------
[ 2019-12-03T21:08:18+08:00 ] 218.204.253.140 POST /api/Bedorder/queryauth
[ info ] queryauth request: 
[ info ] {"mac":"EA689592BDB9"}
[ info ] queryauth response: 
[ info ] 1
---------------------------------------------------------------
[ 2019-12-03T21:08:28+08:00 ] 218.204.253.140 POST /api/Bedorder/queryauth
[ info ] queryauth request: 
[ info ] {"mac":"EA689592BDB9"}
[ info ] queryauth response: 
[ info ] 1
---------------------------------------------------------------
[ 2019-12-03T21:08:30+08:00 ] 218.204.253.140 POST /api/Bedorder/queryauth
[ info ] queryauth request: 
[ info ] {"mac":"EA689592BDB9"}
[ info ] queryauth response: 
[ info ] 1
---------------------------------------------------------------
[ 2019-12-03T21:09:30+08:00 ] 218.204.253.140 POST /api/Bedorder/queryauth
[ info ] queryauth request: 
[ info ] {"mac":"EA689592BDB9"}
[ info ] queryauth response: 
[ info ] 0
---------------------------------------------------------------
[ 2019-12-03T21:10:23+08:00 ] 218.204.253.140 POST /api/Bedorder/queryauth
[ info ] queryauth request: 
[ info ] {"mac":"EA689592BDB9"}
[ info ] queryauth response: 
[ info ] 0
---------------------------------------------------------------
[ 2019-12-03T21:15:15+08:00 ] 218.204.252.108 POST /api/Bedorder/queryauth
[ info ] queryauth request: 
[ info ] {"mac":"C6D0101FD91D"}
[ info ] queryauth response: 
[ info ] 1
---------------------------------------------------------------
[ 2019-12-03T21:15:37+08:00 ] 117.132.198.55 POST /api/Bedorder/queryauth
[ info ] queryauth request: 
[ info ] {"mac":"CA13EA817915"}
[ info ] queryauth response: 
[ info ] 1
---------------------------------------------------------------
[ 2019-12-03T21:25:27+08:00 ] 117.132.197.70 POST /api/Bedorder/queryauth
[ info ] queryauth request: 
[ info ] {"mac":"C79E1762BE22"}
[ info ] queryauth response: 
[ info ] 1
---------------------------------------------------------------
[ 2019-12-03T21:55:16+08:00 ] 117.132.197.70 POST /api/Bedorder/queryauth
[ info ] queryauth request: 
[ info ] {"mac":"C79E1762BE22"}
[ info ] queryauth response: 
[ info ] 1
---------------------------------------------------------------
[ 2019-12-03T21:55:24+08:00 ] 117.132.197.70 POST /api/Bedorder/queryauth
[ info ] queryauth request: 
[ info ] {"mac":"C79E1762BE22"}
[ info ] queryauth response: 
[ info ] 1
---------------------------------------------------------------
[ 2019-12-03T22:13:43+08:00 ] 223.104.255.72 POST /api/Bedorder/queryauth
[ info ] queryauth request: 
[ info ] {"mac":"EA689592BDB9"}
[ info ] queryauth response: 
[ info ] 1
---------------------------------------------------------------
[ 2019-12-03T22:13:49+08:00 ] 223.104.255.72 POST /api/Bedorder/queryauth
[ info ] queryauth request: 
[ info ] {"mac":"EA689592BDB9"}
[ info ] queryauth response: 
[ info ] 1
---------------------------------------------------------------
[ 2019-12-03T23:01:45+08:00 ] 117.132.198.55 POST /api/Bedorder/queryauth
[ info ] queryauth request: 
[ info ] {"mac":"CA13EA817915"}
[ info ] queryauth response: 
[ info ] 1
---------------------------------------------------------------
[ 2019-12-03T23:01:52+08:00 ] 117.132.198.55 POST /api/Bedorder/queryauth
[ info ] queryauth request: 
[ info ] {"mac":"CA13EA817915"}
[ info ] queryauth response: 
[ info ] 1
---------------------------------------------------------------
[ 2019-12-03T23:41:02+08:00 ] 223.104.255.72 POST /api/Bedorder/queryauth
[ info ] queryauth request: 
[ info ] {"mac":"EA689592BDB9"}
[ info ] queryauth response: 
[ info ] 0
---------------------------------------------------------------
[ 2019-12-03T23:41:11+08:00 ] 223.104.255.72 POST /api/Bedorder/queryauth
[ info ] queryauth request: 
[ info ] {"mac":"EA689592BDB9"}
[ info ] queryauth response: 
[ info ] 1
---------------------------------------------------------------
[ 2019-12-03T23:41:15+08:00 ] 223.104.255.72 POST /api/Bedorder/queryauth
[ info ] queryauth request: 
[ info ] {"mac":"EA689592BDB9"}
[ info ] queryauth response: 
[ info ] 1
