---------------------------------------------------------------
[ 2019-12-27T08:02:30+08:00 ] 218.204.252.37 POST /api/Bedorder/queryauth
[ info ] queryauth request: 
[ info ] {"mac":"DA1AE0FFC53B"}
[ info ] queryauth response: 
[ info ] 1
---------------------------------------------------------------
[ 2019-12-27T08:02:36+08:00 ] 218.204.252.37 POST /api/Bedorder/queryauth
[ info ] queryauth request: 
[ info ] {"mac":"DA1AE0FFC53B"}
[ info ] queryauth response: 
[ info ] 1
---------------------------------------------------------------
[ 2019-12-27T08:02:41+08:00 ] 218.204.252.37 POST /api/Bedorder/queryauth
[ info ] queryauth request: 
[ info ] {"mac":"DA1AE0FFC53B"}
[ info ] queryauth response: 
[ info ] 1
---------------------------------------------------------------
[ 2019-12-27T08:02:48+08:00 ] 218.204.252.37 POST /api/Bedorder/queryauth
[ info ] queryauth request: 
[ info ] {"mac":"DA1AE0FFC53B"}
[ info ] queryauth response: 
[ info ] 1
---------------------------------------------------------------
[ 2019-12-27T08:02:51+08:00 ] 218.204.252.37 POST /api/Bedorder/queryauth
[ info ] queryauth request: 
[ info ] {"mac":"DA1AE0FFC53B"}
[ info ] queryauth response: 
[ info ] 1
---------------------------------------------------------------
[ 2019-12-27T08:53:55+08:00 ] 117.132.195.251 POST /api/Bedorder/queryauth
[ info ] queryauth request: 
[ info ] {"mac":"D3D67CFC2865"}
[ info ] queryauth response: 
[ info ] 1
---------------------------------------------------------------
[ 2019-12-27T09:05:38+08:00 ] 218.204.253.217 POST /api/Bedorder/queryauth
[ info ] queryauth request: 
[ info ] {"mac":"DAC2EA93FCAB"}
[ info ] queryauth response: 
[ info ] 1
---------------------------------------------------------------
[ 2019-12-27T09:09:46+08:00 ] 117.132.196.32 POST /api/Bedorder/queryauth
[ info ] queryauth request: 
[ info ] {"mac":"D3D67CFC2865"}
[ info ] queryauth response: 
[ info ] 1
---------------------------------------------------------------
[ 2019-12-27T09:31:51+08:00 ] 218.204.253.21 POST /api/Bedorder/queryauth
[ info ] queryauth request: 
[ info ] {"mac":"F4A76F04FDAD"}
[ info ] queryauth response: 
[ info ] 1
---------------------------------------------------------------
[ 2019-12-27T09:31:55+08:00 ] 218.204.253.21 POST /api/Bedorder/queryauth
[ info ] queryauth request: 
[ info ] {"mac":"F4A76F04FDAD"}
[ info ] queryauth response: 
[ info ] 1
---------------------------------------------------------------
[ 2019-12-27T09:33:24+08:00 ] 39.144.18.17 POST /api/Bedorder/queryauth
[ info ] queryauth request: 
[ info ] {"mac":"F7F2A08761C6"}
[ info ] queryauth response: 
[ info ] 1
---------------------------------------------------------------
[ 2019-12-27T09:44:20+08:00 ] 218.204.252.31 POST /api/Bedorder/queryauth
[ info ] queryauth request: 
[ info ] {"mac":"C57609D24749"}
[ info ] queryauth response: 
[ info ] 1
---------------------------------------------------------------
[ 2019-12-27T09:44:35+08:00 ] 218.204.252.31 POST /api/Bedorder/queryauth
[ info ] queryauth request: 
[ info ] {"mac":"C57609D24749"}
[ info ] queryauth response: 
[ info ] 1
---------------------------------------------------------------
[ 2019-12-27T09:45:24+08:00 ] 39.144.17.218 POST /api/Bedorder/queryauth
[ info ] queryauth request: 
[ info ] {"mac":"F1D6480B828A"}
[ info ] queryauth response: 
[ info ] 1
---------------------------------------------------------------
[ 2019-12-27T09:50:14+08:00 ] 221.178.125.14 POST /api/Bedorder/queryauth
[ info ] queryauth request: 
[ info ] {"mac":"EDCDC1FC6230"}
[ info ] queryauth response: 
[ info ] 1
---------------------------------------------------------------
[ 2019-12-27T10:11:56+08:00 ] 218.204.252.37 POST /api/Bedorder/queryauth
[ info ] queryauth request: 
[ info ] {"mac":"DA1AE0FFC53B"}
[ info ] queryauth response: 
[ info ] 1
---------------------------------------------------------------
[ 2019-12-27T10:12:23+08:00 ] 218.204.252.37 POST /api/Bedorder/queryauth
[ info ] queryauth request: 
[ info ] {"mac":"DA1AE0FFC53B"}
[ info ] queryauth response: 
[ info ] 1
---------------------------------------------------------------
[ 2019-12-27T10:12:37+08:00 ] 218.204.252.37 POST /api/Bedorder/queryauth
[ info ] queryauth request: 
[ info ] {"mac":"DA1AE0FFC53B"}
[ info ] queryauth response: 
[ info ] 1
---------------------------------------------------------------
[ 2019-12-27T10:13:32+08:00 ] 218.204.252.37 POST /api/Bedorder/queryauth
[ info ] queryauth request: 
[ info ] {"mac":"DA1AE0FFC53B"}
[ info ] queryauth response: 
[ info ] 1
---------------------------------------------------------------
[ 2019-12-27T10:18:50+08:00 ] 218.204.252.37 POST /api/Bedorder/queryauth
[ info ] queryauth request: 
[ info ] {"mac":"DA1AE0FFC53B"}
[ info ] queryauth response: 
[ info ] 1
---------------------------------------------------------------
[ 2019-12-27T10:33:55+08:00 ] 218.204.252.37 POST /api/Bedorder/queryauth
[ info ] queryauth request: 
[ info ] {"mac":"DA1AE0FFC53B"}
[ info ] queryauth response: 
[ info ] 1
---------------------------------------------------------------
[ 2019-12-27T10:34:04+08:00 ] 218.204.252.37 POST /api/Bedorder/queryauth
[ info ] queryauth request: 
[ info ] {"mac":"DA1AE0FFC53B"}
[ info ] queryauth response: 
[ info ] 1
---------------------------------------------------------------
[ 2019-12-27T10:47:10+08:00 ] 218.204.252.37 POST /api/Bedorder/queryauth
[ info ] queryauth request: 
[ info ] {"mac":"DA1AE0FFC53B"}
[ info ] queryauth response: 
[ info ] 1
---------------------------------------------------------------
[ 2019-12-27T12:24:00+08:00 ] 221.178.126.176 POST /api/Bedorder/queryauth
[ info ] queryauth request: 
[ info ] {"mac":"DA577891A4BF"}
[ info ] queryauth response: 
[ info ] 1
---------------------------------------------------------------
[ 2019-12-27T12:29:40+08:00 ] 221.178.126.176 POST /api/Bedorder/queryauth
[ info ] queryauth request: 
[ info ] {"mac":"DA577891A4BF"}
[ info ] queryauth response: 
[ info ] 1
---------------------------------------------------------------
[ 2019-12-27T12:39:21+08:00 ] 218.204.253.152 POST /api/Bedorder/queryauth
[ info ] queryauth request: 
[ info ] {"mac":"D1C83B0E40C1"}
[ info ] queryauth response: 
[ info ] 1
---------------------------------------------------------------
[ 2019-12-27T12:42:56+08:00 ] 218.204.252.37 POST /api/Bedorder/queryauth
[ info ] queryauth request: 
[ info ] {"mac":"DA1AE0FFC53B"}
[ info ] queryauth response: 
[ info ] 1
---------------------------------------------------------------
[ 2019-12-27T13:11:06+08:00 ] 112.38.63.249 GET /admin/index/index
[ sql ] [ DB ] CONNECT:[ UseTime:0.000627s ] mysql:host=127.0.0.1;dbname=share;charset=utf8
[ sql ] [ SQL ] SHOW COLUMNS FROM `fa_auth_group_access` [ RunTime:0.000601s ]
[ sql ] [ SQL ] SELECT `aga`.`uid`,`aga`.`group_id`,`ag`.`id`,`ag`.`pid`,`ag`.`name`,`ag`.`rules` FROM `fa_auth_group_access` `aga` LEFT JOIN `fa_auth_group` `ag` ON `aga`.`group_id`=`ag`.`id` WHERE  (  aga.uid='11' and ag.status='normal' ) [ RunTime:0.000377s ]
[ sql ] [ SQL ] SHOW COLUMNS FROM `fa_auth_rule` [ RunTime:0.000498s ]
[ sql ] [ SQL ] SELECT `id`,`pid`,`condition`,`icon`,`name`,`title`,`ismenu` FROM `fa_auth_rule` WHERE  `status` = 'normal'  AND `id` IN (2,7,9,11,23,24,25,26,27,28,40,41,42,43,47,48,49,50,92,93,94,95,96,97,98,99,100,101,102,103,104,105,106,107,108,109,110,111,112,113,114,115,117,118,119,120,121,122,123,124,125,126,127,128,129,130,132,133,134,135,136,137,138,139,140,141,142,143,150,151,152,153,154,155,156,157,159,160,167,168,175,176,177,178,194,5,131) [ RunTime:0.000834s ]
---------------------------------------------------------------
[ 2019-12-27T13:11:13+08:00 ] 112.38.63.249 GET /admin/general/attachment?addtabs=1
[ sql ] [ DB ] CONNECT:[ UseTime:0.000655s ] mysql:host=127.0.0.1;dbname=share;charset=utf8
[ sql ] [ SQL ] SHOW COLUMNS FROM `fa_auth_group_access` [ RunTime:0.000681s ]
[ sql ] [ SQL ] SELECT `aga`.`uid`,`aga`.`group_id`,`ag`.`id`,`ag`.`pid`,`ag`.`name`,`ag`.`rules` FROM `fa_auth_group_access` `aga` LEFT JOIN `fa_auth_group` `ag` ON `aga`.`group_id`=`ag`.`id` WHERE  (  aga.uid='11' and ag.status='normal' ) [ RunTime:0.000373s ]
[ sql ] [ SQL ] SHOW COLUMNS FROM `fa_auth_rule` [ RunTime:0.000505s ]
[ sql ] [ SQL ] SELECT `id`,`pid`,`condition`,`icon`,`name`,`title`,`ismenu` FROM `fa_auth_rule` WHERE  `status` = 'normal'  AND `id` IN (2,7,9,11,23,24,25,26,27,28,40,41,42,43,47,48,49,50,92,93,94,95,96,97,98,99,100,101,102,103,104,105,106,107,108,109,110,111,112,113,114,115,117,118,119,120,121,122,123,124,125,126,127,128,129,130,132,133,134,135,136,137,138,139,140,141,142,143,150,151,152,153,154,155,156,157,159,160,167,168,175,176,177,178,194,5,131) [ RunTime:0.000803s ]
[ sql ] [ SQL ] SELECT `title`,`remark` FROM `fa_auth_rule` WHERE  `name` = 'general/attachment' LIMIT 1 [ RunTime:0.000317s ]
---------------------------------------------------------------
[ 2019-12-27T13:11:13+08:00 ] 112.38.63.249 GET /admin/general/attachment/index?sort=id&order=desc&offset=0&limit=10&filter=%7B%7D&op=%7B%7D&_=1577423474107
[ sql ] [ DB ] CONNECT:[ UseTime:0.000656s ] mysql:host=127.0.0.1;dbname=share;charset=utf8
[ sql ] [ SQL ] SHOW COLUMNS FROM `fa_auth_group_access` [ RunTime:0.000609s ]
[ sql ] [ SQL ] SELECT `aga`.`uid`,`aga`.`group_id`,`ag`.`id`,`ag`.`pid`,`ag`.`name`,`ag`.`rules` FROM `fa_auth_group_access` `aga` LEFT JOIN `fa_auth_group` `ag` ON `aga`.`group_id`=`ag`.`id` WHERE  (  aga.uid='11' and ag.status='normal' ) [ RunTime:0.000353s ]
[ sql ] [ SQL ] SHOW COLUMNS FROM `fa_auth_rule` [ RunTime:0.000512s ]
[ sql ] [ SQL ] SELECT `id`,`pid`,`condition`,`icon`,`name`,`title`,`ismenu` FROM `fa_auth_rule` WHERE  `status` = 'normal'  AND `id` IN (2,7,9,11,23,24,25,26,27,28,40,41,42,43,47,48,49,50,92,93,94,95,96,97,98,99,100,101,102,103,104,105,106,107,108,109,110,111,112,113,114,115,117,118,119,120,121,122,123,124,125,126,127,128,129,130,132,133,134,135,136,137,138,139,140,141,142,143,150,151,152,153,154,155,156,157,159,160,167,168,175,176,177,178,194,5,131) [ RunTime:0.000925s ]
[ sql ] [ SQL ] SHOW COLUMNS FROM `fa_attachment` [ RunTime:0.000560s ]
[ sql ] [ SQL ] SELECT COUNT(*) AS tp_count FROM `fa_attachment` ORDER BY `id` DESC LIMIT 1 [ RunTime:0.000223s ]
[ sql ] [ SQL ] SELECT * FROM `fa_attachment` ORDER BY `id` DESC LIMIT 0,10 [ RunTime:0.000243s ]
---------------------------------------------------------------
[ 2019-12-27T13:11:21+08:00 ] 112.38.63.249 GET /admin/order/bedorder?addtabs=1
[ sql ] [ DB ] CONNECT:[ UseTime:0.000669s ] mysql:host=127.0.0.1;dbname=share;charset=utf8
[ sql ] [ SQL ] SHOW COLUMNS FROM `fa_auth_group_access` [ RunTime:0.000627s ]
[ sql ] [ SQL ] SELECT `aga`.`uid`,`aga`.`group_id`,`ag`.`id`,`ag`.`pid`,`ag`.`name`,`ag`.`rules` FROM `fa_auth_group_access` `aga` LEFT JOIN `fa_auth_group` `ag` ON `aga`.`group_id`=`ag`.`id` WHERE  (  aga.uid='11' and ag.status='normal' ) [ RunTime:0.000346s ]
[ sql ] [ SQL ] SHOW COLUMNS FROM `fa_auth_rule` [ RunTime:0.000498s ]
[ sql ] [ SQL ] SELECT `id`,`pid`,`condition`,`icon`,`name`,`title`,`ismenu` FROM `fa_auth_rule` WHERE  `status` = 'normal'  AND `id` IN (2,7,9,11,23,24,25,26,27,28,40,41,42,43,47,48,49,50,92,93,94,95,96,97,98,99,100,101,102,103,104,105,106,107,108,109,110,111,112,113,114,115,117,118,119,120,121,122,123,124,125,126,127,128,129,130,132,133,134,135,136,137,138,139,140,141,142,143,150,151,152,153,154,155,156,157,159,160,167,168,175,176,177,178,194,5,131) [ RunTime:0.000848s ]
[ sql ] [ SQL ] SELECT `title`,`remark` FROM `fa_auth_rule` WHERE  `name` = 'order/bedorder' LIMIT 1 [ RunTime:0.000317s ]
---------------------------------------------------------------
[ 2019-12-27T13:11:22+08:00 ] 112.38.63.249 GET /admin/order/bedorder/index?sort=order_no&order=desc&offset=0&limit=10&filter=%7B%7D&op=%7B%7D&_=1577423482606
[ sql ] [ DB ] CONNECT:[ UseTime:0.000614s ] mysql:host=127.0.0.1;dbname=share;charset=utf8
[ sql ] [ SQL ] SHOW COLUMNS FROM `fa_auth_group_access` [ RunTime:0.000600s ]
[ sql ] [ SQL ] SELECT `aga`.`uid`,`aga`.`group_id`,`ag`.`id`,`ag`.`pid`,`ag`.`name`,`ag`.`rules` FROM `fa_auth_group_access` `aga` LEFT JOIN `fa_auth_group` `ag` ON `aga`.`group_id`=`ag`.`id` WHERE  (  aga.uid='11' and ag.status='normal' ) [ RunTime:0.000381s ]
[ sql ] [ SQL ] SHOW COLUMNS FROM `fa_auth_rule` [ RunTime:0.000473s ]
[ sql ] [ SQL ] SELECT `id`,`pid`,`condition`,`icon`,`name`,`title`,`ismenu` FROM `fa_auth_rule` WHERE  `status` = 'normal'  AND `id` IN (2,7,9,11,23,24,25,26,27,28,40,41,42,43,47,48,49,50,92,93,94,95,96,97,98,99,100,101,102,103,104,105,106,107,108,109,110,111,112,113,114,115,117,118,119,120,121,122,123,124,125,126,127,128,129,130,132,133,134,135,136,137,138,139,140,141,142,143,150,151,152,153,154,155,156,157,159,160,167,168,175,176,177,178,194,5,131) [ RunTime:0.000810s ]
[ sql ] [ SQL ] SHOW COLUMNS FROM `fa_auth_group` [ RunTime:0.000520s ]
[ sql ] [ SQL ] SELECT * FROM `fa_auth_group` WHERE  `status` = 'normal' [ RunTime:0.000286s ]
[ sql ] [ SQL ] SELECT `uid`,`group_id` FROM `fa_auth_group_access` WHERE  `group_id` IN (24) [ RunTime:0.000250s ]
[ sql ] [ SQL ] SHOW COLUMNS FROM `fa_bedorder` [ RunTime:0.000544s ]
[ sql ] [ SQL ] SHOW COLUMNS FROM `fa_netpoint` [ RunTime:0.000476s ]
[ sql ] [ SQL ] SHOW COLUMNS FROM `fa_device` [ RunTime:0.000476s ]
[ sql ] [ SQL ] SELECT COUNT(*) AS tp_count FROM `fa_bedorder` `bedorder` LEFT JOIN `fa_netpoint` `netpoint` ON `bedorder`.`netpoint_id`=`netpoint`.`id` LEFT JOIN `fa_device` `device` ON `bedorder`.`dev_id`=`device`.`dev_id` WHERE  (  `bedorder`.`admin_id` IN (15,11) ) ORDER BY `bedorder`.`order_no` DESC LIMIT 1 [ RunTime:0.001195s ]
[ sql ] [ SQL ] SELECT `bedorder`.`order_no`,`bedorder`.`users_id`,`bedorder`.`phone`,`bedorder`.`dev_id`,`bedorder`.`admin_id`,`bedorder`.`entity_id`,`bedorder`.`netpoint_id`,`bedorder`.`pricetype`,`bedorder`.`price_id`,`bedorder`.`deposit`,`bedorder`.`lightnight`,`bedorder`.`canusestart`,`bedorder`.`canuseend`,`bedorder`.`hourprice`,`bedorder`.`lighttimesprice`,`bedorder`.`nighttimesprice`,`bedorder`.`dayprice`,`bedorder`.`days`,`bedorder`.`pricedata`,`bedorder`.`total`,`bedorder`.`save`,`bedorder`.`pay`,`bedorder`.`tran_id`,`bedorder`.`refund`,`bedorder`.`refundtime`,`bedorder`.`refundnote`,`bedorder`.`step`,`bedorder`.`status`,`bedorder`.`rtn_admin_id`,`bedorder`.`createtime`,`bedorder`.`endtime`,netpoint.id AS netpoint__id,netpoint.admin_id AS netpoint__admin_id,netpoint.name AS netpoint__name,netpoint.shortname AS netpoint__shortname,netpoint.netaddr AS netpoint__netaddr,netpoint.netlng AS netpoint__netlng,netpoint.netlat AS netpoint__netlat,netpoint.deposit AS netpoint__deposit,netpoint.level1 AS netpoint__level1,netpoint.level2 AS netpoint__level2,netpoint.level3 AS netpoint__level3,netpoint.level4 AS netpoint__level4,netpoint.percent1 AS netpoint__percent1,netpoint.percent2 AS netpoint__percent2,netpoint.percent3 AS netpoint__percent3,netpoint.percent4 AS netpoint__percent4,netpoint.mt_admin_id AS netpoint__mt_admin_id,netpoint.mall_admin_id AS netpoint__mall_admin_id,netpoint.status AS netpoint__status,device.id AS device__id,device.dev_id AS device__dev_id,device.iscabinet AS device__iscabinet,device.devtype_id AS device__devtype_id,device.price_id AS device__price_id,device.netpoint_id AS device__netpoint_id,device.department AS device__department,device.room AS device__room,device.bed AS device__bed,device.entity_id AS device__entity_id,device.admin_id AS device__admin_id,device.mac AS device__mac,device.blekey AS device__blekey,device.blepwd AS device__blepwd,device.mac2 AS device__mac2,device.blekey2 AS device__blekey2,device.blepwd2 AS device__blepwd2,device.createtime AS device__createtime,device.updatetime AS device__updatetime,device.status AS device__status FROM `fa_bedorder` `bedorder` LEFT JOIN `fa_netpoint` `netpoint` ON `bedorder`.`netpoint_id`=`netpoint`.`id` LEFT JOIN `fa_device` `device` ON `bedorder`.`dev_id`=`device`.`dev_id` WHERE  (  `bedorder`.`admin_id` IN (15,11) ) ORDER BY `bedorder`.`order_no` DESC LIMIT 0,10 [ RunTime:0.000799s ]
---------------------------------------------------------------
[ 2019-12-27T13:11:23+08:00 ] 112.38.63.249 GET /admin/order/bedorder/index?sort=order_no&order=desc&offset=0&limit=10&filter=%7B%7D&op=%7B%7D&_=1577423482607
[ sql ] [ DB ] CONNECT:[ UseTime:0.000651s ] mysql:host=127.0.0.1;dbname=share;charset=utf8
[ sql ] [ SQL ] SHOW COLUMNS FROM `fa_auth_group_access` [ RunTime:0.000676s ]
[ sql ] [ SQL ] SELECT `aga`.`uid`,`aga`.`group_id`,`ag`.`id`,`ag`.`pid`,`ag`.`name`,`ag`.`rules` FROM `fa_auth_group_access` `aga` LEFT JOIN `fa_auth_group` `ag` ON `aga`.`group_id`=`ag`.`id` WHERE  (  aga.uid='11' and ag.status='normal' ) [ RunTime:0.000351s ]
[ sql ] [ SQL ] SHOW COLUMNS FROM `fa_auth_rule` [ RunTime:0.000494s ]
[ sql ] [ SQL ] SELECT `id`,`pid`,`condition`,`icon`,`name`,`title`,`ismenu` FROM `fa_auth_rule` WHERE  `status` = 'normal'  AND `id` IN (2,7,9,11,23,24,25,26,27,28,40,41,42,43,47,48,49,50,92,93,94,95,96,97,98,99,100,101,102,103,104,105,106,107,108,109,110,111,112,113,114,115,117,118,119,120,121,122,123,124,125,126,127,128,129,130,132,133,134,135,136,137,138,139,140,141,142,143,150,151,152,153,154,155,156,157,159,160,167,168,175,176,177,178,194,5,131) [ RunTime:0.000866s ]
[ sql ] [ SQL ] SHOW COLUMNS FROM `fa_auth_group` [ RunTime:0.000561s ]
[ sql ] [ SQL ] SELECT * FROM `fa_auth_group` WHERE  `status` = 'normal' [ RunTime:0.000303s ]
[ sql ] [ SQL ] SELECT `uid`,`group_id` FROM `fa_auth_group_access` WHERE  `group_id` IN (24) [ RunTime:0.000262s ]
[ sql ] [ SQL ] SHOW COLUMNS FROM `fa_bedorder` [ RunTime:0.000562s ]
[ sql ] [ SQL ] SHOW COLUMNS FROM `fa_netpoint` [ RunTime:0.000441s ]
[ sql ] [ SQL ] SHOW COLUMNS FROM `fa_device` [ RunTime:0.000466s ]
[ sql ] [ SQL ] SELECT COUNT(*) AS tp_count FROM `fa_bedorder` `bedorder` LEFT JOIN `fa_netpoint` `netpoint` ON `bedorder`.`netpoint_id`=`netpoint`.`id` LEFT JOIN `fa_device` `device` ON `bedorder`.`dev_id`=`device`.`dev_id` WHERE  (  `bedorder`.`admin_id` IN (15,11) ) ORDER BY `bedorder`.`order_no` DESC LIMIT 1 [ RunTime:0.001176s ]
[ sql ] [ SQL ] SELECT `bedorder`.`order_no`,`bedorder`.`users_id`,`bedorder`.`phone`,`bedorder`.`dev_id`,`bedorder`.`admin_id`,`bedorder`.`entity_id`,`bedorder`.`netpoint_id`,`bedorder`.`pricetype`,`bedorder`.`price_id`,`bedorder`.`deposit`,`bedorder`.`lightnight`,`bedorder`.`canusestart`,`bedorder`.`canuseend`,`bedorder`.`hourprice`,`bedorder`.`lighttimesprice`,`bedorder`.`nighttimesprice`,`bedorder`.`dayprice`,`bedorder`.`days`,`bedorder`.`pricedata`,`bedorder`.`total`,`bedorder`.`save`,`bedorder`.`pay`,`bedorder`.`tran_id`,`bedorder`.`refund`,`bedorder`.`refundtime`,`bedorder`.`refundnote`,`bedorder`.`step`,`bedorder`.`status`,`bedorder`.`rtn_admin_id`,`bedorder`.`createtime`,`bedorder`.`endtime`,netpoint.id AS netpoint__id,netpoint.admin_id AS netpoint__admin_id,netpoint.name AS netpoint__name,netpoint.shortname AS netpoint__shortname,netpoint.netaddr AS netpoint__netaddr,netpoint.netlng AS netpoint__netlng,netpoint.netlat AS netpoint__netlat,netpoint.deposit AS netpoint__deposit,netpoint.level1 AS netpoint__level1,netpoint.level2 AS netpoint__level2,netpoint.level3 AS netpoint__level3,netpoint.level4 AS netpoint__level4,netpoint.percent1 AS netpoint__percent1,netpoint.percent2 AS netpoint__percent2,netpoint.percent3 AS netpoint__percent3,netpoint.percent4 AS netpoint__percent4,netpoint.mt_admin_id AS netpoint__mt_admin_id,netpoint.mall_admin_id AS netpoint__mall_admin_id,netpoint.status AS netpoint__status,device.id AS device__id,device.dev_id AS device__dev_id,device.iscabinet AS device__iscabinet,device.devtype_id AS device__devtype_id,device.price_id AS device__price_id,device.netpoint_id AS device__netpoint_id,device.department AS device__department,device.room AS device__room,device.bed AS device__bed,device.entity_id AS device__entity_id,device.admin_id AS device__admin_id,device.mac AS device__mac,device.blekey AS device__blekey,device.blepwd AS device__blepwd,device.mac2 AS device__mac2,device.blekey2 AS device__blekey2,device.blepwd2 AS device__blepwd2,device.createtime AS device__createtime,device.updatetime AS device__updatetime,device.status AS device__status FROM `fa_bedorder` `bedorder` LEFT JOIN `fa_netpoint` `netpoint` ON `bedorder`.`netpoint_id`=`netpoint`.`id` LEFT JOIN `fa_device` `device` ON `bedorder`.`dev_id`=`device`.`dev_id` WHERE  (  `bedorder`.`admin_id` IN (15,11) ) ORDER BY `bedorder`.`order_no` DESC LIMIT 0,10 [ RunTime:0.000755s ]
---------------------------------------------------------------
[ 2019-12-27T13:20:36+08:00 ] 221.178.126.227 POST /api/Bedorder/queryauth
[ info ] queryauth request: 
[ info ] {"mac":"F34634F389D4"}
[ info ] queryauth response: 
[ info ] 1
---------------------------------------------------------------
[ 2019-12-27T13:59:37+08:00 ] 117.132.196.52 POST /api/Bedorder/queryauth
[ info ] queryauth request: 
[ info ] {"mac":"C3AC1215EDC8"}
[ info ] queryauth response: 
[ info ] 1
---------------------------------------------------------------
[ 2019-12-27T14:00:16+08:00 ] 117.132.196.52 POST /api/Bedorder/queryauth
[ info ] queryauth request: 
[ info ] {"mac":"C3AC1215EDC8"}
[ info ] queryauth response: 
[ info ] 0
---------------------------------------------------------------
[ 2019-12-27T14:12:04+08:00 ] 117.132.196.52 POST /api/Bedorder/queryauth
[ info ] queryauth request: 
[ info ] {"mac":"C3AC1215EDC8"}
[ info ] queryauth response: 
[ info ] 0
---------------------------------------------------------------
[ 2019-12-27T14:29:36+08:00 ] 117.132.197.127 POST /api/Bedorder/queryauth
[ info ] queryauth request: 
[ info ] {"mac":"C3AC1215EDC8"}
[ info ] queryauth response: 
[ info ] 1
---------------------------------------------------------------
[ 2019-12-27T14:45:57+08:00 ] 39.144.18.229 POST /api/Bedorder/queryauth
[ info ] queryauth request: 
[ info ] {"mac":"C3AC1215EDC8"}
[ info ] queryauth response: 
[ info ] 1
---------------------------------------------------------------
[ 2019-12-27T14:46:05+08:00 ] 39.144.18.229 POST /api/Bedorder/queryauth
[ info ] queryauth request: 
[ info ] {"mac":"C3AC1215EDC8"}
[ info ] queryauth response: 
[ info ] 1
---------------------------------------------------------------
[ 2019-12-27T14:46:27+08:00 ] 39.144.18.229 POST /api/Bedorder/queryauth
[ info ] queryauth request: 
[ info ] {"mac":"C3AC1215EDC8"}
[ info ] queryauth response: 
[ info ] 1
---------------------------------------------------------------
[ 2019-12-27T14:48:13+08:00 ] 39.144.18.229 POST /api/Bedorder/queryauth
[ info ] queryauth request: 
[ info ] {"mac":"C3AC1215EDC8"}
[ info ] queryauth response: 
[ info ] 1
---------------------------------------------------------------
[ 2019-12-27T14:49:22+08:00 ] 39.144.18.229 POST /api/Bedorder/queryauth
[ info ] queryauth request: 
[ info ] {"mac":"C3AC1215EDC8"}
[ info ] queryauth response: 
[ info ] 1
---------------------------------------------------------------
[ 2019-12-27T14:49:29+08:00 ] 39.144.18.229 POST /api/Bedorder/queryauth
[ info ] queryauth request: 
[ info ] {"mac":"C3AC1215EDC8"}
[ info ] queryauth response: 
[ info ] 1
---------------------------------------------------------------
[ 2019-12-27T14:49:32+08:00 ] 39.144.18.229 POST /api/Bedorder/queryauth
[ info ] queryauth request: 
[ info ] {"mac":"C3AC1215EDC8"}
[ info ] queryauth response: 
[ info ] 1
---------------------------------------------------------------
[ 2019-12-27T14:49:36+08:00 ] 39.144.18.229 POST /api/Bedorder/queryauth
[ info ] queryauth request: 
[ info ] {"mac":"C3AC1215EDC8"}
[ info ] queryauth response: 
[ info ] 1
---------------------------------------------------------------
[ 2019-12-27T14:49:40+08:00 ] 39.144.18.229 POST /api/Bedorder/queryauth
[ info ] queryauth request: 
[ info ] {"mac":"C3AC1215EDC8"}
[ info ] queryauth response: 
[ info ] 1
---------------------------------------------------------------
[ 2019-12-27T14:49:44+08:00 ] 39.144.18.229 POST /api/Bedorder/queryauth
[ info ] queryauth request: 
[ info ] {"mac":"C3AC1215EDC8"}
[ info ] queryauth response: 
[ info ] 1
---------------------------------------------------------------
[ 2019-12-27T14:49:58+08:00 ] 39.144.18.229 POST /api/Bedorder/queryauth
[ info ] queryauth request: 
[ info ] {"mac":"C3AC1215EDC8"}
[ info ] queryauth response: 
[ info ] 1
---------------------------------------------------------------
[ 2019-12-27T14:50:02+08:00 ] 39.144.18.229 POST /api/Bedorder/queryauth
[ info ] queryauth request: 
[ info ] {"mac":"C3AC1215EDC8"}
[ info ] queryauth response: 
[ info ] 1
---------------------------------------------------------------
[ 2019-12-27T14:50:06+08:00 ] 39.144.18.229 POST /api/Bedorder/queryauth
[ info ] queryauth request: 
[ info ] {"mac":"C3AC1215EDC8"}
[ info ] queryauth response: 
[ info ] 1
---------------------------------------------------------------
[ 2019-12-27T14:50:10+08:00 ] 39.144.18.229 POST /api/Bedorder/queryauth
[ info ] queryauth request: 
[ info ] {"mac":"C3AC1215EDC8"}
[ info ] queryauth response: 
[ info ] 1
---------------------------------------------------------------
[ 2019-12-27T14:56:18+08:00 ] 39.144.17.23 POST /api/Bedorder/queryauth
[ info ] queryauth request: 
[ info ] {"mac":"EC675A47FFAA"}
[ info ] queryauth response: 
[ info ] 1
---------------------------------------------------------------
[ 2019-12-27T15:11:03+08:00 ] 39.144.17.23 POST /api/Bedorder/queryauth
[ info ] queryauth request: 
[ info ] {"mac":"EC675A47FFAA"}
[ info ] queryauth response: 
[ info ] 1
---------------------------------------------------------------
[ 2019-12-27T15:11:10+08:00 ] 39.144.17.23 POST /api/Bedorder/queryauth
[ info ] queryauth request: 
[ info ] {"mac":"EC675A47FFAA"}
[ info ] queryauth response: 
[ info ] 1
---------------------------------------------------------------
[ 2019-12-27T15:11:13+08:00 ] 39.144.17.23 POST /api/Bedorder/queryauth
[ info ] queryauth request: 
[ info ] {"mac":"EC675A47FFAA"}
[ info ] queryauth response: 
[ info ] 1
---------------------------------------------------------------
[ 2019-12-27T15:40:03+08:00 ] 223.104.255.180 POST /api/Bedorder/queryauth
[ info ] queryauth request: 
[ info ] {"mac":"C79E1762BE22"}
[ info ] queryauth response: 
[ info ] 1
---------------------------------------------------------------
[ 2019-12-27T15:51:57+08:00 ] 221.178.126.176 POST /api/Bedorder/queryauth
[ info ] queryauth request: 
[ info ] {"mac":"DA577891A4BF"}
[ info ] queryauth response: 
[ info ] 1
---------------------------------------------------------------
[ 2019-12-27T16:05:49+08:00 ] 221.178.126.176 POST /api/Bedorder/queryauth
[ info ] queryauth request: 
[ info ] {"mac":"DA577891A4BF"}
[ info ] queryauth response: 
[ info ] 1
---------------------------------------------------------------
[ 2019-12-27T16:05:56+08:00 ] 221.178.126.176 POST /api/Bedorder/queryauth
[ info ] queryauth request: 
[ info ] {"mac":"DA577891A4BF"}
[ info ] queryauth response: 
[ info ] 1
---------------------------------------------------------------
[ 2019-12-27T16:13:22+08:00 ] 221.178.126.176 POST /api/Bedorder/queryauth
[ info ] queryauth request: 
[ info ] {"mac":"DA577891A4BF"}
[ info ] queryauth response: 
[ info ] 1
---------------------------------------------------------------
[ 2019-12-27T16:14:07+08:00 ] 221.178.126.176 POST /api/Bedorder/queryauth
[ info ] queryauth request: 
[ info ] {"mac":"DA577891A4BF"}
[ info ] queryauth response: 
[ info ] 1
---------------------------------------------------------------
[ 2019-12-27T16:35:24+08:00 ] 39.144.18.229 POST /api/Bedorder/queryauth
[ info ] queryauth request: 
[ info ] {"mac":"C3AC1215EDC8"}
[ info ] queryauth response: 
[ info ] 1
---------------------------------------------------------------
[ 2019-12-27T16:55:42+08:00 ] 221.178.125.142 POST /api/Bedorder/queryauth
[ info ] queryauth request: 
[ info ] {"mac":"EFC3CA091D7F"}
[ info ] queryauth response: 
[ info ] 1
---------------------------------------------------------------
[ 2019-12-27T16:56:19+08:00 ] 39.144.18.78 POST /api/Bedorder/queryauth
[ info ] queryauth request: 
[ info ] {"mac":"CDBAA1C23C32"}
[ info ] queryauth response: 
[ info ] 1
---------------------------------------------------------------
[ 2019-12-27T16:56:53+08:00 ] 221.178.125.105 POST /api/Bedorder/queryauth
[ info ] queryauth request: 
[ info ] {"mac":"C5B6C441195D"}
[ info ] queryauth response: 
[ info ] 1
---------------------------------------------------------------
[ 2019-12-27T16:57:01+08:00 ] 223.104.255.194 POST /api/Bedorder/queryauth
[ info ] queryauth request: 
[ info ] {"mac":"D3D67CFC2865"}
[ info ] queryauth response: 
[ info ] 1
---------------------------------------------------------------
[ 2019-12-27T17:19:09+08:00 ] 218.204.252.97 POST /api/Bedorder/queryauth
[ info ] queryauth request: 
[ info ] {"mac":"EE15AC7BAEDE"}
[ info ] queryauth response: 
[ info ] 1
---------------------------------------------------------------
[ 2019-12-27T17:19:20+08:00 ] 218.204.252.97 POST /api/Bedorder/queryauth
[ info ] queryauth request: 
[ info ] {"mac":"EE15AC7BAEDE"}
[ info ] queryauth response: 
[ info ] 1
---------------------------------------------------------------
[ 2019-12-27T17:19:26+08:00 ] 218.204.252.97 POST /api/Bedorder/queryauth
[ info ] queryauth request: 
[ info ] {"mac":"EE15AC7BAEDE"}
[ info ] queryauth response: 
[ info ] 1
---------------------------------------------------------------
[ 2019-12-27T17:21:37+08:00 ] 218.204.253.21 POST /api/Bedorder/queryauth
[ info ] queryauth request: 
[ info ] {"mac":"F4A76F04FDAD"}
[ info ] queryauth response: 
[ info ] 1
---------------------------------------------------------------
[ 2019-12-27T17:40:41+08:00 ] 218.204.252.97 POST /api/Bedorder/queryauth
[ info ] queryauth request: 
[ info ] {"mac":"EE15AC7BAEDE"}
[ info ] queryauth response: 
[ info ] 1
---------------------------------------------------------------
[ 2019-12-27T17:41:06+08:00 ] 218.204.252.97 POST /api/Bedorder/queryauth
[ info ] queryauth request: 
[ info ] {"mac":"EE15AC7BAEDE"}
[ info ] queryauth response: 
[ info ] 1
---------------------------------------------------------------
[ 2019-12-27T17:41:12+08:00 ] 218.204.252.97 POST /api/Bedorder/queryauth
[ info ] queryauth request: 
[ info ] {"mac":"EE15AC7BAEDE"}
[ info ] queryauth response: 
[ info ] 1
---------------------------------------------------------------
[ 2019-12-27T17:41:22+08:00 ] 218.204.252.97 POST /api/Bedorder/queryauth
[ info ] queryauth request: 
[ info ] {"mac":"EE15AC7BAEDE"}
[ info ] queryauth response: 
[ info ] 1
---------------------------------------------------------------
[ 2019-12-27T17:51:55+08:00 ] 218.204.252.97 POST /api/Bedorder/queryauth
[ info ] queryauth request: 
[ info ] {"mac":"EE15AC7BAEDE"}
[ info ] queryauth response: 
[ info ] 1
---------------------------------------------------------------
[ 2019-12-27T17:57:33+08:00 ] 39.144.17.43 POST /api/Bedorder/queryauth
[ info ] queryauth request: 
[ info ] {"mac":"D3D67CFC2865"}
[ info ] queryauth response: 
[ info ] 1
---------------------------------------------------------------
[ 2019-12-27T18:02:29+08:00 ] 117.132.194.99 POST /api/Bedorder/queryauth
[ info ] queryauth request: 
[ info ] {"mac":"CF212153B558"}
[ info ] queryauth response: 
[ info ] 1
---------------------------------------------------------------
[ 2019-12-27T18:02:39+08:00 ] 117.132.194.99 POST /api/Bedorder/queryauth
[ info ] queryauth request: 
[ info ] {"mac":"CF212153B558"}
[ info ] queryauth response: 
[ info ] 1
---------------------------------------------------------------
[ 2019-12-27T18:02:54+08:00 ] 117.132.194.99 POST /api/Bedorder/queryauth
[ info ] queryauth request: 
[ info ] {"mac":"CF212153B558"}
[ info ] queryauth response: 
[ info ] 1
---------------------------------------------------------------
[ 2019-12-27T18:03:03+08:00 ] 117.132.194.99 POST /api/Bedorder/queryauth
[ info ] queryauth request: 
[ info ] {"mac":"CF212153B558"}
[ info ] queryauth response: 
[ info ] 1
---------------------------------------------------------------
[ 2019-12-27T18:03:08+08:00 ] 117.132.194.99 POST /api/Bedorder/queryauth
[ info ] queryauth request: 
[ info ] {"mac":"CF212153B558"}
[ info ] queryauth response: 
[ info ] 1
---------------------------------------------------------------
[ 2019-12-27T18:03:30+08:00 ] 117.132.194.99 POST /api/Bedorder/queryauth
[ info ] queryauth request: 
[ info ] {"mac":"CF212153B558"}
[ info ] queryauth response: 
[ info ] 1
---------------------------------------------------------------
[ 2019-12-27T18:03:34+08:00 ] 117.132.194.99 POST /api/Bedorder/queryauth
[ info ] queryauth request: 
[ info ] {"mac":"CF212153B558"}
[ info ] queryauth response: 
[ info ] 1
---------------------------------------------------------------
[ 2019-12-27T18:03:38+08:00 ] 117.132.194.99 POST /api/Bedorder/queryauth
[ info ] queryauth request: 
[ info ] {"mac":"CF212153B558"}
[ info ] queryauth response: 
[ info ] 1
---------------------------------------------------------------
[ 2019-12-27T18:03:42+08:00 ] 117.132.194.99 POST /api/Bedorder/queryauth
[ info ] queryauth request: 
[ info ] {"mac":"CF212153B558"}
[ info ] queryauth response: 
[ info ] 1
---------------------------------------------------------------
[ 2019-12-27T18:03:45+08:00 ] 117.132.194.99 POST /api/Bedorder/queryauth
[ info ] queryauth request: 
[ info ] {"mac":"CF212153B558"}
[ info ] queryauth response: 
[ info ] 1
---------------------------------------------------------------
[ 2019-12-27T18:03:51+08:00 ] 117.132.194.99 POST /api/Bedorder/queryauth
[ info ] queryauth request: 
[ info ] {"mac":"CF212153B558"}
[ info ] queryauth response: 
[ info ] 1
---------------------------------------------------------------
[ 2019-12-27T18:04:51+08:00 ] 117.132.194.99 POST /api/Bedorder/queryauth
[ info ] queryauth request: 
[ info ] {"mac":"CF212153B558"}
[ info ] queryauth response: 
[ info ] 1
---------------------------------------------------------------
[ 2019-12-27T18:20:01+08:00 ] 223.104.255.17 POST /api/Bedorder/queryauth
[ info ] queryauth request: 
[ info ] {"mac":"F397FD587052"}
[ info ] queryauth response: 
[ info ] 1
---------------------------------------------------------------
[ 2019-12-27T18:20:04+08:00 ] 223.104.255.17 POST /api/Bedorder/queryauth
[ info ] queryauth request: 
[ info ] {"mac":"F397FD587052"}
[ info ] queryauth response: 
[ info ] 1
---------------------------------------------------------------
[ 2019-12-27T18:20:08+08:00 ] 223.104.255.17 POST /api/Bedorder/queryauth
[ info ] queryauth request: 
[ info ] {"mac":"F397FD587052"}
[ info ] queryauth response: 
[ info ] 1
---------------------------------------------------------------
[ 2019-12-27T18:25:03+08:00 ] 117.132.194.99 POST /api/Bedorder/queryauth
[ info ] queryauth request: 
[ info ] {"mac":"CF212153B558"}
[ info ] queryauth response: 
[ info ] 1
---------------------------------------------------------------
[ 2019-12-27T18:25:07+08:00 ] 117.132.194.99 POST /api/Bedorder/queryauth
[ info ] queryauth request: 
[ info ] {"mac":"CF212153B558"}
[ info ] queryauth response: 
[ info ] 1
---------------------------------------------------------------
[ 2019-12-27T18:25:12+08:00 ] 117.132.194.99 POST /api/Bedorder/queryauth
[ info ] queryauth request: 
[ info ] {"mac":"CF212153B558"}
[ info ] queryauth response: 
[ info ] 1
---------------------------------------------------------------
[ 2019-12-27T18:31:33+08:00 ] 221.178.127.242 POST /api/Bedorder/queryauth
[ info ] queryauth request: 
[ info ] {"mac":"D3D67CFC2865"}
[ info ] queryauth response: 
[ info ] 1
---------------------------------------------------------------
[ 2019-12-27T18:31:37+08:00 ] 221.178.127.242 POST /api/Bedorder/queryauth
[ info ] queryauth request: 
[ info ] {"mac":"D3D67CFC2865"}
[ info ] queryauth response: 
[ info ] 1
---------------------------------------------------------------
[ 2019-12-27T18:31:54+08:00 ] 221.178.127.242 POST /api/Bedorder/queryauth
[ info ] queryauth request: 
[ info ] {"mac":"D3D67CFC2865"}
[ info ] queryauth response: 
[ info ] 1
---------------------------------------------------------------
[ 2019-12-27T18:32:58+08:00 ] 218.204.253.108 POST /api/Bedorder/queryauth
[ info ] queryauth request: 
[ info ] {"mac":"D3D67CFC2865"}
[ info ] queryauth response: 
[ info ] 1
---------------------------------------------------------------
[ 2019-12-27T18:35:48+08:00 ] 218.204.253.138 POST /api/Bedorder/queryauth
[ info ] queryauth request: 
[ info ] {"mac":"D3D67CFC2865"}
[ info ] queryauth response: 
[ info ] 1
---------------------------------------------------------------
[ 2019-12-27T18:36:26+08:00 ] 218.204.253.138 POST /api/Bedorder/queryauth
[ info ] queryauth request: 
[ info ] {"mac":"D3D67CFC2865"}
[ info ] queryauth response: 
[ info ] 1
---------------------------------------------------------------
[ 2019-12-27T18:36:29+08:00 ] 218.204.253.138 POST /api/Bedorder/queryauth
[ info ] queryauth request: 
[ info ] {"mac":"D3D67CFC2865"}
[ info ] queryauth response: 
[ info ] 1
---------------------------------------------------------------
[ 2019-12-27T18:40:20+08:00 ] 218.204.253.138 POST /api/Bedorder/queryauth
[ info ] queryauth request: 
[ info ] {"mac":"D3D67CFC2865"}
[ info ] queryauth response: 
[ info ] 1
---------------------------------------------------------------
[ 2019-12-27T18:41:17+08:00 ] 117.132.193.116 POST /api/Bedorder/queryauth
[ info ] queryauth request: 
[ info ] {"mac":"D3D67CFC2865"}
[ info ] queryauth response: 
[ info ] 1
---------------------------------------------------------------
[ 2019-12-27T18:42:24+08:00 ] 223.104.254.186 POST /api/Bedorder/queryauth
[ info ] queryauth request: 
[ info ] {"mac":"D3D67CFC2865"}
[ info ] queryauth response: 
[ info ] 1
---------------------------------------------------------------
[ 2019-12-27T18:42:25+08:00 ] 117.132.196.49 POST /api/Bedorder/queryauth
[ info ] queryauth request: 
[ info ] {"mac":"CAD13409C893"}
[ info ] queryauth response: 
[ info ] 1
---------------------------------------------------------------
[ 2019-12-27T18:42:33+08:00 ] 117.132.196.49 POST /api/Bedorder/queryauth
[ info ] queryauth request: 
[ info ] {"mac":"CAD13409C893"}
[ info ] queryauth response: 
[ info ] 1
---------------------------------------------------------------
[ 2019-12-27T18:44:50+08:00 ] 39.144.17.23 POST /api/Bedorder/queryauth
[ info ] queryauth request: 
[ info ] {"mac":"EC675A47FFAA"}
[ info ] queryauth response: 
[ info ] 1
---------------------------------------------------------------
[ 2019-12-27T18:48:54+08:00 ] 218.204.252.97 POST /api/Bedorder/queryauth
[ info ] queryauth request: 
[ info ] {"mac":"EE15AC7BAEDE"}
[ info ] queryauth response: 
[ info ] 1
---------------------------------------------------------------
[ 2019-12-27T18:50:51+08:00 ] 218.204.252.97 POST /api/Bedorder/queryauth
[ info ] queryauth request: 
[ info ] {"mac":"EE15AC7BAEDE"}
[ info ] queryauth response: 
[ info ] 1
---------------------------------------------------------------
[ 2019-12-27T18:50:59+08:00 ] 218.204.252.97 POST /api/Bedorder/queryauth
[ info ] queryauth request: 
[ info ] {"mac":"EE15AC7BAEDE"}
[ info ] queryauth response: 
[ info ] 1
---------------------------------------------------------------
[ 2019-12-27T18:51:05+08:00 ] 218.204.252.97 POST /api/Bedorder/queryauth
[ info ] queryauth request: 
[ info ] {"mac":"EE15AC7BAEDE"}
[ info ] queryauth response: 
[ info ] 1
---------------------------------------------------------------
[ 2019-12-27T20:00:24+08:00 ] 60.181.21.165 POST /admin/index/login?url=%2Fadmin%2Findex%2Findex
[ sql ] [ DB ] CONNECT:[ UseTime:0.000637s ] mysql:host=127.0.0.1;dbname=share;charset=utf8
[ sql ] [ SQL ] SHOW COLUMNS FROM `fa_admin` [ RunTime:0.000689s ]
[ sql ] [ SQL ] SELECT * FROM `fa_admin` WHERE  `username` = 'admin' LIMIT 1 [ RunTime:0.000349s ]
[ sql ] [ SQL ] UPDATE `fa_admin`  SET `logintime`=1577448024,`token`='abed50e7-f015-4e94-acac-549b7686f097',`updatetime`=1577448024  WHERE  `id` = 2 [ RunTime:0.000361s ]
[ sql ] [ SQL ] SHOW COLUMNS FROM `fa_admin_log` [ RunTime:0.000497s ]
[ sql ] [ SQL ] INSERT INTO `fa_admin_log` (`title` , `content` , `url` , `admin_id` , `username` , `useragent` , `ip` , `createtime`) VALUES ('登录' , '{\"url\":\"\\/admin\\/index\\/index\",\"__token__\":\"36e8536fe161f8031ed064ada19c9de6\",\"username\":\"admin\"}' , '/admin/index/login?url=%2Fadmin%2Findex%2Findex' , 2 , 'admin' , 'Mozilla/5.0 (iPhone; CPU iPhone OS 12_1_2 like Mac OS X) AppleWebKit/605.1.15 (KHTML, like Gecko) Version/12.0 Mobile/15E148 Safari/604.1' , '60.181.21.165' , 1577448024) [ RunTime:0.000285s ]
---------------------------------------------------------------
[ 2019-12-27T20:00:24+08:00 ] 60.181.21.165 GET /admin/index/index
[ sql ] [ DB ] CONNECT:[ UseTime:0.000678s ] mysql:host=127.0.0.1;dbname=share;charset=utf8
[ sql ] [ SQL ] SHOW COLUMNS FROM `fa_auth_group_access` [ RunTime:0.000653s ]
[ sql ] [ SQL ] SELECT `aga`.`uid`,`aga`.`group_id`,`ag`.`id`,`ag`.`pid`,`ag`.`name`,`ag`.`rules` FROM `fa_auth_group_access` `aga` LEFT JOIN `fa_auth_group` `ag` ON `aga`.`group_id`=`ag`.`id` WHERE  (  aga.uid='2' and ag.status='normal' ) [ RunTime:0.000367s ]
[ sql ] [ SQL ] SHOW COLUMNS FROM `fa_auth_rule` [ RunTime:0.000506s ]
[ sql ] [ SQL ] SELECT `id`,`pid`,`condition`,`icon`,`name`,`title`,`ismenu` FROM `fa_auth_rule` WHERE  `status` = 'normal'  AND `id` IN (1,2,6,7,8,9,10,11,13,14,15,16,17,18,19,20,21,22,23,24,25,26,27,28,29,30,31,32,33,34,40,41,42,43,44,45,46,47,48,49,50,92,93,94,95,96,97,98,99,100,101,102,103,104,105,106,107,108,109,110,111,112,113,114,115,116,117,118,119,120,121,122,123,124,125,126,127,128,129,130,132,133,134,135,136,137,138,139,140,141,142,143,144,145,146,147,148,149,150,151,152,153,154,155,156,157,159,160,161,162,163,164,165,166,167,168,169,170,171,172,173,174,175,176,177,178,179,180,183,184,189,190,191,192,193,194,197,198,199,200,201,202,203,204,205,206,207,208,209,211,5,131,182,181,188) [ RunTime:0.001264s ]
---------------------------------------------------------------
[ 2019-12-27T20:00:25+08:00 ] 60.181.21.165 GET /admin/dashboard/usercount
[ sql ] [ DB ] CONNECT:[ UseTime:0.000766s ] mysql:host=127.0.0.1;dbname=share;charset=utf8
[ sql ] [ SQL ] SHOW COLUMNS FROM `fa_auth_group_access` [ RunTime:0.000805s ]
[ sql ] [ SQL ] SELECT `aga`.`uid`,`aga`.`group_id`,`ag`.`id`,`ag`.`pid`,`ag`.`name`,`ag`.`rules` FROM `fa_auth_group_access` `aga` LEFT JOIN `fa_auth_group` `ag` ON `aga`.`group_id`=`ag`.`id` WHERE  (  aga.uid='2' and ag.status='normal' ) [ RunTime:0.000465s ]
[ sql ] [ SQL ] SHOW COLUMNS FROM `fa_auth_group` [ RunTime:0.000635s ]
[ sql ] [ SQL ] SELECT * FROM `fa_auth_group` WHERE  `status` = 'normal' [ RunTime:0.000400s ]
[ sql ] [ SQL ] SELECT `uid`,`group_id` FROM `fa_auth_group_access` WHERE  `group_id` IN (3,14,17,18,19,20,24,23,25,26) [ RunTime:0.000408s ]
[ sql ] [ SQL ] SELECT * FROM `fa_auth_group` WHERE  `status` = 'normal' [ RunTime:0.000361s ]
[ sql ] [ SQL ] SHOW COLUMNS FROM `fa_users` [ RunTime:0.000517s ]
[ sql ] [ SQL ] SELECT COUNT(*) AS tp_count FROM `fa_users` LIMIT 1 [ RunTime:0.000377s ]
---------------------------------------------------------------
[ 2019-12-27T20:00:25+08:00 ] 60.181.21.165 GET /admin/dashboard/devcount
[ sql ] [ DB ] CONNECT:[ UseTime:0.000567s ] mysql:host=127.0.0.1;dbname=share;charset=utf8
[ sql ] [ SQL ] SHOW COLUMNS FROM `fa_auth_group_access` [ RunTime:0.000487s ]
[ sql ] [ SQL ] SELECT `aga`.`uid`,`aga`.`group_id`,`ag`.`id`,`ag`.`pid`,`ag`.`name`,`ag`.`rules` FROM `fa_auth_group_access` `aga` LEFT JOIN `fa_auth_group` `ag` ON `aga`.`group_id`=`ag`.`id` WHERE  (  aga.uid='2' and ag.status='normal' ) [ RunTime:0.000289s ]
[ sql ] [ SQL ] SHOW COLUMNS FROM `fa_auth_group` [ RunTime:0.000474s ]
[ sql ] [ SQL ] SELECT * FROM `fa_auth_group` WHERE  `status` = 'normal' [ RunTime:0.000302s ]
[ sql ] [ SQL ] SELECT `uid`,`group_id` FROM `fa_auth_group_access` WHERE  `group_id` IN (3,14,17,18,19,20,24,23,25,26) [ RunTime:0.000321s ]
[ sql ] [ SQL ] SELECT * FROM `fa_auth_group` WHERE  `status` = 'normal' [ RunTime:0.000276s ]
[ sql ] [ SQL ] SHOW COLUMNS FROM `fa_device` [ RunTime:0.000481s ]
[ sql ] [ SQL ] SELECT COUNT(*) AS tp_count FROM `fa_device` WHERE  `admin_id` IN (7,10,11,15,16,17,2) LIMIT 1 [ RunTime:0.000361s ]
---------------------------------------------------------------
[ 2019-12-27T20:00:25+08:00 ] 60.181.21.165 GET /admin/dashboard?addtabs=1
[ sql ] [ DB ] CONNECT:[ UseTime:0.000517s ] mysql:host=127.0.0.1;dbname=share;charset=utf8
[ sql ] [ SQL ] SHOW COLUMNS FROM `fa_auth_group_access` [ RunTime:0.000467s ]
[ sql ] [ SQL ] SELECT `aga`.`uid`,`aga`.`group_id`,`ag`.`id`,`ag`.`pid`,`ag`.`name`,`ag`.`rules` FROM `fa_auth_group_access` `aga` LEFT JOIN `fa_auth_group` `ag` ON `aga`.`group_id`=`ag`.`id` WHERE  (  aga.uid='2' and ag.status='normal' ) [ RunTime:0.000282s ]
[ sql ] [ SQL ] SHOW COLUMNS FROM `fa_auth_group` [ RunTime:0.000463s ]
[ sql ] [ SQL ] SELECT * FROM `fa_auth_group` WHERE  `status` = 'normal' [ RunTime:0.000291s ]
[ sql ] [ SQL ] SELECT `uid`,`group_id` FROM `fa_auth_group_access` WHERE  `group_id` IN (3,14,17,18,19,20,24,23,25,26) [ RunTime:0.000311s ]
[ sql ] [ SQL ] SELECT * FROM `fa_auth_group` WHERE  `status` = 'normal' [ RunTime:0.000285s ]
[ sql ] [ SQL ] SHOW COLUMNS FROM `fa_users` [ RunTime:0.000499s ]
[ sql ] [ SQL ] SELECT * FROM `fa_users` WHERE  ( `createtime` >= 1575648000 AND `createtime` < 1577462400 ) [ RunTime:0.000921s ]
[ sql ] [ SQL ] SHOW COLUMNS FROM `fa_bedorder` [ RunTime:0.000572s ]
[ sql ] [ SQL ] SELECT * FROM `fa_bedorder` WHERE  `status` >= -1  AND ( `createtime` >= 1575648000 AND `createtime` < 1577462400 ) [ RunTime:0.002475s ]
[ sql ] [ SQL ] SHOW COLUMNS FROM `fa_auth_rule` [ RunTime:0.000626s ]
[ sql ] [ SQL ] SELECT `title`,`remark` FROM `fa_auth_rule` WHERE  `name` = 'dashboard' LIMIT 1 [ RunTime:0.000253s ]
---------------------------------------------------------------
[ 2019-12-27T20:00:26+08:00 ] 60.181.21.165 GET /admin/dashboard/todayregister
[ sql ] [ DB ] CONNECT:[ UseTime:0.000633s ] mysql:host=127.0.0.1;dbname=share;charset=utf8
[ sql ] [ SQL ] SHOW COLUMNS FROM `fa_auth_group_access` [ RunTime:0.000615s ]
[ sql ] [ SQL ] SELECT `aga`.`uid`,`aga`.`group_id`,`ag`.`id`,`ag`.`pid`,`ag`.`name`,`ag`.`rules` FROM `fa_auth_group_access` `aga` LEFT JOIN `fa_auth_group` `ag` ON `aga`.`group_id`=`ag`.`id` WHERE  (  aga.uid='2' and ag.status='normal' ) [ RunTime:0.000349s ]
[ sql ] [ SQL ] SHOW COLUMNS FROM `fa_auth_group` [ RunTime:0.000529s ]
[ sql ] [ SQL ] SELECT * FROM `fa_auth_group` WHERE  `status` = 'normal' [ RunTime:0.000315s ]
[ sql ] [ SQL ] SELECT `uid`,`group_id` FROM `fa_auth_group_access` WHERE  `group_id` IN (3,14,17,18,19,20,24,23,25,26) [ RunTime:0.000316s ]
[ sql ] [ SQL ] SELECT * FROM `fa_auth_group` WHERE  `status` = 'normal' [ RunTime:0.000280s ]
[ sql ] [ SQL ] SHOW COLUMNS FROM `fa_users` [ RunTime:0.000518s ]
[ sql ] [ SQL ] SELECT COUNT(*) AS tp_count FROM `fa_users` WHERE  ( `createtime` >= 1577376000 AND `createtime` < 1577462400 ) LIMIT 1 [ RunTime:0.000427s ]
---------------------------------------------------------------
[ 2019-12-27T20:00:26+08:00 ] 60.181.21.165 GET /admin/dashboard/orderinfo
[ sql ] [ DB ] CONNECT:[ UseTime:0.000558s ] mysql:host=127.0.0.1;dbname=share;charset=utf8
[ sql ] [ SQL ] SHOW COLUMNS FROM `fa_auth_group_access` [ RunTime:0.000472s ]
[ sql ] [ SQL ] SELECT `aga`.`uid`,`aga`.`group_id`,`ag`.`id`,`ag`.`pid`,`ag`.`name`,`ag`.`rules` FROM `fa_auth_group_access` `aga` LEFT JOIN `fa_auth_group` `ag` ON `aga`.`group_id`=`ag`.`id` WHERE  (  aga.uid='2' and ag.status='normal' ) [ RunTime:0.000302s ]
[ sql ] [ SQL ] SHOW COLUMNS FROM `fa_auth_group` [ RunTime:0.000495s ]
[ sql ] [ SQL ] SELECT * FROM `fa_auth_group` WHERE  `status` = 'normal' [ RunTime:0.000297s ]
[ sql ] [ SQL ] SELECT `uid`,`group_id` FROM `fa_auth_group_access` WHERE  `group_id` IN (3,14,17,18,19,20,24,23,25,26) [ RunTime:0.000294s ]
[ sql ] [ SQL ] SELECT * FROM `fa_auth_group` WHERE  `status` = 'normal' [ RunTime:0.000289s ]
[ sql ] [ SQL ] SHOW COLUMNS FROM `fa_bedorder` [ RunTime:0.000502s ]
[ sql ] [ SQL ] SELECT (total-refund) as amount FROM `fa_bedorder` WHERE  `admin_id` IN (7,10,11,15,16,17,2)  AND `status` >= -1 [ RunTime:0.001642s ]
---------------------------------------------------------------
[ 2019-12-27T20:00:26+08:00 ] 60.181.21.165 GET /admin/dashboard/todaylogin
[ sql ] [ DB ] CONNECT:[ UseTime:0.000566s ] mysql:host=127.0.0.1;dbname=share;charset=utf8
[ sql ] [ SQL ] SHOW COLUMNS FROM `fa_auth_group_access` [ RunTime:0.000493s ]
[ sql ] [ SQL ] SELECT `aga`.`uid`,`aga`.`group_id`,`ag`.`id`,`ag`.`pid`,`ag`.`name`,`ag`.`rules` FROM `fa_auth_group_access` `aga` LEFT JOIN `fa_auth_group` `ag` ON `aga`.`group_id`=`ag`.`id` WHERE  (  aga.uid='2' and ag.status='normal' ) [ RunTime:0.000329s ]
[ sql ] [ SQL ] SHOW COLUMNS FROM `fa_auth_group` [ RunTime:0.000493s ]
[ sql ] [ SQL ] SELECT * FROM `fa_auth_group` WHERE  `status` = 'normal' [ RunTime:0.000283s ]
[ sql ] [ SQL ] SELECT `uid`,`group_id` FROM `fa_auth_group_access` WHERE  `group_id` IN (3,14,17,18,19,20,24,23,25,26) [ RunTime:0.000301s ]
[ sql ] [ SQL ] SELECT * FROM `fa_auth_group` WHERE  `status` = 'normal' [ RunTime:0.000311s ]
[ sql ] [ SQL ] SHOW COLUMNS FROM `fa_oauth` [ RunTime:0.000447s ]
[ sql ] [ SQL ] SELECT COUNT(*) AS tp_count FROM `fa_oauth` WHERE  ( `createtime` >= 1577376000 AND `createtime` < 1577462400 ) LIMIT 1 [ RunTime:0.001678s ]
---------------------------------------------------------------
[ 2019-12-27T20:00:26+08:00 ] 60.181.21.165 GET /admin/dashboard/unsettleorder
[ sql ] [ DB ] CONNECT:[ UseTime:0.000604s ] mysql:host=127.0.0.1;dbname=share;charset=utf8
[ sql ] [ SQL ] SHOW COLUMNS FROM `fa_auth_group_access` [ RunTime:0.000576s ]
[ sql ] [ SQL ] SELECT `aga`.`uid`,`aga`.`group_id`,`ag`.`id`,`ag`.`pid`,`ag`.`name`,`ag`.`rules` FROM `fa_auth_group_access` `aga` LEFT JOIN `fa_auth_group` `ag` ON `aga`.`group_id`=`ag`.`id` WHERE  (  aga.uid='2' and ag.status='normal' ) [ RunTime:0.000345s ]
[ sql ] [ SQL ] SHOW COLUMNS FROM `fa_auth_group` [ RunTime:0.000495s ]
[ sql ] [ SQL ] SELECT * FROM `fa_auth_group` WHERE  `status` = 'normal' [ RunTime:0.000296s ]
[ sql ] [ SQL ] SELECT `uid`,`group_id` FROM `fa_auth_group_access` WHERE  `group_id` IN (3,14,17,18,19,20,24,23,25,26) [ RunTime:0.000307s ]
[ sql ] [ SQL ] SELECT * FROM `fa_auth_group` WHERE  `status` = 'normal' [ RunTime:0.000297s ]
[ sql ] [ SQL ] SHOW COLUMNS FROM `fa_bedorder` [ RunTime:0.000553s ]
[ sql ] [ SQL ] SELECT COUNT(*) AS tp_count FROM `fa_bedorder` WHERE  `status` >= -1  AND `step` < 9000 LIMIT 1 [ RunTime:0.000969s ]
---------------------------------------------------------------
[ 2019-12-27T20:00:26+08:00 ] 60.181.21.165 GET /admin/dashboard/todayorder
[ sql ] [ DB ] CONNECT:[ UseTime:0.000540s ] mysql:host=127.0.0.1;dbname=share;charset=utf8
[ sql ] [ SQL ] SHOW COLUMNS FROM `fa_auth_group_access` [ RunTime:0.000486s ]
[ sql ] [ SQL ] SELECT `aga`.`uid`,`aga`.`group_id`,`ag`.`id`,`ag`.`pid`,`ag`.`name`,`ag`.`rules` FROM `fa_auth_group_access` `aga` LEFT JOIN `fa_auth_group` `ag` ON `aga`.`group_id`=`ag`.`id` WHERE  (  aga.uid='2' and ag.status='normal' ) [ RunTime:0.000292s ]
[ sql ] [ SQL ] SHOW COLUMNS FROM `fa_auth_group` [ RunTime:0.000466s ]
[ sql ] [ SQL ] SELECT * FROM `fa_auth_group` WHERE  `status` = 'normal' [ RunTime:0.000292s ]
[ sql ] [ SQL ] SELECT `uid`,`group_id` FROM `fa_auth_group_access` WHERE  `group_id` IN (3,14,17,18,19,20,24,23,25,26) [ RunTime:0.000308s ]
[ sql ] [ SQL ] SELECT * FROM `fa_auth_group` WHERE  `status` = 'normal' [ RunTime:0.000285s ]
[ sql ] [ SQL ] SHOW COLUMNS FROM `fa_bedorder` [ RunTime:0.000521s ]
[ sql ] [ SQL ] SELECT COUNT(*) AS tp_count FROM `fa_bedorder` WHERE  `status` >= -1  AND ( `createtime` >= 1577376000 AND `createtime` < 1577462400 ) LIMIT 1 [ RunTime:0.000919s ]
---------------------------------------------------------------
[ 2019-12-27T20:00:26+08:00 ] 60.181.21.165 GET /admin/dashboard/sevendnudau
[ sql ] [ DB ] CONNECT:[ UseTime:0.000646s ] mysql:host=127.0.0.1;dbname=share;charset=utf8
[ sql ] [ SQL ] SHOW COLUMNS FROM `fa_auth_group_access` [ RunTime:0.000634s ]
[ sql ] [ SQL ] SELECT `aga`.`uid`,`aga`.`group_id`,`ag`.`id`,`ag`.`pid`,`ag`.`name`,`ag`.`rules` FROM `fa_auth_group_access` `aga` LEFT JOIN `fa_auth_group` `ag` ON `aga`.`group_id`=`ag`.`id` WHERE  (  aga.uid='2' and ag.status='normal' ) [ RunTime:0.000354s ]
[ sql ] [ SQL ] SHOW COLUMNS FROM `fa_auth_group` [ RunTime:0.000493s ]
[ sql ] [ SQL ] SELECT * FROM `fa_auth_group` WHERE  `status` = 'normal' [ RunTime:0.000338s ]
[ sql ] [ SQL ] SELECT `uid`,`group_id` FROM `fa_auth_group_access` WHERE  `group_id` IN (3,14,17,18,19,20,24,23,25,26) [ RunTime:0.000338s ]
[ sql ] [ SQL ] SELECT * FROM `fa_auth_group` WHERE  `status` = 'normal' [ RunTime:0.000300s ]
[ sql ] [ SQL ] SHOW COLUMNS FROM `fa_users` [ RunTime:0.000558s ]
[ sql ] [ SQL ] SELECT COUNT(*) AS tp_count FROM `fa_users` WHERE  ( `createtime` >= 1576771200 AND `createtime` < 1577462400 ) LIMIT 1 [ RunTime:0.000424s ]
[ sql ] [ SQL ] SHOW COLUMNS FROM `fa_oauth` [ RunTime:0.000437s ]
[ sql ] [ SQL ] SELECT COUNT(*) AS tp_count FROM ( SELECT count(*) FROM `fa_oauth` WHERE  ( `createtime` >= 1576771200 AND `createtime` < 1577462400 ) GROUP BY `id` ) `_group_count_` LIMIT 1 [ RunTime:0.002067s ]
[ sql ] [ SQL ] SELECT COUNT(*) AS tp_count FROM `fa_users` LIMIT 1 [ RunTime:0.000322s ]
---------------------------------------------------------------
[ 2019-12-27T20:00:58+08:00 ] 60.181.21.165 GET /admin/order/bedorder?addtabs=1
[ sql ] [ DB ] CONNECT:[ UseTime:0.000615s ] mysql:host=127.0.0.1;dbname=share;charset=utf8
[ sql ] [ SQL ] SHOW COLUMNS FROM `fa_auth_group_access` [ RunTime:0.000599s ]
[ sql ] [ SQL ] SELECT `aga`.`uid`,`aga`.`group_id`,`ag`.`id`,`ag`.`pid`,`ag`.`name`,`ag`.`rules` FROM `fa_auth_group_access` `aga` LEFT JOIN `fa_auth_group` `ag` ON `aga`.`group_id`=`ag`.`id` WHERE  (  aga.uid='2' and ag.status='normal' ) [ RunTime:0.000364s ]
[ sql ] [ SQL ] SHOW COLUMNS FROM `fa_auth_rule` [ RunTime:0.000492s ]
[ sql ] [ SQL ] SELECT `id`,`pid`,`condition`,`icon`,`name`,`title`,`ismenu` FROM `fa_auth_rule` WHERE  `status` = 'normal'  AND `id` IN (1,2,6,7,8,9,10,11,13,14,15,16,17,18,19,20,21,22,23,24,25,26,27,28,29,30,31,32,33,34,40,41,42,43,44,45,46,47,48,49,50,92,93,94,95,96,97,98,99,100,101,102,103,104,105,106,107,108,109,110,111,112,113,114,115,116,117,118,119,120,121,122,123,124,125,126,127,128,129,130,132,133,134,135,136,137,138,139,140,141,142,143,144,145,146,147,148,149,150,151,152,153,154,155,156,157,159,160,161,162,163,164,165,166,167,168,169,170,171,172,173,174,175,176,177,178,179,180,183,184,189,190,191,192,193,194,197,198,199,200,201,202,203,204,205,206,207,208,209,211,5,131,182,181,188) [ RunTime:0.001205s ]
[ sql ] [ SQL ] SELECT `title`,`remark` FROM `fa_auth_rule` WHERE  `name` = 'order/bedorder' LIMIT 1 [ RunTime:0.000359s ]
---------------------------------------------------------------
[ 2019-12-27T20:00:58+08:00 ] 60.181.21.165 GET /admin/order/bedorder/index?sort=order_no&order=desc&offset=0&limit=10&filter=%7B%7D&op=%7B%7D&_=1577448058216
[ sql ] [ DB ] CONNECT:[ UseTime:0.000605s ] mysql:host=127.0.0.1;dbname=share;charset=utf8
[ sql ] [ SQL ] SHOW COLUMNS FROM `fa_auth_group_access` [ RunTime:0.000580s ]
[ sql ] [ SQL ] SELECT `aga`.`uid`,`aga`.`group_id`,`ag`.`id`,`ag`.`pid`,`ag`.`name`,`ag`.`rules` FROM `fa_auth_group_access` `aga` LEFT JOIN `fa_auth_group` `ag` ON `aga`.`group_id`=`ag`.`id` WHERE  (  aga.uid='2' and ag.status='normal' ) [ RunTime:0.000353s ]
[ sql ] [ SQL ] SHOW COLUMNS FROM `fa_auth_rule` [ RunTime:0.000489s ]
[ sql ] [ SQL ] SELECT `id`,`pid`,`condition`,`icon`,`name`,`title`,`ismenu` FROM `fa_auth_rule` WHERE  `status` = 'normal'  AND `id` IN (1,2,6,7,8,9,10,11,13,14,15,16,17,18,19,20,21,22,23,24,25,26,27,28,29,30,31,32,33,34,40,41,42,43,44,45,46,47,48,49,50,92,93,94,95,96,97,98,99,100,101,102,103,104,105,106,107,108,109,110,111,112,113,114,115,116,117,118,119,120,121,122,123,124,125,126,127,128,129,130,132,133,134,135,136,137,138,139,140,141,142,143,144,145,146,147,148,149,150,151,152,153,154,155,156,157,159,160,161,162,163,164,165,166,167,168,169,170,171,172,173,174,175,176,177,178,179,180,183,184,189,190,191,192,193,194,197,198,199,200,201,202,203,204,205,206,207,208,209,211,5,131,182,181,188) [ RunTime:0.001229s ]
[ sql ] [ SQL ] SHOW COLUMNS FROM `fa_auth_group` [ RunTime:0.000563s ]
[ sql ] [ SQL ] SELECT * FROM `fa_auth_group` WHERE  `status` = 'normal' [ RunTime:0.000285s ]
[ sql ] [ SQL ] SELECT `uid`,`group_id` FROM `fa_auth_group_access` WHERE  `group_id` IN (3,14,17,18,19,20,24,23,25,26) [ RunTime:0.000303s ]
[ sql ] [ SQL ] SHOW COLUMNS FROM `fa_bedorder` [ RunTime:0.000514s ]
[ sql ] [ SQL ] SHOW COLUMNS FROM `fa_netpoint` [ RunTime:0.000458s ]
[ sql ] [ SQL ] SHOW COLUMNS FROM `fa_device` [ RunTime:0.000488s ]
[ sql ] [ SQL ] SELECT COUNT(*) AS tp_count FROM `fa_bedorder` `bedorder` LEFT JOIN `fa_netpoint` `netpoint` ON `bedorder`.`netpoint_id`=`netpoint`.`id` LEFT JOIN `fa_device` `device` ON `bedorder`.`dev_id`=`device`.`dev_id` WHERE  (  `bedorder`.`admin_id` IN (7,10,11,15,16,17,2) ) ORDER BY `bedorder`.`order_no` DESC LIMIT 1 [ RunTime:0.003763s ]
[ sql ] [ SQL ] SELECT `bedorder`.`order_no`,`bedorder`.`users_id`,`bedorder`.`phone`,`bedorder`.`dev_id`,`bedorder`.`admin_id`,`bedorder`.`entity_id`,`bedorder`.`netpoint_id`,`bedorder`.`pricetype`,`bedorder`.`price_id`,`bedorder`.`deposit`,`bedorder`.`lightnight`,`bedorder`.`canusestart`,`bedorder`.`canuseend`,`bedorder`.`hourprice`,`bedorder`.`lighttimesprice`,`bedorder`.`nighttimesprice`,`bedorder`.`dayprice`,`bedorder`.`days`,`bedorder`.`pricedata`,`bedorder`.`total`,`bedorder`.`save`,`bedorder`.`pay`,`bedorder`.`tran_id`,`bedorder`.`refund`,`bedorder`.`refundtime`,`bedorder`.`refundnote`,`bedorder`.`step`,`bedorder`.`status`,`bedorder`.`rtn_admin_id`,`bedorder`.`createtime`,`bedorder`.`endtime`,netpoint.id AS netpoint__id,netpoint.admin_id AS netpoint__admin_id,netpoint.name AS netpoint__name,netpoint.shortname AS netpoint__shortname,netpoint.netaddr AS netpoint__netaddr,netpoint.netlng AS netpoint__netlng,netpoint.netlat AS netpoint__netlat,netpoint.deposit AS netpoint__deposit,netpoint.level1 AS netpoint__level1,netpoint.level2 AS netpoint__level2,netpoint.level3 AS netpoint__level3,netpoint.level4 AS netpoint__level4,netpoint.percent1 AS netpoint__percent1,netpoint.percent2 AS netpoint__percent2,netpoint.percent3 AS netpoint__percent3,netpoint.percent4 AS netpoint__percent4,netpoint.mt_admin_id AS netpoint__mt_admin_id,netpoint.mall_admin_id AS netpoint__mall_admin_id,netpoint.status AS netpoint__status,device.id AS device__id,device.dev_id AS device__dev_id,device.iscabinet AS device__iscabinet,device.devtype_id AS device__devtype_id,device.price_id AS device__price_id,device.netpoint_id AS device__netpoint_id,device.department AS device__department,device.room AS device__room,device.bed AS device__bed,device.entity_id AS device__entity_id,device.admin_id AS device__admin_id,device.mac AS device__mac,device.blekey AS device__blekey,device.blepwd AS device__blepwd,device.mac2 AS device__mac2,device.blekey2 AS device__blekey2,device.blepwd2 AS device__blepwd2,device.createtime AS device__createtime,device.updatetime AS device__updatetime,device.status AS device__status FROM `fa_bedorder` `bedorder` LEFT JOIN `fa_netpoint` `netpoint` ON `bedorder`.`netpoint_id`=`netpoint`.`id` LEFT JOIN `fa_device` `device` ON `bedorder`.`dev_id`=`device`.`dev_id` WHERE  (  `bedorder`.`admin_id` IN (7,10,11,15,16,17,2) ) ORDER BY `bedorder`.`order_no` DESC LIMIT 0,10 [ RunTime:0.000624s ]
---------------------------------------------------------------
[ 2019-12-27T20:23:46+08:00 ] 218.204.253.152 POST /api/Bedorder/queryauth
[ info ] queryauth request: 
[ info ] {"mac":"D1C83B0E40C1"}
[ info ] queryauth response: 
[ info ] 1
---------------------------------------------------------------
[ 2019-12-27T20:23:58+08:00 ] 218.204.253.152 POST /api/Bedorder/queryauth
[ info ] queryauth request: 
[ info ] {"mac":"D1C83B0E40C1"}
[ info ] queryauth response: 
[ info ] 1
---------------------------------------------------------------
[ 2019-12-27T20:29:35+08:00 ] 39.144.17.215 POST /api/Bedorder/queryauth
[ info ] queryauth request: 
[ info ] {"mac":"D44A17249F0A"}
[ info ] queryauth response: 
[ info ] 1
---------------------------------------------------------------
[ 2019-12-27T20:30:45+08:00 ] 39.144.17.215 POST /api/Bedorder/queryauth
[ info ] queryauth request: 
[ info ] {"mac":"D44A17249F0A"}
[ info ] queryauth response: 
[ info ] 1
---------------------------------------------------------------
[ 2019-12-27T20:30:53+08:00 ] 39.144.17.215 POST /api/Bedorder/queryauth
[ info ] queryauth request: 
[ info ] {"mac":"D44A17249F0A"}
[ info ] queryauth response: 
[ info ] 1
---------------------------------------------------------------
[ 2019-12-27T20:31:17+08:00 ] 39.144.17.215 POST /api/Bedorder/queryauth
[ info ] queryauth request: 
[ info ] {"mac":"D44A17249F0A"}
[ info ] queryauth response: 
[ info ] 1
---------------------------------------------------------------
[ 2019-12-27T20:31:32+08:00 ] 39.144.17.215 POST /api/Bedorder/queryauth
[ info ] queryauth request: 
[ info ] {"mac":"D44A17249F0A"}
[ info ] queryauth response: 
[ info ] 1
---------------------------------------------------------------
[ 2019-12-27T21:25:38+08:00 ] 117.132.196.197 POST /api/Bedorder/queryauth
[ info ] queryauth request: 
[ info ] {"mac":"D3D67CFC2865"}
[ info ] queryauth response: 
[ info ] 1
---------------------------------------------------------------
[ 2019-12-27T21:25:59+08:00 ] 117.132.196.197 POST /api/Bedorder/queryauth
[ info ] queryauth request: 
[ info ] {"mac":"D3D67CFC2865"}
[ info ] queryauth response: 
[ info ] 1
---------------------------------------------------------------
[ 2019-12-27T21:26:30+08:00 ] 117.132.196.197 POST /api/Bedorder/queryauth
[ info ] queryauth request: 
[ info ] {"mac":"D3D67CFC2865"}
[ info ] queryauth response: 
[ info ] 1
---------------------------------------------------------------
[ 2019-12-27T21:28:08+08:00 ] 117.132.193.12 POST /api/Bedorder/queryauth
[ info ] queryauth request: 
[ info ] {"mac":"D3D67CFC2865"}
[ info ] queryauth response: 
[ info ] 1
---------------------------------------------------------------
[ 2019-12-27T21:28:42+08:00 ] 117.132.193.12 POST /api/Bedorder/queryauth
[ info ] queryauth request: 
[ info ] {"mac":"D3D67CFC2865"}
[ info ] queryauth response: 
[ info ] 1
---------------------------------------------------------------
[ 2019-12-27T21:33:59+08:00 ] 117.132.193.12 POST /api/Bedorder/queryauth
[ info ] queryauth request: 
[ info ] {"mac":"D3D67CFC2865"}
[ info ] queryauth response: 
[ info ] 1
---------------------------------------------------------------
[ 2019-12-27T21:36:19+08:00 ] 117.132.195.38 POST /api/Bedorder/queryauth
[ info ] queryauth request: 
[ info ] {"mac":"D3D67CFC2865"}
[ info ] queryauth response: 
[ info ] 1
---------------------------------------------------------------
[ 2019-12-27T21:41:22+08:00 ] 117.132.195.38 POST /api/Bedorder/queryauth
[ info ] queryauth request: 
[ info ] {"mac":"D3D67CFC2865"}
[ info ] queryauth response: 
[ info ] 1
---------------------------------------------------------------
[ 2019-12-27T21:41:59+08:00 ] 117.132.195.38 POST /api/Bedorder/queryauth
[ info ] queryauth request: 
[ info ] {"mac":"D3D67CFC2865"}
[ info ] queryauth response: 
[ info ] 1
---------------------------------------------------------------
[ 2019-12-27T21:42:21+08:00 ] 117.132.195.38 POST /api/Bedorder/queryauth
[ info ] queryauth request: 
[ info ] {"mac":"D3D67CFC2865"}
[ info ] queryauth response: 
[ info ] 1
---------------------------------------------------------------
[ 2019-12-27T21:49:08+08:00 ] 223.104.254.10 POST /api/Bedorder/queryauth
[ info ] queryauth request: 
[ info ] {"mac":"D3D67CFC2865"}
[ info ] queryauth response: 
[ info ] 1
---------------------------------------------------------------
[ 2019-12-27T21:49:18+08:00 ] 223.104.254.10 POST /api/Bedorder/queryauth
[ info ] queryauth request: 
[ info ] {"mac":"D3D67CFC2865"}
[ info ] queryauth response: 
[ info ] 1
---------------------------------------------------------------
[ 2019-12-27T21:49:48+08:00 ] 223.104.254.10 POST /api/Bedorder/queryauth
[ info ] queryauth request: 
[ info ] {"mac":"D3D67CFC2865"}
[ info ] queryauth response: 
[ info ] 1
---------------------------------------------------------------
[ 2019-12-27T21:56:26+08:00 ] 39.144.17.234 POST /api/Bedorder/queryauth
[ info ] queryauth request: 
[ info ] {"mac":"D3D67CFC2865"}
[ info ] queryauth response: 
[ info ] 1
---------------------------------------------------------------
[ 2019-12-27T21:56:33+08:00 ] 39.144.17.234 POST /api/Bedorder/queryauth
[ info ] queryauth request: 
[ info ] {"mac":"D3D67CFC2865"}
[ info ] queryauth response: 
[ info ] 1
---------------------------------------------------------------
[ 2019-12-27T21:56:56+08:00 ] 39.144.17.234 POST /api/Bedorder/queryauth
[ info ] queryauth request: 
[ info ] {"mac":"D3D67CFC2865"}
[ info ] queryauth response: 
[ info ] 1
---------------------------------------------------------------
[ 2019-12-27T22:02:37+08:00 ] 117.132.195.139 POST /api/Bedorder/queryauth
[ info ] queryauth request: 
[ info ] {"mac":"D3D67CFC2865"}
[ info ] queryauth response: 
[ info ] 1
---------------------------------------------------------------
[ 2019-12-27T22:03:04+08:00 ] 117.132.195.139 POST /api/Bedorder/queryauth
[ info ] queryauth request: 
[ info ] {"mac":"D3D67CFC2865"}
[ info ] queryauth response: 
[ info ] 1
---------------------------------------------------------------
[ 2019-12-27T22:04:23+08:00 ] 223.104.255.68 POST /api/Bedorder/queryauth
[ info ] queryauth request: 
[ info ] {"mac":"D3D67CFC2865"}
[ info ] queryauth response: 
[ info ] 1
---------------------------------------------------------------
[ 2019-12-27T22:08:46+08:00 ] 223.104.255.68 POST /api/Bedorder/queryauth
[ info ] queryauth request: 
[ info ] {"mac":"D3D67CFC2865"}
[ info ] queryauth response: 
[ info ] 1
---------------------------------------------------------------
[ 2019-12-27T22:09:09+08:00 ] 223.104.255.68 POST /api/Bedorder/queryauth
[ info ] queryauth request: 
[ info ] {"mac":"D3D67CFC2865"}
[ info ] queryauth response: 
[ info ] 1
---------------------------------------------------------------
[ 2019-12-27T22:10:23+08:00 ] 223.104.254.216 POST /api/Bedorder/queryauth
[ info ] queryauth request: 
[ info ] {"mac":"D3D67CFC2865"}
[ info ] queryauth response: 
[ info ] 1
---------------------------------------------------------------
[ 2019-12-27T22:10:54+08:00 ] 223.104.254.216 POST /api/Bedorder/queryauth
[ info ] queryauth request: 
[ info ] {"mac":"D3D67CFC2865"}
[ info ] queryauth response: 
[ info ] 1
---------------------------------------------------------------
[ 2019-12-27T22:15:00+08:00 ] 218.204.252.36 POST /api/Bedorder/queryauth
[ info ] queryauth request: 
[ info ] {"mac":"D3D67CFC2865"}
[ info ] queryauth response: 
[ info ] 1
---------------------------------------------------------------
[ 2019-12-27T22:15:46+08:00 ] 117.132.193.121 POST /api/Bedorder/queryauth
[ info ] queryauth request: 
[ info ] {"mac":"D3D67CFC2865"}
[ info ] queryauth response: 
[ info ] 1
---------------------------------------------------------------
[ 2019-12-27T22:16:06+08:00 ] 117.132.193.121 POST /api/Bedorder/queryauth
[ info ] queryauth request: 
[ info ] {"mac":"D3D67CFC2865"}
[ info ] queryauth response: 
[ info ] 1
---------------------------------------------------------------
[ 2019-12-27T22:17:28+08:00 ] 223.104.255.238 POST /api/Bedorder/queryauth
[ info ] queryauth request: 
[ info ] {"mac":"D3D67CFC2865"}
[ info ] queryauth response: 
[ info ] 1
---------------------------------------------------------------
[ 2019-12-27T22:20:09+08:00 ] 223.104.255.238 POST /api/Bedorder/queryauth
[ info ] queryauth request: 
[ info ] {"mac":"D3D67CFC2865"}
[ info ] queryauth response: 
[ info ] 1
---------------------------------------------------------------
[ 2019-12-27T22:23:09+08:00 ] 117.132.198.142 POST /api/Bedorder/queryauth
[ info ] queryauth request: 
[ info ] {"mac":"D3D67CFC2865"}
[ info ] queryauth response: 
[ info ] 1
---------------------------------------------------------------
[ 2019-12-27T22:26:18+08:00 ] 223.104.255.22 POST /api/Bedorder/queryauth
[ info ] queryauth request: 
[ info ] {"mac":"D3D67CFC2865"}
[ info ] queryauth response: 
[ info ] 1
---------------------------------------------------------------
[ 2019-12-27T22:26:52+08:00 ] 223.104.255.22 POST /api/Bedorder/queryauth
[ info ] queryauth request: 
[ info ] {"mac":"D3D67CFC2865"}
[ info ] queryauth response: 
[ info ] 1
---------------------------------------------------------------
[ 2019-12-27T22:27:13+08:00 ] 223.104.255.22 POST /api/Bedorder/queryauth
[ info ] queryauth request: 
[ info ] {"mac":"D3D67CFC2865"}
[ info ] queryauth response: 
[ info ] 1
---------------------------------------------------------------
[ 2019-12-27T22:28:39+08:00 ] 223.104.254.151 POST /api/Bedorder/queryauth
[ info ] queryauth request: 
[ info ] {"mac":"D3D67CFC2865"}
[ info ] queryauth response: 
[ info ] 1
---------------------------------------------------------------
[ 2019-12-27T23:05:52+08:00 ] 218.204.253.152 POST /api/Bedorder/queryauth
[ info ] queryauth request: 
[ info ] {"mac":"D1C83B0E40C1"}
[ info ] queryauth response: 
[ info ] 1
---------------------------------------------------------------
[ 2019-12-27T23:05:55+08:00 ] 218.204.253.152 POST /api/Bedorder/queryauth
[ info ] queryauth request: 
[ info ] {"mac":"D1C83B0E40C1"}
[ info ] queryauth response: 
[ info ] 1
---------------------------------------------------------------
[ 2019-12-27T23:06:01+08:00 ] 218.204.253.152 POST /api/Bedorder/queryauth
[ info ] queryauth request: 
[ info ] {"mac":"D1C83B0E40C1"}
[ info ] queryauth response: 
[ info ] 1
---------------------------------------------------------------
[ 2019-12-27T23:06:06+08:00 ] 218.204.253.152 POST /api/Bedorder/queryauth
[ info ] queryauth request: 
[ info ] {"mac":"D1C83B0E40C1"}
[ info ] queryauth response: 
[ info ] 1
---------------------------------------------------------------
[ 2019-12-27T23:06:12+08:00 ] 218.204.253.152 POST /api/Bedorder/queryauth
[ info ] queryauth request: 
[ info ] {"mac":"D1C83B0E40C1"}
[ info ] queryauth response: 
[ info ] 1
---------------------------------------------------------------
[ 2019-12-27T23:06:16+08:00 ] 218.204.253.152 POST /api/Bedorder/queryauth
[ info ] queryauth request: 
[ info ] {"mac":"D1C83B0E40C1"}
[ info ] queryauth response: 
[ info ] 1
---------------------------------------------------------------
[ 2019-12-27T23:46:35+08:00 ] 218.204.253.152 POST /api/Bedorder/queryauth
[ info ] queryauth request: 
[ info ] {"mac":"D1C83B0E40C1"}
[ info ] queryauth response: 
[ info ] 1
---------------------------------------------------------------
[ 2019-12-27T23:46:40+08:00 ] 218.204.253.152 POST /api/Bedorder/queryauth
[ info ] queryauth request: 
[ info ] {"mac":"D1C83B0E40C1"}
[ info ] queryauth response: 
[ info ] 1
