---------------------------------------------------------------
[ 2019-12-30T01:18:28+08:00 ] 221.178.127.9 POST /api/Bedorder/queryauth
[ info ] queryauth request: 
[ info ] {"mac":"D3D67CFC2865"}
[ info ] queryauth response: 
[ info ] 1
---------------------------------------------------------------
[ 2019-12-30T01:26:38+08:00 ] 117.132.191.137 POST /api/Bedorder/queryauth
[ info ] queryauth request: 
[ info ] {"mac":"D3D67CFC2865"}
[ info ] queryauth response: 
[ info ] 1
---------------------------------------------------------------
[ 2019-12-30T01:36:33+08:00 ] 117.132.195.66 POST /api/Bedorder/queryauth
[ info ] queryauth request: 
[ info ] {"mac":"D3D67CFC2865"}
[ info ] queryauth response: 
[ info ] 1
---------------------------------------------------------------
[ 2019-12-30T01:49:20+08:00 ] 218.204.252.60 POST /api/Bedorder/queryauth
[ info ] queryauth request: 
[ info ] {"mac":"D3D67CFC2865"}
[ info ] queryauth response: 
[ info ] 1
---------------------------------------------------------------
[ 2019-12-30T07:19:47+08:00 ] 117.132.193.16 POST /api/Bedorder/queryauth
[ info ] queryauth request: 
[ info ] {"mac":"C67E47965488"}
[ info ] queryauth response: 
[ info ] 1
---------------------------------------------------------------
[ 2019-12-30T07:24:23+08:00 ] 117.132.194.86 POST /api/Bedorder/queryauth
[ info ] queryauth request: 
[ info ] {"mac":"D3D67CFC2865"}
[ info ] queryauth response: 
[ info ] 1
---------------------------------------------------------------
[ 2019-12-30T07:24:30+08:00 ] 117.132.194.86 POST /api/Bedorder/queryauth
[ info ] queryauth request: 
[ info ] {"mac":"D3D67CFC2865"}
[ info ] queryauth response: 
[ info ] 1
---------------------------------------------------------------
[ 2019-12-30T07:29:14+08:00 ] 117.132.194.86 POST /api/Bedorder/queryauth
[ info ] queryauth request: 
[ info ] {"mac":"D3D67CFC2865"}
[ info ] queryauth response: 
[ info ] 1
---------------------------------------------------------------
[ 2019-12-30T07:29:43+08:00 ] 117.132.194.86 POST /api/Bedorder/queryauth
[ info ] queryauth request: 
[ info ] {"mac":"D3D67CFC2865"}
[ info ] queryauth response: 
[ info ] 1
---------------------------------------------------------------
[ 2019-12-30T07:30:25+08:00 ] 218.204.253.120 POST /api/Bedorder/queryauth
[ info ] queryauth request: 
[ info ] {"mac":"D3D67CFC2865"}
[ info ] queryauth response: 
[ info ] 1
---------------------------------------------------------------
[ 2019-12-30T07:42:57+08:00 ] 218.204.253.120 POST /api/Bedorder/queryauth
[ info ] queryauth request: 
[ info ] {"mac":"D3D67CFC2865"}
[ info ] queryauth response: 
[ info ] 1
---------------------------------------------------------------
[ 2019-12-30T08:54:31+08:00 ] 117.132.195.171 POST /api/Bedorder/queryauth
[ info ] queryauth request: 
[ info ] {"mac":"F61896AF99E8"}
[ info ] queryauth response: 
[ info ] 1
---------------------------------------------------------------
[ 2019-12-30T09:32:00+08:00 ] 221.178.125.160 POST /api/Bedorder/queryauth
[ info ] queryauth request: 
[ info ] {"mac":"F2D0DF8A2528"}
[ info ] queryauth response: 
[ info ] 1
---------------------------------------------------------------
[ 2019-12-30T10:46:04+08:00 ] 221.178.124.32 POST /api/Bedorder/queryauth
[ info ] queryauth request: 
[ info ] {"mac":"E5214975DAD3"}
[ info ] queryauth response: 
[ info ] 1
---------------------------------------------------------------
[ 2019-12-30T11:07:09+08:00 ] 117.132.195.244 POST /api/Bedorder/queryauth
[ info ] queryauth request: 
[ info ] {"mac":"D61D37D4048F"}
[ info ] queryauth response: 
[ info ] 1
---------------------------------------------------------------
[ 2019-12-30T11:50:16+08:00 ] 117.132.194.99 POST /api/Bedorder/queryauth
[ info ] queryauth request: 
[ info ] {"mac":"CF212153B558"}
[ info ] queryauth response: 
[ info ] 1
---------------------------------------------------------------
[ 2019-12-30T11:50:38+08:00 ] 117.132.194.99 POST /api/Bedorder/queryauth
[ info ] queryauth request: 
[ info ] {"mac":"CF212153B558"}
[ info ] queryauth response: 
[ info ] 1
---------------------------------------------------------------
[ 2019-12-30T11:50:42+08:00 ] 117.132.194.99 POST /api/Bedorder/queryauth
[ info ] queryauth request: 
[ info ] {"mac":"CF212153B558"}
[ info ] queryauth response: 
[ info ] 1
---------------------------------------------------------------
[ 2019-12-30T11:50:46+08:00 ] 117.132.194.99 POST /api/Bedorder/queryauth
[ info ] queryauth request: 
[ info ] {"mac":"CF212153B558"}
[ info ] queryauth response: 
[ info ] 1
---------------------------------------------------------------
[ 2019-12-30T11:50:54+08:00 ] 117.132.194.99 POST /api/Bedorder/queryauth
[ info ] queryauth request: 
[ info ] {"mac":"CF212153B558"}
[ info ] queryauth response: 
[ info ] 1
---------------------------------------------------------------
[ 2019-12-30T14:43:47+08:00 ] 223.104.255.77 POST /api/Bedorder/queryauth
[ info ] queryauth request: 
[ info ] {"mac":"D4F5268B6A63"}
[ info ] queryauth response: 
[ info ] 1
---------------------------------------------------------------
[ 2019-12-30T14:43:49+08:00 ] 223.104.255.77 POST /api/Bedorder/queryauth
[ info ] queryauth request: 
[ info ] {"mac":"D4F5268B6A63"}
[ info ] queryauth response: 
[ info ] 1
---------------------------------------------------------------
[ 2019-12-30T15:06:33+08:00 ] 39.144.18.4 POST /api/Bedorder/queryauth
[ info ] queryauth request: 
[ info ] {"mac":"F5D1A6FF443C"}
[ info ] queryauth response: 
[ info ] 1
---------------------------------------------------------------
[ 2019-12-30T15:06:38+08:00 ] 39.144.18.4 POST /api/Bedorder/queryauth
[ info ] queryauth request: 
[ info ] {"mac":"F5D1A6FF443C"}
[ info ] queryauth response: 
[ info ] 1
---------------------------------------------------------------
[ 2019-12-30T15:11:41+08:00 ] 39.144.18.4 POST /api/Bedorder/queryauth
[ info ] queryauth request: 
[ info ] {"mac":"F5D1A6FF443C"}
[ info ] queryauth response: 
[ info ] 1
---------------------------------------------------------------
[ 2019-12-30T16:33:35+08:00 ] 218.204.252.122 POST /api/Bedorder/queryauth
[ info ] queryauth request: 
[ info ] {"mac":"D68156CDD97D"}
[ info ] queryauth response: 
[ info ] 1
---------------------------------------------------------------
[ 2019-12-30T16:33:38+08:00 ] 218.204.252.122 POST /api/Bedorder/queryauth
[ info ] queryauth request: 
[ info ] {"mac":"D68156CDD97D"}
[ info ] queryauth response: 
[ info ] 1
---------------------------------------------------------------
[ 2019-12-30T16:47:50+08:00 ] 39.144.17.91 POST /api/Bedorder/queryauth
[ info ] queryauth request: 
[ info ] {"mac":"E8413CE9A071"}
[ info ] queryauth response: 
[ info ] 1
---------------------------------------------------------------
[ 2019-12-30T16:48:37+08:00 ] 221.178.125.218 POST /api/Bedorder/queryauth
[ info ] queryauth request: 
[ info ] {"mac":"E8413CE9A071"}
[ info ] queryauth response: 
[ info ] 1
---------------------------------------------------------------
[ 2019-12-30T16:50:49+08:00 ] 39.144.17.158 POST /api/Bedorder/queryauth
[ info ] queryauth request: 
[ info ] {"mac":"E8413CE9A071"}
[ info ] queryauth response: 
[ info ] 1
---------------------------------------------------------------
[ 2019-12-30T17:34:30+08:00 ] 223.104.255.118 POST /api/Bedorder/queryauth
[ info ] queryauth request: 
[ info ] {"mac":"D91AA35BC1B7"}
[ info ] queryauth response: 
[ info ] 1
---------------------------------------------------------------
[ 2019-12-30T17:35:13+08:00 ] 221.178.126.236 POST /api/Bedorder/queryauth
[ info ] queryauth request: 
[ info ] {"mac":"E8413CE9A071"}
[ info ] queryauth response: 
[ info ] 1
---------------------------------------------------------------
[ 2019-12-30T17:41:55+08:00 ] 117.132.194.99 POST /api/Bedorder/queryauth
[ info ] queryauth request: 
[ info ] {"mac":"CF212153B558"}
[ info ] queryauth response: 
[ info ] 1
---------------------------------------------------------------
[ 2019-12-30T17:41:59+08:00 ] 117.132.194.99 POST /api/Bedorder/queryauth
[ info ] queryauth request: 
[ info ] {"mac":"CF212153B558"}
[ info ] queryauth response: 
[ info ] 1
---------------------------------------------------------------
[ 2019-12-30T17:42:06+08:00 ] 117.132.194.99 POST /api/Bedorder/queryauth
[ info ] queryauth request: 
[ info ] {"mac":"CF212153B558"}
[ info ] queryauth response: 
[ info ] 1
---------------------------------------------------------------
[ 2019-12-30T17:42:14+08:00 ] 117.132.194.99 POST /api/Bedorder/queryauth
[ info ] queryauth request: 
[ info ] {"mac":"CF212153B558"}
[ info ] queryauth response: 
[ info ] 1
---------------------------------------------------------------
[ 2019-12-30T17:42:18+08:00 ] 117.132.194.99 POST /api/Bedorder/queryauth
[ info ] queryauth request: 
[ info ] {"mac":"CF212153B558"}
[ info ] queryauth response: 
[ info ] 1
---------------------------------------------------------------
[ 2019-12-30T17:42:26+08:00 ] 117.132.194.99 POST /api/Bedorder/queryauth
[ info ] queryauth request: 
[ info ] {"mac":"CF212153B558"}
[ info ] queryauth response: 
[ info ] 1
---------------------------------------------------------------
[ 2019-12-30T17:42:33+08:00 ] 117.132.194.99 POST /api/Bedorder/queryauth
[ info ] queryauth request: 
[ info ] {"mac":"CF212153B558"}
[ info ] queryauth response: 
[ info ] 1
---------------------------------------------------------------
[ 2019-12-30T17:42:37+08:00 ] 117.132.194.99 POST /api/Bedorder/queryauth
[ info ] queryauth request: 
[ info ] {"mac":"CF212153B558"}
[ info ] queryauth response: 
[ info ] 1
---------------------------------------------------------------
[ 2019-12-30T17:42:45+08:00 ] 117.132.194.99 POST /api/Bedorder/queryauth
[ info ] queryauth request: 
[ info ] {"mac":"CF212153B558"}
[ info ] queryauth response: 
[ info ] 1
---------------------------------------------------------------
[ 2019-12-30T18:09:56+08:00 ] 117.132.194.99 POST /api/Bedorder/queryauth
[ info ] queryauth request: 
[ info ] {"mac":"CF212153B558"}
[ info ] queryauth response: 
[ info ] 1
---------------------------------------------------------------
[ 2019-12-30T18:10:12+08:00 ] 117.132.194.99 POST /api/Bedorder/queryauth
[ info ] queryauth request: 
[ info ] {"mac":"CF212153B558"}
[ info ] queryauth response: 
[ info ] 1
---------------------------------------------------------------
[ 2019-12-30T18:10:17+08:00 ] 117.132.194.99 POST /api/Bedorder/queryauth
[ info ] queryauth request: 
[ info ] {"mac":"CF212153B558"}
[ info ] queryauth response: 
[ info ] 1
---------------------------------------------------------------
[ 2019-12-30T18:10:26+08:00 ] 117.132.194.99 POST /api/Bedorder/queryauth
[ info ] queryauth request: 
[ info ] {"mac":"CF212153B558"}
[ info ] queryauth response: 
[ info ] 1
---------------------------------------------------------------
[ 2019-12-30T18:10:45+08:00 ] 117.132.194.99 POST /api/Bedorder/queryauth
[ info ] queryauth request: 
[ info ] {"mac":"CF212153B558"}
[ info ] queryauth response: 
[ info ] 1
---------------------------------------------------------------
[ 2019-12-30T18:14:39+08:00 ] 218.204.253.21 POST /api/Bedorder/queryauth
[ info ] queryauth request: 
[ info ] {"mac":"F4A76F04FDAD"}
[ info ] queryauth response: 
[ info ] 1
---------------------------------------------------------------
[ 2019-12-30T19:00:35+08:00 ] 117.132.194.99 POST /api/Bedorder/queryauth
[ info ] queryauth request: 
[ info ] {"mac":"CF212153B558"}
[ info ] queryauth response: 
[ info ] 1
---------------------------------------------------------------
[ 2019-12-30T19:08:17+08:00 ] 112.38.63.249 GET /admin/index/index
[ sql ] [ DB ] CONNECT:[ UseTime:0.000615s ] mysql:host=127.0.0.1;dbname=share;charset=utf8
[ sql ] [ SQL ] SHOW COLUMNS FROM `fa_auth_group_access` [ RunTime:0.000613s ]
[ sql ] [ SQL ] SELECT `aga`.`uid`,`aga`.`group_id`,`ag`.`id`,`ag`.`pid`,`ag`.`name`,`ag`.`rules` FROM `fa_auth_group_access` `aga` LEFT JOIN `fa_auth_group` `ag` ON `aga`.`group_id`=`ag`.`id` WHERE  (  aga.uid='11' and ag.status='normal' ) [ RunTime:0.000395s ]
[ sql ] [ SQL ] SHOW COLUMNS FROM `fa_auth_rule` [ RunTime:0.000495s ]
[ sql ] [ SQL ] SELECT `id`,`pid`,`condition`,`icon`,`name`,`title`,`ismenu` FROM `fa_auth_rule` WHERE  `status` = 'normal'  AND `id` IN (2,7,9,11,23,24,25,26,27,28,40,41,42,43,47,48,49,50,92,93,94,95,96,97,98,99,100,101,102,103,104,105,106,107,108,109,110,111,112,113,114,115,117,118,119,120,121,122,123,124,125,126,127,128,129,130,132,133,134,135,136,137,138,139,140,141,142,143,150,151,152,153,154,155,156,157,159,160,167,168,175,176,177,178,194,5,131) [ RunTime:0.000842s ]
---------------------------------------------------------------
[ 2019-12-30T19:08:27+08:00 ] 112.38.63.249 GET /admin/general/attachment?addtabs=1
[ sql ] [ DB ] CONNECT:[ UseTime:0.000638s ] mysql:host=127.0.0.1;dbname=share;charset=utf8
[ sql ] [ SQL ] SHOW COLUMNS FROM `fa_auth_group_access` [ RunTime:0.000604s ]
[ sql ] [ SQL ] SELECT `aga`.`uid`,`aga`.`group_id`,`ag`.`id`,`ag`.`pid`,`ag`.`name`,`ag`.`rules` FROM `fa_auth_group_access` `aga` LEFT JOIN `fa_auth_group` `ag` ON `aga`.`group_id`=`ag`.`id` WHERE  (  aga.uid='11' and ag.status='normal' ) [ RunTime:0.000368s ]
[ sql ] [ SQL ] SHOW COLUMNS FROM `fa_auth_rule` [ RunTime:0.000513s ]
[ sql ] [ SQL ] SELECT `id`,`pid`,`condition`,`icon`,`name`,`title`,`ismenu` FROM `fa_auth_rule` WHERE  `status` = 'normal'  AND `id` IN (2,7,9,11,23,24,25,26,27,28,40,41,42,43,47,48,49,50,92,93,94,95,96,97,98,99,100,101,102,103,104,105,106,107,108,109,110,111,112,113,114,115,117,118,119,120,121,122,123,124,125,126,127,128,129,130,132,133,134,135,136,137,138,139,140,141,142,143,150,151,152,153,154,155,156,157,159,160,167,168,175,176,177,178,194,5,131) [ RunTime:0.000828s ]
[ sql ] [ SQL ] SELECT `title`,`remark` FROM `fa_auth_rule` WHERE  `name` = 'general/attachment' LIMIT 1 [ RunTime:0.000318s ]
---------------------------------------------------------------
[ 2019-12-30T19:08:28+08:00 ] 112.38.63.249 GET /admin/general/attachment/index?sort=id&order=desc&offset=0&limit=10&filter=%7B%7D&op=%7B%7D&_=1577704104122
[ sql ] [ DB ] CONNECT:[ UseTime:0.000655s ] mysql:host=127.0.0.1;dbname=share;charset=utf8
[ sql ] [ SQL ] SHOW COLUMNS FROM `fa_auth_group_access` [ RunTime:0.000592s ]
[ sql ] [ SQL ] SELECT `aga`.`uid`,`aga`.`group_id`,`ag`.`id`,`ag`.`pid`,`ag`.`name`,`ag`.`rules` FROM `fa_auth_group_access` `aga` LEFT JOIN `fa_auth_group` `ag` ON `aga`.`group_id`=`ag`.`id` WHERE  (  aga.uid='11' and ag.status='normal' ) [ RunTime:0.000403s ]
[ sql ] [ SQL ] SHOW COLUMNS FROM `fa_auth_rule` [ RunTime:0.000494s ]
[ sql ] [ SQL ] SELECT `id`,`pid`,`condition`,`icon`,`name`,`title`,`ismenu` FROM `fa_auth_rule` WHERE  `status` = 'normal'  AND `id` IN (2,7,9,11,23,24,25,26,27,28,40,41,42,43,47,48,49,50,92,93,94,95,96,97,98,99,100,101,102,103,104,105,106,107,108,109,110,111,112,113,114,115,117,118,119,120,121,122,123,124,125,126,127,128,129,130,132,133,134,135,136,137,138,139,140,141,142,143,150,151,152,153,154,155,156,157,159,160,167,168,175,176,177,178,194,5,131) [ RunTime:0.000832s ]
[ sql ] [ SQL ] SHOW COLUMNS FROM `fa_attachment` [ RunTime:0.000612s ]
[ sql ] [ SQL ] SELECT COUNT(*) AS tp_count FROM `fa_attachment` ORDER BY `id` DESC LIMIT 1 [ RunTime:0.000240s ]
[ sql ] [ SQL ] SELECT * FROM `fa_attachment` ORDER BY `id` DESC LIMIT 0,10 [ RunTime:0.000242s ]
---------------------------------------------------------------
[ 2019-12-30T19:08:32+08:00 ] 112.38.63.249 GET /admin/order/bedorder?addtabs=1
[ sql ] [ DB ] CONNECT:[ UseTime:0.000659s ] mysql:host=127.0.0.1;dbname=share;charset=utf8
[ sql ] [ SQL ] SHOW COLUMNS FROM `fa_auth_group_access` [ RunTime:0.000609s ]
[ sql ] [ SQL ] SELECT `aga`.`uid`,`aga`.`group_id`,`ag`.`id`,`ag`.`pid`,`ag`.`name`,`ag`.`rules` FROM `fa_auth_group_access` `aga` LEFT JOIN `fa_auth_group` `ag` ON `aga`.`group_id`=`ag`.`id` WHERE  (  aga.uid='11' and ag.status='normal' ) [ RunTime:0.000372s ]
[ sql ] [ SQL ] SHOW COLUMNS FROM `fa_auth_rule` [ RunTime:0.000509s ]
[ sql ] [ SQL ] SELECT `id`,`pid`,`condition`,`icon`,`name`,`title`,`ismenu` FROM `fa_auth_rule` WHERE  `status` = 'normal'  AND `id` IN (2,7,9,11,23,24,25,26,27,28,40,41,42,43,47,48,49,50,92,93,94,95,96,97,98,99,100,101,102,103,104,105,106,107,108,109,110,111,112,113,114,115,117,118,119,120,121,122,123,124,125,126,127,128,129,130,132,133,134,135,136,137,138,139,140,141,142,143,150,151,152,153,154,155,156,157,159,160,167,168,175,176,177,178,194,5,131) [ RunTime:0.000848s ]
[ sql ] [ SQL ] SELECT `title`,`remark` FROM `fa_auth_rule` WHERE  `name` = 'order/bedorder' LIMIT 1 [ RunTime:0.000343s ]
---------------------------------------------------------------
[ 2019-12-30T19:08:33+08:00 ] 112.38.63.249 GET /admin/order/bedorder/index?sort=order_no&order=desc&offset=0&limit=10&filter=%7B%7D&op=%7B%7D&_=1577704109349
[ sql ] [ DB ] CONNECT:[ UseTime:0.000667s ] mysql:host=127.0.0.1;dbname=share;charset=utf8
[ sql ] [ SQL ] SHOW COLUMNS FROM `fa_auth_group_access` [ RunTime:0.000644s ]
[ sql ] [ SQL ] SELECT `aga`.`uid`,`aga`.`group_id`,`ag`.`id`,`ag`.`pid`,`ag`.`name`,`ag`.`rules` FROM `fa_auth_group_access` `aga` LEFT JOIN `fa_auth_group` `ag` ON `aga`.`group_id`=`ag`.`id` WHERE  (  aga.uid='11' and ag.status='normal' ) [ RunTime:0.000366s ]
[ sql ] [ SQL ] SHOW COLUMNS FROM `fa_auth_rule` [ RunTime:0.000483s ]
[ sql ] [ SQL ] SELECT `id`,`pid`,`condition`,`icon`,`name`,`title`,`ismenu` FROM `fa_auth_rule` WHERE  `status` = 'normal'  AND `id` IN (2,7,9,11,23,24,25,26,27,28,40,41,42,43,47,48,49,50,92,93,94,95,96,97,98,99,100,101,102,103,104,105,106,107,108,109,110,111,112,113,114,115,117,118,119,120,121,122,123,124,125,126,127,128,129,130,132,133,134,135,136,137,138,139,140,141,142,143,150,151,152,153,154,155,156,157,159,160,167,168,175,176,177,178,194,5,131) [ RunTime:0.000811s ]
[ sql ] [ SQL ] SHOW COLUMNS FROM `fa_auth_group` [ RunTime:0.000588s ]
[ sql ] [ SQL ] SELECT * FROM `fa_auth_group` WHERE  `status` = 'normal' [ RunTime:0.000308s ]
[ sql ] [ SQL ] SELECT `uid`,`group_id` FROM `fa_auth_group_access` WHERE  `group_id` IN (24) [ RunTime:0.000270s ]
[ sql ] [ SQL ] SHOW COLUMNS FROM `fa_bedorder` [ RunTime:0.000562s ]
[ sql ] [ SQL ] SHOW COLUMNS FROM `fa_netpoint` [ RunTime:0.000463s ]
[ sql ] [ SQL ] SHOW COLUMNS FROM `fa_device` [ RunTime:0.000470s ]
[ sql ] [ SQL ] SELECT COUNT(*) AS tp_count FROM `fa_bedorder` `bedorder` LEFT JOIN `fa_netpoint` `netpoint` ON `bedorder`.`netpoint_id`=`netpoint`.`id` LEFT JOIN `fa_device` `device` ON `bedorder`.`dev_id`=`device`.`dev_id` WHERE  (  `bedorder`.`admin_id` IN (15,11) ) ORDER BY `bedorder`.`order_no` DESC LIMIT 1 [ RunTime:0.001221s ]
[ sql ] [ SQL ] SELECT `bedorder`.`order_no`,`bedorder`.`users_id`,`bedorder`.`phone`,`bedorder`.`dev_id`,`bedorder`.`admin_id`,`bedorder`.`entity_id`,`bedorder`.`netpoint_id`,`bedorder`.`pricetype`,`bedorder`.`price_id`,`bedorder`.`deposit`,`bedorder`.`lightnight`,`bedorder`.`canusestart`,`bedorder`.`canuseend`,`bedorder`.`hourprice`,`bedorder`.`lighttimesprice`,`bedorder`.`nighttimesprice`,`bedorder`.`dayprice`,`bedorder`.`days`,`bedorder`.`pricedata`,`bedorder`.`total`,`bedorder`.`save`,`bedorder`.`pay`,`bedorder`.`tran_id`,`bedorder`.`refund`,`bedorder`.`refundtime`,`bedorder`.`refundnote`,`bedorder`.`step`,`bedorder`.`status`,`bedorder`.`rtn_admin_id`,`bedorder`.`createtime`,`bedorder`.`endtime`,netpoint.id AS netpoint__id,netpoint.admin_id AS netpoint__admin_id,netpoint.name AS netpoint__name,netpoint.shortname AS netpoint__shortname,netpoint.netaddr AS netpoint__netaddr,netpoint.netlng AS netpoint__netlng,netpoint.netlat AS netpoint__netlat,netpoint.deposit AS netpoint__deposit,netpoint.level1 AS netpoint__level1,netpoint.level2 AS netpoint__level2,netpoint.level3 AS netpoint__level3,netpoint.level4 AS netpoint__level4,netpoint.percent1 AS netpoint__percent1,netpoint.percent2 AS netpoint__percent2,netpoint.percent3 AS netpoint__percent3,netpoint.percent4 AS netpoint__percent4,netpoint.mt_admin_id AS netpoint__mt_admin_id,netpoint.mall_admin_id AS netpoint__mall_admin_id,netpoint.status AS netpoint__status,device.id AS device__id,device.dev_id AS device__dev_id,device.iscabinet AS device__iscabinet,device.devtype_id AS device__devtype_id,device.price_id AS device__price_id,device.netpoint_id AS device__netpoint_id,device.department AS device__department,device.room AS device__room,device.bed AS device__bed,device.entity_id AS device__entity_id,device.admin_id AS device__admin_id,device.mac AS device__mac,device.blekey AS device__blekey,device.blepwd AS device__blepwd,device.mac2 AS device__mac2,device.blekey2 AS device__blekey2,device.blepwd2 AS device__blepwd2,device.createtime AS device__createtime,device.updatetime AS device__updatetime,device.status AS device__status FROM `fa_bedorder` `bedorder` LEFT JOIN `fa_netpoint` `netpoint` ON `bedorder`.`netpoint_id`=`netpoint`.`id` LEFT JOIN `fa_device` `device` ON `bedorder`.`dev_id`=`device`.`dev_id` WHERE  (  `bedorder`.`admin_id` IN (15,11) ) ORDER BY `bedorder`.`order_no` DESC LIMIT 0,10 [ RunTime:0.000798s ]
---------------------------------------------------------------
[ 2019-12-30T19:08:34+08:00 ] 112.38.63.249 GET /admin/order/bedorder/index?sort=order_no&order=desc&offset=0&limit=10&filter=%7B%7D&op=%7B%7D&_=1577704109350
[ sql ] [ DB ] CONNECT:[ UseTime:0.000633s ] mysql:host=127.0.0.1;dbname=share;charset=utf8
[ sql ] [ SQL ] SHOW COLUMNS FROM `fa_auth_group_access` [ RunTime:0.000612s ]
[ sql ] [ SQL ] SELECT `aga`.`uid`,`aga`.`group_id`,`ag`.`id`,`ag`.`pid`,`ag`.`name`,`ag`.`rules` FROM `fa_auth_group_access` `aga` LEFT JOIN `fa_auth_group` `ag` ON `aga`.`group_id`=`ag`.`id` WHERE  (  aga.uid='11' and ag.status='normal' ) [ RunTime:0.000377s ]
[ sql ] [ SQL ] SHOW COLUMNS FROM `fa_auth_rule` [ RunTime:0.000523s ]
[ sql ] [ SQL ] SELECT `id`,`pid`,`condition`,`icon`,`name`,`title`,`ismenu` FROM `fa_auth_rule` WHERE  `status` = 'normal'  AND `id` IN (2,7,9,11,23,24,25,26,27,28,40,41,42,43,47,48,49,50,92,93,94,95,96,97,98,99,100,101,102,103,104,105,106,107,108,109,110,111,112,113,114,115,117,118,119,120,121,122,123,124,125,126,127,128,129,130,132,133,134,135,136,137,138,139,140,141,142,143,150,151,152,153,154,155,156,157,159,160,167,168,175,176,177,178,194,5,131) [ RunTime:0.000843s ]
[ sql ] [ SQL ] SHOW COLUMNS FROM `fa_auth_group` [ RunTime:0.000538s ]
[ sql ] [ SQL ] SELECT * FROM `fa_auth_group` WHERE  `status` = 'normal' [ RunTime:0.000288s ]
[ sql ] [ SQL ] SELECT `uid`,`group_id` FROM `fa_auth_group_access` WHERE  `group_id` IN (24) [ RunTime:0.000258s ]
[ sql ] [ SQL ] SHOW COLUMNS FROM `fa_bedorder` [ RunTime:0.000542s ]
[ sql ] [ SQL ] SHOW COLUMNS FROM `fa_netpoint` [ RunTime:0.000472s ]
[ sql ] [ SQL ] SHOW COLUMNS FROM `fa_device` [ RunTime:0.000509s ]
[ sql ] [ SQL ] SELECT COUNT(*) AS tp_count FROM `fa_bedorder` `bedorder` LEFT JOIN `fa_netpoint` `netpoint` ON `bedorder`.`netpoint_id`=`netpoint`.`id` LEFT JOIN `fa_device` `device` ON `bedorder`.`dev_id`=`device`.`dev_id` WHERE  (  `bedorder`.`admin_id` IN (15,11) ) ORDER BY `bedorder`.`order_no` DESC LIMIT 1 [ RunTime:0.001214s ]
[ sql ] [ SQL ] SELECT `bedorder`.`order_no`,`bedorder`.`users_id`,`bedorder`.`phone`,`bedorder`.`dev_id`,`bedorder`.`admin_id`,`bedorder`.`entity_id`,`bedorder`.`netpoint_id`,`bedorder`.`pricetype`,`bedorder`.`price_id`,`bedorder`.`deposit`,`bedorder`.`lightnight`,`bedorder`.`canusestart`,`bedorder`.`canuseend`,`bedorder`.`hourprice`,`bedorder`.`lighttimesprice`,`bedorder`.`nighttimesprice`,`bedorder`.`dayprice`,`bedorder`.`days`,`bedorder`.`pricedata`,`bedorder`.`total`,`bedorder`.`save`,`bedorder`.`pay`,`bedorder`.`tran_id`,`bedorder`.`refund`,`bedorder`.`refundtime`,`bedorder`.`refundnote`,`bedorder`.`step`,`bedorder`.`status`,`bedorder`.`rtn_admin_id`,`bedorder`.`createtime`,`bedorder`.`endtime`,netpoint.id AS netpoint__id,netpoint.admin_id AS netpoint__admin_id,netpoint.name AS netpoint__name,netpoint.shortname AS netpoint__shortname,netpoint.netaddr AS netpoint__netaddr,netpoint.netlng AS netpoint__netlng,netpoint.netlat AS netpoint__netlat,netpoint.deposit AS netpoint__deposit,netpoint.level1 AS netpoint__level1,netpoint.level2 AS netpoint__level2,netpoint.level3 AS netpoint__level3,netpoint.level4 AS netpoint__level4,netpoint.percent1 AS netpoint__percent1,netpoint.percent2 AS netpoint__percent2,netpoint.percent3 AS netpoint__percent3,netpoint.percent4 AS netpoint__percent4,netpoint.mt_admin_id AS netpoint__mt_admin_id,netpoint.mall_admin_id AS netpoint__mall_admin_id,netpoint.status AS netpoint__status,device.id AS device__id,device.dev_id AS device__dev_id,device.iscabinet AS device__iscabinet,device.devtype_id AS device__devtype_id,device.price_id AS device__price_id,device.netpoint_id AS device__netpoint_id,device.department AS device__department,device.room AS device__room,device.bed AS device__bed,device.entity_id AS device__entity_id,device.admin_id AS device__admin_id,device.mac AS device__mac,device.blekey AS device__blekey,device.blepwd AS device__blepwd,device.mac2 AS device__mac2,device.blekey2 AS device__blekey2,device.blepwd2 AS device__blepwd2,device.createtime AS device__createtime,device.updatetime AS device__updatetime,device.status AS device__status FROM `fa_bedorder` `bedorder` LEFT JOIN `fa_netpoint` `netpoint` ON `bedorder`.`netpoint_id`=`netpoint`.`id` LEFT JOIN `fa_device` `device` ON `bedorder`.`dev_id`=`device`.`dev_id` WHERE  (  `bedorder`.`admin_id` IN (15,11) ) ORDER BY `bedorder`.`order_no` DESC LIMIT 0,10 [ RunTime:0.000774s ]
---------------------------------------------------------------
[ 2019-12-30T19:15:35+08:00 ] 117.132.194.99 POST /api/Bedorder/queryauth
[ info ] queryauth request: 
[ info ] {"mac":"CF212153B558"}
[ info ] queryauth response: 
[ info ] 1
---------------------------------------------------------------
[ 2019-12-30T19:15:39+08:00 ] 117.132.194.99 POST /api/Bedorder/queryauth
[ info ] queryauth request: 
[ info ] {"mac":"CF212153B558"}
[ info ] queryauth response: 
[ info ] 1
---------------------------------------------------------------
[ 2019-12-30T19:15:45+08:00 ] 117.132.194.99 POST /api/Bedorder/queryauth
[ info ] queryauth request: 
[ info ] {"mac":"CF212153B558"}
[ info ] queryauth response: 
[ info ] 1
---------------------------------------------------------------
[ 2019-12-30T19:15:57+08:00 ] 117.132.194.99 POST /api/Bedorder/queryauth
[ info ] queryauth request: 
[ info ] {"mac":"CF212153B558"}
[ info ] queryauth response: 
[ info ] 1
---------------------------------------------------------------
[ 2019-12-30T20:03:33+08:00 ] 117.132.198.185 POST /api/Bedorder/queryauth
[ info ] queryauth request: 
[ info ] {"mac":"DD282FAD9646"}
[ info ] queryauth response: 
[ info ] 1
---------------------------------------------------------------
[ 2019-12-30T20:31:01+08:00 ] 223.104.254.213 POST /api/Bedorder/queryauth
[ info ] queryauth request: 
[ info ] {"mac":"D7FCE3B06D76"}
[ info ] queryauth response: 
[ info ] 0
---------------------------------------------------------------
[ 2019-12-30T20:31:06+08:00 ] 223.104.254.213 POST /api/Bedorder/queryauth
[ info ] queryauth request: 
[ info ] {"mac":"D7FCE3B06D76"}
[ info ] queryauth response: 
[ info ] 1
