---------------------------------------------------------------
[ 2019-07-01T10:33:50+08:00 ] 117.132.194.137 POST /api/Bedorder/queryauth
[ info ] queryauth request: 
[ info ] {"mac":"FBEF5683DF46"}
[ info ] queryauth response: 
[ info ] 0
---------------------------------------------------------------
[ 2019-07-01T13:23:34+08:00 ] 117.132.198.173 POST /api/Bedorder/queryauth
[ info ] queryauth request: 
[ info ] {"mac":"CFF68135017E"}
[ info ] queryauth response: 
[ info ] 0
---------------------------------------------------------------
[ 2019-07-01T14:07:50+08:00 ] 221.178.126.234 POST /api/Bedorder/queryauth
[ info ] queryauth request: 
[ info ] {"mac":"C608778B3CC0"}
[ info ] queryauth response: 
[ info ] 1
---------------------------------------------------------------
[ 2019-07-01T17:18:27+08:00 ] 218.204.252.3 POST /api/Bedorder/queryauth
[ info ] queryauth request: 
[ info ] {"mac":"E951552B5D90"}
[ info ] queryauth response: 
[ info ] 1
