---------------------------------------------------------------
[ 2019-07-03T12:04:09+08:00 ] 117.132.196.252 POST /api/Bedorder/queryauth
[ info ] queryauth request: 
[ info ] {"mac":"C608778B3CC0"}
[ info ] queryauth response: 
[ info ] 1
---------------------------------------------------------------
[ 2019-07-03T14:32:12+08:00 ] 221.178.127.112 POST /api/Bedorder/queryauth
[ info ] queryauth request: 
[ info ] {"mac":"E5DC3E72D931"}
[ info ] queryauth response: 
[ info ] 0
---------------------------------------------------------------
[ 2019-07-03T19:42:09+08:00 ] 117.132.192.83 POST /api/Bedorder/queryauth
[ info ] queryauth request: 
[ info ] {"mac":"DD282FAD9646"}
[ info ] queryauth response: 
[ info ] 1
---------------------------------------------------------------
[ 2019-07-03T19:42:35+08:00 ] 117.132.192.83 POST /api/Bedorder/queryauth
[ info ] queryauth request: 
[ info ] {"mac":"DD282FAD9646"}
[ info ] queryauth response: 
[ info ] 1
