---------------------------------------------------------------
[ 2019-07-09T13:28:07+08:00 ] 221.178.127.112 POST /api/Bedorder/queryauth
[ info ] queryauth request: 
[ info ] {"mac":"E5DC3E72D931"}
[ info ] queryauth response: 
[ info ] 1
---------------------------------------------------------------
[ 2019-07-09T13:28:16+08:00 ] 221.178.127.112 POST /api/Bedorder/queryauth
[ info ] queryauth request: 
[ info ] {"mac":"E5DC3E72D931"}
[ info ] queryauth response: 
[ info ] 0
---------------------------------------------------------------
[ 2019-07-09T13:30:24+08:00 ] 221.178.126.245 POST /api/Bedorder/queryauth
[ info ] queryauth request: 
[ info ] {"mac":"E5DC3E72D931"}
[ info ] queryauth response: 
[ info ] 1
---------------------------------------------------------------
[ 2019-07-09T14:02:21+08:00 ] 117.132.192.51 POST /api/Bedorder/queryauth
[ info ] queryauth request: 
[ info ] {"mac":"DD282FAD9646"}
[ info ] queryauth response: 
[ info ] 1
---------------------------------------------------------------
[ 2019-07-09T14:02:27+08:00 ] 117.132.192.51 POST /api/Bedorder/queryauth
[ info ] queryauth request: 
[ info ] {"mac":"DD282FAD9646"}
[ info ] queryauth response: 
[ info ] 1
---------------------------------------------------------------
[ 2019-07-09T16:10:45+08:00 ] 117.132.192.51 POST /api/Bedorder/queryauth
[ info ] queryauth request: 
[ info ] {"mac":"DD282FAD9646"}
[ info ] queryauth response: 
[ info ] 1
---------------------------------------------------------------
[ 2019-07-09T16:53:31+08:00 ] 221.178.124.212 POST /api/Bedorder/queryauth
[ info ] queryauth request: 
[ info ] {"mac":"CEEA848F665E"}
[ info ] queryauth response: 
[ info ] 0
---------------------------------------------------------------
[ 2019-07-09T17:37:23+08:00 ] 117.132.192.51 POST /api/Bedorder/queryauth
[ info ] queryauth request: 
[ info ] {"mac":"DD282FAD9646"}
[ info ] queryauth response: 
[ info ] 1
