---------------------------------------------------------------
[ 2019-07-12T09:15:26+08:00 ] 117.132.192.141 POST /api/Bedorder/queryauth
[ info ] queryauth request: 
[ info ] {"mac":"CFF68135017E"}
[ info ] queryauth response: 
[ info ] 0
---------------------------------------------------------------
[ 2019-07-12T09:45:45+08:00 ] 223.104.254.55 POST /api/Bedorder/queryauth
[ info ] queryauth request: 
[ info ] {"mac":"D123433F49C3"}
[ info ] queryauth response: 
[ info ] 0
---------------------------------------------------------------
[ 2019-07-12T16:31:30+08:00 ] 117.132.196.252 POST /api/Bedorder/queryauth
[ info ] queryauth request: 
[ info ] {"mac":"C608778B3CC0"}
[ info ] queryauth response: 
[ info ] 1
---------------------------------------------------------------
[ 2019-07-12T17:52:01+08:00 ] 117.132.196.252 POST /api/Bedorder/queryauth
[ info ] queryauth request: 
[ info ] {"mac":"C608778B3CC0"}
[ info ] queryauth response: 
[ info ] 1
