---------------------------------------------------------------
[ 2019-07-24T16:37:09+08:00 ] 218.204.252.165 POST /api/Bedorder/queryauth
[ info ] queryauth request: 
[ info ] {"mac":"D6650F4F8FC7"}
[ info ] queryauth response: 
[ info ] 1
---------------------------------------------------------------
[ 2019-07-24T18:33:21+08:00 ] 221.178.127.72 POST /api/Bedorder/queryauth
[ info ] queryauth request: 
[ info ] {"mac":"C66BCBCB081A"}
[ info ] queryauth response: 
[ info ] 1
---------------------------------------------------------------
[ 2019-07-24T18:33:31+08:00 ] 221.178.127.72 POST /api/Bedorder/queryauth
[ info ] queryauth request: 
[ info ] {"mac":"C66BCBCB081A"}
[ info ] queryauth response: 
[ info ] 1
---------------------------------------------------------------
[ 2019-07-24T18:33:48+08:00 ] 221.178.127.72 POST /api/Bedorder/queryauth
[ info ] queryauth request: 
[ info ] {"mac":"C66BCBCB081A"}
[ info ] queryauth response: 
[ info ] 1
---------------------------------------------------------------
[ 2019-07-24T18:34:47+08:00 ] 221.178.127.72 POST /api/Bedorder/queryauth
[ info ] queryauth request: 
[ info ] {"mac":"C66BCBCB081A"}
[ info ] queryauth response: 
[ info ] 1
---------------------------------------------------------------
[ 2019-07-24T18:34:59+08:00 ] 221.178.127.72 POST /api/Bedorder/queryauth
[ info ] queryauth request: 
[ info ] {"mac":"C66BCBCB081A"}
[ info ] queryauth response: 
[ info ] 1
