---------------------------------------------------------------
[ 2019-10-13T08:27:47+08:00 ] 117.132.194.194 POST /api/Bedorder/queryauth
[ info ] queryauth request: 
[ info ] {"mac":"F35A21744C6D"}
[ info ] queryauth response: 
[ info ] 1
---------------------------------------------------------------
[ 2019-10-13T10:11:59+08:00 ] 223.104.254.69 POST /api/Bedorder/queryauth
[ info ] queryauth request: 
[ info ] {"mac":"E4F22359480B"}
[ info ] queryauth response: 
[ info ] 0
---------------------------------------------------------------
[ 2019-10-13T10:15:52+08:00 ] 117.132.195.42 POST /api/Bedorder/queryauth
[ info ] queryauth request: 
[ info ] {"mac":"EFC9B32B5086"}
[ info ] queryauth response: 
[ info ] 1
---------------------------------------------------------------
[ 2019-10-13T10:15:56+08:00 ] 117.132.195.42 POST /api/Bedorder/queryauth
[ info ] queryauth request: 
[ info ] {"mac":"EFC9B32B5086"}
[ info ] queryauth response: 
[ info ] 1
---------------------------------------------------------------
[ 2019-10-13T10:49:44+08:00 ] 117.132.195.42 POST /api/Bedorder/queryauth
[ info ] queryauth request: 
[ info ] {"mac":"EFC9B32B5086"}
[ info ] queryauth response: 
[ info ] 1
---------------------------------------------------------------
[ 2019-10-13T10:49:54+08:00 ] 117.132.195.42 POST /api/Bedorder/queryauth
[ info ] queryauth request: 
[ info ] {"mac":"EFC9B32B5086"}
[ info ] queryauth response: 
[ info ] 1
---------------------------------------------------------------
[ 2019-10-13T10:53:44+08:00 ] 117.132.195.42 POST /api/Bedorder/queryauth
[ info ] queryauth request: 
[ info ] {"mac":"EFC9B32B5086"}
[ info ] queryauth response: 
[ info ] 1
---------------------------------------------------------------
[ 2019-10-13T11:00:40+08:00 ] 218.204.253.158 POST /api/Bedorder/queryauth
[ info ] queryauth request: 
[ info ] {"mac":"F1BA3C0B6D40"}
[ info ] queryauth response: 
[ info ] 1
---------------------------------------------------------------
[ 2019-10-13T11:06:28+08:00 ] 223.104.95.34 GET /admin/order/bedorder?ref=addtabs
[ sql ] [ DB ] CONNECT:[ UseTime:0.000642s ] mysql:host=127.0.0.1;dbname=share;charset=utf8
[ sql ] [ SQL ] SHOW COLUMNS FROM `fa_auth_group_access` [ RunTime:0.000634s ]
[ sql ] [ SQL ] SELECT `aga`.`uid`,`aga`.`group_id`,`ag`.`id`,`ag`.`pid`,`ag`.`name`,`ag`.`rules` FROM `fa_auth_group_access` `aga` LEFT JOIN `fa_auth_group` `ag` ON `aga`.`group_id`=`ag`.`id` WHERE  (  aga.uid='2' and ag.status='normal' ) [ RunTime:0.000354s ]
[ sql ] [ SQL ] SHOW COLUMNS FROM `fa_auth_rule` [ RunTime:0.000485s ]
[ sql ] [ SQL ] SELECT `id`,`pid`,`condition`,`icon`,`name`,`title`,`ismenu` FROM `fa_auth_rule` WHERE  `status` = 'normal'  AND `id` IN (1,2,6,7,8,9,10,11,13,14,15,16,17,18,19,20,21,22,23,24,25,26,27,28,29,30,31,32,33,34,40,41,42,43,44,45,46,47,48,49,50,92,93,94,95,96,97,98,99,100,101,102,103,104,105,106,107,108,109,110,111,112,113,114,115,116,117,118,119,120,121,122,123,124,125,126,127,128,129,130,132,133,134,135,136,137,138,139,140,141,142,143,144,145,146,147,148,149,150,151,152,153,154,155,156,157,159,160,161,162,163,164,165,166,167,168,169,170,171,172,173,174,175,176,177,178,179,180,183,184,189,190,191,192,193,194,197,198,199,200,201,202,203,204,205,206,207,208,209,211,5,131,182,181,188) [ RunTime:0.001203s ]
---------------------------------------------------------------
[ 2019-10-13T11:06:29+08:00 ] 223.104.95.34 GET /admin/index/index
[ sql ] [ DB ] CONNECT:[ UseTime:0.000606s ] mysql:host=127.0.0.1;dbname=share;charset=utf8
[ sql ] [ SQL ] SHOW COLUMNS FROM `fa_auth_group_access` [ RunTime:0.000598s ]
[ sql ] [ SQL ] SELECT `aga`.`uid`,`aga`.`group_id`,`ag`.`id`,`ag`.`pid`,`ag`.`name`,`ag`.`rules` FROM `fa_auth_group_access` `aga` LEFT JOIN `fa_auth_group` `ag` ON `aga`.`group_id`=`ag`.`id` WHERE  (  aga.uid='2' and ag.status='normal' ) [ RunTime:0.000362s ]
[ sql ] [ SQL ] SHOW COLUMNS FROM `fa_auth_rule` [ RunTime:0.000476s ]
[ sql ] [ SQL ] SELECT `id`,`pid`,`condition`,`icon`,`name`,`title`,`ismenu` FROM `fa_auth_rule` WHERE  `status` = 'normal'  AND `id` IN (1,2,6,7,8,9,10,11,13,14,15,16,17,18,19,20,21,22,23,24,25,26,27,28,29,30,31,32,33,34,40,41,42,43,44,45,46,47,48,49,50,92,93,94,95,96,97,98,99,100,101,102,103,104,105,106,107,108,109,110,111,112,113,114,115,116,117,118,119,120,121,122,123,124,125,126,127,128,129,130,132,133,134,135,136,137,138,139,140,141,142,143,144,145,146,147,148,149,150,151,152,153,154,155,156,157,159,160,161,162,163,164,165,166,167,168,169,170,171,172,173,174,175,176,177,178,179,180,183,184,189,190,191,192,193,194,197,198,199,200,201,202,203,204,205,206,207,208,209,211,5,131,182,181,188) [ RunTime:0.001179s ]
---------------------------------------------------------------
[ 2019-10-13T11:06:29+08:00 ] 223.104.95.34 GET /admin/order/bedorder?ref=addtabs
[ sql ] [ DB ] CONNECT:[ UseTime:0.000627s ] mysql:host=127.0.0.1;dbname=share;charset=utf8
[ sql ] [ SQL ] SHOW COLUMNS FROM `fa_auth_group_access` [ RunTime:0.000652s ]
[ sql ] [ SQL ] SELECT `aga`.`uid`,`aga`.`group_id`,`ag`.`id`,`ag`.`pid`,`ag`.`name`,`ag`.`rules` FROM `fa_auth_group_access` `aga` LEFT JOIN `fa_auth_group` `ag` ON `aga`.`group_id`=`ag`.`id` WHERE  (  aga.uid='2' and ag.status='normal' ) [ RunTime:0.000363s ]
[ sql ] [ SQL ] SHOW COLUMNS FROM `fa_auth_rule` [ RunTime:0.000498s ]
[ sql ] [ SQL ] SELECT `id`,`pid`,`condition`,`icon`,`name`,`title`,`ismenu` FROM `fa_auth_rule` WHERE  `status` = 'normal'  AND `id` IN (1,2,6,7,8,9,10,11,13,14,15,16,17,18,19,20,21,22,23,24,25,26,27,28,29,30,31,32,33,34,40,41,42,43,44,45,46,47,48,49,50,92,93,94,95,96,97,98,99,100,101,102,103,104,105,106,107,108,109,110,111,112,113,114,115,116,117,118,119,120,121,122,123,124,125,126,127,128,129,130,132,133,134,135,136,137,138,139,140,141,142,143,144,145,146,147,148,149,150,151,152,153,154,155,156,157,159,160,161,162,163,164,165,166,167,168,169,170,171,172,173,174,175,176,177,178,179,180,183,184,189,190,191,192,193,194,197,198,199,200,201,202,203,204,205,206,207,208,209,211,5,131,182,181,188) [ RunTime:0.001203s ]
---------------------------------------------------------------
[ 2019-10-13T11:06:29+08:00 ] 223.104.95.34 GET /admin/order/bedorder?ref=addtabs
[ sql ] [ DB ] CONNECT:[ UseTime:0.000601s ] mysql:host=127.0.0.1;dbname=share;charset=utf8
[ sql ] [ SQL ] SHOW COLUMNS FROM `fa_auth_group_access` [ RunTime:0.000521s ]
[ sql ] [ SQL ] SELECT `aga`.`uid`,`aga`.`group_id`,`ag`.`id`,`ag`.`pid`,`ag`.`name`,`ag`.`rules` FROM `fa_auth_group_access` `aga` LEFT JOIN `fa_auth_group` `ag` ON `aga`.`group_id`=`ag`.`id` WHERE  (  aga.uid='2' and ag.status='normal' ) [ RunTime:0.000313s ]
[ sql ] [ SQL ] SHOW COLUMNS FROM `fa_auth_rule` [ RunTime:0.000485s ]
[ sql ] [ SQL ] SELECT `id`,`pid`,`condition`,`icon`,`name`,`title`,`ismenu` FROM `fa_auth_rule` WHERE  `status` = 'normal'  AND `id` IN (1,2,6,7,8,9,10,11,13,14,15,16,17,18,19,20,21,22,23,24,25,26,27,28,29,30,31,32,33,34,40,41,42,43,44,45,46,47,48,49,50,92,93,94,95,96,97,98,99,100,101,102,103,104,105,106,107,108,109,110,111,112,113,114,115,116,117,118,119,120,121,122,123,124,125,126,127,128,129,130,132,133,134,135,136,137,138,139,140,141,142,143,144,145,146,147,148,149,150,151,152,153,154,155,156,157,159,160,161,162,163,164,165,166,167,168,169,170,171,172,173,174,175,176,177,178,179,180,183,184,189,190,191,192,193,194,197,198,199,200,201,202,203,204,205,206,207,208,209,211,5,131,182,181,188) [ RunTime:0.001201s ]
---------------------------------------------------------------
[ 2019-10-13T11:06:29+08:00 ] 223.104.95.34 GET /admin/device/devtype?ref=addtabs
[ sql ] [ DB ] CONNECT:[ UseTime:0.000557s ] mysql:host=127.0.0.1;dbname=share;charset=utf8
[ sql ] [ SQL ] SHOW COLUMNS FROM `fa_auth_group_access` [ RunTime:0.000472s ]
[ sql ] [ SQL ] SELECT `aga`.`uid`,`aga`.`group_id`,`ag`.`id`,`ag`.`pid`,`ag`.`name`,`ag`.`rules` FROM `fa_auth_group_access` `aga` LEFT JOIN `fa_auth_group` `ag` ON `aga`.`group_id`=`ag`.`id` WHERE  (  aga.uid='2' and ag.status='normal' ) [ RunTime:0.000305s ]
[ sql ] [ SQL ] SHOW COLUMNS FROM `fa_auth_rule` [ RunTime:0.000456s ]
[ sql ] [ SQL ] SELECT `id`,`pid`,`condition`,`icon`,`name`,`title`,`ismenu` FROM `fa_auth_rule` WHERE  `status` = 'normal'  AND `id` IN (1,2,6,7,8,9,10,11,13,14,15,16,17,18,19,20,21,22,23,24,25,26,27,28,29,30,31,32,33,34,40,41,42,43,44,45,46,47,48,49,50,92,93,94,95,96,97,98,99,100,101,102,103,104,105,106,107,108,109,110,111,112,113,114,115,116,117,118,119,120,121,122,123,124,125,126,127,128,129,130,132,133,134,135,136,137,138,139,140,141,142,143,144,145,146,147,148,149,150,151,152,153,154,155,156,157,159,160,161,162,163,164,165,166,167,168,169,170,171,172,173,174,175,176,177,178,179,180,183,184,189,190,191,192,193,194,197,198,199,200,201,202,203,204,205,206,207,208,209,211,5,131,182,181,188) [ RunTime:0.001175s ]
---------------------------------------------------------------
[ 2019-10-13T11:06:30+08:00 ] 223.104.95.34 GET /admin/index/index
[ sql ] [ DB ] CONNECT:[ UseTime:0.000715s ] mysql:host=127.0.0.1;dbname=share;charset=utf8
[ sql ] [ SQL ] SHOW COLUMNS FROM `fa_auth_group_access` [ RunTime:0.000785s ]
[ sql ] [ SQL ] SELECT `aga`.`uid`,`aga`.`group_id`,`ag`.`id`,`ag`.`pid`,`ag`.`name`,`ag`.`rules` FROM `fa_auth_group_access` `aga` LEFT JOIN `fa_auth_group` `ag` ON `aga`.`group_id`=`ag`.`id` WHERE  (  aga.uid='2' and ag.status='normal' ) [ RunTime:0.000422s ]
[ sql ] [ SQL ] SHOW COLUMNS FROM `fa_auth_rule` [ RunTime:0.011475s ]
[ sql ] [ SQL ] SELECT `id`,`pid`,`condition`,`icon`,`name`,`title`,`ismenu` FROM `fa_auth_rule` WHERE  `status` = 'normal'  AND `id` IN (1,2,6,7,8,9,10,11,13,14,15,16,17,18,19,20,21,22,23,24,25,26,27,28,29,30,31,32,33,34,40,41,42,43,44,45,46,47,48,49,50,92,93,94,95,96,97,98,99,100,101,102,103,104,105,106,107,108,109,110,111,112,113,114,115,116,117,118,119,120,121,122,123,124,125,126,127,128,129,130,132,133,134,135,136,137,138,139,140,141,142,143,144,145,146,147,148,149,150,151,152,153,154,155,156,157,159,160,161,162,163,164,165,166,167,168,169,170,171,172,173,174,175,176,177,178,179,180,183,184,189,190,191,192,193,194,197,198,199,200,201,202,203,204,205,206,207,208,209,211,5,131,182,181,188) [ RunTime:0.001837s ]
---------------------------------------------------------------
[ 2019-10-13T11:06:30+08:00 ] 223.104.95.34 GET /admin/index/index
[ sql ] [ DB ] CONNECT:[ UseTime:0.000645s ] mysql:host=127.0.0.1;dbname=share;charset=utf8
[ sql ] [ SQL ] SHOW COLUMNS FROM `fa_auth_group_access` [ RunTime:0.000620s ]
[ sql ] [ SQL ] SELECT `aga`.`uid`,`aga`.`group_id`,`ag`.`id`,`ag`.`pid`,`ag`.`name`,`ag`.`rules` FROM `fa_auth_group_access` `aga` LEFT JOIN `fa_auth_group` `ag` ON `aga`.`group_id`=`ag`.`id` WHERE  (  aga.uid='2' and ag.status='normal' ) [ RunTime:0.000409s ]
[ sql ] [ SQL ] SHOW COLUMNS FROM `fa_auth_rule` [ RunTime:0.000497s ]
[ sql ] [ SQL ] SELECT `id`,`pid`,`condition`,`icon`,`name`,`title`,`ismenu` FROM `fa_auth_rule` WHERE  `status` = 'normal'  AND `id` IN (1,2,6,7,8,9,10,11,13,14,15,16,17,18,19,20,21,22,23,24,25,26,27,28,29,30,31,32,33,34,40,41,42,43,44,45,46,47,48,49,50,92,93,94,95,96,97,98,99,100,101,102,103,104,105,106,107,108,109,110,111,112,113,114,115,116,117,118,119,120,121,122,123,124,125,126,127,128,129,130,132,133,134,135,136,137,138,139,140,141,142,143,144,145,146,147,148,149,150,151,152,153,154,155,156,157,159,160,161,162,163,164,165,166,167,168,169,170,171,172,173,174,175,176,177,178,179,180,183,184,189,190,191,192,193,194,197,198,199,200,201,202,203,204,205,206,207,208,209,211,5,131,182,181,188) [ RunTime:0.001214s ]
---------------------------------------------------------------
[ 2019-10-13T11:06:31+08:00 ] 223.104.95.34 GET /admin/index/index
[ sql ] [ DB ] CONNECT:[ UseTime:0.000638s ] mysql:host=127.0.0.1;dbname=share;charset=utf8
[ sql ] [ SQL ] SHOW COLUMNS FROM `fa_auth_group_access` [ RunTime:0.000621s ]
[ sql ] [ SQL ] SELECT `aga`.`uid`,`aga`.`group_id`,`ag`.`id`,`ag`.`pid`,`ag`.`name`,`ag`.`rules` FROM `fa_auth_group_access` `aga` LEFT JOIN `fa_auth_group` `ag` ON `aga`.`group_id`=`ag`.`id` WHERE  (  aga.uid='2' and ag.status='normal' ) [ RunTime:0.000365s ]
[ sql ] [ SQL ] SHOW COLUMNS FROM `fa_auth_rule` [ RunTime:0.000525s ]
[ sql ] [ SQL ] SELECT `id`,`pid`,`condition`,`icon`,`name`,`title`,`ismenu` FROM `fa_auth_rule` WHERE  `status` = 'normal'  AND `id` IN (1,2,6,7,8,9,10,11,13,14,15,16,17,18,19,20,21,22,23,24,25,26,27,28,29,30,31,32,33,34,40,41,42,43,44,45,46,47,48,49,50,92,93,94,95,96,97,98,99,100,101,102,103,104,105,106,107,108,109,110,111,112,113,114,115,116,117,118,119,120,121,122,123,124,125,126,127,128,129,130,132,133,134,135,136,137,138,139,140,141,142,143,144,145,146,147,148,149,150,151,152,153,154,155,156,157,159,160,161,162,163,164,165,166,167,168,169,170,171,172,173,174,175,176,177,178,179,180,183,184,189,190,191,192,193,194,197,198,199,200,201,202,203,204,205,206,207,208,209,211,5,131,182,181,188) [ RunTime:0.001209s ]
---------------------------------------------------------------
[ 2019-10-13T11:45:22+08:00 ] 218.204.253.158 POST /api/Bedorder/queryauth
[ info ] queryauth request: 
[ info ] {"mac":"F1BA3C0B6D40"}
[ info ] queryauth response: 
[ info ] 1
---------------------------------------------------------------
[ 2019-10-13T11:45:27+08:00 ] 218.204.253.158 POST /api/Bedorder/queryauth
[ info ] queryauth request: 
[ info ] {"mac":"F1BA3C0B6D40"}
[ info ] queryauth response: 
[ info ] 1
---------------------------------------------------------------
[ 2019-10-13T11:45:46+08:00 ] 218.204.253.158 POST /api/Bedorder/queryauth
[ info ] queryauth request: 
[ info ] {"mac":"F1BA3C0B6D40"}
[ info ] queryauth response: 
[ info ] 1
---------------------------------------------------------------
[ 2019-10-13T11:45:50+08:00 ] 218.204.253.158 POST /api/Bedorder/queryauth
[ info ] queryauth request: 
[ info ] {"mac":"F1BA3C0B6D40"}
[ info ] queryauth response: 
[ info ] 1
---------------------------------------------------------------
[ 2019-10-13T11:54:03+08:00 ] 117.132.194.187 POST /api/Bedorder/queryauth
[ info ] queryauth request: 
[ info ] {"mac":"CA41B5A22D1A"}
[ info ] queryauth response: 
[ info ] 1
---------------------------------------------------------------
[ 2019-10-13T11:54:09+08:00 ] 117.132.194.187 POST /api/Bedorder/queryauth
[ info ] queryauth request: 
[ info ] {"mac":"CA41B5A22D1A"}
[ info ] queryauth response: 
[ info ] 1
---------------------------------------------------------------
[ 2019-10-13T11:58:44+08:00 ] 218.204.253.158 POST /api/Bedorder/queryauth
[ info ] queryauth request: 
[ info ] {"mac":"F1BA3C0B6D40"}
[ info ] queryauth response: 
[ info ] 1
---------------------------------------------------------------
[ 2019-10-13T11:58:49+08:00 ] 218.204.253.158 POST /api/Bedorder/queryauth
[ info ] queryauth request: 
[ info ] {"mac":"F1BA3C0B6D40"}
[ info ] queryauth response: 
[ info ] 1
---------------------------------------------------------------
[ 2019-10-13T11:58:53+08:00 ] 218.204.253.158 POST /api/Bedorder/queryauth
[ info ] queryauth request: 
[ info ] {"mac":"F1BA3C0B6D40"}
[ info ] queryauth response: 
[ info ] 1
---------------------------------------------------------------
[ 2019-10-13T11:59:03+08:00 ] 218.204.253.158 POST /api/Bedorder/queryauth
[ info ] queryauth request: 
[ info ] {"mac":"F1BA3C0B6D40"}
[ info ] queryauth response: 
[ info ] 1
---------------------------------------------------------------
[ 2019-10-13T11:59:09+08:00 ] 218.204.253.158 POST /api/Bedorder/queryauth
[ info ] queryauth request: 
[ info ] {"mac":"F1BA3C0B6D40"}
[ info ] queryauth response: 
[ info ] 1
---------------------------------------------------------------
[ 2019-10-13T11:59:15+08:00 ] 218.204.253.158 POST /api/Bedorder/queryauth
[ info ] queryauth request: 
[ info ] {"mac":"F1BA3C0B6D40"}
[ info ] queryauth response: 
[ info ] 1
---------------------------------------------------------------
[ 2019-10-13T11:59:29+08:00 ] 218.204.253.158 POST /api/Bedorder/queryauth
[ info ] queryauth request: 
[ info ] {"mac":"F1BA3C0B6D40"}
[ info ] queryauth response: 
[ info ] 1
---------------------------------------------------------------
[ 2019-10-13T11:59:34+08:00 ] 218.204.253.158 POST /api/Bedorder/queryauth
[ info ] queryauth request: 
[ info ] {"mac":"F1BA3C0B6D40"}
[ info ] queryauth response: 
[ info ] 1
---------------------------------------------------------------
[ 2019-10-13T11:59:40+08:00 ] 218.204.253.158 POST /api/Bedorder/queryauth
[ info ] queryauth request: 
[ info ] {"mac":"F1BA3C0B6D40"}
[ info ] queryauth response: 
[ info ] 1
---------------------------------------------------------------
[ 2019-10-13T13:03:00+08:00 ] 218.204.253.158 POST /api/Bedorder/queryauth
[ info ] queryauth request: 
[ info ] {"mac":"F1BA3C0B6D40"}
[ info ] queryauth response: 
[ info ] 1
---------------------------------------------------------------
[ 2019-10-13T13:03:07+08:00 ] 218.204.253.158 POST /api/Bedorder/queryauth
[ info ] queryauth request: 
[ info ] {"mac":"F1BA3C0B6D40"}
[ info ] queryauth response: 
[ info ] 1
---------------------------------------------------------------
[ 2019-10-13T13:15:30+08:00 ] 218.204.253.158 POST /api/Bedorder/queryauth
[ info ] queryauth request: 
[ info ] {"mac":"F1BA3C0B6D40"}
[ info ] queryauth response: 
[ info ] 1
---------------------------------------------------------------
[ 2019-10-13T13:38:30+08:00 ] 221.178.124.94 POST /api/Bedorder/queryauth
[ info ] queryauth request: 
[ info ] {"mac":"D68156CDD97D"}
[ info ] queryauth response: 
[ info ] 1
---------------------------------------------------------------
[ 2019-10-13T13:38:35+08:00 ] 221.178.124.94 POST /api/Bedorder/queryauth
[ info ] queryauth request: 
[ info ] {"mac":"D68156CDD97D"}
[ info ] queryauth response: 
[ info ] 1
---------------------------------------------------------------
[ 2019-10-13T13:38:50+08:00 ] 221.178.124.94 POST /api/Bedorder/queryauth
[ info ] queryauth request: 
[ info ] {"mac":"D68156CDD97D"}
[ info ] queryauth response: 
[ info ] 1
---------------------------------------------------------------
[ 2019-10-13T17:22:37+08:00 ] 223.104.254.170 POST /api/Bedorder/queryauth
[ info ] queryauth request: 
[ info ] {"mac":"D44A17249F0A"}
[ info ] queryauth response: 
[ info ] 1
---------------------------------------------------------------
[ 2019-10-13T19:45:35+08:00 ] 218.204.252.183 POST /api/Bedorder/queryauth
[ info ] queryauth request: 
[ info ] {"mac":"C85FD234721F"}
[ info ] queryauth response: 
[ info ] 1
---------------------------------------------------------------
[ 2019-10-13T19:46:17+08:00 ] 218.204.252.183 POST /api/Bedorder/queryauth
[ info ] queryauth request: 
[ info ] {"mac":"C85FD234721F"}
[ info ] queryauth response: 
[ info ] 1
---------------------------------------------------------------
[ 2019-10-13T20:29:40+08:00 ] 218.204.252.190 POST /api/Bedorder/queryauth
[ info ] queryauth request: 
[ info ] {"mac":"E8413CE9A071"}
[ info ] queryauth response: 
[ info ] 1
---------------------------------------------------------------
[ 2019-10-13T20:29:55+08:00 ] 218.204.252.190 POST /api/Bedorder/queryauth
[ info ] queryauth request: 
[ info ] {"mac":"E8413CE9A071"}
[ info ] queryauth response: 
[ info ] 1
---------------------------------------------------------------
[ 2019-10-13T21:52:15+08:00 ] 221.178.126.247 POST /api/Bedorder/queryauth
[ info ] queryauth request: 
[ info ] {"mac":"E4F22359480B"}
[ info ] queryauth response: 
[ info ] 0
---------------------------------------------------------------
[ 2019-10-13T21:52:20+08:00 ] 221.178.126.247 POST /api/Bedorder/queryauth
[ info ] queryauth request: 
[ info ] {"mac":"E4F22359480B"}
[ info ] queryauth response: 
[ info ] 1
---------------------------------------------------------------
[ 2019-10-13T21:57:58+08:00 ] 223.104.255.43 POST /api/Bedorder/queryauth
[ info ] queryauth request: 
[ info ] {"mac":"DBDA3C322C57"}
[ info ] queryauth response: 
[ info ] 1
---------------------------------------------------------------
[ 2019-10-13T22:05:43+08:00 ] 218.204.252.183 POST /api/Bedorder/queryauth
[ info ] queryauth request: 
[ info ] {"mac":"C85FD234721F"}
[ info ] queryauth response: 
[ info ] 1
---------------------------------------------------------------
[ 2019-10-13T22:05:56+08:00 ] 218.204.252.183 POST /api/Bedorder/queryauth
[ info ] queryauth request: 
[ info ] {"mac":"C85FD234721F"}
[ info ] queryauth response: 
[ info ] 0
---------------------------------------------------------------
[ 2019-10-13T22:05:59+08:00 ] 218.204.252.183 POST /api/Bedorder/queryauth
[ info ] queryauth request: 
[ info ] {"mac":"C85FD234721F"}
[ info ] queryauth response: 
[ info ] 1
---------------------------------------------------------------
[ 2019-10-13T22:06:22+08:00 ] 218.204.252.183 POST /api/Bedorder/queryauth
[ info ] queryauth request: 
[ info ] {"mac":"C85FD234721F"}
[ info ] queryauth response: 
[ info ] 0
---------------------------------------------------------------
[ 2019-10-13T22:06:33+08:00 ] 218.204.252.183 POST /api/Bedorder/queryauth
[ info ] queryauth request: 
[ info ] {"mac":"C85FD234721F"}
[ info ] queryauth response: 
[ info ] 1
