---------------------------------------------------------------
[ 2019-10-29T00:34:23+08:00 ] 117.132.196.195 POST /api/Bedorder/queryauth
[ info ] queryauth request: 
[ info ] {"mac":"F07CC6FB1416"}
[ info ] queryauth response: 
[ info ] 0
---------------------------------------------------------------
[ 2019-10-29T00:34:28+08:00 ] 117.132.196.195 POST /api/Bedorder/queryauth
[ info ] queryauth request: 
[ info ] {"mac":"F07CC6FB1416"}
[ info ] queryauth response: 
[ info ] 1
---------------------------------------------------------------
[ 2019-10-29T02:04:54+08:00 ] 117.132.198.193 POST /api/Bedorder/queryauth
[ info ] queryauth request: 
[ info ] {"mac":"E85D6E44927C"}
[ info ] queryauth response: 
[ info ] 1
---------------------------------------------------------------
[ 2019-10-29T08:12:02+08:00 ] 117.132.196.139 POST /api/Bedorder/queryauth
[ info ] queryauth request: 
[ info ] {"mac":"EE15AC7BAEDE"}
[ info ] queryauth response: 
[ info ] 1
---------------------------------------------------------------
[ 2019-10-29T08:39:38+08:00 ] 221.178.126.16 POST /api/Bedorder/queryauth
[ info ] queryauth request: 
[ info ] {"mac":"F5D1A6FF443C"}
[ info ] queryauth response: 
[ info ] 1
---------------------------------------------------------------
[ 2019-10-29T10:06:16+08:00 ] 223.104.255.146 POST /api/Bedorder/queryauth
[ info ] queryauth request: 
[ info ] {"mac":"C66BCBCB081A"}
[ info ] queryauth response: 
[ info ] 1
---------------------------------------------------------------
[ 2019-10-29T10:06:43+08:00 ] 223.104.255.146 POST /api/Bedorder/queryauth
[ info ] queryauth request: 
[ info ] {"mac":"C66BCBCB081A"}
[ info ] queryauth response: 
[ info ] 0
---------------------------------------------------------------
[ 2019-10-29T10:19:01+08:00 ] 117.132.196.101 POST /api/Bedorder/queryauth
[ info ] queryauth request: 
[ info ] {"mac":"C66BCBCB081A"}
[ info ] queryauth response: 
[ info ] 0
---------------------------------------------------------------
[ 2019-10-29T10:19:15+08:00 ] 117.132.196.101 POST /api/Bedorder/queryauth
[ info ] queryauth request: 
[ info ] {"mac":"C66BCBCB081A"}
[ info ] queryauth response: 
[ info ] 1
---------------------------------------------------------------
[ 2019-10-29T10:19:25+08:00 ] 117.132.196.101 POST /api/Bedorder/queryauth
[ info ] queryauth request: 
[ info ] {"mac":"C66BCBCB081A"}
[ info ] queryauth response: 
[ info ] 1
---------------------------------------------------------------
[ 2019-10-29T10:21:46+08:00 ] 117.132.196.101 POST /api/Bedorder/queryauth
[ info ] queryauth request: 
[ info ] {"mac":"C66BCBCB081A"}
[ info ] queryauth response: 
[ info ] 0
---------------------------------------------------------------
[ 2019-10-29T10:21:59+08:00 ] 117.132.196.101 POST /api/Bedorder/queryauth
[ info ] queryauth request: 
[ info ] {"mac":"C66BCBCB081A"}
[ info ] queryauth response: 
[ info ] 1
---------------------------------------------------------------
[ 2019-10-29T10:22:09+08:00 ] 117.132.196.101 POST /api/Bedorder/queryauth
[ info ] queryauth request: 
[ info ] {"mac":"C66BCBCB081A"}
[ info ] queryauth response: 
[ info ] 1
---------------------------------------------------------------
[ 2019-10-29T10:22:30+08:00 ] 117.132.196.101 POST /api/Bedorder/queryauth
[ info ] queryauth request: 
[ info ] {"mac":"C66BCBCB081A"}
[ info ] queryauth response: 
[ info ] 0
---------------------------------------------------------------
[ 2019-10-29T10:22:42+08:00 ] 117.132.196.101 POST /api/Bedorder/queryauth
[ info ] queryauth request: 
[ info ] {"mac":"C66BCBCB081A"}
[ info ] queryauth response: 
[ info ] 1
---------------------------------------------------------------
[ 2019-10-29T10:24:34+08:00 ] 223.104.255.128 POST /api/Bedorder/queryauth
[ info ] queryauth request: 
[ info ] {"mac":"C66BCBCB081A"}
[ info ] queryauth response: 
[ info ] 0
---------------------------------------------------------------
[ 2019-10-29T10:25:43+08:00 ] 223.104.254.201 POST /api/Bedorder/queryauth
[ info ] queryauth request: 
[ info ] {"mac":"C66BCBCB081A"}
[ info ] queryauth response: 
[ info ] 1
---------------------------------------------------------------
[ 2019-10-29T10:25:52+08:00 ] 223.104.254.201 POST /api/Bedorder/queryauth
[ info ] queryauth request: 
[ info ] {"mac":"C66BCBCB081A"}
[ info ] queryauth response: 
[ info ] 1
---------------------------------------------------------------
[ 2019-10-29T10:26:37+08:00 ] 223.104.254.201 POST /api/Bedorder/queryauth
[ info ] queryauth request: 
[ info ] {"mac":"C66BCBCB081A"}
[ info ] queryauth response: 
[ info ] 0
---------------------------------------------------------------
[ 2019-10-29T10:27:13+08:00 ] 117.132.198.237 POST /api/Bedorder/queryauth
[ info ] queryauth request: 
[ info ] {"mac":"C66BCBCB081A"}
[ info ] queryauth response: 
[ info ] 1
---------------------------------------------------------------
[ 2019-10-29T10:28:35+08:00 ] 117.132.198.237 POST /api/Bedorder/queryauth
[ info ] queryauth request: 
[ info ] {"mac":"C66BCBCB081A"}
[ info ] queryauth response: 
[ info ] 0
---------------------------------------------------------------
[ 2019-10-29T10:31:12+08:00 ] 117.132.198.237 POST /api/Bedorder/queryauth
[ info ] queryauth request: 
[ info ] {"mac":"C66BCBCB081A"}
[ info ] queryauth response: 
[ info ] 0
---------------------------------------------------------------
[ 2019-10-29T10:33:21+08:00 ] 223.104.254.9 POST /api/Bedorder/queryauth
[ info ] queryauth request: 
[ info ] {"mac":"C66BCBCB081A"}
[ info ] queryauth response: 
[ info ] 0
---------------------------------------------------------------
[ 2019-10-29T12:37:23+08:00 ] 221.178.124.37 POST /api/Bedorder/queryauth
[ info ] queryauth request: 
[ info ] {"mac":"EC675A47FFAA"}
[ info ] queryauth response: 
[ info ] 1
---------------------------------------------------------------
[ 2019-10-29T12:37:27+08:00 ] 221.178.124.37 POST /api/Bedorder/queryauth
[ info ] queryauth request: 
[ info ] {"mac":"EC675A47FFAA"}
[ info ] queryauth response: 
[ info ] 1
---------------------------------------------------------------
[ 2019-10-29T16:36:14+08:00 ] 117.132.194.244 POST /api/Bedorder/queryauth
[ info ] queryauth request: 
[ info ] {"mac":"C1AB67B02580"}
[ info ] queryauth response: 
[ info ] 1
---------------------------------------------------------------
[ 2019-10-29T16:36:19+08:00 ] 117.132.194.244 POST /api/Bedorder/queryauth
[ info ] queryauth request: 
[ info ] {"mac":"C1AB67B02580"}
[ info ] queryauth response: 
[ info ] 1
---------------------------------------------------------------
[ 2019-10-29T16:40:06+08:00 ] 117.132.194.244 POST /api/Bedorder/queryauth
[ info ] queryauth request: 
[ info ] {"mac":"C1AB67B02580"}
[ info ] queryauth response: 
[ info ] 1
---------------------------------------------------------------
[ 2019-10-29T16:40:13+08:00 ] 117.132.194.244 POST /api/Bedorder/queryauth
[ info ] queryauth request: 
[ info ] {"mac":"C1AB67B02580"}
[ info ] queryauth response: 
[ info ] 1
---------------------------------------------------------------
[ 2019-10-29T16:50:21+08:00 ] 117.132.194.244 POST /api/Bedorder/queryauth
[ info ] queryauth request: 
[ info ] {"mac":"C1AB67B02580"}
[ info ] queryauth response: 
[ info ] 1
---------------------------------------------------------------
[ 2019-10-29T16:50:25+08:00 ] 117.132.194.244 POST /api/Bedorder/queryauth
[ info ] queryauth request: 
[ info ] {"mac":"C1AB67B02580"}
[ info ] queryauth response: 
[ info ] 1
---------------------------------------------------------------
[ 2019-10-29T17:19:29+08:00 ] 117.132.192.207 POST /api/Bedorder/queryauth
[ info ] queryauth request: 
[ info ] {"mac":"DBDA3C322C57"}
[ info ] queryauth response: 
[ info ] 0
---------------------------------------------------------------
[ 2019-10-29T17:19:53+08:00 ] 117.132.192.207 POST /api/Bedorder/queryauth
[ info ] queryauth request: 
[ info ] {"mac":"DBDA3C322C57"}
[ info ] queryauth response: 
[ info ] 1
---------------------------------------------------------------
[ 2019-10-29T17:20:11+08:00 ] 117.132.192.207 POST /api/Bedorder/queryauth
[ info ] queryauth request: 
[ info ] {"mac":"DBDA3C322C57"}
[ info ] queryauth response: 
[ info ] 1
---------------------------------------------------------------
[ 2019-10-29T17:20:21+08:00 ] 117.132.192.207 POST /api/Bedorder/queryauth
[ info ] queryauth request: 
[ info ] {"mac":"DBDA3C322C57"}
[ info ] queryauth response: 
[ info ] 1
---------------------------------------------------------------
[ 2019-10-29T17:21:05+08:00 ] 117.132.192.207 POST /api/Bedorder/queryauth
[ info ] queryauth request: 
[ info ] {"mac":"DBDA3C322C57"}
[ info ] queryauth response: 
[ info ] 0
---------------------------------------------------------------
[ 2019-10-29T17:29:45+08:00 ] 117.132.192.162 POST /api/Bedorder/queryauth
[ info ] queryauth request: 
[ info ] {"mac":"EBEDA007282D"}
[ info ] queryauth response: 
[ info ] 1
---------------------------------------------------------------
[ 2019-10-29T18:01:56+08:00 ] 117.132.192.162 POST /api/Bedorder/queryauth
[ info ] queryauth request: 
[ info ] {"mac":"EBEDA007282D"}
[ info ] queryauth response: 
[ info ] 1
---------------------------------------------------------------
[ 2019-10-29T18:10:48+08:00 ] 221.178.124.37 POST /api/Bedorder/queryauth
[ info ] queryauth request: 
[ info ] {"mac":"EC675A47FFAA"}
[ info ] queryauth response: 
[ info ] 1
---------------------------------------------------------------
[ 2019-10-29T18:10:53+08:00 ] 221.178.124.37 POST /api/Bedorder/queryauth
[ info ] queryauth request: 
[ info ] {"mac":"EC675A47FFAA"}
[ info ] queryauth response: 
[ info ] 1
---------------------------------------------------------------
[ 2019-10-29T18:21:14+08:00 ] 221.178.127.81 POST /api/Bedorder/queryauth
[ info ] queryauth request: 
[ info ] {"mac":"F4A76F04FDAD"}
[ info ] queryauth response: 
[ info ] 1
---------------------------------------------------------------
[ 2019-10-29T18:21:18+08:00 ] 221.178.127.81 POST /api/Bedorder/queryauth
[ info ] queryauth request: 
[ info ] {"mac":"F4A76F04FDAD"}
[ info ] queryauth response: 
[ info ] 1
---------------------------------------------------------------
[ 2019-10-29T18:59:56+08:00 ] 117.132.192.162 POST /api/Bedorder/queryauth
[ info ] queryauth request: 
[ info ] {"mac":"EBEDA007282D"}
[ info ] queryauth response: 
[ info ] 1
---------------------------------------------------------------
[ 2019-10-29T19:00:00+08:00 ] 117.132.192.162 POST /api/Bedorder/queryauth
[ info ] queryauth request: 
[ info ] {"mac":"EBEDA007282D"}
[ info ] queryauth response: 
[ info ] 1
---------------------------------------------------------------
[ 2019-10-29T19:58:40+08:00 ] 223.104.254.175 POST /api/Bedorder/queryauth
[ info ] queryauth request: 
[ info ] {"mac":"CDE4E425F730"}
[ info ] queryauth response: 
[ info ] 1
---------------------------------------------------------------
[ 2019-10-29T19:59:27+08:00 ] 218.204.252.183 POST /api/Bedorder/queryauth
[ info ] queryauth request: 
[ info ] {"mac":"C85FD234721F"}
[ info ] queryauth response: 
[ info ] 1
---------------------------------------------------------------
[ 2019-10-29T19:59:31+08:00 ] 218.204.252.183 POST /api/Bedorder/queryauth
[ info ] queryauth request: 
[ info ] {"mac":"C85FD234721F"}
[ info ] queryauth response: 
[ info ] 1
---------------------------------------------------------------
[ 2019-10-29T19:59:41+08:00 ] 218.204.252.183 POST /api/Bedorder/queryauth
[ info ] queryauth request: 
[ info ] {"mac":"C85FD234721F"}
[ info ] queryauth response: 
[ info ] 1
---------------------------------------------------------------
[ 2019-10-29T19:59:47+08:00 ] 218.204.252.183 POST /api/Bedorder/queryauth
[ info ] queryauth request: 
[ info ] {"mac":"C85FD234721F"}
[ info ] queryauth response: 
[ info ] 1
---------------------------------------------------------------
[ 2019-10-29T19:59:53+08:00 ] 218.204.252.183 POST /api/Bedorder/queryauth
[ info ] queryauth request: 
[ info ] {"mac":"C85FD234721F"}
[ info ] queryauth response: 
[ info ] 1
---------------------------------------------------------------
[ 2019-10-29T19:59:56+08:00 ] 218.204.252.183 POST /api/Bedorder/queryauth
[ info ] queryauth request: 
[ info ] {"mac":"C85FD234721F"}
[ info ] queryauth response: 
[ info ] 1
---------------------------------------------------------------
[ 2019-10-29T20:00:00+08:00 ] 218.204.252.183 POST /api/Bedorder/queryauth
[ info ] queryauth request: 
[ info ] {"mac":"C85FD234721F"}
[ info ] queryauth response: 
[ info ] 1
---------------------------------------------------------------
[ 2019-10-29T20:00:05+08:00 ] 218.204.252.183 POST /api/Bedorder/queryauth
[ info ] queryauth request: 
[ info ] {"mac":"C85FD234721F"}
[ info ] queryauth response: 
[ info ] 1
---------------------------------------------------------------
[ 2019-10-29T20:00:13+08:00 ] 218.204.252.183 POST /api/Bedorder/queryauth
[ info ] queryauth request: 
[ info ] {"mac":"C85FD234721F"}
[ info ] queryauth response: 
[ info ] 1
---------------------------------------------------------------
[ 2019-10-29T20:06:19+08:00 ] 218.204.252.183 POST /api/Bedorder/queryauth
[ info ] queryauth request: 
[ info ] {"mac":"C85FD234721F"}
[ info ] queryauth response: 
[ info ] 1
---------------------------------------------------------------
[ 2019-10-29T20:06:22+08:00 ] 218.204.252.183 POST /api/Bedorder/queryauth
[ info ] queryauth request: 
[ info ] {"mac":"C85FD234721F"}
[ info ] queryauth response: 
[ info ] 1
---------------------------------------------------------------
[ 2019-10-29T20:06:40+08:00 ] 218.204.252.183 POST /api/Bedorder/queryauth
[ info ] queryauth request: 
[ info ] {"mac":"C85FD234721F"}
[ info ] queryauth response: 
[ info ] 1
---------------------------------------------------------------
[ 2019-10-29T20:06:58+08:00 ] 218.204.252.183 POST /api/Bedorder/queryauth
[ info ] queryauth request: 
[ info ] {"mac":"C85FD234721F"}
[ info ] queryauth response: 
[ info ] 1
---------------------------------------------------------------
[ 2019-10-29T20:07:09+08:00 ] 218.204.252.183 POST /api/Bedorder/queryauth
[ info ] queryauth request: 
[ info ] {"mac":"C85FD234721F"}
[ info ] queryauth response: 
[ info ] 1
---------------------------------------------------------------
[ 2019-10-29T20:07:14+08:00 ] 218.204.252.183 POST /api/Bedorder/queryauth
[ info ] queryauth request: 
[ info ] {"mac":"C85FD234721F"}
[ info ] queryauth response: 
[ info ] 1
---------------------------------------------------------------
[ 2019-10-29T20:07:29+08:00 ] 218.204.252.183 POST /api/Bedorder/queryauth
[ info ] queryauth request: 
[ info ] {"mac":"C85FD234721F"}
[ info ] queryauth response: 
[ info ] 1
---------------------------------------------------------------
[ 2019-10-29T20:07:42+08:00 ] 218.204.252.183 POST /api/Bedorder/queryauth
[ info ] queryauth request: 
[ info ] {"mac":"C85FD234721F"}
[ info ] queryauth response: 
[ info ] 1
---------------------------------------------------------------
[ 2019-10-29T20:07:54+08:00 ] 218.204.252.183 POST /api/Bedorder/queryauth
[ info ] queryauth request: 
[ info ] {"mac":"C85FD234721F"}
[ info ] queryauth response: 
[ info ] 1
---------------------------------------------------------------
[ 2019-10-29T20:08:00+08:00 ] 218.204.252.183 POST /api/Bedorder/queryauth
[ info ] queryauth request: 
[ info ] {"mac":"C85FD234721F"}
[ info ] queryauth response: 
[ info ] 1
---------------------------------------------------------------
[ 2019-10-29T20:08:26+08:00 ] 218.204.252.183 POST /api/Bedorder/queryauth
[ info ] queryauth request: 
[ info ] {"mac":"C85FD234721F"}
[ info ] queryauth response: 
[ info ] 1
---------------------------------------------------------------
[ 2019-10-29T20:08:32+08:00 ] 218.204.252.183 POST /api/Bedorder/queryauth
[ info ] queryauth request: 
[ info ] {"mac":"C85FD234721F"}
[ info ] queryauth response: 
[ info ] 1
---------------------------------------------------------------
[ 2019-10-29T20:08:42+08:00 ] 218.204.252.183 POST /api/Bedorder/queryauth
[ info ] queryauth request: 
[ info ] {"mac":"C85FD234721F"}
[ info ] queryauth response: 
[ info ] 1
---------------------------------------------------------------
[ 2019-10-29T20:08:49+08:00 ] 218.204.252.183 POST /api/Bedorder/queryauth
[ info ] queryauth request: 
[ info ] {"mac":"C85FD234721F"}
[ info ] queryauth response: 
[ info ] 1
---------------------------------------------------------------
[ 2019-10-29T20:09:38+08:00 ] 218.204.252.183 POST /api/Bedorder/queryauth
[ info ] queryauth request: 
[ info ] {"mac":"C85FD234721F"}
[ info ] queryauth response: 
[ info ] 1
---------------------------------------------------------------
[ 2019-10-29T20:09:43+08:00 ] 218.204.252.183 POST /api/Bedorder/queryauth
[ info ] queryauth request: 
[ info ] {"mac":"C85FD234721F"}
[ info ] queryauth response: 
[ info ] 1
---------------------------------------------------------------
[ 2019-10-29T20:09:48+08:00 ] 218.204.252.183 POST /api/Bedorder/queryauth
[ info ] queryauth request: 
[ info ] {"mac":"C85FD234721F"}
[ info ] queryauth response: 
[ info ] 1
---------------------------------------------------------------
[ 2019-10-29T20:09:57+08:00 ] 218.204.252.183 POST /api/Bedorder/queryauth
[ info ] queryauth request: 
[ info ] {"mac":"C85FD234721F"}
[ info ] queryauth response: 
[ info ] 1
---------------------------------------------------------------
[ 2019-10-29T20:09:59+08:00 ] 218.204.253.128 POST /api/Bedorder/queryauth
[ info ] queryauth request: 
[ info ] {"mac":"CA13EA817915"}
[ info ] queryauth response: 
[ info ] 1
---------------------------------------------------------------
[ 2019-10-29T20:10:29+08:00 ] 218.204.252.183 POST /api/Bedorder/queryauth
[ info ] queryauth request: 
[ info ] {"mac":"C85FD234721F"}
[ info ] queryauth response: 
[ info ] 1
---------------------------------------------------------------
[ 2019-10-29T20:10:39+08:00 ] 218.204.252.183 POST /api/Bedorder/queryauth
[ info ] queryauth request: 
[ info ] {"mac":"C85FD234721F"}
[ info ] queryauth response: 
[ info ] 1
---------------------------------------------------------------
[ 2019-10-29T20:10:44+08:00 ] 218.204.252.183 POST /api/Bedorder/queryauth
[ info ] queryauth request: 
[ info ] {"mac":"C85FD234721F"}
[ info ] queryauth response: 
[ info ] 1
---------------------------------------------------------------
[ 2019-10-29T21:01:48+08:00 ] 221.178.127.37 POST /api/Bedorder/queryauth
[ info ] queryauth request: 
[ info ] {"mac":"C3F67F4D5D5A"}
[ info ] queryauth response: 
[ info ] 1
