---------------------------------------------------------------
[ 2020-01-03T06:50:08+08:00 ] 117.132.194.167 POST /api/Bedorder/queryauth
[ info ] queryauth request: 
[ info ] {"mac":"D816B1C7F1EC"}
[ info ] queryauth response: 
[ info ] 1
---------------------------------------------------------------
[ 2020-01-03T06:54:20+08:00 ] 221.178.126.21 POST /api/Bedorder/queryauth
[ info ] queryauth request: 
[ info ] {"mac":"EFF89F9A7A4C"}
[ info ] queryauth response: 
[ info ] 1
---------------------------------------------------------------
[ 2020-01-03T06:56:01+08:00 ] 117.132.194.167 POST /api/Bedorder/queryauth
[ info ] queryauth request: 
[ info ] {"mac":"D816B1C7F1EC"}
[ info ] queryauth response: 
[ info ] 1
---------------------------------------------------------------
[ 2020-01-03T07:31:18+08:00 ] 39.144.17.218 POST /api/Bedorder/queryauth
[ info ] queryauth request: 
[ info ] {"mac":"F1D6480B828A"}
[ info ] queryauth response: 
[ info ] 1
---------------------------------------------------------------
[ 2020-01-03T07:53:07+08:00 ] 39.144.17.248 POST /api/Bedorder/queryauth
[ info ] queryauth request: 
[ info ] {"mac":"FCB92889C178"}
[ info ] queryauth response: 
[ info ] 1
---------------------------------------------------------------
[ 2020-01-03T07:53:19+08:00 ] 39.144.17.248 POST /api/Bedorder/queryauth
[ info ] queryauth request: 
[ info ] {"mac":"FCB92889C178"}
[ info ] queryauth response: 
[ info ] 1
---------------------------------------------------------------
[ 2020-01-03T07:53:23+08:00 ] 39.144.17.248 POST /api/Bedorder/queryauth
[ info ] queryauth request: 
[ info ] {"mac":"FCB92889C178"}
[ info ] queryauth response: 
[ info ] 1
---------------------------------------------------------------
[ 2020-01-03T07:53:59+08:00 ] 223.104.255.172 POST /api/Bedorder/queryauth
[ info ] queryauth request: 
[ info ] {"mac":"C5B6C441195D"}
[ info ] queryauth response: 
[ info ] 1
---------------------------------------------------------------
[ 2020-01-03T07:56:24+08:00 ] 221.178.125.202 POST /api/Bedorder/queryauth
[ info ] queryauth request: 
[ info ] {"mac":"FE67B8F40025"}
[ info ] queryauth response: 
[ info ] 1
---------------------------------------------------------------
[ 2020-01-03T07:56:27+08:00 ] 221.178.125.202 POST /api/Bedorder/queryauth
[ info ] queryauth request: 
[ info ] {"mac":"FE67B8F40025"}
[ info ] queryauth response: 
[ info ] 1
---------------------------------------------------------------
[ 2020-01-03T07:59:46+08:00 ] 223.104.255.172 POST /api/Bedorder/queryauth
[ info ] queryauth request: 
[ info ] {"mac":"C5B6C441195D"}
[ info ] queryauth response: 
[ info ] 1
---------------------------------------------------------------
[ 2020-01-03T08:01:22+08:00 ] 223.104.255.172 POST /api/Bedorder/queryauth
[ info ] queryauth request: 
[ info ] {"mac":"C5B6C441195D"}
[ info ] queryauth response: 
[ info ] 1
---------------------------------------------------------------
[ 2020-01-03T08:01:29+08:00 ] 223.104.255.172 POST /api/Bedorder/queryauth
[ info ] queryauth request: 
[ info ] {"mac":"C5B6C441195D"}
[ info ] queryauth response: 
[ info ] 1
---------------------------------------------------------------
[ 2020-01-03T08:04:00+08:00 ] 117.132.192.90 POST /api/Bedorder/queryauth
[ info ] queryauth request: 
[ info ] {"mac":"EFC3CA091D7F"}
[ info ] queryauth response: 
[ info ] 1
---------------------------------------------------------------
[ 2020-01-03T08:04:01+08:00 ] 223.104.255.172 POST /api/Bedorder/queryauth
[ info ] queryauth request: 
[ info ] {"mac":"C5B6C441195D"}
[ info ] queryauth response: 
[ info ] 1
---------------------------------------------------------------
[ 2020-01-03T08:04:05+08:00 ] 117.132.192.90 POST /api/Bedorder/queryauth
[ info ] queryauth request: 
[ info ] {"mac":"EFC3CA091D7F"}
[ info ] queryauth response: 
[ info ] 1
---------------------------------------------------------------
[ 2020-01-03T08:07:04+08:00 ] 117.132.196.49 POST /api/Bedorder/queryauth
[ info ] queryauth request: 
[ info ] {"mac":"DF89D66AF356"}
[ info ] queryauth response: 
[ info ] 1
---------------------------------------------------------------
[ 2020-01-03T08:08:08+08:00 ] 36.19.102.7 POST /admin/index/login?url=%2Fadmin%2Findex%2Findex
[ sql ] [ DB ] CONNECT:[ UseTime:0.000672s ] mysql:host=127.0.0.1;dbname=share;charset=utf8
[ sql ] [ SQL ] SHOW COLUMNS FROM `fa_admin` [ RunTime:0.000718s ]
[ sql ] [ SQL ] SELECT * FROM `fa_admin` WHERE  `username` = 'admin' LIMIT 1 [ RunTime:0.000377s ]
[ sql ] [ SQL ] UPDATE `fa_admin`  SET `logintime`=1578010088,`token`='91841626-c9f5-4a1f-98e3-7acafe682f99',`updatetime`=1578010088  WHERE  `id` = 2 [ RunTime:0.000378s ]
[ sql ] [ SQL ] SHOW COLUMNS FROM `fa_admin_log` [ RunTime:0.000514s ]
[ sql ] [ SQL ] INSERT INTO `fa_admin_log` (`title` , `content` , `url` , `admin_id` , `username` , `useragent` , `ip` , `createtime`) VALUES ('登录' , '{\"url\":\"\\/admin\\/index\\/index\",\"__token__\":\"3bf803bfd68d3b5858d57224cef65d95\",\"username\":\"admin\"}' , '/admin/index/login?url=%2Fadmin%2Findex%2Findex' , 2 , 'admin' , 'Mozilla/5.0 (iPhone; CPU iPhone OS 12_1_2 like Mac OS X) AppleWebKit/605.1.15 (KHTML, like Gecko) Version/12.0 Mobile/15E148 Safari/604.1' , '36.19.102.7' , 1578010088) [ RunTime:0.000268s ]
---------------------------------------------------------------
[ 2020-01-03T08:08:09+08:00 ] 36.19.102.7 GET /admin/index/index
[ sql ] [ DB ] CONNECT:[ UseTime:0.000785s ] mysql:host=127.0.0.1;dbname=share;charset=utf8
[ sql ] [ SQL ] SHOW COLUMNS FROM `fa_auth_group_access` [ RunTime:0.000811s ]
[ sql ] [ SQL ] SELECT `aga`.`uid`,`aga`.`group_id`,`ag`.`id`,`ag`.`pid`,`ag`.`name`,`ag`.`rules` FROM `fa_auth_group_access` `aga` LEFT JOIN `fa_auth_group` `ag` ON `aga`.`group_id`=`ag`.`id` WHERE  (  aga.uid='2' and ag.status='normal' ) [ RunTime:0.000432s ]
[ sql ] [ SQL ] SHOW COLUMNS FROM `fa_auth_rule` [ RunTime:0.000630s ]
[ sql ] [ SQL ] SELECT `id`,`pid`,`condition`,`icon`,`name`,`title`,`ismenu` FROM `fa_auth_rule` WHERE  `status` = 'normal'  AND `id` IN (1,2,6,7,8,9,10,11,13,14,15,16,17,18,19,20,21,22,23,24,25,26,27,28,29,30,31,32,33,34,40,41,42,43,44,45,46,47,48,49,50,92,93,94,95,96,97,98,99,100,101,102,103,104,105,106,107,108,109,110,111,112,113,114,115,116,117,118,119,120,121,122,123,124,125,126,127,128,129,130,132,133,134,135,136,137,138,139,140,141,142,143,144,145,146,147,148,149,150,151,152,153,154,155,156,157,159,160,161,162,163,164,165,166,167,168,169,170,171,172,173,174,175,176,177,178,179,180,183,184,189,190,191,192,193,194,197,198,199,200,201,202,203,204,205,206,207,208,209,211,5,131,182,181,188) [ RunTime:0.001886s ]
---------------------------------------------------------------
[ 2020-01-03T08:08:10+08:00 ] 36.19.102.7 GET /admin/dashboard/orderinfo
[ sql ] [ DB ] CONNECT:[ UseTime:0.014266s ] mysql:host=127.0.0.1;dbname=share;charset=utf8
[ sql ] [ SQL ] SHOW COLUMNS FROM `fa_auth_group_access` [ RunTime:0.001135s ]
[ sql ] [ SQL ] SELECT `aga`.`uid`,`aga`.`group_id`,`ag`.`id`,`ag`.`pid`,`ag`.`name`,`ag`.`rules` FROM `fa_auth_group_access` `aga` LEFT JOIN `fa_auth_group` `ag` ON `aga`.`group_id`=`ag`.`id` WHERE  (  aga.uid='2' and ag.status='normal' ) [ RunTime:0.000467s ]
[ sql ] [ SQL ] SHOW COLUMNS FROM `fa_auth_group` [ RunTime:0.000685s ]
[ sql ] [ SQL ] SELECT * FROM `fa_auth_group` WHERE  `status` = 'normal' [ RunTime:0.000410s ]
[ sql ] [ SQL ] SELECT `uid`,`group_id` FROM `fa_auth_group_access` WHERE  `group_id` IN (3,14,17,18,19,20,24,23,25,26) [ RunTime:0.000325s ]
[ sql ] [ SQL ] SELECT * FROM `fa_auth_group` WHERE  `status` = 'normal' [ RunTime:0.000276s ]
[ sql ] [ SQL ] SHOW COLUMNS FROM `fa_bedorder` [ RunTime:0.000540s ]
[ sql ] [ SQL ] SELECT (total-refund) as amount FROM `fa_bedorder` WHERE  `admin_id` IN (7,10,11,15,16,17,2)  AND `status` >= -1 [ RunTime:0.001604s ]
---------------------------------------------------------------
[ 2020-01-03T08:08:10+08:00 ] 36.19.102.7 GET /admin/dashboard/usercount
[ sql ] [ DB ] CONNECT:[ UseTime:0.000581s ] mysql:host=127.0.0.1;dbname=share;charset=utf8
[ sql ] [ SQL ] SHOW COLUMNS FROM `fa_auth_group_access` [ RunTime:0.000462s ]
[ sql ] [ SQL ] SELECT `aga`.`uid`,`aga`.`group_id`,`ag`.`id`,`ag`.`pid`,`ag`.`name`,`ag`.`rules` FROM `fa_auth_group_access` `aga` LEFT JOIN `fa_auth_group` `ag` ON `aga`.`group_id`=`ag`.`id` WHERE  (  aga.uid='2' and ag.status='normal' ) [ RunTime:0.000310s ]
[ sql ] [ SQL ] SHOW COLUMNS FROM `fa_auth_group` [ RunTime:0.000481s ]
[ sql ] [ SQL ] SELECT * FROM `fa_auth_group` WHERE  `status` = 'normal' [ RunTime:0.000295s ]
[ sql ] [ SQL ] SELECT `uid`,`group_id` FROM `fa_auth_group_access` WHERE  `group_id` IN (3,14,17,18,19,20,24,23,25,26) [ RunTime:0.000306s ]
[ sql ] [ SQL ] SELECT * FROM `fa_auth_group` WHERE  `status` = 'normal' [ RunTime:0.000279s ]
[ sql ] [ SQL ] SHOW COLUMNS FROM `fa_users` [ RunTime:0.000522s ]
[ sql ] [ SQL ] SELECT COUNT(*) AS tp_count FROM `fa_users` LIMIT 1 [ RunTime:0.000353s ]
---------------------------------------------------------------
[ 2020-01-03T08:08:10+08:00 ] 36.19.102.7 GET /admin/dashboard/devcount
[ sql ] [ DB ] CONNECT:[ UseTime:0.000545s ] mysql:host=127.0.0.1;dbname=share;charset=utf8
[ sql ] [ SQL ] SHOW COLUMNS FROM `fa_auth_group_access` [ RunTime:0.000456s ]
[ sql ] [ SQL ] SELECT `aga`.`uid`,`aga`.`group_id`,`ag`.`id`,`ag`.`pid`,`ag`.`name`,`ag`.`rules` FROM `fa_auth_group_access` `aga` LEFT JOIN `fa_auth_group` `ag` ON `aga`.`group_id`=`ag`.`id` WHERE  (  aga.uid='2' and ag.status='normal' ) [ RunTime:0.000285s ]
[ sql ] [ SQL ] SHOW COLUMNS FROM `fa_auth_group` [ RunTime:0.000488s ]
[ sql ] [ SQL ] SELECT * FROM `fa_auth_group` WHERE  `status` = 'normal' [ RunTime:0.000299s ]
[ sql ] [ SQL ] SELECT `uid`,`group_id` FROM `fa_auth_group_access` WHERE  `group_id` IN (3,14,17,18,19,20,24,23,25,26) [ RunTime:0.000308s ]
[ sql ] [ SQL ] SELECT * FROM `fa_auth_group` WHERE  `status` = 'normal' [ RunTime:0.000276s ]
[ sql ] [ SQL ] SHOW COLUMNS FROM `fa_device` [ RunTime:0.000486s ]
[ sql ] [ SQL ] SELECT COUNT(*) AS tp_count FROM `fa_device` WHERE  `admin_id` IN (7,10,11,15,16,17,2) LIMIT 1 [ RunTime:0.000363s ]
---------------------------------------------------------------
[ 2020-01-03T08:08:10+08:00 ] 36.19.102.7 GET /admin/dashboard?addtabs=1
[ sql ] [ DB ] CONNECT:[ UseTime:0.000534s ] mysql:host=127.0.0.1;dbname=share;charset=utf8
[ sql ] [ SQL ] SHOW COLUMNS FROM `fa_auth_group_access` [ RunTime:0.000443s ]
[ sql ] [ SQL ] SELECT `aga`.`uid`,`aga`.`group_id`,`ag`.`id`,`ag`.`pid`,`ag`.`name`,`ag`.`rules` FROM `fa_auth_group_access` `aga` LEFT JOIN `fa_auth_group` `ag` ON `aga`.`group_id`=`ag`.`id` WHERE  (  aga.uid='2' and ag.status='normal' ) [ RunTime:0.000297s ]
[ sql ] [ SQL ] SHOW COLUMNS FROM `fa_auth_group` [ RunTime:0.000487s ]
[ sql ] [ SQL ] SELECT * FROM `fa_auth_group` WHERE  `status` = 'normal' [ RunTime:0.000292s ]
[ sql ] [ SQL ] SELECT `uid`,`group_id` FROM `fa_auth_group_access` WHERE  `group_id` IN (3,14,17,18,19,20,24,23,25,26) [ RunTime:0.000310s ]
[ sql ] [ SQL ] SELECT * FROM `fa_auth_group` WHERE  `status` = 'normal' [ RunTime:0.000283s ]
[ sql ] [ SQL ] SHOW COLUMNS FROM `fa_users` [ RunTime:0.000498s ]
[ sql ] [ SQL ] SELECT * FROM `fa_users` WHERE  ( `createtime` >= 1576252800 AND `createtime` < 1578067200 ) [ RunTime:0.000907s ]
[ sql ] [ SQL ] SHOW COLUMNS FROM `fa_bedorder` [ RunTime:0.000584s ]
[ sql ] [ SQL ] SELECT * FROM `fa_bedorder` WHERE  `status` >= -1  AND ( `createtime` >= 1576252800 AND `createtime` < 1578067200 ) [ RunTime:0.002486s ]
[ sql ] [ SQL ] SHOW COLUMNS FROM `fa_auth_rule` [ RunTime:0.000587s ]
[ sql ] [ SQL ] SELECT `title`,`remark` FROM `fa_auth_rule` WHERE  `name` = 'dashboard' LIMIT 1 [ RunTime:0.000224s ]
---------------------------------------------------------------
[ 2020-01-03T08:08:10+08:00 ] 36.19.102.7 GET /admin/dashboard/todayregister
[ sql ] [ DB ] CONNECT:[ UseTime:0.000738s ] mysql:host=127.0.0.1;dbname=share;charset=utf8
[ sql ] [ SQL ] SHOW COLUMNS FROM `fa_auth_group_access` [ RunTime:0.000794s ]
[ sql ] [ SQL ] SELECT `aga`.`uid`,`aga`.`group_id`,`ag`.`id`,`ag`.`pid`,`ag`.`name`,`ag`.`rules` FROM `fa_auth_group_access` `aga` LEFT JOIN `fa_auth_group` `ag` ON `aga`.`group_id`=`ag`.`id` WHERE  (  aga.uid='2' and ag.status='normal' ) [ RunTime:0.000428s ]
[ sql ] [ SQL ] SHOW COLUMNS FROM `fa_auth_group` [ RunTime:0.000622s ]
[ sql ] [ SQL ] SELECT * FROM `fa_auth_group` WHERE  `status` = 'normal' [ RunTime:0.000359s ]
[ sql ] [ SQL ] SELECT `uid`,`group_id` FROM `fa_auth_group_access` WHERE  `group_id` IN (3,14,17,18,19,20,24,23,25,26) [ RunTime:0.000379s ]
[ sql ] [ SQL ] SELECT * FROM `fa_auth_group` WHERE  `status` = 'normal' [ RunTime:0.000347s ]
[ sql ] [ SQL ] SHOW COLUMNS FROM `fa_users` [ RunTime:0.000505s ]
[ sql ] [ SQL ] SELECT COUNT(*) AS tp_count FROM `fa_users` WHERE  ( `createtime` >= 1577980800 AND `createtime` < 1578067200 ) LIMIT 1 [ RunTime:0.000442s ]
---------------------------------------------------------------
[ 2020-01-03T08:08:10+08:00 ] 36.19.102.7 GET /admin/dashboard/todaylogin
[ sql ] [ DB ] CONNECT:[ UseTime:0.000586s ] mysql:host=127.0.0.1;dbname=share;charset=utf8
[ sql ] [ SQL ] SHOW COLUMNS FROM `fa_auth_group_access` [ RunTime:0.000472s ]
[ sql ] [ SQL ] SELECT `aga`.`uid`,`aga`.`group_id`,`ag`.`id`,`ag`.`pid`,`ag`.`name`,`ag`.`rules` FROM `fa_auth_group_access` `aga` LEFT JOIN `fa_auth_group` `ag` ON `aga`.`group_id`=`ag`.`id` WHERE  (  aga.uid='2' and ag.status='normal' ) [ RunTime:0.000288s ]
[ sql ] [ SQL ] SHOW COLUMNS FROM `fa_auth_group` [ RunTime:0.000490s ]
[ sql ] [ SQL ] SELECT * FROM `fa_auth_group` WHERE  `status` = 'normal' [ RunTime:0.000294s ]
[ sql ] [ SQL ] SELECT `uid`,`group_id` FROM `fa_auth_group_access` WHERE  `group_id` IN (3,14,17,18,19,20,24,23,25,26) [ RunTime:0.000324s ]
[ sql ] [ SQL ] SELECT * FROM `fa_auth_group` WHERE  `status` = 'normal' [ RunTime:0.000291s ]
[ sql ] [ SQL ] SHOW COLUMNS FROM `fa_oauth` [ RunTime:0.000452s ]
[ sql ] [ SQL ] SELECT COUNT(*) AS tp_count FROM `fa_oauth` WHERE  ( `createtime` >= 1577980800 AND `createtime` < 1578067200 ) LIMIT 1 [ RunTime:0.001699s ]
---------------------------------------------------------------
[ 2020-01-03T08:08:10+08:00 ] 36.19.102.7 GET /admin/dashboard/todayorder
[ sql ] [ DB ] CONNECT:[ UseTime:0.000535s ] mysql:host=127.0.0.1;dbname=share;charset=utf8
[ sql ] [ SQL ] SHOW COLUMNS FROM `fa_auth_group_access` [ RunTime:0.000471s ]
[ sql ] [ SQL ] SELECT `aga`.`uid`,`aga`.`group_id`,`ag`.`id`,`ag`.`pid`,`ag`.`name`,`ag`.`rules` FROM `fa_auth_group_access` `aga` LEFT JOIN `fa_auth_group` `ag` ON `aga`.`group_id`=`ag`.`id` WHERE  (  aga.uid='2' and ag.status='normal' ) [ RunTime:0.000294s ]
[ sql ] [ SQL ] SHOW COLUMNS FROM `fa_auth_group` [ RunTime:0.000467s ]
[ sql ] [ SQL ] SELECT * FROM `fa_auth_group` WHERE  `status` = 'normal' [ RunTime:0.000297s ]
[ sql ] [ SQL ] SELECT `uid`,`group_id` FROM `fa_auth_group_access` WHERE  `group_id` IN (3,14,17,18,19,20,24,23,25,26) [ RunTime:0.000295s ]
[ sql ] [ SQL ] SELECT * FROM `fa_auth_group` WHERE  `status` = 'normal' [ RunTime:0.000278s ]
[ sql ] [ SQL ] SHOW COLUMNS FROM `fa_bedorder` [ RunTime:0.000531s ]
[ sql ] [ SQL ] SELECT COUNT(*) AS tp_count FROM `fa_bedorder` WHERE  `status` >= -1  AND ( `createtime` >= 1577980800 AND `createtime` < 1578067200 ) LIMIT 1 [ RunTime:0.001517s ]
---------------------------------------------------------------
[ 2020-01-03T08:08:10+08:00 ] 36.19.102.7 GET /admin/dashboard/unsettleorder
[ sql ] [ DB ] CONNECT:[ UseTime:0.000554s ] mysql:host=127.0.0.1;dbname=share;charset=utf8
[ sql ] [ SQL ] SHOW COLUMNS FROM `fa_auth_group_access` [ RunTime:0.000508s ]
[ sql ] [ SQL ] SELECT `aga`.`uid`,`aga`.`group_id`,`ag`.`id`,`ag`.`pid`,`ag`.`name`,`ag`.`rules` FROM `fa_auth_group_access` `aga` LEFT JOIN `fa_auth_group` `ag` ON `aga`.`group_id`=`ag`.`id` WHERE  (  aga.uid='2' and ag.status='normal' ) [ RunTime:0.000324s ]
[ sql ] [ SQL ] SHOW COLUMNS FROM `fa_auth_group` [ RunTime:0.000532s ]
[ sql ] [ SQL ] SELECT * FROM `fa_auth_group` WHERE  `status` = 'normal' [ RunTime:0.000287s ]
[ sql ] [ SQL ] SELECT `uid`,`group_id` FROM `fa_auth_group_access` WHERE  `group_id` IN (3,14,17,18,19,20,24,23,25,26) [ RunTime:0.000311s ]
[ sql ] [ SQL ] SELECT * FROM `fa_auth_group` WHERE  `status` = 'normal' [ RunTime:0.000295s ]
[ sql ] [ SQL ] SHOW COLUMNS FROM `fa_bedorder` [ RunTime:0.000512s ]
[ sql ] [ SQL ] SELECT COUNT(*) AS tp_count FROM `fa_bedorder` WHERE  `status` >= -1  AND `step` < 9000 LIMIT 1 [ RunTime:0.000956s ]
---------------------------------------------------------------
[ 2020-01-03T08:08:10+08:00 ] 36.19.102.7 GET /admin/dashboard/sevendnudau
[ sql ] [ DB ] CONNECT:[ UseTime:0.000579s ] mysql:host=127.0.0.1;dbname=share;charset=utf8
[ sql ] [ SQL ] SHOW COLUMNS FROM `fa_auth_group_access` [ RunTime:0.000538s ]
[ sql ] [ SQL ] SELECT `aga`.`uid`,`aga`.`group_id`,`ag`.`id`,`ag`.`pid`,`ag`.`name`,`ag`.`rules` FROM `fa_auth_group_access` `aga` LEFT JOIN `fa_auth_group` `ag` ON `aga`.`group_id`=`ag`.`id` WHERE  (  aga.uid='2' and ag.status='normal' ) [ RunTime:0.000359s ]
[ sql ] [ SQL ] SHOW COLUMNS FROM `fa_auth_group` [ RunTime:0.000501s ]
[ sql ] [ SQL ] SELECT * FROM `fa_auth_group` WHERE  `status` = 'normal' [ RunTime:0.000329s ]
[ sql ] [ SQL ] SELECT `uid`,`group_id` FROM `fa_auth_group_access` WHERE  `group_id` IN (3,14,17,18,19,20,24,23,25,26) [ RunTime:0.000328s ]
[ sql ] [ SQL ] SELECT * FROM `fa_auth_group` WHERE  `status` = 'normal' [ RunTime:0.000283s ]
[ sql ] [ SQL ] SHOW COLUMNS FROM `fa_users` [ RunTime:0.000528s ]
[ sql ] [ SQL ] SELECT COUNT(*) AS tp_count FROM `fa_users` WHERE  ( `createtime` >= 1577376000 AND `createtime` < 1578067200 ) LIMIT 1 [ RunTime:0.000417s ]
[ sql ] [ SQL ] SHOW COLUMNS FROM `fa_oauth` [ RunTime:0.000428s ]
[ sql ] [ SQL ] SELECT COUNT(*) AS tp_count FROM ( SELECT count(*) FROM `fa_oauth` WHERE  ( `createtime` >= 1577376000 AND `createtime` < 1578067200 ) GROUP BY `id` ) `_group_count_` LIMIT 1 [ RunTime:0.002071s ]
[ sql ] [ SQL ] SELECT COUNT(*) AS tp_count FROM `fa_users` LIMIT 1 [ RunTime:0.000358s ]
---------------------------------------------------------------
[ 2020-01-03T08:08:38+08:00 ] 36.19.102.7 GET /admin/order/bedorder?addtabs=1
[ sql ] [ DB ] CONNECT:[ UseTime:0.000739s ] mysql:host=127.0.0.1;dbname=share;charset=utf8
[ sql ] [ SQL ] SHOW COLUMNS FROM `fa_auth_group_access` [ RunTime:0.000837s ]
[ sql ] [ SQL ] SELECT `aga`.`uid`,`aga`.`group_id`,`ag`.`id`,`ag`.`pid`,`ag`.`name`,`ag`.`rules` FROM `fa_auth_group_access` `aga` LEFT JOIN `fa_auth_group` `ag` ON `aga`.`group_id`=`ag`.`id` WHERE  (  aga.uid='2' and ag.status='normal' ) [ RunTime:0.000453s ]
[ sql ] [ SQL ] SHOW COLUMNS FROM `fa_auth_rule` [ RunTime:0.000663s ]
[ sql ] [ SQL ] SELECT `id`,`pid`,`condition`,`icon`,`name`,`title`,`ismenu` FROM `fa_auth_rule` WHERE  `status` = 'normal'  AND `id` IN (1,2,6,7,8,9,10,11,13,14,15,16,17,18,19,20,21,22,23,24,25,26,27,28,29,30,31,32,33,34,40,41,42,43,44,45,46,47,48,49,50,92,93,94,95,96,97,98,99,100,101,102,103,104,105,106,107,108,109,110,111,112,113,114,115,116,117,118,119,120,121,122,123,124,125,126,127,128,129,130,132,133,134,135,136,137,138,139,140,141,142,143,144,145,146,147,148,149,150,151,152,153,154,155,156,157,159,160,161,162,163,164,165,166,167,168,169,170,171,172,173,174,175,176,177,178,179,180,183,184,189,190,191,192,193,194,197,198,199,200,201,202,203,204,205,206,207,208,209,211,5,131,182,181,188) [ RunTime:0.001812s ]
[ sql ] [ SQL ] SELECT `title`,`remark` FROM `fa_auth_rule` WHERE  `name` = 'order/bedorder' LIMIT 1 [ RunTime:0.000398s ]
---------------------------------------------------------------
[ 2020-01-03T08:08:38+08:00 ] 36.19.102.7 GET /admin/order/bedorder/index?sort=order_no&order=desc&offset=0&limit=10&filter=%7B%7D&op=%7B%7D&_=1578010118207
[ sql ] [ DB ] CONNECT:[ UseTime:0.000624s ] mysql:host=127.0.0.1;dbname=share;charset=utf8
[ sql ] [ SQL ] SHOW COLUMNS FROM `fa_auth_group_access` [ RunTime:0.000631s ]
[ sql ] [ SQL ] SELECT `aga`.`uid`,`aga`.`group_id`,`ag`.`id`,`ag`.`pid`,`ag`.`name`,`ag`.`rules` FROM `fa_auth_group_access` `aga` LEFT JOIN `fa_auth_group` `ag` ON `aga`.`group_id`=`ag`.`id` WHERE  (  aga.uid='2' and ag.status='normal' ) [ RunTime:0.000370s ]
[ sql ] [ SQL ] SHOW COLUMNS FROM `fa_auth_rule` [ RunTime:0.000496s ]
[ sql ] [ SQL ] SELECT `id`,`pid`,`condition`,`icon`,`name`,`title`,`ismenu` FROM `fa_auth_rule` WHERE  `status` = 'normal'  AND `id` IN (1,2,6,7,8,9,10,11,13,14,15,16,17,18,19,20,21,22,23,24,25,26,27,28,29,30,31,32,33,34,40,41,42,43,44,45,46,47,48,49,50,92,93,94,95,96,97,98,99,100,101,102,103,104,105,106,107,108,109,110,111,112,113,114,115,116,117,118,119,120,121,122,123,124,125,126,127,128,129,130,132,133,134,135,136,137,138,139,140,141,142,143,144,145,146,147,148,149,150,151,152,153,154,155,156,157,159,160,161,162,163,164,165,166,167,168,169,170,171,172,173,174,175,176,177,178,179,180,183,184,189,190,191,192,193,194,197,198,199,200,201,202,203,204,205,206,207,208,209,211,5,131,182,181,188) [ RunTime:0.001219s ]
[ sql ] [ SQL ] SHOW COLUMNS FROM `fa_auth_group` [ RunTime:0.000569s ]
[ sql ] [ SQL ] SELECT * FROM `fa_auth_group` WHERE  `status` = 'normal' [ RunTime:0.000297s ]
[ sql ] [ SQL ] SELECT `uid`,`group_id` FROM `fa_auth_group_access` WHERE  `group_id` IN (3,14,17,18,19,20,24,23,25,26) [ RunTime:0.000309s ]
[ sql ] [ SQL ] SHOW COLUMNS FROM `fa_bedorder` [ RunTime:0.000529s ]
[ sql ] [ SQL ] SHOW COLUMNS FROM `fa_netpoint` [ RunTime:0.000460s ]
[ sql ] [ SQL ] SHOW COLUMNS FROM `fa_device` [ RunTime:0.000481s ]
[ sql ] [ SQL ] SELECT COUNT(*) AS tp_count FROM `fa_bedorder` `bedorder` LEFT JOIN `fa_netpoint` `netpoint` ON `bedorder`.`netpoint_id`=`netpoint`.`id` LEFT JOIN `fa_device` `device` ON `bedorder`.`dev_id`=`device`.`dev_id` WHERE  (  `bedorder`.`admin_id` IN (7,10,11,15,16,17,2) ) ORDER BY `bedorder`.`order_no` DESC LIMIT 1 [ RunTime:0.003810s ]
[ sql ] [ SQL ] SELECT `bedorder`.`order_no`,`bedorder`.`users_id`,`bedorder`.`phone`,`bedorder`.`dev_id`,`bedorder`.`admin_id`,`bedorder`.`entity_id`,`bedorder`.`netpoint_id`,`bedorder`.`pricetype`,`bedorder`.`price_id`,`bedorder`.`deposit`,`bedorder`.`lightnight`,`bedorder`.`canusestart`,`bedorder`.`canuseend`,`bedorder`.`hourprice`,`bedorder`.`lighttimesprice`,`bedorder`.`nighttimesprice`,`bedorder`.`dayprice`,`bedorder`.`days`,`bedorder`.`pricedata`,`bedorder`.`total`,`bedorder`.`save`,`bedorder`.`pay`,`bedorder`.`tran_id`,`bedorder`.`refund`,`bedorder`.`refundtime`,`bedorder`.`refundnote`,`bedorder`.`step`,`bedorder`.`status`,`bedorder`.`rtn_admin_id`,`bedorder`.`createtime`,`bedorder`.`endtime`,netpoint.id AS netpoint__id,netpoint.admin_id AS netpoint__admin_id,netpoint.name AS netpoint__name,netpoint.shortname AS netpoint__shortname,netpoint.netaddr AS netpoint__netaddr,netpoint.netlng AS netpoint__netlng,netpoint.netlat AS netpoint__netlat,netpoint.deposit AS netpoint__deposit,netpoint.level1 AS netpoint__level1,netpoint.level2 AS netpoint__level2,netpoint.level3 AS netpoint__level3,netpoint.level4 AS netpoint__level4,netpoint.percent1 AS netpoint__percent1,netpoint.percent2 AS netpoint__percent2,netpoint.percent3 AS netpoint__percent3,netpoint.percent4 AS netpoint__percent4,netpoint.mt_admin_id AS netpoint__mt_admin_id,netpoint.mall_admin_id AS netpoint__mall_admin_id,netpoint.status AS netpoint__status,device.id AS device__id,device.dev_id AS device__dev_id,device.iscabinet AS device__iscabinet,device.devtype_id AS device__devtype_id,device.price_id AS device__price_id,device.netpoint_id AS device__netpoint_id,device.department AS device__department,device.room AS device__room,device.bed AS device__bed,device.entity_id AS device__entity_id,device.admin_id AS device__admin_id,device.mac AS device__mac,device.blekey AS device__blekey,device.blepwd AS device__blepwd,device.mac2 AS device__mac2,device.blekey2 AS device__blekey2,device.blepwd2 AS device__blepwd2,device.createtime AS device__createtime,device.updatetime AS device__updatetime,device.status AS device__status FROM `fa_bedorder` `bedorder` LEFT JOIN `fa_netpoint` `netpoint` ON `bedorder`.`netpoint_id`=`netpoint`.`id` LEFT JOIN `fa_device` `device` ON `bedorder`.`dev_id`=`device`.`dev_id` WHERE  (  `bedorder`.`admin_id` IN (7,10,11,15,16,17,2) ) ORDER BY `bedorder`.`order_no` DESC LIMIT 0,10 [ RunTime:0.000626s ]
---------------------------------------------------------------
[ 2020-01-03T08:09:16+08:00 ] 36.19.102.7 GET /admin/order/bedorder/rtnbed/order_no/20200102190649Wx0m?dialog=1
[ sql ] [ DB ] CONNECT:[ UseTime:0.000648s ] mysql:host=127.0.0.1;dbname=share;charset=utf8
[ sql ] [ SQL ] SHOW COLUMNS FROM `fa_auth_group_access` [ RunTime:0.000635s ]
[ sql ] [ SQL ] SELECT `aga`.`uid`,`aga`.`group_id`,`ag`.`id`,`ag`.`pid`,`ag`.`name`,`ag`.`rules` FROM `fa_auth_group_access` `aga` LEFT JOIN `fa_auth_group` `ag` ON `aga`.`group_id`=`ag`.`id` WHERE  (  aga.uid='2' and ag.status='normal' ) [ RunTime:0.000385s ]
[ sql ] [ SQL ] SHOW COLUMNS FROM `fa_auth_rule` [ RunTime:0.000506s ]
[ sql ] [ SQL ] SELECT `id`,`pid`,`condition`,`icon`,`name`,`title`,`ismenu` FROM `fa_auth_rule` WHERE  `status` = 'normal'  AND `id` IN (1,2,6,7,8,9,10,11,13,14,15,16,17,18,19,20,21,22,23,24,25,26,27,28,29,30,31,32,33,34,40,41,42,43,44,45,46,47,48,49,50,92,93,94,95,96,97,98,99,100,101,102,103,104,105,106,107,108,109,110,111,112,113,114,115,116,117,118,119,120,121,122,123,124,125,126,127,128,129,130,132,133,134,135,136,137,138,139,140,141,142,143,144,145,146,147,148,149,150,151,152,153,154,155,156,157,159,160,161,162,163,164,165,166,167,168,169,170,171,172,173,174,175,176,177,178,179,180,183,184,189,190,191,192,193,194,197,198,199,200,201,202,203,204,205,206,207,208,209,211,5,131,182,181,188) [ RunTime:0.001220s ]
[ sql ] [ SQL ] SHOW COLUMNS FROM `fa_bedorder` [ RunTime:0.000649s ]
[ sql ] [ SQL ] SELECT * FROM `fa_bedorder` WHERE  `order_no` = '20200102190649Wx0m' LIMIT 1 [ RunTime:0.000334s ]
---------------------------------------------------------------
[ 2020-01-03T08:09:17+08:00 ] 36.19.102.7 POST /admin/device/entity/index
[ sql ] [ DB ] CONNECT:[ UseTime:0.000782s ] mysql:host=127.0.0.1;dbname=share;charset=utf8
[ sql ] [ SQL ] SHOW COLUMNS FROM `fa_auth_group_access` [ RunTime:0.000817s ]
[ sql ] [ SQL ] SELECT `aga`.`uid`,`aga`.`group_id`,`ag`.`id`,`ag`.`pid`,`ag`.`name`,`ag`.`rules` FROM `fa_auth_group_access` `aga` LEFT JOIN `fa_auth_group` `ag` ON `aga`.`group_id`=`ag`.`id` WHERE  (  aga.uid='2' and ag.status='normal' ) [ RunTime:0.000420s ]
[ sql ] [ SQL ] SHOW COLUMNS FROM `fa_auth_rule` [ RunTime:0.000641s ]
[ sql ] [ SQL ] SELECT `id`,`pid`,`condition`,`icon`,`name`,`title`,`ismenu` FROM `fa_auth_rule` WHERE  `status` = 'normal'  AND `id` IN (1,2,6,7,8,9,10,11,13,14,15,16,17,18,19,20,21,22,23,24,25,26,27,28,29,30,31,32,33,34,40,41,42,43,44,45,46,47,48,49,50,92,93,94,95,96,97,98,99,100,101,102,103,104,105,106,107,108,109,110,111,112,113,114,115,116,117,118,119,120,121,122,123,124,125,126,127,128,129,130,132,133,134,135,136,137,138,139,140,141,142,143,144,145,146,147,148,149,150,151,152,153,154,155,156,157,159,160,161,162,163,164,165,166,167,168,169,170,171,172,173,174,175,176,177,178,179,180,183,184,189,190,191,192,193,194,197,198,199,200,201,202,203,204,205,206,207,208,209,211,5,131,182,181,188) [ RunTime:0.001833s ]
[ sql ] [ SQL ] SHOW COLUMNS FROM `fa_entity` [ RunTime:0.000547s ]
[ sql ] [ SQL ] SELECT COUNT(*) AS tp_count FROM `fa_entity` WHERE  `id` IN (1) LIMIT 1 [ RunTime:0.000252s ]
[ sql ] [ SQL ] SELECT * FROM `fa_entity` WHERE  `id` IN (1) ORDER BY `name` ASC LIMIT 0,20 [ RunTime:0.000236s ]
[ sql ] [ SQL ] SHOW COLUMNS FROM `fa_admin_log` [ RunTime:0.000476s ]
[ sql ] [ SQL ] INSERT INTO `fa_admin_log` (`title` , `content` , `url` , `admin_id` , `username` , `useragent` , `ip` , `createtime`) VALUES ('设备管理 安装设备实体管理 查看' , '{\"searchTable\":\"tbl\",\"searchKey\":\"id\",\"searchValue\":\"1\",\"orderBy\":[[\"name\",\"ASC\"]],\"showField\":\"name\",\"keyField\":\"id\",\"keyValue\":\"1\",\"searchField\":[\"name\"]}' , '/admin/device/entity/index' , 2 , 'admin' , 'Mozilla/5.0 (iPhone; CPU iPhone OS 12_1_2 like Mac OS X) AppleWebKit/605.1.15 (KHTML, like Gecko) Version/12.0 Mobile/15E148 Safari/604.1' , '36.19.102.7' , 1578010157) [ RunTime:0.000383s ]
---------------------------------------------------------------
[ 2020-01-03T08:09:17+08:00 ] 36.19.102.7 POST /admin/device/netpoint/index
[ sql ] [ DB ] CONNECT:[ UseTime:0.000562s ] mysql:host=127.0.0.1;dbname=share;charset=utf8
[ sql ] [ SQL ] SHOW COLUMNS FROM `fa_auth_group_access` [ RunTime:0.000502s ]
[ sql ] [ SQL ] SELECT `aga`.`uid`,`aga`.`group_id`,`ag`.`id`,`ag`.`pid`,`ag`.`name`,`ag`.`rules` FROM `fa_auth_group_access` `aga` LEFT JOIN `fa_auth_group` `ag` ON `aga`.`group_id`=`ag`.`id` WHERE  (  aga.uid='2' and ag.status='normal' ) [ RunTime:0.000306s ]
[ sql ] [ SQL ] SHOW COLUMNS FROM `fa_auth_rule` [ RunTime:0.000475s ]
[ sql ] [ SQL ] SELECT `id`,`pid`,`condition`,`icon`,`name`,`title`,`ismenu` FROM `fa_auth_rule` WHERE  `status` = 'normal'  AND `id` IN (1,2,6,7,8,9,10,11,13,14,15,16,17,18,19,20,21,22,23,24,25,26,27,28,29,30,31,32,33,34,40,41,42,43,44,45,46,47,48,49,50,92,93,94,95,96,97,98,99,100,101,102,103,104,105,106,107,108,109,110,111,112,113,114,115,116,117,118,119,120,121,122,123,124,125,126,127,128,129,130,132,133,134,135,136,137,138,139,140,141,142,143,144,145,146,147,148,149,150,151,152,153,154,155,156,157,159,160,161,162,163,164,165,166,167,168,169,170,171,172,173,174,175,176,177,178,179,180,183,184,189,190,191,192,193,194,197,198,199,200,201,202,203,204,205,206,207,208,209,211,5,131,182,181,188) [ RunTime:0.001175s ]
[ sql ] [ SQL ] SHOW COLUMNS FROM `fa_auth_group` [ RunTime:0.000587s ]
[ sql ] [ SQL ] SELECT * FROM `fa_auth_group` WHERE  `status` = 'normal' [ RunTime:0.000309s ]
[ sql ] [ SQL ] SELECT `uid`,`group_id` FROM `fa_auth_group_access` WHERE  `group_id` IN (3,14,17,18,19,20,24,23,25,26) [ RunTime:0.000292s ]
[ sql ] [ SQL ] SHOW COLUMNS FROM `fa_netpoint` [ RunTime:0.000492s ]
[ sql ] [ SQL ] SELECT COUNT(*) AS tp_count FROM `fa_netpoint` WHERE  `admin_id` IN (7,10,11,15,16,17,2)  AND `id` IN (8) LIMIT 1 [ RunTime:0.000257s ]
[ sql ] [ SQL ] SELECT * FROM `fa_netpoint` WHERE  `admin_id` IN (7,10,11,15,16,17,2)  AND `id` IN (8) ORDER BY `name` ASC LIMIT 0,20 [ RunTime:0.000298s ]
[ sql ] [ SQL ] SHOW COLUMNS FROM `fa_admin_log` [ RunTime:0.000451s ]
[ sql ] [ SQL ] INSERT INTO `fa_admin_log` (`title` , `content` , `url` , `admin_id` , `username` , `useragent` , `ip` , `createtime`) VALUES ('设备管理 网点管理 查看' , '{\"searchTable\":\"tbl\",\"searchKey\":\"id\",\"searchValue\":\"8\",\"orderBy\":[[\"name\",\"ASC\"]],\"showField\":\"name\",\"keyField\":\"id\",\"keyValue\":\"8\",\"searchField\":[\"name\"]}' , '/admin/device/netpoint/index' , 2 , 'admin' , 'Mozilla/5.0 (iPhone; CPU iPhone OS 12_1_2 like Mac OS X) AppleWebKit/605.1.15 (KHTML, like Gecko) Version/12.0 Mobile/15E148 Safari/604.1' , '36.19.102.7' , 1578010157) [ RunTime:0.000303s ]
---------------------------------------------------------------
[ 2020-01-03T08:09:19+08:00 ] 36.19.102.7 POST /admin/order/bedorder/rtnbed/order_no/20200102190649Wx0m?dialog=1
[ sql ] [ DB ] CONNECT:[ UseTime:0.000631s ] mysql:host=127.0.0.1;dbname=share;charset=utf8
[ sql ] [ SQL ] SHOW COLUMNS FROM `fa_auth_group_access` [ RunTime:0.000622s ]
[ sql ] [ SQL ] SELECT `aga`.`uid`,`aga`.`group_id`,`ag`.`id`,`ag`.`pid`,`ag`.`name`,`ag`.`rules` FROM `fa_auth_group_access` `aga` LEFT JOIN `fa_auth_group` `ag` ON `aga`.`group_id`=`ag`.`id` WHERE  (  aga.uid='2' and ag.status='normal' ) [ RunTime:0.000375s ]
[ sql ] [ SQL ] SHOW COLUMNS FROM `fa_auth_rule` [ RunTime:0.000499s ]
[ sql ] [ SQL ] SELECT `id`,`pid`,`condition`,`icon`,`name`,`title`,`ismenu` FROM `fa_auth_rule` WHERE  `status` = 'normal'  AND `id` IN (1,2,6,7,8,9,10,11,13,14,15,16,17,18,19,20,21,22,23,24,25,26,27,28,29,30,31,32,33,34,40,41,42,43,44,45,46,47,48,49,50,92,93,94,95,96,97,98,99,100,101,102,103,104,105,106,107,108,109,110,111,112,113,114,115,116,117,118,119,120,121,122,123,124,125,126,127,128,129,130,132,133,134,135,136,137,138,139,140,141,142,143,144,145,146,147,148,149,150,151,152,153,154,155,156,157,159,160,161,162,163,164,165,166,167,168,169,170,171,172,173,174,175,176,177,178,179,180,183,184,189,190,191,192,193,194,197,198,199,200,201,202,203,204,205,206,207,208,209,211,5,131,182,181,188) [ RunTime:0.001207s ]
[ sql ] [ SQL ] SHOW COLUMNS FROM `fa_bedorder` [ RunTime:0.000653s ]
[ sql ] [ SQL ] SELECT * FROM `fa_bedorder` WHERE  `order_no` = '20200102190649Wx0m' LIMIT 1 [ RunTime:0.000337s ]
[ sql ] [ SQL ] SHOW COLUMNS FROM `fa_admin_log` [ RunTime:0.000737s ]
[ sql ] [ SQL ] INSERT INTO `fa_admin_log` (`title` , `content` , `url` , `admin_id` , `username` , `useragent` , `ip` , `createtime`) VALUES ('订单管理 陪护床订单管理 后台还床' , '{\"dialog\":\"1\",\"order_no\":\"20200102190649Wx0m\",\"row\":{\"dev_id\":\"21530343\",\"entity_id\":\"1\",\"netpoint_id\":\"8\",\"canusestart\":\"2020-01-02 17:00:00\",\"canuseend\":\"2020-01-03 08:00:00\",\"pricetype\":\"\\u6309\\u5c0f\\u65f6\\u8ba1\\u8d39\",\"hourprice\":\"2\",\"deposit\":\"30\",\"total\":\"30\"}}' , '/admin/order/bedorder/rtnbed/order_no/20200102190649Wx0m?dialog=1' , 2 , 'admin' , 'Mozilla/5.0 (iPhone; CPU iPhone OS 12_1_2 like Mac OS X) AppleWebKit/605.1.15 (KHTML, like Gecko) Version/12.0 Mobile/15E148 Safari/604.1' , '36.19.102.7' , 1578010159) [ RunTime:0.000398s ]
---------------------------------------------------------------
[ 2020-01-03T08:09:20+08:00 ] 36.19.102.7 GET /admin/order/bedorder/index?sort=order_no&order=desc&offset=0&limit=10&filter=%7B%7D&op=%7B%7D&_=1578010118208
[ sql ] [ DB ] CONNECT:[ UseTime:0.000623s ] mysql:host=127.0.0.1;dbname=share;charset=utf8
[ sql ] [ SQL ] SHOW COLUMNS FROM `fa_auth_group_access` [ RunTime:0.000605s ]
[ sql ] [ SQL ] SELECT `aga`.`uid`,`aga`.`group_id`,`ag`.`id`,`ag`.`pid`,`ag`.`name`,`ag`.`rules` FROM `fa_auth_group_access` `aga` LEFT JOIN `fa_auth_group` `ag` ON `aga`.`group_id`=`ag`.`id` WHERE  (  aga.uid='2' and ag.status='normal' ) [ RunTime:0.000376s ]
[ sql ] [ SQL ] SHOW COLUMNS FROM `fa_auth_rule` [ RunTime:0.000496s ]
[ sql ] [ SQL ] SELECT `id`,`pid`,`condition`,`icon`,`name`,`title`,`ismenu` FROM `fa_auth_rule` WHERE  `status` = 'normal'  AND `id` IN (1,2,6,7,8,9,10,11,13,14,15,16,17,18,19,20,21,22,23,24,25,26,27,28,29,30,31,32,33,34,40,41,42,43,44,45,46,47,48,49,50,92,93,94,95,96,97,98,99,100,101,102,103,104,105,106,107,108,109,110,111,112,113,114,115,116,117,118,119,120,121,122,123,124,125,126,127,128,129,130,132,133,134,135,136,137,138,139,140,141,142,143,144,145,146,147,148,149,150,151,152,153,154,155,156,157,159,160,161,162,163,164,165,166,167,168,169,170,171,172,173,174,175,176,177,178,179,180,183,184,189,190,191,192,193,194,197,198,199,200,201,202,203,204,205,206,207,208,209,211,5,131,182,181,188) [ RunTime:0.001204s ]
[ sql ] [ SQL ] SHOW COLUMNS FROM `fa_auth_group` [ RunTime:0.000593s ]
[ sql ] [ SQL ] SELECT * FROM `fa_auth_group` WHERE  `status` = 'normal' [ RunTime:0.000315s ]
[ sql ] [ SQL ] SELECT `uid`,`group_id` FROM `fa_auth_group_access` WHERE  `group_id` IN (3,14,17,18,19,20,24,23,25,26) [ RunTime:0.000339s ]
[ sql ] [ SQL ] SHOW COLUMNS FROM `fa_bedorder` [ RunTime:0.000561s ]
[ sql ] [ SQL ] SHOW COLUMNS FROM `fa_netpoint` [ RunTime:0.000470s ]
[ sql ] [ SQL ] SHOW COLUMNS FROM `fa_device` [ RunTime:0.000480s ]
[ sql ] [ SQL ] SELECT COUNT(*) AS tp_count FROM `fa_bedorder` `bedorder` LEFT JOIN `fa_netpoint` `netpoint` ON `bedorder`.`netpoint_id`=`netpoint`.`id` LEFT JOIN `fa_device` `device` ON `bedorder`.`dev_id`=`device`.`dev_id` WHERE  (  `bedorder`.`admin_id` IN (7,10,11,15,16,17,2) ) ORDER BY `bedorder`.`order_no` DESC LIMIT 1 [ RunTime:0.003797s ]
[ sql ] [ SQL ] SELECT `bedorder`.`order_no`,`bedorder`.`users_id`,`bedorder`.`phone`,`bedorder`.`dev_id`,`bedorder`.`admin_id`,`bedorder`.`entity_id`,`bedorder`.`netpoint_id`,`bedorder`.`pricetype`,`bedorder`.`price_id`,`bedorder`.`deposit`,`bedorder`.`lightnight`,`bedorder`.`canusestart`,`bedorder`.`canuseend`,`bedorder`.`hourprice`,`bedorder`.`lighttimesprice`,`bedorder`.`nighttimesprice`,`bedorder`.`dayprice`,`bedorder`.`days`,`bedorder`.`pricedata`,`bedorder`.`total`,`bedorder`.`save`,`bedorder`.`pay`,`bedorder`.`tran_id`,`bedorder`.`refund`,`bedorder`.`refundtime`,`bedorder`.`refundnote`,`bedorder`.`step`,`bedorder`.`status`,`bedorder`.`rtn_admin_id`,`bedorder`.`createtime`,`bedorder`.`endtime`,netpoint.id AS netpoint__id,netpoint.admin_id AS netpoint__admin_id,netpoint.name AS netpoint__name,netpoint.shortname AS netpoint__shortname,netpoint.netaddr AS netpoint__netaddr,netpoint.netlng AS netpoint__netlng,netpoint.netlat AS netpoint__netlat,netpoint.deposit AS netpoint__deposit,netpoint.level1 AS netpoint__level1,netpoint.level2 AS netpoint__level2,netpoint.level3 AS netpoint__level3,netpoint.level4 AS netpoint__level4,netpoint.percent1 AS netpoint__percent1,netpoint.percent2 AS netpoint__percent2,netpoint.percent3 AS netpoint__percent3,netpoint.percent4 AS netpoint__percent4,netpoint.mt_admin_id AS netpoint__mt_admin_id,netpoint.mall_admin_id AS netpoint__mall_admin_id,netpoint.status AS netpoint__status,device.id AS device__id,device.dev_id AS device__dev_id,device.iscabinet AS device__iscabinet,device.devtype_id AS device__devtype_id,device.price_id AS device__price_id,device.netpoint_id AS device__netpoint_id,device.department AS device__department,device.room AS device__room,device.bed AS device__bed,device.entity_id AS device__entity_id,device.admin_id AS device__admin_id,device.mac AS device__mac,device.blekey AS device__blekey,device.blepwd AS device__blepwd,device.mac2 AS device__mac2,device.blekey2 AS device__blekey2,device.blepwd2 AS device__blepwd2,device.createtime AS device__createtime,device.updatetime AS device__updatetime,device.status AS device__status FROM `fa_bedorder` `bedorder` LEFT JOIN `fa_netpoint` `netpoint` ON `bedorder`.`netpoint_id`=`netpoint`.`id` LEFT JOIN `fa_device` `device` ON `bedorder`.`dev_id`=`device`.`dev_id` WHERE  (  `bedorder`.`admin_id` IN (7,10,11,15,16,17,2) ) ORDER BY `bedorder`.`order_no` DESC LIMIT 0,10 [ RunTime:0.000634s ]
---------------------------------------------------------------
[ 2020-01-03T08:37:03+08:00 ] 221.178.125.160 POST /api/Bedorder/queryauth
[ info ] queryauth request: 
[ info ] {"mac":"F2D0DF8A2528"}
[ info ] queryauth response: 
[ info ] 1
---------------------------------------------------------------
[ 2020-01-03T08:38:10+08:00 ] 221.178.125.160 POST /api/Bedorder/queryauth
[ info ] queryauth request: 
[ info ] {"mac":"F2D0DF8A2528"}
[ info ] queryauth response: 
[ info ] 1
---------------------------------------------------------------
[ 2020-01-03T09:11:36+08:00 ] 223.104.254.213 POST /api/Bedorder/queryauth
[ info ] queryauth request: 
[ info ] {"mac":"D7FCE3B06D76"}
[ info ] queryauth response: 
[ info ] 1
---------------------------------------------------------------
[ 2020-01-03T09:11:48+08:00 ] 218.204.252.22 POST /api/Bedorder/queryauth
[ info ] queryauth request: 
[ info ] {"mac":"EBEDA007282D"}
[ info ] queryauth response: 
[ info ] 1
---------------------------------------------------------------
[ 2020-01-03T09:30:28+08:00 ] 117.132.196.49 POST /api/Bedorder/queryauth
[ info ] queryauth request: 
[ info ] {"mac":"DF89D66AF356"}
[ info ] queryauth response: 
[ info ] 1
---------------------------------------------------------------
[ 2020-01-03T09:43:17+08:00 ] 117.132.196.58 POST /api/Bedorder/queryauth
[ info ] queryauth request: 
[ info ] {"mac":"C16B8BD3EC7D"}
[ info ] queryauth response: 
[ info ] 1
---------------------------------------------------------------
[ 2020-01-03T10:46:48+08:00 ] 125.120.84.233 POST /admin/index/login.html
[ sql ] [ DB ] CONNECT:[ UseTime:0.000664s ] mysql:host=127.0.0.1;dbname=share;charset=utf8
[ sql ] [ SQL ] SHOW COLUMNS FROM `fa_admin` [ RunTime:0.000691s ]
[ sql ] [ SQL ] SELECT * FROM `fa_admin` WHERE  `username` = 'admin' LIMIT 1 [ RunTime:0.000359s ]
[ sql ] [ SQL ] UPDATE `fa_admin`  SET `logintime`=1578019608,`token`='dd605bd2-7fa5-4350-8a88-5b3637706827',`updatetime`=1578019608  WHERE  `id` = 2 [ RunTime:0.000363s ]
[ sql ] [ SQL ] SHOW COLUMNS FROM `fa_admin_log` [ RunTime:0.000505s ]
[ sql ] [ SQL ] INSERT INTO `fa_admin_log` (`title` , `content` , `url` , `admin_id` , `username` , `useragent` , `ip` , `createtime`) VALUES ('登录' , '{\"__token__\":\"2f16307e27d2b407cf12f58ac5c6065c\",\"username\":\"admin\"}' , '/admin/index/login.html' , 2 , 'admin' , 'Mozilla/5.0 (Windows NT 6.1; Win64; x64; rv:71.0) Gecko/20100101 Firefox/71.0' , '125.120.84.233' , 1578019608) [ RunTime:0.000290s ]
---------------------------------------------------------------
[ 2020-01-03T10:46:49+08:00 ] 125.120.84.233 GET /admin/index/index
[ sql ] [ DB ] CONNECT:[ UseTime:0.000638s ] mysql:host=127.0.0.1;dbname=share;charset=utf8
[ sql ] [ SQL ] SHOW COLUMNS FROM `fa_auth_group_access` [ RunTime:0.000623s ]
[ sql ] [ SQL ] SELECT `aga`.`uid`,`aga`.`group_id`,`ag`.`id`,`ag`.`pid`,`ag`.`name`,`ag`.`rules` FROM `fa_auth_group_access` `aga` LEFT JOIN `fa_auth_group` `ag` ON `aga`.`group_id`=`ag`.`id` WHERE  (  aga.uid='2' and ag.status='normal' ) [ RunTime:0.000377s ]
[ sql ] [ SQL ] SHOW COLUMNS FROM `fa_auth_rule` [ RunTime:0.000496s ]
[ sql ] [ SQL ] SELECT `id`,`pid`,`condition`,`icon`,`name`,`title`,`ismenu` FROM `fa_auth_rule` WHERE  `status` = 'normal'  AND `id` IN (1,2,6,7,8,9,10,11,13,14,15,16,17,18,19,20,21,22,23,24,25,26,27,28,29,30,31,32,33,34,40,41,42,43,44,45,46,47,48,49,50,92,93,94,95,96,97,98,99,100,101,102,103,104,105,106,107,108,109,110,111,112,113,114,115,116,117,118,119,120,121,122,123,124,125,126,127,128,129,130,132,133,134,135,136,137,138,139,140,141,142,143,144,145,146,147,148,149,150,151,152,153,154,155,156,157,159,160,161,162,163,164,165,166,167,168,169,170,171,172,173,174,175,176,177,178,179,180,183,184,189,190,191,192,193,194,197,198,199,200,201,202,203,204,205,206,207,208,209,211,5,131,182,181,188) [ RunTime:0.001228s ]
---------------------------------------------------------------
[ 2020-01-03T10:46:50+08:00 ] 125.120.84.233 GET /admin/dashboard?addtabs=1
[ sql ] [ DB ] CONNECT:[ UseTime:0.000634s ] mysql:host=127.0.0.1;dbname=share;charset=utf8
[ sql ] [ SQL ] SHOW COLUMNS FROM `fa_auth_group_access` [ RunTime:0.000638s ]
[ sql ] [ SQL ] SELECT `aga`.`uid`,`aga`.`group_id`,`ag`.`id`,`ag`.`pid`,`ag`.`name`,`ag`.`rules` FROM `fa_auth_group_access` `aga` LEFT JOIN `fa_auth_group` `ag` ON `aga`.`group_id`=`ag`.`id` WHERE  (  aga.uid='2' and ag.status='normal' ) [ RunTime:0.000408s ]
[ sql ] [ SQL ] SHOW COLUMNS FROM `fa_auth_group` [ RunTime:0.000513s ]
[ sql ] [ SQL ] SELECT * FROM `fa_auth_group` WHERE  `status` = 'normal' [ RunTime:0.000301s ]
[ sql ] [ SQL ] SELECT `uid`,`group_id` FROM `fa_auth_group_access` WHERE  `group_id` IN (3,14,17,18,19,20,24,23,25,26) [ RunTime:0.000313s ]
[ sql ] [ SQL ] SELECT * FROM `fa_auth_group` WHERE  `status` = 'normal' [ RunTime:0.000291s ]
[ sql ] [ SQL ] SHOW COLUMNS FROM `fa_users` [ RunTime:0.000489s ]
[ sql ] [ SQL ] SELECT * FROM `fa_users` WHERE  ( `createtime` >= 1576252800 AND `createtime` < 1578067200 ) [ RunTime:0.000901s ]
[ sql ] [ SQL ] SHOW COLUMNS FROM `fa_bedorder` [ RunTime:0.000580s ]
[ sql ] [ SQL ] SELECT * FROM `fa_bedorder` WHERE  `status` >= -1  AND ( `createtime` >= 1576252800 AND `createtime` < 1578067200 ) [ RunTime:0.002484s ]
[ sql ] [ SQL ] SHOW COLUMNS FROM `fa_auth_rule` [ RunTime:0.000582s ]
[ sql ] [ SQL ] SELECT `title`,`remark` FROM `fa_auth_rule` WHERE  `name` = 'dashboard' LIMIT 1 [ RunTime:0.000230s ]
---------------------------------------------------------------
[ 2020-01-03T10:46:51+08:00 ] 125.120.84.233 GET /admin/dashboard/usercount
[ sql ] [ DB ] CONNECT:[ UseTime:0.000639s ] mysql:host=127.0.0.1;dbname=share;charset=utf8
[ sql ] [ SQL ] SHOW COLUMNS FROM `fa_auth_group_access` [ RunTime:0.000698s ]
[ sql ] [ SQL ] SELECT `aga`.`uid`,`aga`.`group_id`,`ag`.`id`,`ag`.`pid`,`ag`.`name`,`ag`.`rules` FROM `fa_auth_group_access` `aga` LEFT JOIN `fa_auth_group` `ag` ON `aga`.`group_id`=`ag`.`id` WHERE  (  aga.uid='2' and ag.status='normal' ) [ RunTime:0.000372s ]
[ sql ] [ SQL ] SHOW COLUMNS FROM `fa_auth_group` [ RunTime:0.000512s ]
[ sql ] [ SQL ] SELECT * FROM `fa_auth_group` WHERE  `status` = 'normal' [ RunTime:0.000320s ]
[ sql ] [ SQL ] SELECT `uid`,`group_id` FROM `fa_auth_group_access` WHERE  `group_id` IN (3,14,17,18,19,20,24,23,25,26) [ RunTime:0.000344s ]
[ sql ] [ SQL ] SELECT * FROM `fa_auth_group` WHERE  `status` = 'normal' [ RunTime:0.000300s ]
[ sql ] [ SQL ] SHOW COLUMNS FROM `fa_users` [ RunTime:0.000516s ]
[ sql ] [ SQL ] SELECT COUNT(*) AS tp_count FROM `fa_users` LIMIT 1 [ RunTime:0.000393s ]
---------------------------------------------------------------
[ 2020-01-03T10:46:51+08:00 ] 125.120.84.233 GET /admin/dashboard/todayregister
[ sql ] [ DB ] CONNECT:[ UseTime:0.000796s ] mysql:host=127.0.0.1;dbname=share;charset=utf8
[ sql ] [ SQL ] SHOW COLUMNS FROM `fa_auth_group_access` [ RunTime:0.000815s ]
[ sql ] [ SQL ] SELECT `aga`.`uid`,`aga`.`group_id`,`ag`.`id`,`ag`.`pid`,`ag`.`name`,`ag`.`rules` FROM `fa_auth_group_access` `aga` LEFT JOIN `fa_auth_group` `ag` ON `aga`.`group_id`=`ag`.`id` WHERE  (  aga.uid='2' and ag.status='normal' ) [ RunTime:0.000460s ]
[ sql ] [ SQL ] SHOW COLUMNS FROM `fa_auth_group` [ RunTime:0.000659s ]
[ sql ] [ SQL ] SELECT * FROM `fa_auth_group` WHERE  `status` = 'normal' [ RunTime:0.000388s ]
[ sql ] [ SQL ] SELECT `uid`,`group_id` FROM `fa_auth_group_access` WHERE  `group_id` IN (3,14,17,18,19,20,24,23,25,26) [ RunTime:0.000408s ]
[ sql ] [ SQL ] SELECT * FROM `fa_auth_group` WHERE  `status` = 'normal' [ RunTime:0.000358s ]
[ sql ] [ SQL ] SHOW COLUMNS FROM `fa_users` [ RunTime:0.000694s ]
[ sql ] [ SQL ] SELECT COUNT(*) AS tp_count FROM `fa_users` WHERE  ( `createtime` >= 1577980800 AND `createtime` < 1578067200 ) LIMIT 1 [ RunTime:0.000590s ]
---------------------------------------------------------------
[ 2020-01-03T10:46:51+08:00 ] 125.120.84.233 GET /admin/dashboard/devcount
[ sql ] [ DB ] CONNECT:[ UseTime:0.000710s ] mysql:host=127.0.0.1;dbname=share;charset=utf8
[ sql ] [ SQL ] SHOW COLUMNS FROM `fa_auth_group_access` [ RunTime:0.000687s ]
[ sql ] [ SQL ] SELECT `aga`.`uid`,`aga`.`group_id`,`ag`.`id`,`ag`.`pid`,`ag`.`name`,`ag`.`rules` FROM `fa_auth_group_access` `aga` LEFT JOIN `fa_auth_group` `ag` ON `aga`.`group_id`=`ag`.`id` WHERE  (  aga.uid='2' and ag.status='normal' ) [ RunTime:0.000391s ]
[ sql ] [ SQL ] SHOW COLUMNS FROM `fa_auth_group` [ RunTime:0.000600s ]
[ sql ] [ SQL ] SELECT * FROM `fa_auth_group` WHERE  `status` = 'normal' [ RunTime:0.000358s ]
[ sql ] [ SQL ] SELECT `uid`,`group_id` FROM `fa_auth_group_access` WHERE  `group_id` IN (3,14,17,18,19,20,24,23,25,26) [ RunTime:0.000328s ]
[ sql ] [ SQL ] SELECT * FROM `fa_auth_group` WHERE  `status` = 'normal' [ RunTime:0.000278s ]
[ sql ] [ SQL ] SHOW COLUMNS FROM `fa_device` [ RunTime:0.000495s ]
[ sql ] [ SQL ] SELECT COUNT(*) AS tp_count FROM `fa_device` WHERE  `admin_id` IN (7,10,11,15,16,17,2) LIMIT 1 [ RunTime:0.000372s ]
---------------------------------------------------------------
[ 2020-01-03T10:46:51+08:00 ] 125.120.84.233 GET /admin/dashboard/todaylogin
[ sql ] [ DB ] CONNECT:[ UseTime:0.000584s ] mysql:host=127.0.0.1;dbname=share;charset=utf8
[ sql ] [ SQL ] SHOW COLUMNS FROM `fa_auth_group_access` [ RunTime:0.000487s ]
[ sql ] [ SQL ] SELECT `aga`.`uid`,`aga`.`group_id`,`ag`.`id`,`ag`.`pid`,`ag`.`name`,`ag`.`rules` FROM `fa_auth_group_access` `aga` LEFT JOIN `fa_auth_group` `ag` ON `aga`.`group_id`=`ag`.`id` WHERE  (  aga.uid='2' and ag.status='normal' ) [ RunTime:0.000297s ]
[ sql ] [ SQL ] SHOW COLUMNS FROM `fa_auth_group` [ RunTime:0.000485s ]
[ sql ] [ SQL ] SELECT * FROM `fa_auth_group` WHERE  `status` = 'normal' [ RunTime:0.000293s ]
[ sql ] [ SQL ] SELECT `uid`,`group_id` FROM `fa_auth_group_access` WHERE  `group_id` IN (3,14,17,18,19,20,24,23,25,26) [ RunTime:0.000308s ]
[ sql ] [ SQL ] SELECT * FROM `fa_auth_group` WHERE  `status` = 'normal' [ RunTime:0.000298s ]
[ sql ] [ SQL ] SHOW COLUMNS FROM `fa_oauth` [ RunTime:0.000429s ]
[ sql ] [ SQL ] SELECT COUNT(*) AS tp_count FROM `fa_oauth` WHERE  ( `createtime` >= 1577980800 AND `createtime` < 1578067200 ) LIMIT 1 [ RunTime:0.001684s ]
---------------------------------------------------------------
[ 2020-01-03T10:46:51+08:00 ] 125.120.84.233 GET /admin/dashboard/todayorder
[ sql ] [ DB ] CONNECT:[ UseTime:0.000583s ] mysql:host=127.0.0.1;dbname=share;charset=utf8
[ sql ] [ SQL ] SHOW COLUMNS FROM `fa_auth_group_access` [ RunTime:0.000466s ]
[ sql ] [ SQL ] SELECT `aga`.`uid`,`aga`.`group_id`,`ag`.`id`,`ag`.`pid`,`ag`.`name`,`ag`.`rules` FROM `fa_auth_group_access` `aga` LEFT JOIN `fa_auth_group` `ag` ON `aga`.`group_id`=`ag`.`id` WHERE  (  aga.uid='2' and ag.status='normal' ) [ RunTime:0.000332s ]
[ sql ] [ SQL ] SHOW COLUMNS FROM `fa_auth_group` [ RunTime:0.000478s ]
[ sql ] [ SQL ] SELECT * FROM `fa_auth_group` WHERE  `status` = 'normal' [ RunTime:0.000293s ]
[ sql ] [ SQL ] SELECT `uid`,`group_id` FROM `fa_auth_group_access` WHERE  `group_id` IN (3,14,17,18,19,20,24,23,25,26) [ RunTime:0.000326s ]
[ sql ] [ SQL ] SELECT * FROM `fa_auth_group` WHERE  `status` = 'normal' [ RunTime:0.000275s ]
[ sql ] [ SQL ] SHOW COLUMNS FROM `fa_bedorder` [ RunTime:0.000534s ]
[ sql ] [ SQL ] SELECT COUNT(*) AS tp_count FROM `fa_bedorder` WHERE  `status` >= -1  AND ( `createtime` >= 1577980800 AND `createtime` < 1578067200 ) LIMIT 1 [ RunTime:0.000984s ]
---------------------------------------------------------------
[ 2020-01-03T10:46:51+08:00 ] 125.120.84.233 GET /admin/dashboard/orderinfo
[ sql ] [ DB ] CONNECT:[ UseTime:0.000563s ] mysql:host=127.0.0.1;dbname=share;charset=utf8
[ sql ] [ SQL ] SHOW COLUMNS FROM `fa_auth_group_access` [ RunTime:0.000476s ]
[ sql ] [ SQL ] SELECT `aga`.`uid`,`aga`.`group_id`,`ag`.`id`,`ag`.`pid`,`ag`.`name`,`ag`.`rules` FROM `fa_auth_group_access` `aga` LEFT JOIN `fa_auth_group` `ag` ON `aga`.`group_id`=`ag`.`id` WHERE  (  aga.uid='2' and ag.status='normal' ) [ RunTime:0.000313s ]
[ sql ] [ SQL ] SHOW COLUMNS FROM `fa_auth_group` [ RunTime:0.000479s ]
[ sql ] [ SQL ] SELECT * FROM `fa_auth_group` WHERE  `status` = 'normal' [ RunTime:0.000301s ]
[ sql ] [ SQL ] SELECT `uid`,`group_id` FROM `fa_auth_group_access` WHERE  `group_id` IN (3,14,17,18,19,20,24,23,25,26) [ RunTime:0.000314s ]
[ sql ] [ SQL ] SELECT * FROM `fa_auth_group` WHERE  `status` = 'normal' [ RunTime:0.000304s ]
[ sql ] [ SQL ] SHOW COLUMNS FROM `fa_bedorder` [ RunTime:0.000539s ]
[ sql ] [ SQL ] SELECT (total-refund) as amount FROM `fa_bedorder` WHERE  `admin_id` IN (7,10,11,15,16,17,2)  AND `status` >= -1 [ RunTime:0.001617s ]
---------------------------------------------------------------
[ 2020-01-03T10:46:51+08:00 ] 125.120.84.233 GET /admin/dashboard/unsettleorder
[ sql ] [ DB ] CONNECT:[ UseTime:0.000630s ] mysql:host=127.0.0.1;dbname=share;charset=utf8
[ sql ] [ SQL ] SHOW COLUMNS FROM `fa_auth_group_access` [ RunTime:0.000667s ]
[ sql ] [ SQL ] SELECT `aga`.`uid`,`aga`.`group_id`,`ag`.`id`,`ag`.`pid`,`ag`.`name`,`ag`.`rules` FROM `fa_auth_group_access` `aga` LEFT JOIN `fa_auth_group` `ag` ON `aga`.`group_id`=`ag`.`id` WHERE  (  aga.uid='2' and ag.status='normal' ) [ RunTime:0.000371s ]
[ sql ] [ SQL ] SHOW COLUMNS FROM `fa_auth_group` [ RunTime:0.000503s ]
[ sql ] [ SQL ] SELECT * FROM `fa_auth_group` WHERE  `status` = 'normal' [ RunTime:0.000323s ]
[ sql ] [ SQL ] SELECT `uid`,`group_id` FROM `fa_auth_group_access` WHERE  `group_id` IN (3,14,17,18,19,20,24,23,25,26) [ RunTime:0.000337s ]
[ sql ] [ SQL ] SELECT * FROM `fa_auth_group` WHERE  `status` = 'normal' [ RunTime:0.000291s ]
[ sql ] [ SQL ] SHOW COLUMNS FROM `fa_bedorder` [ RunTime:0.000552s ]
[ sql ] [ SQL ] SELECT COUNT(*) AS tp_count FROM `fa_bedorder` WHERE  `status` >= -1  AND `step` < 9000 LIMIT 1 [ RunTime:0.000992s ]
---------------------------------------------------------------
[ 2020-01-03T10:46:51+08:00 ] 125.120.84.233 GET /admin/dashboard/sevendnudau
[ sql ] [ DB ] CONNECT:[ UseTime:0.000624s ] mysql:host=127.0.0.1;dbname=share;charset=utf8
[ sql ] [ SQL ] SHOW COLUMNS FROM `fa_auth_group_access` [ RunTime:0.000605s ]
[ sql ] [ SQL ] SELECT `aga`.`uid`,`aga`.`group_id`,`ag`.`id`,`ag`.`pid`,`ag`.`name`,`ag`.`rules` FROM `fa_auth_group_access` `aga` LEFT JOIN `fa_auth_group` `ag` ON `aga`.`group_id`=`ag`.`id` WHERE  (  aga.uid='2' and ag.status='normal' ) [ RunTime:0.000358s ]
[ sql ] [ SQL ] SHOW COLUMNS FROM `fa_auth_group` [ RunTime:0.000520s ]
[ sql ] [ SQL ] SELECT * FROM `fa_auth_group` WHERE  `status` = 'normal' [ RunTime:0.000301s ]
[ sql ] [ SQL ] SELECT `uid`,`group_id` FROM `fa_auth_group_access` WHERE  `group_id` IN (3,14,17,18,19,20,24,23,25,26) [ RunTime:0.000308s ]
[ sql ] [ SQL ] SELECT * FROM `fa_auth_group` WHERE  `status` = 'normal' [ RunTime:0.000291s ]
[ sql ] [ SQL ] SHOW COLUMNS FROM `fa_users` [ RunTime:0.000519s ]
[ sql ] [ SQL ] SELECT COUNT(*) AS tp_count FROM `fa_users` WHERE  ( `createtime` >= 1577376000 AND `createtime` < 1578067200 ) LIMIT 1 [ RunTime:0.000432s ]
[ sql ] [ SQL ] SHOW COLUMNS FROM `fa_oauth` [ RunTime:0.000421s ]
[ sql ] [ SQL ] SELECT COUNT(*) AS tp_count FROM ( SELECT count(*) FROM `fa_oauth` WHERE  ( `createtime` >= 1577376000 AND `createtime` < 1578067200 ) GROUP BY `id` ) `_group_count_` LIMIT 1 [ RunTime:0.002132s ]
[ sql ] [ SQL ] SELECT COUNT(*) AS tp_count FROM `fa_users` LIMIT 1 [ RunTime:0.000348s ]
---------------------------------------------------------------
[ 2020-01-03T10:47:01+08:00 ] 125.120.84.233 GET /admin/order/bedorder?addtabs=1
[ sql ] [ DB ] CONNECT:[ UseTime:0.000653s ] mysql:host=127.0.0.1;dbname=share;charset=utf8
[ sql ] [ SQL ] SHOW COLUMNS FROM `fa_auth_group_access` [ RunTime:0.000641s ]
[ sql ] [ SQL ] SELECT `aga`.`uid`,`aga`.`group_id`,`ag`.`id`,`ag`.`pid`,`ag`.`name`,`ag`.`rules` FROM `fa_auth_group_access` `aga` LEFT JOIN `fa_auth_group` `ag` ON `aga`.`group_id`=`ag`.`id` WHERE  (  aga.uid='2' and ag.status='normal' ) [ RunTime:0.000396s ]
[ sql ] [ SQL ] SHOW COLUMNS FROM `fa_auth_rule` [ RunTime:0.000516s ]
[ sql ] [ SQL ] SELECT `id`,`pid`,`condition`,`icon`,`name`,`title`,`ismenu` FROM `fa_auth_rule` WHERE  `status` = 'normal'  AND `id` IN (1,2,6,7,8,9,10,11,13,14,15,16,17,18,19,20,21,22,23,24,25,26,27,28,29,30,31,32,33,34,40,41,42,43,44,45,46,47,48,49,50,92,93,94,95,96,97,98,99,100,101,102,103,104,105,106,107,108,109,110,111,112,113,114,115,116,117,118,119,120,121,122,123,124,125,126,127,128,129,130,132,133,134,135,136,137,138,139,140,141,142,143,144,145,146,147,148,149,150,151,152,153,154,155,156,157,159,160,161,162,163,164,165,166,167,168,169,170,171,172,173,174,175,176,177,178,179,180,183,184,189,190,191,192,193,194,197,198,199,200,201,202,203,204,205,206,207,208,209,211,5,131,182,181,188) [ RunTime:0.001254s ]
[ sql ] [ SQL ] SELECT `title`,`remark` FROM `fa_auth_rule` WHERE  `name` = 'order/bedorder' LIMIT 1 [ RunTime:0.000386s ]
---------------------------------------------------------------
[ 2020-01-03T10:47:02+08:00 ] 125.120.84.233 GET /admin/order/bedorder/index?sort=order_no&order=desc&offset=0&limit=10&filter=%7B%7D&op=%7B%7D&_=1578019622270
[ sql ] [ DB ] CONNECT:[ UseTime:0.000629s ] mysql:host=127.0.0.1;dbname=share;charset=utf8
[ sql ] [ SQL ] SHOW COLUMNS FROM `fa_auth_group_access` [ RunTime:0.000619s ]
[ sql ] [ SQL ] SELECT `aga`.`uid`,`aga`.`group_id`,`ag`.`id`,`ag`.`pid`,`ag`.`name`,`ag`.`rules` FROM `fa_auth_group_access` `aga` LEFT JOIN `fa_auth_group` `ag` ON `aga`.`group_id`=`ag`.`id` WHERE  (  aga.uid='2' and ag.status='normal' ) [ RunTime:0.000365s ]
[ sql ] [ SQL ] SHOW COLUMNS FROM `fa_auth_rule` [ RunTime:0.000509s ]
[ sql ] [ SQL ] SELECT `id`,`pid`,`condition`,`icon`,`name`,`title`,`ismenu` FROM `fa_auth_rule` WHERE  `status` = 'normal'  AND `id` IN (1,2,6,7,8,9,10,11,13,14,15,16,17,18,19,20,21,22,23,24,25,26,27,28,29,30,31,32,33,34,40,41,42,43,44,45,46,47,48,49,50,92,93,94,95,96,97,98,99,100,101,102,103,104,105,106,107,108,109,110,111,112,113,114,115,116,117,118,119,120,121,122,123,124,125,126,127,128,129,130,132,133,134,135,136,137,138,139,140,141,142,143,144,145,146,147,148,149,150,151,152,153,154,155,156,157,159,160,161,162,163,164,165,166,167,168,169,170,171,172,173,174,175,176,177,178,179,180,183,184,189,190,191,192,193,194,197,198,199,200,201,202,203,204,205,206,207,208,209,211,5,131,182,181,188) [ RunTime:0.001250s ]
[ sql ] [ SQL ] SHOW COLUMNS FROM `fa_auth_group` [ RunTime:0.000580s ]
[ sql ] [ SQL ] SELECT * FROM `fa_auth_group` WHERE  `status` = 'normal' [ RunTime:0.000310s ]
[ sql ] [ SQL ] SELECT `uid`,`group_id` FROM `fa_auth_group_access` WHERE  `group_id` IN (3,14,17,18,19,20,24,23,25,26) [ RunTime:0.000311s ]
[ sql ] [ SQL ] SHOW COLUMNS FROM `fa_bedorder` [ RunTime:0.000555s ]
[ sql ] [ SQL ] SHOW COLUMNS FROM `fa_netpoint` [ RunTime:0.000492s ]
[ sql ] [ SQL ] SHOW COLUMNS FROM `fa_device` [ RunTime:0.000486s ]
[ sql ] [ SQL ] SELECT COUNT(*) AS tp_count FROM `fa_bedorder` `bedorder` LEFT JOIN `fa_netpoint` `netpoint` ON `bedorder`.`netpoint_id`=`netpoint`.`id` LEFT JOIN `fa_device` `device` ON `bedorder`.`dev_id`=`device`.`dev_id` WHERE  (  `bedorder`.`admin_id` IN (7,10,11,15,16,17,2) ) ORDER BY `bedorder`.`order_no` DESC LIMIT 1 [ RunTime:0.003818s ]
[ sql ] [ SQL ] SELECT `bedorder`.`order_no`,`bedorder`.`users_id`,`bedorder`.`phone`,`bedorder`.`dev_id`,`bedorder`.`admin_id`,`bedorder`.`entity_id`,`bedorder`.`netpoint_id`,`bedorder`.`pricetype`,`bedorder`.`price_id`,`bedorder`.`deposit`,`bedorder`.`lightnight`,`bedorder`.`canusestart`,`bedorder`.`canuseend`,`bedorder`.`hourprice`,`bedorder`.`lighttimesprice`,`bedorder`.`nighttimesprice`,`bedorder`.`dayprice`,`bedorder`.`days`,`bedorder`.`pricedata`,`bedorder`.`total`,`bedorder`.`save`,`bedorder`.`pay`,`bedorder`.`tran_id`,`bedorder`.`refund`,`bedorder`.`refundtime`,`bedorder`.`refundnote`,`bedorder`.`step`,`bedorder`.`status`,`bedorder`.`rtn_admin_id`,`bedorder`.`createtime`,`bedorder`.`endtime`,netpoint.id AS netpoint__id,netpoint.admin_id AS netpoint__admin_id,netpoint.name AS netpoint__name,netpoint.shortname AS netpoint__shortname,netpoint.netaddr AS netpoint__netaddr,netpoint.netlng AS netpoint__netlng,netpoint.netlat AS netpoint__netlat,netpoint.deposit AS netpoint__deposit,netpoint.level1 AS netpoint__level1,netpoint.level2 AS netpoint__level2,netpoint.level3 AS netpoint__level3,netpoint.level4 AS netpoint__level4,netpoint.percent1 AS netpoint__percent1,netpoint.percent2 AS netpoint__percent2,netpoint.percent3 AS netpoint__percent3,netpoint.percent4 AS netpoint__percent4,netpoint.mt_admin_id AS netpoint__mt_admin_id,netpoint.mall_admin_id AS netpoint__mall_admin_id,netpoint.status AS netpoint__status,device.id AS device__id,device.dev_id AS device__dev_id,device.iscabinet AS device__iscabinet,device.devtype_id AS device__devtype_id,device.price_id AS device__price_id,device.netpoint_id AS device__netpoint_id,device.department AS device__department,device.room AS device__room,device.bed AS device__bed,device.entity_id AS device__entity_id,device.admin_id AS device__admin_id,device.mac AS device__mac,device.blekey AS device__blekey,device.blepwd AS device__blepwd,device.mac2 AS device__mac2,device.blekey2 AS device__blekey2,device.blepwd2 AS device__blepwd2,device.createtime AS device__createtime,device.updatetime AS device__updatetime,device.status AS device__status FROM `fa_bedorder` `bedorder` LEFT JOIN `fa_netpoint` `netpoint` ON `bedorder`.`netpoint_id`=`netpoint`.`id` LEFT JOIN `fa_device` `device` ON `bedorder`.`dev_id`=`device`.`dev_id` WHERE  (  `bedorder`.`admin_id` IN (7,10,11,15,16,17,2) ) ORDER BY `bedorder`.`order_no` DESC LIMIT 0,10 [ RunTime:0.000614s ]
---------------------------------------------------------------
[ 2020-01-03T11:02:38+08:00 ] 112.17.242.235 POST /api/Bedorder/queryauth
[ info ] queryauth request: 
[ info ] {"mac":"C54C9905F89D"}
[ info ] queryauth response: 
[ info ] 1
---------------------------------------------------------------
[ 2020-01-03T11:04:42+08:00 ] 117.132.193.235 POST /api/Bedorder/queryauth
[ info ] queryauth request: 
[ info ] {"mac":"CE61DB94F719"}
[ info ] queryauth response: 
[ info ] 1
---------------------------------------------------------------
[ 2020-01-03T11:25:25+08:00 ] 117.132.197.209 POST /api/Bedorder/queryauth
[ info ] queryauth request: 
[ info ] {"mac":"EA9E5CC6F464"}
[ info ] queryauth response: 
[ info ] 1
---------------------------------------------------------------
[ 2020-01-03T11:32:50+08:00 ] 218.204.253.238 POST /api/Bedorder/queryauth
[ info ] queryauth request: 
[ info ] {"mac":"E2F794CA4DFD"}
[ info ] queryauth response: 
[ info ] 1
---------------------------------------------------------------
[ 2020-01-03T11:37:42+08:00 ] 221.178.125.28 POST /api/Bedorder/queryauth
[ info ] queryauth request: 
[ info ] {"mac":"C84C763D531C"}
[ info ] queryauth response: 
[ info ] 1
---------------------------------------------------------------
[ 2020-01-03T11:38:31+08:00 ] 221.178.125.28 POST /api/Bedorder/queryauth
[ info ] queryauth request: 
[ info ] {"mac":"C84C763D531C"}
[ info ] queryauth response: 
[ info ] 1
---------------------------------------------------------------
[ 2020-01-03T11:38:46+08:00 ] 221.178.125.28 POST /api/Bedorder/queryauth
[ info ] queryauth request: 
[ info ] {"mac":"C84C763D531C"}
[ info ] queryauth response: 
[ info ] 1
---------------------------------------------------------------
[ 2020-01-03T11:39:05+08:00 ] 221.178.125.28 POST /api/Bedorder/queryauth
[ info ] queryauth request: 
[ info ] {"mac":"C84C763D531C"}
[ info ] queryauth response: 
[ info ] 1
---------------------------------------------------------------
[ 2020-01-03T11:51:49+08:00 ] 112.38.63.249 GET /admin/index/index
[ sql ] [ DB ] CONNECT:[ UseTime:0.000650s ] mysql:host=127.0.0.1;dbname=share;charset=utf8
[ sql ] [ SQL ] SHOW COLUMNS FROM `fa_auth_group_access` [ RunTime:0.000637s ]
[ sql ] [ SQL ] SELECT `aga`.`uid`,`aga`.`group_id`,`ag`.`id`,`ag`.`pid`,`ag`.`name`,`ag`.`rules` FROM `fa_auth_group_access` `aga` LEFT JOIN `fa_auth_group` `ag` ON `aga`.`group_id`=`ag`.`id` WHERE  (  aga.uid='11' and ag.status='normal' ) [ RunTime:0.000393s ]
[ sql ] [ SQL ] SHOW COLUMNS FROM `fa_auth_rule` [ RunTime:0.000487s ]
[ sql ] [ SQL ] SELECT `id`,`pid`,`condition`,`icon`,`name`,`title`,`ismenu` FROM `fa_auth_rule` WHERE  `status` = 'normal'  AND `id` IN (2,7,9,11,23,24,25,26,27,28,40,41,42,43,47,48,49,50,92,93,94,95,96,97,98,99,100,101,102,103,104,105,106,107,108,109,110,111,112,113,114,115,117,118,119,120,121,122,123,124,125,126,127,128,129,130,132,133,134,135,136,137,138,139,140,141,142,143,150,151,152,153,154,155,156,157,159,160,167,168,175,176,177,178,194,5,131) [ RunTime:0.000842s ]
---------------------------------------------------------------
[ 2020-01-03T11:51:50+08:00 ] 112.38.63.249 GET /admin/general/attachment?addtabs=1
[ sql ] [ DB ] CONNECT:[ UseTime:0.000678s ] mysql:host=127.0.0.1;dbname=share;charset=utf8
[ sql ] [ SQL ] SHOW COLUMNS FROM `fa_auth_group_access` [ RunTime:0.000639s ]
[ sql ] [ SQL ] SELECT `aga`.`uid`,`aga`.`group_id`,`ag`.`id`,`ag`.`pid`,`ag`.`name`,`ag`.`rules` FROM `fa_auth_group_access` `aga` LEFT JOIN `fa_auth_group` `ag` ON `aga`.`group_id`=`ag`.`id` WHERE  (  aga.uid='11' and ag.status='normal' ) [ RunTime:0.000354s ]
[ sql ] [ SQL ] SHOW COLUMNS FROM `fa_auth_rule` [ RunTime:0.000505s ]
[ sql ] [ SQL ] SELECT `id`,`pid`,`condition`,`icon`,`name`,`title`,`ismenu` FROM `fa_auth_rule` WHERE  `status` = 'normal'  AND `id` IN (2,7,9,11,23,24,25,26,27,28,40,41,42,43,47,48,49,50,92,93,94,95,96,97,98,99,100,101,102,103,104,105,106,107,108,109,110,111,112,113,114,115,117,118,119,120,121,122,123,124,125,126,127,128,129,130,132,133,134,135,136,137,138,139,140,141,142,143,150,151,152,153,154,155,156,157,159,160,167,168,175,176,177,178,194,5,131) [ RunTime:0.000827s ]
[ sql ] [ SQL ] SELECT `title`,`remark` FROM `fa_auth_rule` WHERE  `name` = 'general/attachment' LIMIT 1 [ RunTime:0.000337s ]
---------------------------------------------------------------
[ 2020-01-03T11:51:51+08:00 ] 112.38.63.249 GET /admin/general/attachment/index?sort=id&order=desc&offset=0&limit=10&filter=%7B%7D&op=%7B%7D&_=1578023513685
[ sql ] [ DB ] CONNECT:[ UseTime:0.000630s ] mysql:host=127.0.0.1;dbname=share;charset=utf8
[ sql ] [ SQL ] SHOW COLUMNS FROM `fa_auth_group_access` [ RunTime:0.000627s ]
[ sql ] [ SQL ] SELECT `aga`.`uid`,`aga`.`group_id`,`ag`.`id`,`ag`.`pid`,`ag`.`name`,`ag`.`rules` FROM `fa_auth_group_access` `aga` LEFT JOIN `fa_auth_group` `ag` ON `aga`.`group_id`=`ag`.`id` WHERE  (  aga.uid='11' and ag.status='normal' ) [ RunTime:0.000368s ]
[ sql ] [ SQL ] SHOW COLUMNS FROM `fa_auth_rule` [ RunTime:0.000493s ]
[ sql ] [ SQL ] SELECT `id`,`pid`,`condition`,`icon`,`name`,`title`,`ismenu` FROM `fa_auth_rule` WHERE  `status` = 'normal'  AND `id` IN (2,7,9,11,23,24,25,26,27,28,40,41,42,43,47,48,49,50,92,93,94,95,96,97,98,99,100,101,102,103,104,105,106,107,108,109,110,111,112,113,114,115,117,118,119,120,121,122,123,124,125,126,127,128,129,130,132,133,134,135,136,137,138,139,140,141,142,143,150,151,152,153,154,155,156,157,159,160,167,168,175,176,177,178,194,5,131) [ RunTime:0.000812s ]
[ sql ] [ SQL ] SHOW COLUMNS FROM `fa_attachment` [ RunTime:0.000622s ]
[ sql ] [ SQL ] SELECT COUNT(*) AS tp_count FROM `fa_attachment` ORDER BY `id` DESC LIMIT 1 [ RunTime:0.000247s ]
[ sql ] [ SQL ] SELECT * FROM `fa_attachment` ORDER BY `id` DESC LIMIT 0,10 [ RunTime:0.000256s ]
---------------------------------------------------------------
[ 2020-01-03T11:51:57+08:00 ] 112.38.63.249 GET /admin/order/bedorder?addtabs=1
[ sql ] [ DB ] CONNECT:[ UseTime:0.000627s ] mysql:host=127.0.0.1;dbname=share;charset=utf8
[ sql ] [ SQL ] SHOW COLUMNS FROM `fa_auth_group_access` [ RunTime:0.000619s ]
[ sql ] [ SQL ] SELECT `aga`.`uid`,`aga`.`group_id`,`ag`.`id`,`ag`.`pid`,`ag`.`name`,`ag`.`rules` FROM `fa_auth_group_access` `aga` LEFT JOIN `fa_auth_group` `ag` ON `aga`.`group_id`=`ag`.`id` WHERE  (  aga.uid='11' and ag.status='normal' ) [ RunTime:0.000378s ]
[ sql ] [ SQL ] SHOW COLUMNS FROM `fa_auth_rule` [ RunTime:0.000525s ]
[ sql ] [ SQL ] SELECT `id`,`pid`,`condition`,`icon`,`name`,`title`,`ismenu` FROM `fa_auth_rule` WHERE  `status` = 'normal'  AND `id` IN (2,7,9,11,23,24,25,26,27,28,40,41,42,43,47,48,49,50,92,93,94,95,96,97,98,99,100,101,102,103,104,105,106,107,108,109,110,111,112,113,114,115,117,118,119,120,121,122,123,124,125,126,127,128,129,130,132,133,134,135,136,137,138,139,140,141,142,143,150,151,152,153,154,155,156,157,159,160,167,168,175,176,177,178,194,5,131) [ RunTime:0.000866s ]
[ sql ] [ SQL ] SELECT `title`,`remark` FROM `fa_auth_rule` WHERE  `name` = 'order/bedorder' LIMIT 1 [ RunTime:0.000343s ]
---------------------------------------------------------------
[ 2020-01-03T11:51:58+08:00 ] 112.38.63.249 GET /admin/order/bedorder/index?sort=order_no&order=desc&offset=0&limit=10&filter=%7B%7D&op=%7B%7D&_=1578023520783
[ sql ] [ DB ] CONNECT:[ UseTime:0.000662s ] mysql:host=127.0.0.1;dbname=share;charset=utf8
[ sql ] [ SQL ] SHOW COLUMNS FROM `fa_auth_group_access` [ RunTime:0.000597s ]
[ sql ] [ SQL ] SELECT `aga`.`uid`,`aga`.`group_id`,`ag`.`id`,`ag`.`pid`,`ag`.`name`,`ag`.`rules` FROM `fa_auth_group_access` `aga` LEFT JOIN `fa_auth_group` `ag` ON `aga`.`group_id`=`ag`.`id` WHERE  (  aga.uid='11' and ag.status='normal' ) [ RunTime:0.000352s ]
[ sql ] [ SQL ] SHOW COLUMNS FROM `fa_auth_rule` [ RunTime:0.000515s ]
[ sql ] [ SQL ] SELECT `id`,`pid`,`condition`,`icon`,`name`,`title`,`ismenu` FROM `fa_auth_rule` WHERE  `status` = 'normal'  AND `id` IN (2,7,9,11,23,24,25,26,27,28,40,41,42,43,47,48,49,50,92,93,94,95,96,97,98,99,100,101,102,103,104,105,106,107,108,109,110,111,112,113,114,115,117,118,119,120,121,122,123,124,125,126,127,128,129,130,132,133,134,135,136,137,138,139,140,141,142,143,150,151,152,153,154,155,156,157,159,160,167,168,175,176,177,178,194,5,131) [ RunTime:0.000829s ]
[ sql ] [ SQL ] SHOW COLUMNS FROM `fa_auth_group` [ RunTime:0.000551s ]
[ sql ] [ SQL ] SELECT * FROM `fa_auth_group` WHERE  `status` = 'normal' [ RunTime:0.000305s ]
[ sql ] [ SQL ] SELECT `uid`,`group_id` FROM `fa_auth_group_access` WHERE  `group_id` IN (24) [ RunTime:0.000283s ]
[ sql ] [ SQL ] SHOW COLUMNS FROM `fa_bedorder` [ RunTime:0.000496s ]
[ sql ] [ SQL ] SHOW COLUMNS FROM `fa_netpoint` [ RunTime:0.000462s ]
[ sql ] [ SQL ] SHOW COLUMNS FROM `fa_device` [ RunTime:0.000496s ]
[ sql ] [ SQL ] SELECT COUNT(*) AS tp_count FROM `fa_bedorder` `bedorder` LEFT JOIN `fa_netpoint` `netpoint` ON `bedorder`.`netpoint_id`=`netpoint`.`id` LEFT JOIN `fa_device` `device` ON `bedorder`.`dev_id`=`device`.`dev_id` WHERE  (  `bedorder`.`admin_id` IN (15,11) ) ORDER BY `bedorder`.`order_no` DESC LIMIT 1 [ RunTime:0.001182s ]
[ sql ] [ SQL ] SELECT `bedorder`.`order_no`,`bedorder`.`users_id`,`bedorder`.`phone`,`bedorder`.`dev_id`,`bedorder`.`admin_id`,`bedorder`.`entity_id`,`bedorder`.`netpoint_id`,`bedorder`.`pricetype`,`bedorder`.`price_id`,`bedorder`.`deposit`,`bedorder`.`lightnight`,`bedorder`.`canusestart`,`bedorder`.`canuseend`,`bedorder`.`hourprice`,`bedorder`.`lighttimesprice`,`bedorder`.`nighttimesprice`,`bedorder`.`dayprice`,`bedorder`.`days`,`bedorder`.`pricedata`,`bedorder`.`total`,`bedorder`.`save`,`bedorder`.`pay`,`bedorder`.`tran_id`,`bedorder`.`refund`,`bedorder`.`refundtime`,`bedorder`.`refundnote`,`bedorder`.`step`,`bedorder`.`status`,`bedorder`.`rtn_admin_id`,`bedorder`.`createtime`,`bedorder`.`endtime`,netpoint.id AS netpoint__id,netpoint.admin_id AS netpoint__admin_id,netpoint.name AS netpoint__name,netpoint.shortname AS netpoint__shortname,netpoint.netaddr AS netpoint__netaddr,netpoint.netlng AS netpoint__netlng,netpoint.netlat AS netpoint__netlat,netpoint.deposit AS netpoint__deposit,netpoint.level1 AS netpoint__level1,netpoint.level2 AS netpoint__level2,netpoint.level3 AS netpoint__level3,netpoint.level4 AS netpoint__level4,netpoint.percent1 AS netpoint__percent1,netpoint.percent2 AS netpoint__percent2,netpoint.percent3 AS netpoint__percent3,netpoint.percent4 AS netpoint__percent4,netpoint.mt_admin_id AS netpoint__mt_admin_id,netpoint.mall_admin_id AS netpoint__mall_admin_id,netpoint.status AS netpoint__status,device.id AS device__id,device.dev_id AS device__dev_id,device.iscabinet AS device__iscabinet,device.devtype_id AS device__devtype_id,device.price_id AS device__price_id,device.netpoint_id AS device__netpoint_id,device.department AS device__department,device.room AS device__room,device.bed AS device__bed,device.entity_id AS device__entity_id,device.admin_id AS device__admin_id,device.mac AS device__mac,device.blekey AS device__blekey,device.blepwd AS device__blepwd,device.mac2 AS device__mac2,device.blekey2 AS device__blekey2,device.blepwd2 AS device__blepwd2,device.createtime AS device__createtime,device.updatetime AS device__updatetime,device.status AS device__status FROM `fa_bedorder` `bedorder` LEFT JOIN `fa_netpoint` `netpoint` ON `bedorder`.`netpoint_id`=`netpoint`.`id` LEFT JOIN `fa_device` `device` ON `bedorder`.`dev_id`=`device`.`dev_id` WHERE  (  `bedorder`.`admin_id` IN (15,11) ) ORDER BY `bedorder`.`order_no` DESC LIMIT 0,10 [ RunTime:0.000778s ]
---------------------------------------------------------------
[ 2020-01-03T11:51:59+08:00 ] 112.38.63.249 GET /admin/order/bedorder/index?sort=order_no&order=desc&offset=0&limit=10&filter=%7B%7D&op=%7B%7D&_=1578023520784
[ sql ] [ DB ] CONNECT:[ UseTime:0.000645s ] mysql:host=127.0.0.1;dbname=share;charset=utf8
[ sql ] [ SQL ] SHOW COLUMNS FROM `fa_auth_group_access` [ RunTime:0.000603s ]
[ sql ] [ SQL ] SELECT `aga`.`uid`,`aga`.`group_id`,`ag`.`id`,`ag`.`pid`,`ag`.`name`,`ag`.`rules` FROM `fa_auth_group_access` `aga` LEFT JOIN `fa_auth_group` `ag` ON `aga`.`group_id`=`ag`.`id` WHERE  (  aga.uid='11' and ag.status='normal' ) [ RunTime:0.000372s ]
[ sql ] [ SQL ] SHOW COLUMNS FROM `fa_auth_rule` [ RunTime:0.000538s ]
[ sql ] [ SQL ] SELECT `id`,`pid`,`condition`,`icon`,`name`,`title`,`ismenu` FROM `fa_auth_rule` WHERE  `status` = 'normal'  AND `id` IN (2,7,9,11,23,24,25,26,27,28,40,41,42,43,47,48,49,50,92,93,94,95,96,97,98,99,100,101,102,103,104,105,106,107,108,109,110,111,112,113,114,115,117,118,119,120,121,122,123,124,125,126,127,128,129,130,132,133,134,135,136,137,138,139,140,141,142,143,150,151,152,153,154,155,156,157,159,160,167,168,175,176,177,178,194,5,131) [ RunTime:0.000845s ]
[ sql ] [ SQL ] SHOW COLUMNS FROM `fa_auth_group` [ RunTime:0.000564s ]
[ sql ] [ SQL ] SELECT * FROM `fa_auth_group` WHERE  `status` = 'normal' [ RunTime:0.000288s ]
[ sql ] [ SQL ] SELECT `uid`,`group_id` FROM `fa_auth_group_access` WHERE  `group_id` IN (24) [ RunTime:0.000250s ]
[ sql ] [ SQL ] SHOW COLUMNS FROM `fa_bedorder` [ RunTime:0.000525s ]
[ sql ] [ SQL ] SHOW COLUMNS FROM `fa_netpoint` [ RunTime:0.000492s ]
[ sql ] [ SQL ] SHOW COLUMNS FROM `fa_device` [ RunTime:0.000520s ]
[ sql ] [ SQL ] SELECT COUNT(*) AS tp_count FROM `fa_bedorder` `bedorder` LEFT JOIN `fa_netpoint` `netpoint` ON `bedorder`.`netpoint_id`=`netpoint`.`id` LEFT JOIN `fa_device` `device` ON `bedorder`.`dev_id`=`device`.`dev_id` WHERE  (  `bedorder`.`admin_id` IN (15,11) ) ORDER BY `bedorder`.`order_no` DESC LIMIT 1 [ RunTime:0.001223s ]
[ sql ] [ SQL ] SELECT `bedorder`.`order_no`,`bedorder`.`users_id`,`bedorder`.`phone`,`bedorder`.`dev_id`,`bedorder`.`admin_id`,`bedorder`.`entity_id`,`bedorder`.`netpoint_id`,`bedorder`.`pricetype`,`bedorder`.`price_id`,`bedorder`.`deposit`,`bedorder`.`lightnight`,`bedorder`.`canusestart`,`bedorder`.`canuseend`,`bedorder`.`hourprice`,`bedorder`.`lighttimesprice`,`bedorder`.`nighttimesprice`,`bedorder`.`dayprice`,`bedorder`.`days`,`bedorder`.`pricedata`,`bedorder`.`total`,`bedorder`.`save`,`bedorder`.`pay`,`bedorder`.`tran_id`,`bedorder`.`refund`,`bedorder`.`refundtime`,`bedorder`.`refundnote`,`bedorder`.`step`,`bedorder`.`status`,`bedorder`.`rtn_admin_id`,`bedorder`.`createtime`,`bedorder`.`endtime`,netpoint.id AS netpoint__id,netpoint.admin_id AS netpoint__admin_id,netpoint.name AS netpoint__name,netpoint.shortname AS netpoint__shortname,netpoint.netaddr AS netpoint__netaddr,netpoint.netlng AS netpoint__netlng,netpoint.netlat AS netpoint__netlat,netpoint.deposit AS netpoint__deposit,netpoint.level1 AS netpoint__level1,netpoint.level2 AS netpoint__level2,netpoint.level3 AS netpoint__level3,netpoint.level4 AS netpoint__level4,netpoint.percent1 AS netpoint__percent1,netpoint.percent2 AS netpoint__percent2,netpoint.percent3 AS netpoint__percent3,netpoint.percent4 AS netpoint__percent4,netpoint.mt_admin_id AS netpoint__mt_admin_id,netpoint.mall_admin_id AS netpoint__mall_admin_id,netpoint.status AS netpoint__status,device.id AS device__id,device.dev_id AS device__dev_id,device.iscabinet AS device__iscabinet,device.devtype_id AS device__devtype_id,device.price_id AS device__price_id,device.netpoint_id AS device__netpoint_id,device.department AS device__department,device.room AS device__room,device.bed AS device__bed,device.entity_id AS device__entity_id,device.admin_id AS device__admin_id,device.mac AS device__mac,device.blekey AS device__blekey,device.blepwd AS device__blepwd,device.mac2 AS device__mac2,device.blekey2 AS device__blekey2,device.blepwd2 AS device__blepwd2,device.createtime AS device__createtime,device.updatetime AS device__updatetime,device.status AS device__status FROM `fa_bedorder` `bedorder` LEFT JOIN `fa_netpoint` `netpoint` ON `bedorder`.`netpoint_id`=`netpoint`.`id` LEFT JOIN `fa_device` `device` ON `bedorder`.`dev_id`=`device`.`dev_id` WHERE  (  `bedorder`.`admin_id` IN (15,11) ) ORDER BY `bedorder`.`order_no` DESC LIMIT 0,10 [ RunTime:0.000776s ]
---------------------------------------------------------------
[ 2020-01-03T12:05:59+08:00 ] 117.132.198.179 POST /api/Bedorder/queryauth
[ info ] queryauth request: 
[ info ] {"mac":"FCB92889C178"}
[ info ] queryauth response: 
[ info ] 1
---------------------------------------------------------------
[ 2020-01-03T12:15:52+08:00 ] 218.204.252.89 POST /api/Bedorder/queryauth
[ info ] queryauth request: 
[ info ] {"mac":"E6EC09A26F52"}
[ info ] queryauth response: 
[ info ] 1
---------------------------------------------------------------
[ 2020-01-03T12:15:56+08:00 ] 218.204.252.89 POST /api/Bedorder/queryauth
[ info ] queryauth request: 
[ info ] {"mac":"E6EC09A26F52"}
[ info ] queryauth response: 
[ info ] 1
---------------------------------------------------------------
[ 2020-01-03T12:18:38+08:00 ] 218.204.252.103 POST /api/Bedorder/queryauth
[ info ] queryauth request: 
[ info ] {"mac":"F00C18FC6116"}
[ info ] queryauth response: 
[ info ] 1
---------------------------------------------------------------
[ 2020-01-03T12:39:32+08:00 ] 223.104.255.172 POST /api/Bedorder/queryauth
[ info ] queryauth request: 
[ info ] {"mac":"C5B6C441195D"}
[ info ] queryauth response: 
[ info ] 1
---------------------------------------------------------------
[ 2020-01-03T12:42:01+08:00 ] 218.204.252.103 POST /api/Bedorder/queryauth
[ info ] queryauth request: 
[ info ] {"mac":"F00C18FC6116"}
[ info ] queryauth response: 
[ info ] 1
---------------------------------------------------------------
[ 2020-01-03T13:32:55+08:00 ] 117.132.196.180 POST /api/Bedorder/queryauth
[ info ] queryauth request: 
[ info ] {"mac":"CC3DD33D1998"}
[ info ] queryauth response: 
[ info ] 1
---------------------------------------------------------------
[ 2020-01-03T14:03:40+08:00 ] 39.144.17.23 POST /api/Bedorder/queryauth
[ info ] queryauth request: 
[ info ] {"mac":"EC675A47FFAA"}
[ info ] queryauth response: 
[ info ] 1
---------------------------------------------------------------
[ 2020-01-03T14:03:45+08:00 ] 39.144.17.23 POST /api/Bedorder/queryauth
[ info ] queryauth request: 
[ info ] {"mac":"EC675A47FFAA"}
[ info ] queryauth response: 
[ info ] 1
---------------------------------------------------------------
[ 2020-01-03T14:42:34+08:00 ] 117.132.195.136 POST /api/Bedorder/queryauth
[ info ] queryauth request: 
[ info ] {"mac":"CEE11692C751"}
[ info ] queryauth response: 
[ info ] 1
---------------------------------------------------------------
[ 2020-01-03T14:46:11+08:00 ] 223.104.255.97 POST /api/Bedorder/queryauth
[ info ] queryauth request: 
[ info ] {"mac":"F8A702B6332A"}
[ info ] queryauth response: 
[ info ] 1
---------------------------------------------------------------
[ 2020-01-03T15:25:04+08:00 ] 221.178.125.95 POST /api/Bedorder/queryauth
[ info ] queryauth request: 
[ info ] {"mac":"D826528CEF47"}
[ info ] queryauth response: 
[ info ] 1
---------------------------------------------------------------
[ 2020-01-03T15:25:18+08:00 ] 221.178.125.95 POST /api/Bedorder/queryauth
[ info ] queryauth request: 
[ info ] {"mac":"D826528CEF47"}
[ info ] queryauth response: 
[ info ] 1
---------------------------------------------------------------
[ 2020-01-03T15:25:39+08:00 ] 221.178.125.95 POST /api/Bedorder/queryauth
[ info ] queryauth request: 
[ info ] {"mac":"D826528CEF47"}
[ info ] queryauth response: 
[ info ] 1
---------------------------------------------------------------
[ 2020-01-03T17:20:02+08:00 ] 218.204.253.148 POST /api/Bedorder/queryauth
[ info ] queryauth request: 
[ info ] {"mac":"FF3F13AA896D"}
[ info ] queryauth response: 
[ info ] 1
---------------------------------------------------------------
[ 2020-01-03T17:20:11+08:00 ] 218.204.253.148 POST /api/Bedorder/queryauth
[ info ] queryauth request: 
[ info ] {"mac":"FF3F13AA896D"}
[ info ] queryauth response: 
[ info ] 1
---------------------------------------------------------------
[ 2020-01-03T17:20:16+08:00 ] 218.204.253.148 POST /api/Bedorder/queryauth
[ info ] queryauth request: 
[ info ] {"mac":"FF3F13AA896D"}
[ info ] queryauth response: 
[ info ] 1
---------------------------------------------------------------
[ 2020-01-03T17:31:24+08:00 ] 39.144.17.131 POST /api/Bedorder/queryauth
[ info ] queryauth request: 
[ info ] {"mac":"E315281FCC2B"}
[ info ] queryauth response: 
[ info ] 1
---------------------------------------------------------------
[ 2020-01-03T17:51:16+08:00 ] 218.204.253.30 POST /api/Bedorder/queryauth
[ info ] queryauth request: 
[ info ] {"mac":"F1DC5B21F1DB"}
[ info ] queryauth response: 
[ info ] 1
---------------------------------------------------------------
[ 2020-01-03T18:39:32+08:00 ] 112.17.242.235 POST /api/Bedorder/queryauth
[ info ] queryauth request: 
[ info ] {"mac":"C54C9905F89D"}
[ info ] queryauth response: 
[ info ] 0
---------------------------------------------------------------
[ 2020-01-03T18:51:19+08:00 ] 223.104.255.172 POST /api/Bedorder/queryauth
[ info ] queryauth request: 
[ info ] {"mac":"C5B6C441195D"}
[ info ] queryauth response: 
[ info ] 1
---------------------------------------------------------------
[ 2020-01-03T20:31:30+08:00 ] 218.204.253.178 POST /api/Bedorder/queryauth
[ info ] queryauth request: 
[ info ] {"mac":"D72B441E601A"}
[ info ] queryauth response: 
[ info ] 1
---------------------------------------------------------------
[ 2020-01-03T20:56:27+08:00 ] 218.204.253.30 POST /api/Bedorder/queryauth
[ info ] queryauth request: 
[ info ] {"mac":"F1DC5B21F1DB"}
[ info ] queryauth response: 
[ info ] 1
---------------------------------------------------------------
[ 2020-01-03T21:13:08+08:00 ] 117.132.191.192 POST /api/Bedorder/queryauth
[ info ] queryauth request: 
[ info ] {"mac":"DD282FAD9646"}
[ info ] queryauth response: 
[ info ] 1
---------------------------------------------------------------
[ 2020-01-03T21:26:11+08:00 ] 218.204.253.152 POST /api/Bedorder/queryauth
[ info ] queryauth request: 
[ info ] {"mac":"D1C83B0E40C1"}
[ info ] queryauth response: 
[ info ] 1
---------------------------------------------------------------
[ 2020-01-03T21:27:40+08:00 ] 218.204.253.152 POST /api/Bedorder/queryauth
[ info ] queryauth request: 
[ info ] {"mac":"D1C83B0E40C1"}
[ info ] queryauth response: 
[ info ] 1
