---------------------------------------------------------------
[ 2020-01-06T01:35:50+08:00 ] 218.204.253.236 POST /api/Bedorder/queryauth
[ info ] queryauth request: 
[ info ] {"mac":"F545DA20B28A"}
[ info ] queryauth response: 
[ info ] 1
---------------------------------------------------------------
[ 2020-01-06T01:36:33+08:00 ] 218.204.253.236 POST /api/Bedorder/queryauth
[ info ] queryauth request: 
[ info ] {"mac":"F545DA20B28A"}
[ info ] queryauth response: 
[ info ] 1
---------------------------------------------------------------
[ 2020-01-06T04:07:25+08:00 ] 39.144.17.237 POST /api/Bedorder/queryauth
[ info ] queryauth request: 
[ info ] {"mac":"CDE4E425F730"}
[ info ] queryauth response: 
[ info ] 1
---------------------------------------------------------------
[ 2020-01-06T05:51:08+08:00 ] 39.144.18.78 POST /api/Bedorder/queryauth
[ info ] queryauth request: 
[ info ] {"mac":"CDBAA1C23C32"}
[ info ] queryauth response: 
[ info ] 1
---------------------------------------------------------------
[ 2020-01-06T05:57:34+08:00 ] 39.144.17.85 POST /api/Bedorder/queryauth
[ info ] queryauth request: 
[ info ] {"mac":"D91FE12B3049"}
[ info ] queryauth response: 
[ info ] 1
---------------------------------------------------------------
[ 2020-01-06T06:00:43+08:00 ] 117.132.196.42 POST /api/Bedorder/queryauth
[ info ] queryauth request: 
[ info ] {"mac":"D3E9D383A608"}
[ info ] queryauth response: 
[ info ] 1
---------------------------------------------------------------
[ 2020-01-06T07:23:15+08:00 ] 39.144.17.183 POST /api/Bedorder/queryauth
[ info ] queryauth request: 
[ info ] {"mac":"C13D829CA83E"}
[ info ] queryauth response: 
[ info ] 1
---------------------------------------------------------------
[ 2020-01-06T07:23:21+08:00 ] 39.144.17.183 POST /api/Bedorder/queryauth
[ info ] queryauth request: 
[ info ] {"mac":"C13D829CA83E"}
[ info ] queryauth response: 
[ info ] 1
---------------------------------------------------------------
[ 2020-01-06T07:23:24+08:00 ] 39.144.17.183 POST /api/Bedorder/queryauth
[ info ] queryauth request: 
[ info ] {"mac":"C13D829CA83E"}
[ info ] queryauth response: 
[ info ] 1
---------------------------------------------------------------
[ 2020-01-06T08:12:54+08:00 ] 218.204.252.61 POST /api/Bedorder/queryauth
[ info ] queryauth request: 
[ info ] {"mac":"D3B457EF2D84"}
[ info ] queryauth response: 
[ info ] 1
---------------------------------------------------------------
[ 2020-01-06T08:17:13+08:00 ] 221.178.126.65 POST /api/Bedorder/queryauth
[ info ] queryauth request: 
[ info ] {"mac":"E4F22359480B"}
[ info ] queryauth response: 
[ info ] 1
---------------------------------------------------------------
[ 2020-01-06T08:17:16+08:00 ] 221.178.126.65 POST /api/Bedorder/queryauth
[ info ] queryauth request: 
[ info ] {"mac":"E4F22359480B"}
[ info ] queryauth response: 
[ info ] 1
---------------------------------------------------------------
[ 2020-01-06T09:13:22+08:00 ] 221.178.126.67 POST /api/Bedorder/queryauth
[ info ] queryauth request: 
[ info ] {"mac":"EA689592BDB9"}
[ info ] queryauth response: 
[ info ] 1
---------------------------------------------------------------
[ 2020-01-06T09:15:31+08:00 ] 223.104.255.180 POST /api/Bedorder/queryauth
[ info ] queryauth request: 
[ info ] {"mac":"C79E1762BE22"}
[ info ] queryauth response: 
[ info ] 1
---------------------------------------------------------------
[ 2020-01-06T09:51:06+08:00 ] 218.204.252.184 POST /api/Bedorder/queryauth
[ info ] queryauth request: 
[ info ] {"mac":"FD4D7469C811"}
[ info ] queryauth response: 
[ info ] 1
---------------------------------------------------------------
[ 2020-01-06T10:35:42+08:00 ] 223.104.255.172 POST /api/Bedorder/queryauth
[ info ] queryauth request: 
[ info ] {"mac":"C5B6C441195D"}
[ info ] queryauth response: 
[ info ] 1
---------------------------------------------------------------
[ 2020-01-06T11:34:33+08:00 ] 221.178.125.202 POST /api/Bedorder/queryauth
[ info ] queryauth request: 
[ info ] {"mac":"FE67B8F40025"}
[ info ] queryauth response: 
[ info ] 1
---------------------------------------------------------------
[ 2020-01-06T11:40:41+08:00 ] 221.178.126.65 POST /api/Bedorder/queryauth
[ info ] queryauth request: 
[ info ] {"mac":"E4F22359480B"}
[ info ] queryauth response: 
[ info ] 1
---------------------------------------------------------------
[ 2020-01-06T11:41:29+08:00 ] 117.132.198.146 POST /api/Bedorder/queryauth
[ info ] queryauth request: 
[ info ] {"mac":"D969E464107E"}
[ info ] queryauth response: 
[ info ] 1
---------------------------------------------------------------
[ 2020-01-06T13:02:26+08:00 ] 221.178.126.71 POST /api/Bedorder/queryauth
[ info ] queryauth request: 
[ info ] {"mac":"FA7B8700AC59"}
[ info ] queryauth response: 
[ info ] 1
---------------------------------------------------------------
[ 2020-01-06T13:02:34+08:00 ] 221.178.126.71 POST /api/Bedorder/queryauth
[ info ] queryauth request: 
[ info ] {"mac":"FA7B8700AC59"}
[ info ] queryauth response: 
[ info ] 1
---------------------------------------------------------------
[ 2020-01-06T15:49:50+08:00 ] 39.144.18.78 POST /api/Bedorder/queryauth
[ info ] queryauth request: 
[ info ] {"mac":"CDBAA1C23C32"}
[ info ] queryauth response: 
[ info ] 1
---------------------------------------------------------------
[ 2020-01-06T17:01:52+08:00 ] 221.178.126.227 POST /api/Bedorder/queryauth
[ info ] queryauth request: 
[ info ] {"mac":"F34634F389D4"}
[ info ] queryauth response: 
[ info ] 1
---------------------------------------------------------------
[ 2020-01-06T17:04:08+08:00 ] 117.132.198.31 POST /api/Bedorder/queryauth
[ info ] queryauth request: 
[ info ] {"mac":"E3029E0D84DA"}
[ info ] queryauth response: 
[ info ] 1
---------------------------------------------------------------
[ 2020-01-06T17:27:36+08:00 ] 218.204.252.75 POST /api/Bedorder/queryauth
[ info ] queryauth request: 
[ info ] {"mac":"E3029E0D84DA"}
[ info ] queryauth response: 
[ info ] 1
---------------------------------------------------------------
[ 2020-01-06T17:33:51+08:00 ] 221.178.126.227 POST /api/Bedorder/queryauth
[ info ] queryauth request: 
[ info ] {"mac":"F34634F389D4"}
[ info ] queryauth response: 
[ info ] 1
---------------------------------------------------------------
[ 2020-01-06T17:34:09+08:00 ] 221.178.126.227 POST /api/Bedorder/queryauth
[ info ] queryauth request: 
[ info ] {"mac":"F34634F389D4"}
[ info ] queryauth response: 
[ info ] 1
---------------------------------------------------------------
[ 2020-01-06T17:36:55+08:00 ] 218.204.253.30 POST /api/Bedorder/queryauth
[ info ] queryauth request: 
[ info ] {"mac":"F1DC5B21F1DB"}
[ info ] queryauth response: 
[ info ] 1
---------------------------------------------------------------
[ 2020-01-06T17:37:01+08:00 ] 218.204.253.30 POST /api/Bedorder/queryauth
[ info ] queryauth request: 
[ info ] {"mac":"F1DC5B21F1DB"}
[ info ] queryauth response: 
[ info ] 1
---------------------------------------------------------------
[ 2020-01-06T18:07:47+08:00 ] 218.204.253.120 POST /api/Bedorder/queryauth
[ info ] queryauth request: 
[ info ] {"mac":"D3D67CFC2865"}
[ info ] queryauth response: 
[ info ] 1
---------------------------------------------------------------
[ 2020-01-06T18:07:55+08:00 ] 218.204.253.120 POST /api/Bedorder/queryauth
[ info ] queryauth request: 
[ info ] {"mac":"D3D67CFC2865"}
[ info ] queryauth response: 
[ info ] 1
---------------------------------------------------------------
[ 2020-01-06T18:08:01+08:00 ] 218.204.253.120 POST /api/Bedorder/queryauth
[ info ] queryauth request: 
[ info ] {"mac":"D3D67CFC2865"}
[ info ] queryauth response: 
[ info ] 1
---------------------------------------------------------------
[ 2020-01-06T18:56:22+08:00 ] 221.178.124.190 POST /api/Bedorder/queryauth
[ info ] queryauth request: 
[ info ] {"mac":"CA41B5A22D1A"}
[ info ] queryauth response: 
[ info ] 1
---------------------------------------------------------------
[ 2020-01-06T18:56:26+08:00 ] 221.178.124.190 POST /api/Bedorder/queryauth
[ info ] queryauth request: 
[ info ] {"mac":"CA41B5A22D1A"}
[ info ] queryauth response: 
[ info ] 1
---------------------------------------------------------------
[ 2020-01-06T18:57:00+08:00 ] 117.132.195.136 POST /api/Bedorder/queryauth
[ info ] queryauth request: 
[ info ] {"mac":"CEE11692C751"}
[ info ] queryauth response: 
[ info ] 1
---------------------------------------------------------------
[ 2020-01-06T18:58:02+08:00 ] 221.178.124.190 POST /api/Bedorder/queryauth
[ info ] queryauth request: 
[ info ] {"mac":"CA41B5A22D1A"}
[ info ] queryauth response: 
[ info ] 1
---------------------------------------------------------------
[ 2020-01-06T18:58:10+08:00 ] 221.178.124.190 POST /api/Bedorder/queryauth
[ info ] queryauth request: 
[ info ] {"mac":"CA41B5A22D1A"}
[ info ] queryauth response: 
[ info ] 1
---------------------------------------------------------------
[ 2020-01-06T18:58:21+08:00 ] 221.178.124.190 POST /api/Bedorder/queryauth
[ info ] queryauth request: 
[ info ] {"mac":"CA41B5A22D1A"}
[ info ] queryauth response: 
[ info ] 1
---------------------------------------------------------------
[ 2020-01-06T19:25:38+08:00 ] 218.204.253.236 POST /api/Bedorder/queryauth
[ info ] queryauth request: 
[ info ] {"mac":"F545DA20B28A"}
[ info ] queryauth response: 
[ info ] 1
---------------------------------------------------------------
[ 2020-01-06T19:34:47+08:00 ] 218.204.253.120 POST /api/Bedorder/queryauth
[ info ] queryauth request: 
[ info ] {"mac":"D3D67CFC2865"}
[ info ] queryauth response: 
[ info ] 1
---------------------------------------------------------------
[ 2020-01-06T19:34:54+08:00 ] 218.204.253.120 POST /api/Bedorder/queryauth
[ info ] queryauth request: 
[ info ] {"mac":"D3D67CFC2865"}
[ info ] queryauth response: 
[ info ] 1
---------------------------------------------------------------
[ 2020-01-06T19:53:03+08:00 ] 223.104.254.224 POST /api/Bedorder/queryauth
[ info ] queryauth request: 
[ info ] {"mac":"C5E46B095C73"}
[ info ] queryauth response: 
[ info ] 1
---------------------------------------------------------------
[ 2020-01-06T20:04:44+08:00 ] 39.144.18.78 POST /api/Bedorder/queryauth
[ info ] queryauth request: 
[ info ] {"mac":"CDBAA1C23C32"}
[ info ] queryauth response: 
[ info ] 1
---------------------------------------------------------------
[ 2020-01-06T20:04:47+08:00 ] 117.132.196.42 POST /api/Bedorder/queryauth
[ info ] queryauth request: 
[ info ] {"mac":"D3E9D383A608"}
[ info ] queryauth response: 
[ info ] 1
---------------------------------------------------------------
[ 2020-01-06T20:04:58+08:00 ] 39.144.18.78 POST /api/Bedorder/queryauth
[ info ] queryauth request: 
[ info ] {"mac":"CDBAA1C23C32"}
[ info ] queryauth response: 
[ info ] 1
---------------------------------------------------------------
[ 2020-01-06T20:05:10+08:00 ] 223.104.254.224 POST /api/Bedorder/queryauth
[ info ] queryauth request: 
[ info ] {"mac":"C5E46B095C73"}
[ info ] queryauth response: 
[ info ] 1
---------------------------------------------------------------
[ 2020-01-06T20:05:23+08:00 ] 223.104.254.224 POST /api/Bedorder/queryauth
[ info ] queryauth request: 
[ info ] {"mac":"C5E46B095C73"}
[ info ] queryauth response: 
[ info ] 1
---------------------------------------------------------------
[ 2020-01-06T20:05:24+08:00 ] 117.132.192.90 POST /api/Bedorder/queryauth
[ info ] queryauth request: 
[ info ] {"mac":"EFC3CA091D7F"}
[ info ] queryauth response: 
[ info ] 1
---------------------------------------------------------------
[ 2020-01-06T20:43:14+08:00 ] 39.144.17.164 POST /api/Bedorder/queryauth
[ info ] queryauth request: 
[ info ] {"mac":"EDF61DA52E39"}
[ info ] queryauth response: 
[ info ] 1
---------------------------------------------------------------
[ 2020-01-06T20:43:19+08:00 ] 39.144.17.164 POST /api/Bedorder/queryauth
[ info ] queryauth request: 
[ info ] {"mac":"EDF61DA52E39"}
[ info ] queryauth response: 
[ info ] 1
---------------------------------------------------------------
[ 2020-01-06T20:43:24+08:00 ] 39.144.17.164 POST /api/Bedorder/queryauth
[ info ] queryauth request: 
[ info ] {"mac":"EDF61DA52E39"}
[ info ] queryauth response: 
[ info ] 1
---------------------------------------------------------------
[ 2020-01-06T20:43:31+08:00 ] 39.144.17.164 POST /api/Bedorder/queryauth
[ info ] queryauth request: 
[ info ] {"mac":"EDF61DA52E39"}
[ info ] queryauth response: 
[ info ] 1
---------------------------------------------------------------
[ 2020-01-06T21:14:32+08:00 ] 39.144.17.215 POST /api/Bedorder/queryauth
[ info ] queryauth request: 
[ info ] {"mac":"D44A17249F0A"}
[ info ] queryauth response: 
[ info ] 1
---------------------------------------------------------------
[ 2020-01-06T21:23:02+08:00 ] 117.132.194.90 POST /api/Bedorder/queryauth
[ info ] queryauth request: 
[ info ] {"mac":"E3029E0D84DA"}
[ info ] queryauth response: 
[ info ] 1
