---------------------------------------------------------------
[ 2020-01-15T03:43:45+08:00 ] 117.132.195.191 POST /api/Bedorder/queryauth
[ info ] queryauth request: 
[ info ] {"mac":"EE5220D4CA18"}
[ info ] queryauth response: 
[ info ] 1
---------------------------------------------------------------
[ 2020-01-15T03:57:57+08:00 ] 117.132.195.191 POST /api/Bedorder/queryauth
[ info ] queryauth request: 
[ info ] {"mac":"EE5220D4CA18"}
[ info ] queryauth response: 
[ info ] 1
---------------------------------------------------------------
[ 2020-01-15T03:58:00+08:00 ] 117.132.195.191 POST /api/Bedorder/queryauth
[ info ] queryauth request: 
[ info ] {"mac":"EE5220D4CA18"}
[ info ] queryauth response: 
[ info ] 1
---------------------------------------------------------------
[ 2020-01-15T03:58:04+08:00 ] 117.132.195.191 POST /api/Bedorder/queryauth
[ info ] queryauth request: 
[ info ] {"mac":"EE5220D4CA18"}
[ info ] queryauth response: 
[ info ] 1
---------------------------------------------------------------
[ 2020-01-15T07:58:56+08:00 ] 117.132.196.193 POST /api/Bedorder/queryauth
[ info ] queryauth request: 
[ info ] {"mac":"E3029E0D84DA"}
[ info ] queryauth response: 
[ info ] 1
---------------------------------------------------------------
[ 2020-01-15T07:59:06+08:00 ] 117.132.196.193 POST /api/Bedorder/queryauth
[ info ] queryauth request: 
[ info ] {"mac":"E3029E0D84DA"}
[ info ] queryauth response: 
[ info ] 1
---------------------------------------------------------------
[ 2020-01-15T08:13:20+08:00 ] 223.104.255.87 POST /api/Bedorder/queryauth
[ info ] queryauth request: 
[ info ] {"mac":"D7A859B2F651"}
[ info ] queryauth response: 
[ info ] 1
---------------------------------------------------------------
[ 2020-01-15T08:33:26+08:00 ] 39.144.17.85 POST /api/Bedorder/queryauth
[ info ] queryauth request: 
[ info ] {"mac":"D91FE12B3049"}
[ info ] queryauth response: 
[ info ] 1
---------------------------------------------------------------
[ 2020-01-15T08:33:30+08:00 ] 39.144.17.85 POST /api/Bedorder/queryauth
[ info ] queryauth request: 
[ info ] {"mac":"D91FE12B3049"}
[ info ] queryauth response: 
[ info ] 1
---------------------------------------------------------------
[ 2020-01-15T08:33:42+08:00 ] 39.144.17.85 POST /api/Bedorder/queryauth
[ info ] queryauth request: 
[ info ] {"mac":"D91FE12B3049"}
[ info ] queryauth response: 
[ info ] 1
---------------------------------------------------------------
[ 2020-01-15T08:33:49+08:00 ] 39.144.17.85 POST /api/Bedorder/queryauth
[ info ] queryauth request: 
[ info ] {"mac":"D91FE12B3049"}
[ info ] queryauth response: 
[ info ] 1
---------------------------------------------------------------
[ 2020-01-15T08:33:54+08:00 ] 39.144.17.85 POST /api/Bedorder/queryauth
[ info ] queryauth request: 
[ info ] {"mac":"D91FE12B3049"}
[ info ] queryauth response: 
[ info ] 1
---------------------------------------------------------------
[ 2020-01-15T08:37:23+08:00 ] 218.204.253.209 POST /api/Bedorder/queryauth
[ info ] queryauth request: 
[ info ] {"mac":"F34634F389D4"}
[ info ] queryauth response: 
[ info ] 1
---------------------------------------------------------------
[ 2020-01-15T08:37:34+08:00 ] 218.204.253.209 POST /api/Bedorder/queryauth
[ info ] queryauth request: 
[ info ] {"mac":"F34634F389D4"}
[ info ] queryauth response: 
[ info ] 1
---------------------------------------------------------------
[ 2020-01-15T08:44:15+08:00 ] 221.178.126.131 POST /api/Bedorder/queryauth
[ info ] queryauth request: 
[ info ] {"mac":"FD4D7469C811"}
[ info ] queryauth response: 
[ info ] 1
---------------------------------------------------------------
[ 2020-01-15T08:57:19+08:00 ] 223.104.254.23 POST /api/Bedorder/queryauth
[ info ] queryauth request: 
[ info ] {"mac":"EB530B160EA1"}
[ info ] queryauth response: 
[ info ] 1
---------------------------------------------------------------
[ 2020-01-15T09:03:35+08:00 ] 221.178.124.190 POST /api/Bedorder/queryauth
[ info ] queryauth request: 
[ info ] {"mac":"CA8F55037700"}
[ info ] queryauth response: 
[ info ] 1
---------------------------------------------------------------
[ 2020-01-15T09:19:25+08:00 ] 218.204.252.18 POST /api/Bedorder/queryauth
[ info ] queryauth request: 
[ info ] {"mac":"CE3840223F44"}
[ info ] queryauth response: 
[ info ] 1
---------------------------------------------------------------
[ 2020-01-15T09:19:30+08:00 ] 218.204.252.18 POST /api/Bedorder/queryauth
[ info ] queryauth request: 
[ info ] {"mac":"CE3840223F44"}
[ info ] queryauth response: 
[ info ] 1
---------------------------------------------------------------
[ 2020-01-15T09:19:42+08:00 ] 218.204.252.18 POST /api/Bedorder/queryauth
[ info ] queryauth request: 
[ info ] {"mac":"CE3840223F44"}
[ info ] queryauth response: 
[ info ] 1
---------------------------------------------------------------
[ 2020-01-15T09:19:47+08:00 ] 218.204.252.18 POST /api/Bedorder/queryauth
[ info ] queryauth request: 
[ info ] {"mac":"CE3840223F44"}
[ info ] queryauth response: 
[ info ] 1
---------------------------------------------------------------
[ 2020-01-15T09:39:39+08:00 ] 39.144.18.82 POST /api/Bedorder/queryauth
[ info ] queryauth request: 
[ info ] {"mac":"FA4BDA7B9C51"}
[ info ] queryauth response: 
[ info ] 1
---------------------------------------------------------------
[ 2020-01-15T09:39:43+08:00 ] 39.144.18.82 POST /api/Bedorder/queryauth
[ info ] queryauth request: 
[ info ] {"mac":"FA4BDA7B9C51"}
[ info ] queryauth response: 
[ info ] 1
---------------------------------------------------------------
[ 2020-01-15T09:39:47+08:00 ] 39.144.18.82 POST /api/Bedorder/queryauth
[ info ] queryauth request: 
[ info ] {"mac":"FA4BDA7B9C51"}
[ info ] queryauth response: 
[ info ] 1
---------------------------------------------------------------
[ 2020-01-15T09:39:51+08:00 ] 39.144.18.82 POST /api/Bedorder/queryauth
[ info ] queryauth request: 
[ info ] {"mac":"FA4BDA7B9C51"}
[ info ] queryauth response: 
[ info ] 1
---------------------------------------------------------------
[ 2020-01-15T09:39:54+08:00 ] 39.144.18.82 POST /api/Bedorder/queryauth
[ info ] queryauth request: 
[ info ] {"mac":"FA4BDA7B9C51"}
[ info ] queryauth response: 
[ info ] 1
---------------------------------------------------------------
[ 2020-01-15T09:58:39+08:00 ] 218.204.253.152 POST /api/Bedorder/queryauth
[ info ] queryauth request: 
[ info ] {"mac":"D1C83B0E40C1"}
[ info ] queryauth response: 
[ info ] 1
---------------------------------------------------------------
[ 2020-01-15T10:17:55+08:00 ] 39.144.18.82 POST /api/Bedorder/queryauth
[ info ] queryauth request: 
[ info ] {"mac":"FA4BDA7B9C51"}
[ info ] queryauth response: 
[ info ] 1
---------------------------------------------------------------
[ 2020-01-15T10:44:58+08:00 ] 117.132.193.64 POST /api/Bedorder/queryauth
[ info ] queryauth request: 
[ info ] {"mac":"CEE11692C751"}
[ info ] queryauth response: 
[ info ] 1
---------------------------------------------------------------
[ 2020-01-15T10:45:02+08:00 ] 117.132.193.64 POST /api/Bedorder/queryauth
[ info ] queryauth request: 
[ info ] {"mac":"CEE11692C751"}
[ info ] queryauth response: 
[ info ] 1
---------------------------------------------------------------
[ 2020-01-15T11:01:56+08:00 ] 39.144.17.85 POST /api/Bedorder/queryauth
[ info ] queryauth request: 
[ info ] {"mac":"D91FE12B3049"}
[ info ] queryauth response: 
[ info ] 1
---------------------------------------------------------------
[ 2020-01-15T11:09:24+08:00 ] 39.144.17.85 POST /api/Bedorder/queryauth
[ info ] queryauth request: 
[ info ] {"mac":"D91FE12B3049"}
[ info ] queryauth response: 
[ info ] 1
---------------------------------------------------------------
[ 2020-01-15T11:12:30+08:00 ] 117.132.192.139 POST /api/Bedorder/queryauth
[ info ] queryauth request: 
[ info ] {"mac":"D9DFA773BF75"}
[ info ] queryauth response: 
[ info ] 1
---------------------------------------------------------------
[ 2020-01-15T11:12:50+08:00 ] 117.132.195.191 POST /api/Bedorder/queryauth
[ info ] queryauth request: 
[ info ] {"mac":"EE5220D4CA18"}
[ info ] queryauth response: 
[ info ] 1
---------------------------------------------------------------
[ 2020-01-15T11:13:25+08:00 ] 117.132.195.191 POST /api/Bedorder/queryauth
[ info ] queryauth request: 
[ info ] {"mac":"EE5220D4CA18"}
[ info ] queryauth response: 
[ info ] 1
---------------------------------------------------------------
[ 2020-01-15T11:20:58+08:00 ] 221.178.125.82 POST /api/Bedorder/queryauth
[ info ] queryauth request: 
[ info ] {"mac":"CF212153B558"}
[ info ] queryauth response: 
[ info ] 1
---------------------------------------------------------------
[ 2020-01-15T15:26:43+08:00 ] 223.104.255.68 POST /api/Bedorder/queryauth
[ info ] queryauth request: 
[ info ] {"mac":"DF799E29F105"}
[ info ] queryauth response: 
[ info ] 1
---------------------------------------------------------------
[ 2020-01-15T16:19:39+08:00 ] 221.178.124.190 POST /api/Bedorder/queryauth
[ info ] queryauth request: 
[ info ] {"mac":"CA8F55037700"}
[ info ] queryauth response: 
[ info ] 1
---------------------------------------------------------------
[ 2020-01-15T16:28:37+08:00 ] 39.144.17.85 POST /api/Bedorder/queryauth
[ info ] queryauth request: 
[ info ] {"mac":"D91FE12B3049"}
[ info ] queryauth response: 
[ info ] 1
---------------------------------------------------------------
[ 2020-01-15T16:28:42+08:00 ] 39.144.17.85 POST /api/Bedorder/queryauth
[ info ] queryauth request: 
[ info ] {"mac":"D91FE12B3049"}
[ info ] queryauth response: 
[ info ] 1
---------------------------------------------------------------
[ 2020-01-15T16:30:09+08:00 ] 117.132.191.58 POST /api/Bedorder/queryauth
[ info ] queryauth request: 
[ info ] {"mac":"EFCB9264E3DB"}
[ info ] queryauth response: 
[ info ] 1
---------------------------------------------------------------
[ 2020-01-15T17:02:42+08:00 ] 218.204.252.187 POST /api/Bedorder/queryauth
[ info ] queryauth request: 
[ info ] {"mac":"F1DC5B21F1DB"}
[ info ] queryauth response: 
[ info ] 1
---------------------------------------------------------------
[ 2020-01-15T17:07:32+08:00 ] 117.132.191.162 POST /api/Bedorder/queryauth
[ info ] queryauth request: 
[ info ] {"mac":"C66BCBCB081A"}
[ info ] queryauth response: 
[ info ] 1
---------------------------------------------------------------
[ 2020-01-15T17:31:21+08:00 ] 221.178.127.41 POST /api/Bedorder/queryauth
[ info ] queryauth request: 
[ info ] {"mac":"DD282FAD9646"}
[ info ] queryauth response: 
[ info ] 1
---------------------------------------------------------------
[ 2020-01-15T17:33:12+08:00 ] 221.178.127.169 POST /api/Bedorder/queryauth
[ info ] queryauth request: 
[ info ] {"mac":"F583231DD7BF"}
[ info ] queryauth response: 
[ info ] 1
---------------------------------------------------------------
[ 2020-01-15T17:33:57+08:00 ] 223.104.255.217 POST /api/Bedorder/queryauth
[ info ] queryauth request: 
[ info ] {"mac":"F583231DD7BF"}
[ info ] queryauth response: 
[ info ] 1
---------------------------------------------------------------
[ 2020-01-15T17:34:09+08:00 ] 223.104.255.217 POST /api/Bedorder/queryauth
[ info ] queryauth request: 
[ info ] {"mac":"F583231DD7BF"}
[ info ] queryauth response: 
[ info ] 1
---------------------------------------------------------------
[ 2020-01-15T17:35:00+08:00 ] 223.104.255.217 POST /api/Bedorder/queryauth
[ info ] queryauth request: 
[ info ] {"mac":"F583231DD7BF"}
[ info ] queryauth response: 
[ info ] 1
---------------------------------------------------------------
[ 2020-01-15T17:50:04+08:00 ] 223.104.255.113 POST /api/Bedorder/queryauth
[ info ] queryauth request: 
[ info ] {"mac":"F583231DD7BF"}
[ info ] queryauth response: 
[ info ] 1
---------------------------------------------------------------
[ 2020-01-15T17:50:15+08:00 ] 223.104.255.113 POST /api/Bedorder/queryauth
[ info ] queryauth request: 
[ info ] {"mac":"F583231DD7BF"}
[ info ] queryauth response: 
[ info ] 1
---------------------------------------------------------------
[ 2020-01-15T17:50:22+08:00 ] 223.104.255.113 POST /api/Bedorder/queryauth
[ info ] queryauth request: 
[ info ] {"mac":"F583231DD7BF"}
[ info ] queryauth response: 
[ info ] 1
---------------------------------------------------------------
[ 2020-01-15T17:59:47+08:00 ] 39.144.17.134 POST /api/Bedorder/queryauth
[ info ] queryauth request: 
[ info ] {"mac":"E4F22359480B"}
[ info ] queryauth response: 
[ info ] 1
---------------------------------------------------------------
[ 2020-01-15T18:01:59+08:00 ] 223.104.254.123 POST /api/Bedorder/queryauth
[ info ] queryauth request: 
[ info ] {"mac":"CDBAA1C23C32"}
[ info ] queryauth response: 
[ info ] 1
---------------------------------------------------------------
[ 2020-01-15T18:02:03+08:00 ] 223.104.254.123 POST /api/Bedorder/queryauth
[ info ] queryauth request: 
[ info ] {"mac":"CDBAA1C23C32"}
[ info ] queryauth response: 
[ info ] 1
---------------------------------------------------------------
[ 2020-01-15T18:02:11+08:00 ] 223.104.254.123 POST /api/Bedorder/queryauth
[ info ] queryauth request: 
[ info ] {"mac":"CDBAA1C23C32"}
[ info ] queryauth response: 
[ info ] 1
---------------------------------------------------------------
[ 2020-01-15T18:02:18+08:00 ] 223.104.254.123 POST /api/Bedorder/queryauth
[ info ] queryauth request: 
[ info ] {"mac":"CDBAA1C23C32"}
[ info ] queryauth response: 
[ info ] 1
---------------------------------------------------------------
[ 2020-01-15T18:19:20+08:00 ] 223.104.255.4 POST /api/Bedorder/queryauth
[ info ] queryauth request: 
[ info ] {"mac":"E8413CE9A071"}
[ info ] queryauth response: 
[ info ] 1
---------------------------------------------------------------
[ 2020-01-15T18:20:15+08:00 ] 218.204.253.209 POST /api/Bedorder/queryauth
[ info ] queryauth request: 
[ info ] {"mac":"F61F071A2834"}
[ info ] queryauth response: 
[ info ] 1
---------------------------------------------------------------
[ 2020-01-15T18:20:20+08:00 ] 218.204.253.209 POST /api/Bedorder/queryauth
[ info ] queryauth request: 
[ info ] {"mac":"F61F071A2834"}
[ info ] queryauth response: 
[ info ] 1
---------------------------------------------------------------
[ 2020-01-15T18:20:21+08:00 ] 223.104.254.220 POST /api/Bedorder/queryauth
[ info ] queryauth request: 
[ info ] {"mac":"E15FB56EBDC1"}
[ info ] queryauth response: 
[ info ] 1
---------------------------------------------------------------
[ 2020-01-15T18:20:24+08:00 ] 218.204.253.209 POST /api/Bedorder/queryauth
[ info ] queryauth request: 
[ info ] {"mac":"F61F071A2834"}
[ info ] queryauth response: 
[ info ] 1
---------------------------------------------------------------
[ 2020-01-15T18:20:24+08:00 ] 223.104.254.220 POST /api/Bedorder/queryauth
[ info ] queryauth request: 
[ info ] {"mac":"E15FB56EBDC1"}
[ info ] queryauth response: 
[ info ] 1
---------------------------------------------------------------
[ 2020-01-15T18:20:31+08:00 ] 223.104.254.220 POST /api/Bedorder/queryauth
[ info ] queryauth request: 
[ info ] {"mac":"E15FB56EBDC1"}
[ info ] queryauth response: 
[ info ] 1
---------------------------------------------------------------
[ 2020-01-15T18:20:45+08:00 ] 223.104.254.220 POST /api/Bedorder/queryauth
[ info ] queryauth request: 
[ info ] {"mac":"E15FB56EBDC1"}
[ info ] queryauth response: 
[ info ] 1
---------------------------------------------------------------
[ 2020-01-15T18:20:56+08:00 ] 223.104.254.220 POST /api/Bedorder/queryauth
[ info ] queryauth request: 
[ info ] {"mac":"E15FB56EBDC1"}
[ info ] queryauth response: 
[ info ] 1
---------------------------------------------------------------
[ 2020-01-15T18:21:38+08:00 ] 218.204.253.209 POST /api/Bedorder/queryauth
[ info ] queryauth request: 
[ info ] {"mac":"F61F071A2834"}
[ info ] queryauth response: 
[ info ] 1
---------------------------------------------------------------
[ 2020-01-15T18:21:59+08:00 ] 117.132.198.122 POST /api/Bedorder/queryauth
[ info ] queryauth request: 
[ info ] {"mac":"F61F071A2834"}
[ info ] queryauth response: 
[ info ] 1
---------------------------------------------------------------
[ 2020-01-15T18:53:21+08:00 ] 223.104.255.180 POST /api/Bedorder/queryauth
[ info ] queryauth request: 
[ info ] {"mac":"C79E1762BE22"}
[ info ] queryauth response: 
[ info ] 1
---------------------------------------------------------------
[ 2020-01-15T19:34:57+08:00 ] 36.24.220.132 GET /admin/order/bedorder?ref=addtabs
[ sql ] [ DB ] CONNECT:[ UseTime:0.000845s ] mysql:host=127.0.0.1;dbname=share;charset=utf8
[ sql ] [ SQL ] SHOW COLUMNS FROM `fa_auth_group_access` [ RunTime:0.000640s ]
[ sql ] [ SQL ] SELECT `aga`.`uid`,`aga`.`group_id`,`ag`.`id`,`ag`.`pid`,`ag`.`name`,`ag`.`rules` FROM `fa_auth_group_access` `aga` LEFT JOIN `fa_auth_group` `ag` ON `aga`.`group_id`=`ag`.`id` WHERE  (  aga.uid='2' and ag.status='normal' ) [ RunTime:0.000369s ]
[ sql ] [ SQL ] SHOW COLUMNS FROM `fa_auth_rule` [ RunTime:0.000512s ]
[ sql ] [ SQL ] SELECT `id`,`pid`,`condition`,`icon`,`name`,`title`,`ismenu` FROM `fa_auth_rule` WHERE  `status` = 'normal'  AND `id` IN (1,2,6,7,8,9,10,11,13,14,15,16,17,18,19,20,21,22,23,24,25,26,27,28,29,30,31,32,33,34,40,41,42,43,44,45,46,47,48,49,50,92,93,94,95,96,97,98,99,100,101,102,103,104,105,106,107,108,109,110,111,112,113,114,115,116,117,118,119,120,121,122,123,124,125,126,127,128,129,130,132,133,134,135,136,137,138,139,140,141,142,143,144,145,146,147,148,149,150,151,152,153,154,155,156,157,159,160,161,162,163,164,165,166,167,168,169,170,171,172,173,174,175,176,177,178,179,180,183,184,189,190,191,192,193,194,197,198,199,200,201,202,203,204,205,206,207,208,209,211,5,131,182,181,188) [ RunTime:0.001223s ]
---------------------------------------------------------------
[ 2020-01-15T19:34:58+08:00 ] 36.24.220.132 GET /admin/index/index
[ sql ] [ DB ] CONNECT:[ UseTime:0.000607s ] mysql:host=127.0.0.1;dbname=share;charset=utf8
[ sql ] [ SQL ] SHOW COLUMNS FROM `fa_auth_group_access` [ RunTime:0.000572s ]
[ sql ] [ SQL ] SELECT `aga`.`uid`,`aga`.`group_id`,`ag`.`id`,`ag`.`pid`,`ag`.`name`,`ag`.`rules` FROM `fa_auth_group_access` `aga` LEFT JOIN `fa_auth_group` `ag` ON `aga`.`group_id`=`ag`.`id` WHERE  (  aga.uid='2' and ag.status='normal' ) [ RunTime:0.000357s ]
[ sql ] [ SQL ] SHOW COLUMNS FROM `fa_auth_rule` [ RunTime:0.000519s ]
[ sql ] [ SQL ] SELECT `id`,`pid`,`condition`,`icon`,`name`,`title`,`ismenu` FROM `fa_auth_rule` WHERE  `status` = 'normal'  AND `id` IN (1,2,6,7,8,9,10,11,13,14,15,16,17,18,19,20,21,22,23,24,25,26,27,28,29,30,31,32,33,34,40,41,42,43,44,45,46,47,48,49,50,92,93,94,95,96,97,98,99,100,101,102,103,104,105,106,107,108,109,110,111,112,113,114,115,116,117,118,119,120,121,122,123,124,125,126,127,128,129,130,132,133,134,135,136,137,138,139,140,141,142,143,144,145,146,147,148,149,150,151,152,153,154,155,156,157,159,160,161,162,163,164,165,166,167,168,169,170,171,172,173,174,175,176,177,178,179,180,183,184,189,190,191,192,193,194,197,198,199,200,201,202,203,204,205,206,207,208,209,211,5,131,182,181,188) [ RunTime:0.001179s ]
---------------------------------------------------------------
[ 2020-01-15T19:34:59+08:00 ] 36.24.220.132 GET /admin/order/bedorder?addtabs=1
[ sql ] [ DB ] CONNECT:[ UseTime:0.000752s ] mysql:host=127.0.0.1;dbname=share;charset=utf8
[ sql ] [ SQL ] SHOW COLUMNS FROM `fa_auth_group_access` [ RunTime:0.000776s ]
[ sql ] [ SQL ] SELECT `aga`.`uid`,`aga`.`group_id`,`ag`.`id`,`ag`.`pid`,`ag`.`name`,`ag`.`rules` FROM `fa_auth_group_access` `aga` LEFT JOIN `fa_auth_group` `ag` ON `aga`.`group_id`=`ag`.`id` WHERE  (  aga.uid='2' and ag.status='normal' ) [ RunTime:0.000434s ]
[ sql ] [ SQL ] SHOW COLUMNS FROM `fa_auth_rule` [ RunTime:0.000625s ]
[ sql ] [ SQL ] SELECT `id`,`pid`,`condition`,`icon`,`name`,`title`,`ismenu` FROM `fa_auth_rule` WHERE  `status` = 'normal'  AND `id` IN (1,2,6,7,8,9,10,11,13,14,15,16,17,18,19,20,21,22,23,24,25,26,27,28,29,30,31,32,33,34,40,41,42,43,44,45,46,47,48,49,50,92,93,94,95,96,97,98,99,100,101,102,103,104,105,106,107,108,109,110,111,112,113,114,115,116,117,118,119,120,121,122,123,124,125,126,127,128,129,130,132,133,134,135,136,137,138,139,140,141,142,143,144,145,146,147,148,149,150,151,152,153,154,155,156,157,159,160,161,162,163,164,165,166,167,168,169,170,171,172,173,174,175,176,177,178,179,180,183,184,189,190,191,192,193,194,197,198,199,200,201,202,203,204,205,206,207,208,209,211,5,131,182,181,188) [ RunTime:0.001741s ]
[ sql ] [ SQL ] SELECT `title`,`remark` FROM `fa_auth_rule` WHERE  `name` = 'order/bedorder' LIMIT 1 [ RunTime:0.000408s ]
---------------------------------------------------------------
[ 2020-01-15T19:34:59+08:00 ] 36.24.220.132 GET /admin/dashboard?addtabs=1
[ sql ] [ DB ] CONNECT:[ UseTime:0.000651s ] mysql:host=127.0.0.1;dbname=share;charset=utf8
[ sql ] [ SQL ] SHOW COLUMNS FROM `fa_auth_group_access` [ RunTime:0.000589s ]
[ sql ] [ SQL ] SELECT `aga`.`uid`,`aga`.`group_id`,`ag`.`id`,`ag`.`pid`,`ag`.`name`,`ag`.`rules` FROM `fa_auth_group_access` `aga` LEFT JOIN `fa_auth_group` `ag` ON `aga`.`group_id`=`ag`.`id` WHERE  (  aga.uid='2' and ag.status='normal' ) [ RunTime:0.000372s ]
[ sql ] [ SQL ] SHOW COLUMNS FROM `fa_auth_group` [ RunTime:0.000614s ]
[ sql ] [ SQL ] SELECT * FROM `fa_auth_group` WHERE  `status` = 'normal' [ RunTime:0.000369s ]
[ sql ] [ SQL ] SELECT `uid`,`group_id` FROM `fa_auth_group_access` WHERE  `group_id` IN (3,14,17,18,19,20,24,23,25,26) [ RunTime:0.000312s ]
[ sql ] [ SQL ] SELECT * FROM `fa_auth_group` WHERE  `status` = 'normal' [ RunTime:0.000291s ]
[ sql ] [ SQL ] SHOW COLUMNS FROM `fa_users` [ RunTime:0.000488s ]
[ sql ] [ SQL ] SELECT * FROM `fa_users` WHERE  ( `createtime` >= 1577289600 AND `createtime` < 1579104000 ) [ RunTime:0.000957s ]
[ sql ] [ SQL ] SHOW COLUMNS FROM `fa_bedorder` [ RunTime:0.000564s ]
[ sql ] [ SQL ] SELECT * FROM `fa_bedorder` WHERE  `status` >= -1  AND ( `createtime` >= 1577289600 AND `createtime` < 1579104000 ) [ RunTime:0.002399s ]
[ sql ] [ SQL ] SHOW COLUMNS FROM `fa_auth_rule` [ RunTime:0.000543s ]
[ sql ] [ SQL ] SELECT `title`,`remark` FROM `fa_auth_rule` WHERE  `name` = 'dashboard' LIMIT 1 [ RunTime:0.000227s ]
---------------------------------------------------------------
[ 2020-01-15T19:35:00+08:00 ] 36.24.220.132 GET /admin/order/bedorder/index?sort=order_no&order=desc&offset=0&limit=10&filter=%7B%7D&op=%7B%7D&_=1579088098092
[ sql ] [ DB ] CONNECT:[ UseTime:0.000652s ] mysql:host=127.0.0.1;dbname=share;charset=utf8
[ sql ] [ SQL ] SHOW COLUMNS FROM `fa_auth_group_access` [ RunTime:0.000629s ]
[ sql ] [ SQL ] SELECT `aga`.`uid`,`aga`.`group_id`,`ag`.`id`,`ag`.`pid`,`ag`.`name`,`ag`.`rules` FROM `fa_auth_group_access` `aga` LEFT JOIN `fa_auth_group` `ag` ON `aga`.`group_id`=`ag`.`id` WHERE  (  aga.uid='2' and ag.status='normal' ) [ RunTime:0.000367s ]
[ sql ] [ SQL ] SHOW COLUMNS FROM `fa_auth_rule` [ RunTime:0.000460s ]
[ sql ] [ SQL ] SELECT `id`,`pid`,`condition`,`icon`,`name`,`title`,`ismenu` FROM `fa_auth_rule` WHERE  `status` = 'normal'  AND `id` IN (1,2,6,7,8,9,10,11,13,14,15,16,17,18,19,20,21,22,23,24,25,26,27,28,29,30,31,32,33,34,40,41,42,43,44,45,46,47,48,49,50,92,93,94,95,96,97,98,99,100,101,102,103,104,105,106,107,108,109,110,111,112,113,114,115,116,117,118,119,120,121,122,123,124,125,126,127,128,129,130,132,133,134,135,136,137,138,139,140,141,142,143,144,145,146,147,148,149,150,151,152,153,154,155,156,157,159,160,161,162,163,164,165,166,167,168,169,170,171,172,173,174,175,176,177,178,179,180,183,184,189,190,191,192,193,194,197,198,199,200,201,202,203,204,205,206,207,208,209,211,5,131,182,181,188) [ RunTime:0.001240s ]
[ sql ] [ SQL ] SHOW COLUMNS FROM `fa_auth_group` [ RunTime:0.000600s ]
[ sql ] [ SQL ] SELECT * FROM `fa_auth_group` WHERE  `status` = 'normal' [ RunTime:0.000310s ]
[ sql ] [ SQL ] SELECT `uid`,`group_id` FROM `fa_auth_group_access` WHERE  `group_id` IN (3,14,17,18,19,20,24,23,25,26) [ RunTime:0.000312s ]
[ sql ] [ SQL ] SHOW COLUMNS FROM `fa_bedorder` [ RunTime:0.000504s ]
[ sql ] [ SQL ] SHOW COLUMNS FROM `fa_netpoint` [ RunTime:0.000529s ]
[ sql ] [ SQL ] SHOW COLUMNS FROM `fa_device` [ RunTime:0.000522s ]
[ sql ] [ SQL ] SELECT COUNT(*) AS tp_count FROM `fa_bedorder` `bedorder` LEFT JOIN `fa_netpoint` `netpoint` ON `bedorder`.`netpoint_id`=`netpoint`.`id` LEFT JOIN `fa_device` `device` ON `bedorder`.`dev_id`=`device`.`dev_id` WHERE  (  `bedorder`.`admin_id` IN (7,10,11,15,16,17,2) ) ORDER BY `bedorder`.`order_no` DESC LIMIT 1 [ RunTime:0.003964s ]
[ sql ] [ SQL ] SELECT `bedorder`.`order_no`,`bedorder`.`users_id`,`bedorder`.`phone`,`bedorder`.`dev_id`,`bedorder`.`admin_id`,`bedorder`.`entity_id`,`bedorder`.`netpoint_id`,`bedorder`.`pricetype`,`bedorder`.`price_id`,`bedorder`.`deposit`,`bedorder`.`lightnight`,`bedorder`.`canusestart`,`bedorder`.`canuseend`,`bedorder`.`hourprice`,`bedorder`.`lighttimesprice`,`bedorder`.`nighttimesprice`,`bedorder`.`dayprice`,`bedorder`.`days`,`bedorder`.`pricedata`,`bedorder`.`total`,`bedorder`.`save`,`bedorder`.`pay`,`bedorder`.`tran_id`,`bedorder`.`refund`,`bedorder`.`refundtime`,`bedorder`.`refundnote`,`bedorder`.`step`,`bedorder`.`status`,`bedorder`.`rtn_admin_id`,`bedorder`.`createtime`,`bedorder`.`endtime`,netpoint.id AS netpoint__id,netpoint.admin_id AS netpoint__admin_id,netpoint.name AS netpoint__name,netpoint.shortname AS netpoint__shortname,netpoint.netaddr AS netpoint__netaddr,netpoint.netlng AS netpoint__netlng,netpoint.netlat AS netpoint__netlat,netpoint.deposit AS netpoint__deposit,netpoint.level1 AS netpoint__level1,netpoint.level2 AS netpoint__level2,netpoint.level3 AS netpoint__level3,netpoint.level4 AS netpoint__level4,netpoint.percent1 AS netpoint__percent1,netpoint.percent2 AS netpoint__percent2,netpoint.percent3 AS netpoint__percent3,netpoint.percent4 AS netpoint__percent4,netpoint.mt_admin_id AS netpoint__mt_admin_id,netpoint.mall_admin_id AS netpoint__mall_admin_id,netpoint.status AS netpoint__status,device.id AS device__id,device.dev_id AS device__dev_id,device.iscabinet AS device__iscabinet,device.devtype_id AS device__devtype_id,device.price_id AS device__price_id,device.netpoint_id AS device__netpoint_id,device.department AS device__department,device.room AS device__room,device.bed AS device__bed,device.entity_id AS device__entity_id,device.admin_id AS device__admin_id,device.mac AS device__mac,device.blekey AS device__blekey,device.blepwd AS device__blepwd,device.mac2 AS device__mac2,device.blekey2 AS device__blekey2,device.blepwd2 AS device__blepwd2,device.createtime AS device__createtime,device.updatetime AS device__updatetime,device.status AS device__status FROM `fa_bedorder` `bedorder` LEFT JOIN `fa_netpoint` `netpoint` ON `bedorder`.`netpoint_id`=`netpoint`.`id` LEFT JOIN `fa_device` `device` ON `bedorder`.`dev_id`=`device`.`dev_id` WHERE  (  `bedorder`.`admin_id` IN (7,10,11,15,16,17,2) ) ORDER BY `bedorder`.`order_no` DESC LIMIT 0,10 [ RunTime:0.000616s ]
---------------------------------------------------------------
[ 2020-01-15T19:35:01+08:00 ] 36.24.220.132 GET /admin/dashboard/usercount
[ sql ] [ DB ] CONNECT:[ UseTime:0.029536s ] mysql:host=127.0.0.1;dbname=share;charset=utf8
[ sql ] [ SQL ] SHOW COLUMNS FROM `fa_auth_group_access` [ RunTime:0.036342s ]
[ sql ] [ SQL ] SELECT `aga`.`uid`,`aga`.`group_id`,`ag`.`id`,`ag`.`pid`,`ag`.`name`,`ag`.`rules` FROM `fa_auth_group_access` `aga` LEFT JOIN `fa_auth_group` `ag` ON `aga`.`group_id`=`ag`.`id` WHERE  (  aga.uid='2' and ag.status='normal' ) [ RunTime:0.001557s ]
[ sql ] [ SQL ] SHOW COLUMNS FROM `fa_auth_group` [ RunTime:0.000692s ]
[ sql ] [ SQL ] SELECT * FROM `fa_auth_group` WHERE  `status` = 'normal' [ RunTime:0.000414s ]
[ sql ] [ SQL ] SELECT `uid`,`group_id` FROM `fa_auth_group_access` WHERE  `group_id` IN (3,14,17,18,19,20,24,23,25,26) [ RunTime:0.000430s ]
[ sql ] [ SQL ] SELECT * FROM `fa_auth_group` WHERE  `status` = 'normal' [ RunTime:0.000371s ]
[ sql ] [ SQL ] SHOW COLUMNS FROM `fa_users` [ RunTime:0.000746s ]
[ sql ] [ SQL ] SELECT COUNT(*) AS tp_count FROM `fa_users` LIMIT 1 [ RunTime:0.000553s ]
---------------------------------------------------------------
[ 2020-01-15T19:35:01+08:00 ] 36.24.220.132 GET /admin/dashboard/devcount
[ sql ] [ DB ] CONNECT:[ UseTime:0.000741s ] mysql:host=127.0.0.1;dbname=share;charset=utf8
[ sql ] [ SQL ] SHOW COLUMNS FROM `fa_auth_group_access` [ RunTime:0.012971s ]
[ sql ] [ SQL ] SELECT `aga`.`uid`,`aga`.`group_id`,`ag`.`id`,`ag`.`pid`,`ag`.`name`,`ag`.`rules` FROM `fa_auth_group_access` `aga` LEFT JOIN `fa_auth_group` `ag` ON `aga`.`group_id`=`ag`.`id` WHERE  (  aga.uid='2' and ag.status='normal' ) [ RunTime:0.000421s ]
[ sql ] [ SQL ] SHOW COLUMNS FROM `fa_auth_group` [ RunTime:0.000629s ]
[ sql ] [ SQL ] SELECT * FROM `fa_auth_group` WHERE  `status` = 'normal' [ RunTime:0.000390s ]
[ sql ] [ SQL ] SELECT `uid`,`group_id` FROM `fa_auth_group_access` WHERE  `group_id` IN (3,14,17,18,19,20,24,23,25,26) [ RunTime:0.000400s ]
[ sql ] [ SQL ] SELECT * FROM `fa_auth_group` WHERE  `status` = 'normal' [ RunTime:0.000376s ]
[ sql ] [ SQL ] SHOW COLUMNS FROM `fa_device` [ RunTime:0.000636s ]
[ sql ] [ SQL ] SELECT COUNT(*) AS tp_count FROM `fa_device` WHERE  `admin_id` IN (7,10,11,15,16,17,2) LIMIT 1 [ RunTime:0.000512s ]
---------------------------------------------------------------
[ 2020-01-15T19:35:01+08:00 ] 36.24.220.132 GET /admin/dashboard/todayregister
[ sql ] [ DB ] CONNECT:[ UseTime:0.000616s ] mysql:host=127.0.0.1;dbname=share;charset=utf8
[ sql ] [ SQL ] SHOW COLUMNS FROM `fa_auth_group_access` [ RunTime:0.000535s ]
[ sql ] [ SQL ] SELECT `aga`.`uid`,`aga`.`group_id`,`ag`.`id`,`ag`.`pid`,`ag`.`name`,`ag`.`rules` FROM `fa_auth_group_access` `aga` LEFT JOIN `fa_auth_group` `ag` ON `aga`.`group_id`=`ag`.`id` WHERE  (  aga.uid='2' and ag.status='normal' ) [ RunTime:0.000317s ]
[ sql ] [ SQL ] SHOW COLUMNS FROM `fa_auth_group` [ RunTime:0.000494s ]
[ sql ] [ SQL ] SELECT * FROM `fa_auth_group` WHERE  `status` = 'normal' [ RunTime:0.000289s ]
[ sql ] [ SQL ] SELECT `uid`,`group_id` FROM `fa_auth_group_access` WHERE  `group_id` IN (3,14,17,18,19,20,24,23,25,26) [ RunTime:0.000317s ]
[ sql ] [ SQL ] SELECT * FROM `fa_auth_group` WHERE  `status` = 'normal' [ RunTime:0.000280s ]
[ sql ] [ SQL ] SHOW COLUMNS FROM `fa_users` [ RunTime:0.000505s ]
[ sql ] [ SQL ] SELECT COUNT(*) AS tp_count FROM `fa_users` WHERE  ( `createtime` >= 1579017600 AND `createtime` < 1579104000 ) LIMIT 1 [ RunTime:0.000452s ]
---------------------------------------------------------------
[ 2020-01-15T19:35:01+08:00 ] 36.24.220.132 GET /admin/dashboard/orderinfo
[ sql ] [ DB ] CONNECT:[ UseTime:0.000601s ] mysql:host=127.0.0.1;dbname=share;charset=utf8
[ sql ] [ SQL ] SHOW COLUMNS FROM `fa_auth_group_access` [ RunTime:0.000507s ]
[ sql ] [ SQL ] SELECT `aga`.`uid`,`aga`.`group_id`,`ag`.`id`,`ag`.`pid`,`ag`.`name`,`ag`.`rules` FROM `fa_auth_group_access` `aga` LEFT JOIN `fa_auth_group` `ag` ON `aga`.`group_id`=`ag`.`id` WHERE  (  aga.uid='2' and ag.status='normal' ) [ RunTime:0.000312s ]
[ sql ] [ SQL ] SHOW COLUMNS FROM `fa_auth_group` [ RunTime:0.000498s ]
[ sql ] [ SQL ] SELECT * FROM `fa_auth_group` WHERE  `status` = 'normal' [ RunTime:0.000300s ]
[ sql ] [ SQL ] SELECT `uid`,`group_id` FROM `fa_auth_group_access` WHERE  `group_id` IN (3,14,17,18,19,20,24,23,25,26) [ RunTime:0.000334s ]
[ sql ] [ SQL ] SELECT * FROM `fa_auth_group` WHERE  `status` = 'normal' [ RunTime:0.000327s ]
[ sql ] [ SQL ] SHOW COLUMNS FROM `fa_bedorder` [ RunTime:0.000537s ]
[ sql ] [ SQL ] SELECT (total-refund) as amount FROM `fa_bedorder` WHERE  `admin_id` IN (7,10,11,15,16,17,2)  AND `status` >= -1 [ RunTime:0.001657s ]
---------------------------------------------------------------
[ 2020-01-15T19:35:01+08:00 ] 36.24.220.132 GET /admin/dashboard/unsettleorder
[ sql ] [ DB ] CONNECT:[ UseTime:0.000578s ] mysql:host=127.0.0.1;dbname=share;charset=utf8
[ sql ] [ SQL ] SHOW COLUMNS FROM `fa_auth_group_access` [ RunTime:0.000462s ]
[ sql ] [ SQL ] SELECT `aga`.`uid`,`aga`.`group_id`,`ag`.`id`,`ag`.`pid`,`ag`.`name`,`ag`.`rules` FROM `fa_auth_group_access` `aga` LEFT JOIN `fa_auth_group` `ag` ON `aga`.`group_id`=`ag`.`id` WHERE  (  aga.uid='2' and ag.status='normal' ) [ RunTime:0.000320s ]
[ sql ] [ SQL ] SHOW COLUMNS FROM `fa_auth_group` [ RunTime:0.000486s ]
[ sql ] [ SQL ] SELECT * FROM `fa_auth_group` WHERE  `status` = 'normal' [ RunTime:0.000289s ]
[ sql ] [ SQL ] SELECT `uid`,`group_id` FROM `fa_auth_group_access` WHERE  `group_id` IN (3,14,17,18,19,20,24,23,25,26) [ RunTime:0.000304s ]
[ sql ] [ SQL ] SELECT * FROM `fa_auth_group` WHERE  `status` = 'normal' [ RunTime:0.000282s ]
[ sql ] [ SQL ] SHOW COLUMNS FROM `fa_bedorder` [ RunTime:0.000542s ]
[ sql ] [ SQL ] SELECT COUNT(*) AS tp_count FROM `fa_bedorder` WHERE  `status` >= -1  AND `step` < 9000 LIMIT 1 [ RunTime:0.000986s ]
---------------------------------------------------------------
[ 2020-01-15T19:35:01+08:00 ] 36.24.220.132 GET /admin/dashboard/sevendnudau
[ sql ] [ DB ] CONNECT:[ UseTime:0.000576s ] mysql:host=127.0.0.1;dbname=share;charset=utf8
[ sql ] [ SQL ] SHOW COLUMNS FROM `fa_auth_group_access` [ RunTime:0.000484s ]
[ sql ] [ SQL ] SELECT `aga`.`uid`,`aga`.`group_id`,`ag`.`id`,`ag`.`pid`,`ag`.`name`,`ag`.`rules` FROM `fa_auth_group_access` `aga` LEFT JOIN `fa_auth_group` `ag` ON `aga`.`group_id`=`ag`.`id` WHERE  (  aga.uid='2' and ag.status='normal' ) [ RunTime:0.000302s ]
[ sql ] [ SQL ] SHOW COLUMNS FROM `fa_auth_group` [ RunTime:0.000494s ]
[ sql ] [ SQL ] SELECT * FROM `fa_auth_group` WHERE  `status` = 'normal' [ RunTime:0.000297s ]
[ sql ] [ SQL ] SELECT `uid`,`group_id` FROM `fa_auth_group_access` WHERE  `group_id` IN (3,14,17,18,19,20,24,23,25,26) [ RunTime:0.000303s ]
[ sql ] [ SQL ] SELECT * FROM `fa_auth_group` WHERE  `status` = 'normal' [ RunTime:0.000308s ]
[ sql ] [ SQL ] SHOW COLUMNS FROM `fa_users` [ RunTime:0.000524s ]
[ sql ] [ SQL ] SELECT COUNT(*) AS tp_count FROM `fa_users` WHERE  ( `createtime` >= 1578412800 AND `createtime` < 1579104000 ) LIMIT 1 [ RunTime:0.003840s ]
[ sql ] [ SQL ] SHOW COLUMNS FROM `fa_oauth` [ RunTime:0.000581s ]
[ sql ] [ SQL ] SELECT COUNT(*) AS tp_count FROM ( SELECT count(*) FROM `fa_oauth` WHERE  ( `createtime` >= 1578412800 AND `createtime` < 1579104000 ) GROUP BY `id` ) `_group_count_` LIMIT 1 [ RunTime:0.003969s ]
[ sql ] [ SQL ] SELECT COUNT(*) AS tp_count FROM `fa_users` LIMIT 1 [ RunTime:0.000592s ]
---------------------------------------------------------------
[ 2020-01-15T19:35:01+08:00 ] 36.24.220.132 GET /admin/dashboard/todayorder
[ sql ] [ DB ] CONNECT:[ UseTime:0.000697s ] mysql:host=127.0.0.1;dbname=share;charset=utf8
[ sql ] [ SQL ] SHOW COLUMNS FROM `fa_auth_group_access` [ RunTime:0.000703s ]
[ sql ] [ SQL ] SELECT `aga`.`uid`,`aga`.`group_id`,`ag`.`id`,`ag`.`pid`,`ag`.`name`,`ag`.`rules` FROM `fa_auth_group_access` `aga` LEFT JOIN `fa_auth_group` `ag` ON `aga`.`group_id`=`ag`.`id` WHERE  (  aga.uid='2' and ag.status='normal' ) [ RunTime:0.000417s ]
[ sql ] [ SQL ] SHOW COLUMNS FROM `fa_auth_group` [ RunTime:0.000624s ]
[ sql ] [ SQL ] SELECT * FROM `fa_auth_group` WHERE  `status` = 'normal' [ RunTime:0.000371s ]
[ sql ] [ SQL ] SELECT `uid`,`group_id` FROM `fa_auth_group_access` WHERE  `group_id` IN (3,14,17,18,19,20,24,23,25,26) [ RunTime:0.000428s ]
[ sql ] [ SQL ] SELECT * FROM `fa_auth_group` WHERE  `status` = 'normal' [ RunTime:0.000386s ]
[ sql ] [ SQL ] SHOW COLUMNS FROM `fa_bedorder` [ RunTime:0.000718s ]
[ sql ] [ SQL ] SELECT COUNT(*) AS tp_count FROM `fa_bedorder` WHERE  `status` >= -1  AND ( `createtime` >= 1579017600 AND `createtime` < 1579104000 ) LIMIT 1 [ RunTime:0.001466s ]
---------------------------------------------------------------
[ 2020-01-15T19:35:01+08:00 ] 36.24.220.132 GET /admin/dashboard/todaylogin
[ sql ] [ DB ] CONNECT:[ UseTime:0.000565s ] mysql:host=127.0.0.1;dbname=share;charset=utf8
[ sql ] [ SQL ] SHOW COLUMNS FROM `fa_auth_group_access` [ RunTime:0.000504s ]
[ sql ] [ SQL ] SELECT `aga`.`uid`,`aga`.`group_id`,`ag`.`id`,`ag`.`pid`,`ag`.`name`,`ag`.`rules` FROM `fa_auth_group_access` `aga` LEFT JOIN `fa_auth_group` `ag` ON `aga`.`group_id`=`ag`.`id` WHERE  (  aga.uid='2' and ag.status='normal' ) [ RunTime:0.000321s ]
[ sql ] [ SQL ] SHOW COLUMNS FROM `fa_auth_group` [ RunTime:0.000504s ]
[ sql ] [ SQL ] SELECT * FROM `fa_auth_group` WHERE  `status` = 'normal' [ RunTime:0.000297s ]
[ sql ] [ SQL ] SELECT `uid`,`group_id` FROM `fa_auth_group_access` WHERE  `group_id` IN (3,14,17,18,19,20,24,23,25,26) [ RunTime:0.000302s ]
[ sql ] [ SQL ] SELECT * FROM `fa_auth_group` WHERE  `status` = 'normal' [ RunTime:0.001229s ]
[ sql ] [ SQL ] SHOW COLUMNS FROM `fa_oauth` [ RunTime:0.000563s ]
[ sql ] [ SQL ] SELECT COUNT(*) AS tp_count FROM `fa_oauth` WHERE  ( `createtime` >= 1579017600 AND `createtime` < 1579104000 ) LIMIT 1 [ RunTime:0.003025s ]
---------------------------------------------------------------
[ 2020-01-15T20:23:47+08:00 ] 117.132.191.98 POST /api/Bedorder/queryauth
[ info ] queryauth request: 
[ info ] {"mac":"EFF89F9A7A4C"}
[ info ] queryauth response: 
[ info ] 1
---------------------------------------------------------------
[ 2020-01-15T20:23:54+08:00 ] 117.132.191.98 POST /api/Bedorder/queryauth
[ info ] queryauth request: 
[ info ] {"mac":"EFF89F9A7A4C"}
[ info ] queryauth response: 
[ info ] 1
---------------------------------------------------------------
[ 2020-01-15T22:26:05+08:00 ] 223.104.254.224 POST /api/Bedorder/queryauth
[ info ] queryauth request: 
[ info ] {"mac":"C5E46B095C73"}
[ info ] queryauth response: 
[ info ] 1
