---------------------------------------------------------------
[ 2020-01-18T02:24:43+08:00 ] 218.204.252.18 POST /api/Bedorder/queryauth
[ info ] queryauth request: 
[ info ] {"mac":"CE3840223F44"}
[ info ] queryauth response: 
[ info ] 1
---------------------------------------------------------------
[ 2020-01-18T10:34:21+08:00 ] 218.204.252.188 POST /api/Bedorder/queryauth
[ info ] queryauth request: 
[ info ] {"mac":"C3AC1215EDC8"}
[ info ] queryauth response: 
[ info ] 1
---------------------------------------------------------------
[ 2020-01-18T10:40:26+08:00 ] 117.132.198.34 POST /api/Bedorder/queryauth
[ info ] queryauth request: 
[ info ] {"mac":"C8F0C64C482C"}
[ info ] queryauth response: 
[ info ] 1
---------------------------------------------------------------
[ 2020-01-18T11:59:42+08:00 ] 39.144.17.23 POST /api/Bedorder/queryauth
[ info ] queryauth request: 
[ info ] {"mac":"EC675A47FFAA"}
[ info ] queryauth response: 
[ info ] 1
---------------------------------------------------------------
[ 2020-01-18T11:59:45+08:00 ] 39.144.17.23 POST /api/Bedorder/queryauth
[ info ] queryauth request: 
[ info ] {"mac":"EC675A47FFAA"}
[ info ] queryauth response: 
[ info ] 1
---------------------------------------------------------------
[ 2020-01-18T11:59:49+08:00 ] 39.144.17.23 POST /api/Bedorder/queryauth
[ info ] queryauth request: 
[ info ] {"mac":"EC675A47FFAA"}
[ info ] queryauth response: 
[ info ] 1
---------------------------------------------------------------
[ 2020-01-18T12:08:17+08:00 ] 117.132.196.49 POST /api/Bedorder/queryauth
[ info ] queryauth request: 
[ info ] {"mac":"CAD13409C893"}
[ info ] queryauth response: 
[ info ] 1
---------------------------------------------------------------
[ 2020-01-18T12:30:27+08:00 ] 218.204.252.168 POST /api/Bedorder/queryauth
[ info ] queryauth request: 
[ info ] {"mac":"F397FD587052"}
[ info ] queryauth response: 
[ info ] 1
---------------------------------------------------------------
[ 2020-01-18T12:32:43+08:00 ] 223.104.160.81 GET /admin/index/index
[ sql ] [ DB ] CONNECT:[ UseTime:0.000701s ] mysql:host=127.0.0.1;dbname=share;charset=utf8
[ sql ] [ SQL ] SHOW COLUMNS FROM `fa_auth_group_access` [ RunTime:0.000652s ]
[ sql ] [ SQL ] SELECT `aga`.`uid`,`aga`.`group_id`,`ag`.`id`,`ag`.`pid`,`ag`.`name`,`ag`.`rules` FROM `fa_auth_group_access` `aga` LEFT JOIN `fa_auth_group` `ag` ON `aga`.`group_id`=`ag`.`id` WHERE  (  aga.uid='2' and ag.status='normal' ) [ RunTime:0.000376s ]
[ sql ] [ SQL ] SHOW COLUMNS FROM `fa_auth_rule` [ RunTime:0.000533s ]
[ sql ] [ SQL ] SELECT `id`,`pid`,`condition`,`icon`,`name`,`title`,`ismenu` FROM `fa_auth_rule` WHERE  `status` = 'normal'  AND `id` IN (1,2,6,7,8,9,10,11,13,14,15,16,17,18,19,20,21,22,23,24,25,26,27,28,29,30,31,32,33,34,40,41,42,43,44,45,46,47,48,49,50,92,93,94,95,96,97,98,99,100,101,102,103,104,105,106,107,108,109,110,111,112,113,114,115,116,117,118,119,120,121,122,123,124,125,126,127,128,129,130,132,133,134,135,136,137,138,139,140,141,142,143,144,145,146,147,148,149,150,151,152,153,154,155,156,157,159,160,161,162,163,164,165,166,167,168,169,170,171,172,173,174,175,176,177,178,179,180,183,184,189,190,191,192,193,194,197,198,199,200,201,202,203,204,205,206,207,208,209,211,5,131,182,181,188) [ RunTime:0.001269s ]
---------------------------------------------------------------
[ 2020-01-18T12:32:46+08:00 ] 223.104.160.81 GET /admin/dashboard?addtabs=1
[ sql ] [ DB ] CONNECT:[ UseTime:0.000672s ] mysql:host=127.0.0.1;dbname=share;charset=utf8
[ sql ] [ SQL ] SHOW COLUMNS FROM `fa_auth_group_access` [ RunTime:0.000674s ]
[ sql ] [ SQL ] SELECT `aga`.`uid`,`aga`.`group_id`,`ag`.`id`,`ag`.`pid`,`ag`.`name`,`ag`.`rules` FROM `fa_auth_group_access` `aga` LEFT JOIN `fa_auth_group` `ag` ON `aga`.`group_id`=`ag`.`id` WHERE  (  aga.uid='2' and ag.status='normal' ) [ RunTime:0.000363s ]
[ sql ] [ SQL ] SHOW COLUMNS FROM `fa_auth_group` [ RunTime:0.000491s ]
[ sql ] [ SQL ] SELECT * FROM `fa_auth_group` WHERE  `status` = 'normal' [ RunTime:0.000325s ]
[ sql ] [ SQL ] SELECT `uid`,`group_id` FROM `fa_auth_group_access` WHERE  `group_id` IN (3,14,17,18,19,20,24,23,25,26) [ RunTime:0.000332s ]
[ sql ] [ SQL ] SELECT * FROM `fa_auth_group` WHERE  `status` = 'normal' [ RunTime:0.000317s ]
[ sql ] [ SQL ] SHOW COLUMNS FROM `fa_users` [ RunTime:0.000559s ]
[ sql ] [ SQL ] SELECT * FROM `fa_users` WHERE  ( `createtime` >= 1577548800 AND `createtime` < 1579363200 ) [ RunTime:0.000975s ]
[ sql ] [ SQL ] SHOW COLUMNS FROM `fa_bedorder` [ RunTime:0.000613s ]
[ sql ] [ SQL ] SELECT * FROM `fa_bedorder` WHERE  `status` >= -1  AND ( `createtime` >= 1577548800 AND `createtime` < 1579363200 ) [ RunTime:0.002473s ]
[ sql ] [ SQL ] SHOW COLUMNS FROM `fa_auth_rule` [ RunTime:0.000515s ]
[ sql ] [ SQL ] SELECT `title`,`remark` FROM `fa_auth_rule` WHERE  `name` = 'dashboard' LIMIT 1 [ RunTime:0.000239s ]
---------------------------------------------------------------
[ 2020-01-18T12:32:46+08:00 ] 223.104.160.81 GET /admin/dashboard/devcount
[ sql ] [ DB ] CONNECT:[ UseTime:0.004600s ] mysql:host=127.0.0.1;dbname=share;charset=utf8
[ sql ] [ SQL ] SHOW COLUMNS FROM `fa_auth_group_access` [ RunTime:0.000838s ]
[ sql ] [ SQL ] SELECT `aga`.`uid`,`aga`.`group_id`,`ag`.`id`,`ag`.`pid`,`ag`.`name`,`ag`.`rules` FROM `fa_auth_group_access` `aga` LEFT JOIN `fa_auth_group` `ag` ON `aga`.`group_id`=`ag`.`id` WHERE  (  aga.uid='2' and ag.status='normal' ) [ RunTime:0.000498s ]
[ sql ] [ SQL ] SHOW COLUMNS FROM `fa_auth_group` [ RunTime:0.000717s ]
[ sql ] [ SQL ] SELECT * FROM `fa_auth_group` WHERE  `status` = 'normal' [ RunTime:0.000315s ]
[ sql ] [ SQL ] SELECT `uid`,`group_id` FROM `fa_auth_group_access` WHERE  `group_id` IN (3,14,17,18,19,20,24,23,25,26) [ RunTime:0.000354s ]
[ sql ] [ SQL ] SELECT * FROM `fa_auth_group` WHERE  `status` = 'normal' [ RunTime:0.000296s ]
[ sql ] [ SQL ] SHOW COLUMNS FROM `fa_device` [ RunTime:0.000516s ]
[ sql ] [ SQL ] SELECT COUNT(*) AS tp_count FROM `fa_device` WHERE  `admin_id` IN (7,10,11,15,16,17,2) LIMIT 1 [ RunTime:0.000352s ]
---------------------------------------------------------------
[ 2020-01-18T12:32:46+08:00 ] 223.104.160.81 GET /admin/dashboard/todayregister
[ sql ] [ DB ] CONNECT:[ UseTime:0.000561s ] mysql:host=127.0.0.1;dbname=share;charset=utf8
[ sql ] [ SQL ] SHOW COLUMNS FROM `fa_auth_group_access` [ RunTime:0.000487s ]
[ sql ] [ SQL ] SELECT `aga`.`uid`,`aga`.`group_id`,`ag`.`id`,`ag`.`pid`,`ag`.`name`,`ag`.`rules` FROM `fa_auth_group_access` `aga` LEFT JOIN `fa_auth_group` `ag` ON `aga`.`group_id`=`ag`.`id` WHERE  (  aga.uid='2' and ag.status='normal' ) [ RunTime:0.000307s ]
[ sql ] [ SQL ] SHOW COLUMNS FROM `fa_auth_group` [ RunTime:0.000459s ]
[ sql ] [ SQL ] SELECT * FROM `fa_auth_group` WHERE  `status` = 'normal' [ RunTime:0.000324s ]
[ sql ] [ SQL ] SELECT `uid`,`group_id` FROM `fa_auth_group_access` WHERE  `group_id` IN (3,14,17,18,19,20,24,23,25,26) [ RunTime:0.000303s ]
[ sql ] [ SQL ] SELECT * FROM `fa_auth_group` WHERE  `status` = 'normal' [ RunTime:0.000279s ]
[ sql ] [ SQL ] SHOW COLUMNS FROM `fa_users` [ RunTime:0.000528s ]
[ sql ] [ SQL ] SELECT COUNT(*) AS tp_count FROM `fa_users` WHERE  ( `createtime` >= 1579276800 AND `createtime` < 1579363200 ) LIMIT 1 [ RunTime:0.000443s ]
---------------------------------------------------------------
[ 2020-01-18T12:32:46+08:00 ] 223.104.160.81 GET /admin/dashboard/usercount
[ sql ] [ DB ] CONNECT:[ UseTime:0.000600s ] mysql:host=127.0.0.1;dbname=share;charset=utf8
[ sql ] [ SQL ] SHOW COLUMNS FROM `fa_auth_group_access` [ RunTime:0.000506s ]
[ sql ] [ SQL ] SELECT `aga`.`uid`,`aga`.`group_id`,`ag`.`id`,`ag`.`pid`,`ag`.`name`,`ag`.`rules` FROM `fa_auth_group_access` `aga` LEFT JOIN `fa_auth_group` `ag` ON `aga`.`group_id`=`ag`.`id` WHERE  (  aga.uid='2' and ag.status='normal' ) [ RunTime:0.000289s ]
[ sql ] [ SQL ] SHOW COLUMNS FROM `fa_auth_group` [ RunTime:0.000484s ]
[ sql ] [ SQL ] SELECT * FROM `fa_auth_group` WHERE  `status` = 'normal' [ RunTime:0.000309s ]
[ sql ] [ SQL ] SELECT `uid`,`group_id` FROM `fa_auth_group_access` WHERE  `group_id` IN (3,14,17,18,19,20,24,23,25,26) [ RunTime:0.000306s ]
[ sql ] [ SQL ] SELECT * FROM `fa_auth_group` WHERE  `status` = 'normal' [ RunTime:0.000293s ]
[ sql ] [ SQL ] SHOW COLUMNS FROM `fa_users` [ RunTime:0.000499s ]
[ sql ] [ SQL ] SELECT COUNT(*) AS tp_count FROM `fa_users` LIMIT 1 [ RunTime:0.000387s ]
---------------------------------------------------------------
[ 2020-01-18T12:32:46+08:00 ] 223.104.160.81 GET /admin/dashboard/orderinfo
[ sql ] [ DB ] CONNECT:[ UseTime:0.000533s ] mysql:host=127.0.0.1;dbname=share;charset=utf8
[ sql ] [ SQL ] SHOW COLUMNS FROM `fa_auth_group_access` [ RunTime:0.000471s ]
[ sql ] [ SQL ] SELECT `aga`.`uid`,`aga`.`group_id`,`ag`.`id`,`ag`.`pid`,`ag`.`name`,`ag`.`rules` FROM `fa_auth_group_access` `aga` LEFT JOIN `fa_auth_group` `ag` ON `aga`.`group_id`=`ag`.`id` WHERE  (  aga.uid='2' and ag.status='normal' ) [ RunTime:0.000319s ]
[ sql ] [ SQL ] SHOW COLUMNS FROM `fa_auth_group` [ RunTime:0.000503s ]
[ sql ] [ SQL ] SELECT * FROM `fa_auth_group` WHERE  `status` = 'normal' [ RunTime:0.000292s ]
[ sql ] [ SQL ] SELECT `uid`,`group_id` FROM `fa_auth_group_access` WHERE  `group_id` IN (3,14,17,18,19,20,24,23,25,26) [ RunTime:0.000295s ]
[ sql ] [ SQL ] SELECT * FROM `fa_auth_group` WHERE  `status` = 'normal' [ RunTime:0.000286s ]
[ sql ] [ SQL ] SHOW COLUMNS FROM `fa_bedorder` [ RunTime:0.000507s ]
[ sql ] [ SQL ] SELECT (total-refund) as amount FROM `fa_bedorder` WHERE  `admin_id` IN (7,10,11,15,16,17,2)  AND `status` >= -1 [ RunTime:0.001578s ]
---------------------------------------------------------------
[ 2020-01-18T12:32:46+08:00 ] 223.104.160.81 GET /admin/dashboard/todaylogin
[ sql ] [ DB ] CONNECT:[ UseTime:0.000805s ] mysql:host=127.0.0.1;dbname=share;charset=utf8
[ sql ] [ SQL ] SHOW COLUMNS FROM `fa_auth_group_access` [ RunTime:0.000853s ]
[ sql ] [ SQL ] SELECT `aga`.`uid`,`aga`.`group_id`,`ag`.`id`,`ag`.`pid`,`ag`.`name`,`ag`.`rules` FROM `fa_auth_group_access` `aga` LEFT JOIN `fa_auth_group` `ag` ON `aga`.`group_id`=`ag`.`id` WHERE  (  aga.uid='2' and ag.status='normal' ) [ RunTime:0.000450s ]
[ sql ] [ SQL ] SHOW COLUMNS FROM `fa_auth_group` [ RunTime:0.000647s ]
[ sql ] [ SQL ] SELECT * FROM `fa_auth_group` WHERE  `status` = 'normal' [ RunTime:0.000401s ]
[ sql ] [ SQL ] SELECT `uid`,`group_id` FROM `fa_auth_group_access` WHERE  `group_id` IN (3,14,17,18,19,20,24,23,25,26) [ RunTime:0.000415s ]
[ sql ] [ SQL ] SELECT * FROM `fa_auth_group` WHERE  `status` = 'normal' [ RunTime:0.000341s ]
[ sql ] [ SQL ] SHOW COLUMNS FROM `fa_oauth` [ RunTime:0.000604s ]
[ sql ] [ SQL ] SELECT COUNT(*) AS tp_count FROM `fa_oauth` WHERE  ( `createtime` >= 1579276800 AND `createtime` < 1579363200 ) LIMIT 1 [ RunTime:0.003156s ]
---------------------------------------------------------------
[ 2020-01-18T12:32:46+08:00 ] 223.104.160.81 GET /admin/dashboard/todayorder
[ sql ] [ DB ] CONNECT:[ UseTime:0.000712s ] mysql:host=127.0.0.1;dbname=share;charset=utf8
[ sql ] [ SQL ] SHOW COLUMNS FROM `fa_auth_group_access` [ RunTime:0.000640s ]
[ sql ] [ SQL ] SELECT `aga`.`uid`,`aga`.`group_id`,`ag`.`id`,`ag`.`pid`,`ag`.`name`,`ag`.`rules` FROM `fa_auth_group_access` `aga` LEFT JOIN `fa_auth_group` `ag` ON `aga`.`group_id`=`ag`.`id` WHERE  (  aga.uid='2' and ag.status='normal' ) [ RunTime:0.000415s ]
[ sql ] [ SQL ] SHOW COLUMNS FROM `fa_auth_group` [ RunTime:0.000659s ]
[ sql ] [ SQL ] SELECT * FROM `fa_auth_group` WHERE  `status` = 'normal' [ RunTime:0.000348s ]
[ sql ] [ SQL ] SELECT `uid`,`group_id` FROM `fa_auth_group_access` WHERE  `group_id` IN (3,14,17,18,19,20,24,23,25,26) [ RunTime:0.000361s ]
[ sql ] [ SQL ] SELECT * FROM `fa_auth_group` WHERE  `status` = 'normal' [ RunTime:0.000354s ]
[ sql ] [ SQL ] SHOW COLUMNS FROM `fa_bedorder` [ RunTime:0.000716s ]
[ sql ] [ SQL ] SELECT COUNT(*) AS tp_count FROM `fa_bedorder` WHERE  `status` >= -1  AND ( `createtime` >= 1579276800 AND `createtime` < 1579363200 ) LIMIT 1 [ RunTime:0.001558s ]
---------------------------------------------------------------
[ 2020-01-18T12:32:46+08:00 ] 223.104.160.81 GET /admin/dashboard/sevendnudau
[ sql ] [ DB ] CONNECT:[ UseTime:0.000572s ] mysql:host=127.0.0.1;dbname=share;charset=utf8
[ sql ] [ SQL ] SHOW COLUMNS FROM `fa_auth_group_access` [ RunTime:0.000494s ]
[ sql ] [ SQL ] SELECT `aga`.`uid`,`aga`.`group_id`,`ag`.`id`,`ag`.`pid`,`ag`.`name`,`ag`.`rules` FROM `fa_auth_group_access` `aga` LEFT JOIN `fa_auth_group` `ag` ON `aga`.`group_id`=`ag`.`id` WHERE  (  aga.uid='2' and ag.status='normal' ) [ RunTime:0.000295s ]
[ sql ] [ SQL ] SHOW COLUMNS FROM `fa_auth_group` [ RunTime:0.000503s ]
[ sql ] [ SQL ] SELECT * FROM `fa_auth_group` WHERE  `status` = 'normal' [ RunTime:0.000289s ]
[ sql ] [ SQL ] SELECT `uid`,`group_id` FROM `fa_auth_group_access` WHERE  `group_id` IN (3,14,17,18,19,20,24,23,25,26) [ RunTime:0.000320s ]
[ sql ] [ SQL ] SELECT * FROM `fa_auth_group` WHERE  `status` = 'normal' [ RunTime:0.000283s ]
[ sql ] [ SQL ] SHOW COLUMNS FROM `fa_users` [ RunTime:0.000512s ]
[ sql ] [ SQL ] SELECT COUNT(*) AS tp_count FROM `fa_users` WHERE  ( `createtime` >= 1578672000 AND `createtime` < 1579363200 ) LIMIT 1 [ RunTime:0.000423s ]
[ sql ] [ SQL ] SHOW COLUMNS FROM `fa_oauth` [ RunTime:0.000430s ]
[ sql ] [ SQL ] SELECT COUNT(*) AS tp_count FROM ( SELECT count(*) FROM `fa_oauth` WHERE  ( `createtime` >= 1578672000 AND `createtime` < 1579363200 ) GROUP BY `id` ) `_group_count_` LIMIT 1 [ RunTime:0.002114s ]
[ sql ] [ SQL ] SELECT COUNT(*) AS tp_count FROM `fa_users` LIMIT 1 [ RunTime:0.000348s ]
---------------------------------------------------------------
[ 2020-01-18T12:32:46+08:00 ] 223.104.160.81 GET /admin/dashboard/unsettleorder
[ sql ] [ DB ] CONNECT:[ UseTime:0.000569s ] mysql:host=127.0.0.1;dbname=share;charset=utf8
[ sql ] [ SQL ] SHOW COLUMNS FROM `fa_auth_group_access` [ RunTime:0.000485s ]
[ sql ] [ SQL ] SELECT `aga`.`uid`,`aga`.`group_id`,`ag`.`id`,`ag`.`pid`,`ag`.`name`,`ag`.`rules` FROM `fa_auth_group_access` `aga` LEFT JOIN `fa_auth_group` `ag` ON `aga`.`group_id`=`ag`.`id` WHERE  (  aga.uid='2' and ag.status='normal' ) [ RunTime:0.000298s ]
[ sql ] [ SQL ] SHOW COLUMNS FROM `fa_auth_group` [ RunTime:0.000473s ]
[ sql ] [ SQL ] SELECT * FROM `fa_auth_group` WHERE  `status` = 'normal' [ RunTime:0.000305s ]
[ sql ] [ SQL ] SELECT `uid`,`group_id` FROM `fa_auth_group_access` WHERE  `group_id` IN (3,14,17,18,19,20,24,23,25,26) [ RunTime:0.000326s ]
[ sql ] [ SQL ] SELECT * FROM `fa_auth_group` WHERE  `status` = 'normal' [ RunTime:0.000278s ]
[ sql ] [ SQL ] SHOW COLUMNS FROM `fa_bedorder` [ RunTime:0.000568s ]
[ sql ] [ SQL ] SELECT COUNT(*) AS tp_count FROM `fa_bedorder` WHERE  `status` >= -1  AND `step` < 9000 LIMIT 1 [ RunTime:0.001033s ]
---------------------------------------------------------------
[ 2020-01-18T12:32:58+08:00 ] 223.104.160.81 GET /admin/order/bedorder?addtabs=1
[ sql ] [ DB ] CONNECT:[ UseTime:0.000651s ] mysql:host=127.0.0.1;dbname=share;charset=utf8
[ sql ] [ SQL ] SHOW COLUMNS FROM `fa_auth_group_access` [ RunTime:0.000650s ]
[ sql ] [ SQL ] SELECT `aga`.`uid`,`aga`.`group_id`,`ag`.`id`,`ag`.`pid`,`ag`.`name`,`ag`.`rules` FROM `fa_auth_group_access` `aga` LEFT JOIN `fa_auth_group` `ag` ON `aga`.`group_id`=`ag`.`id` WHERE  (  aga.uid='2' and ag.status='normal' ) [ RunTime:0.000360s ]
[ sql ] [ SQL ] SHOW COLUMNS FROM `fa_auth_rule` [ RunTime:0.000540s ]
[ sql ] [ SQL ] SELECT `id`,`pid`,`condition`,`icon`,`name`,`title`,`ismenu` FROM `fa_auth_rule` WHERE  `status` = 'normal'  AND `id` IN (1,2,6,7,8,9,10,11,13,14,15,16,17,18,19,20,21,22,23,24,25,26,27,28,29,30,31,32,33,34,40,41,42,43,44,45,46,47,48,49,50,92,93,94,95,96,97,98,99,100,101,102,103,104,105,106,107,108,109,110,111,112,113,114,115,116,117,118,119,120,121,122,123,124,125,126,127,128,129,130,132,133,134,135,136,137,138,139,140,141,142,143,144,145,146,147,148,149,150,151,152,153,154,155,156,157,159,160,161,162,163,164,165,166,167,168,169,170,171,172,173,174,175,176,177,178,179,180,183,184,189,190,191,192,193,194,197,198,199,200,201,202,203,204,205,206,207,208,209,211,5,131,182,181,188) [ RunTime:0.001226s ]
[ sql ] [ SQL ] SELECT `title`,`remark` FROM `fa_auth_rule` WHERE  `name` = 'order/bedorder' LIMIT 1 [ RunTime:0.000412s ]
---------------------------------------------------------------
[ 2020-01-18T12:33:00+08:00 ] 223.104.160.81 GET /admin/order/bedorder/index?sort=order_no&order=desc&offset=0&limit=10&filter=%7B%7D&op=%7B%7D&_=1579321977203
[ sql ] [ DB ] CONNECT:[ UseTime:0.000599s ] mysql:host=127.0.0.1;dbname=share;charset=utf8
[ sql ] [ SQL ] SHOW COLUMNS FROM `fa_auth_group_access` [ RunTime:0.000596s ]
[ sql ] [ SQL ] SELECT `aga`.`uid`,`aga`.`group_id`,`ag`.`id`,`ag`.`pid`,`ag`.`name`,`ag`.`rules` FROM `fa_auth_group_access` `aga` LEFT JOIN `fa_auth_group` `ag` ON `aga`.`group_id`=`ag`.`id` WHERE  (  aga.uid='2' and ag.status='normal' ) [ RunTime:0.000398s ]
[ sql ] [ SQL ] SHOW COLUMNS FROM `fa_auth_rule` [ RunTime:0.000502s ]
[ sql ] [ SQL ] SELECT `id`,`pid`,`condition`,`icon`,`name`,`title`,`ismenu` FROM `fa_auth_rule` WHERE  `status` = 'normal'  AND `id` IN (1,2,6,7,8,9,10,11,13,14,15,16,17,18,19,20,21,22,23,24,25,26,27,28,29,30,31,32,33,34,40,41,42,43,44,45,46,47,48,49,50,92,93,94,95,96,97,98,99,100,101,102,103,104,105,106,107,108,109,110,111,112,113,114,115,116,117,118,119,120,121,122,123,124,125,126,127,128,129,130,132,133,134,135,136,137,138,139,140,141,142,143,144,145,146,147,148,149,150,151,152,153,154,155,156,157,159,160,161,162,163,164,165,166,167,168,169,170,171,172,173,174,175,176,177,178,179,180,183,184,189,190,191,192,193,194,197,198,199,200,201,202,203,204,205,206,207,208,209,211,5,131,182,181,188) [ RunTime:0.001194s ]
[ sql ] [ SQL ] SHOW COLUMNS FROM `fa_auth_group` [ RunTime:0.000557s ]
[ sql ] [ SQL ] SELECT * FROM `fa_auth_group` WHERE  `status` = 'normal' [ RunTime:0.000304s ]
[ sql ] [ SQL ] SELECT `uid`,`group_id` FROM `fa_auth_group_access` WHERE  `group_id` IN (3,14,17,18,19,20,24,23,25,26) [ RunTime:0.000312s ]
[ sql ] [ SQL ] SHOW COLUMNS FROM `fa_bedorder` [ RunTime:0.000569s ]
[ sql ] [ SQL ] SHOW COLUMNS FROM `fa_netpoint` [ RunTime:0.000469s ]
[ sql ] [ SQL ] SHOW COLUMNS FROM `fa_device` [ RunTime:0.000491s ]
[ sql ] [ SQL ] SELECT COUNT(*) AS tp_count FROM `fa_bedorder` `bedorder` LEFT JOIN `fa_netpoint` `netpoint` ON `bedorder`.`netpoint_id`=`netpoint`.`id` LEFT JOIN `fa_device` `device` ON `bedorder`.`dev_id`=`device`.`dev_id` WHERE  (  `bedorder`.`admin_id` IN (7,10,11,15,16,17,2) ) ORDER BY `bedorder`.`order_no` DESC LIMIT 1 [ RunTime:0.003851s ]
[ sql ] [ SQL ] SELECT `bedorder`.`order_no`,`bedorder`.`users_id`,`bedorder`.`phone`,`bedorder`.`dev_id`,`bedorder`.`admin_id`,`bedorder`.`entity_id`,`bedorder`.`netpoint_id`,`bedorder`.`pricetype`,`bedorder`.`price_id`,`bedorder`.`deposit`,`bedorder`.`lightnight`,`bedorder`.`canusestart`,`bedorder`.`canuseend`,`bedorder`.`hourprice`,`bedorder`.`lighttimesprice`,`bedorder`.`nighttimesprice`,`bedorder`.`dayprice`,`bedorder`.`days`,`bedorder`.`pricedata`,`bedorder`.`total`,`bedorder`.`save`,`bedorder`.`pay`,`bedorder`.`tran_id`,`bedorder`.`refund`,`bedorder`.`refundtime`,`bedorder`.`refundnote`,`bedorder`.`step`,`bedorder`.`status`,`bedorder`.`rtn_admin_id`,`bedorder`.`createtime`,`bedorder`.`endtime`,netpoint.id AS netpoint__id,netpoint.admin_id AS netpoint__admin_id,netpoint.name AS netpoint__name,netpoint.shortname AS netpoint__shortname,netpoint.netaddr AS netpoint__netaddr,netpoint.netlng AS netpoint__netlng,netpoint.netlat AS netpoint__netlat,netpoint.deposit AS netpoint__deposit,netpoint.level1 AS netpoint__level1,netpoint.level2 AS netpoint__level2,netpoint.level3 AS netpoint__level3,netpoint.level4 AS netpoint__level4,netpoint.percent1 AS netpoint__percent1,netpoint.percent2 AS netpoint__percent2,netpoint.percent3 AS netpoint__percent3,netpoint.percent4 AS netpoint__percent4,netpoint.mt_admin_id AS netpoint__mt_admin_id,netpoint.mall_admin_id AS netpoint__mall_admin_id,netpoint.status AS netpoint__status,device.id AS device__id,device.dev_id AS device__dev_id,device.iscabinet AS device__iscabinet,device.devtype_id AS device__devtype_id,device.price_id AS device__price_id,device.netpoint_id AS device__netpoint_id,device.department AS device__department,device.room AS device__room,device.bed AS device__bed,device.entity_id AS device__entity_id,device.admin_id AS device__admin_id,device.mac AS device__mac,device.blekey AS device__blekey,device.blepwd AS device__blepwd,device.mac2 AS device__mac2,device.blekey2 AS device__blekey2,device.blepwd2 AS device__blepwd2,device.createtime AS device__createtime,device.updatetime AS device__updatetime,device.status AS device__status FROM `fa_bedorder` `bedorder` LEFT JOIN `fa_netpoint` `netpoint` ON `bedorder`.`netpoint_id`=`netpoint`.`id` LEFT JOIN `fa_device` `device` ON `bedorder`.`dev_id`=`device`.`dev_id` WHERE  (  `bedorder`.`admin_id` IN (7,10,11,15,16,17,2) ) ORDER BY `bedorder`.`order_no` DESC LIMIT 0,10 [ RunTime:0.000607s ]
---------------------------------------------------------------
[ 2020-01-18T12:34:27+08:00 ] 117.132.196.4 POST /api/Bedorder/queryauth
[ info ] queryauth request: 
[ info ] {"mac":"EF2864C9B2CC"}
[ info ] queryauth response: 
[ info ] 1
---------------------------------------------------------------
[ 2020-01-18T12:35:06+08:00 ] 117.132.196.4 POST /api/Bedorder/queryauth
[ info ] queryauth request: 
[ info ] {"mac":"EF2864C9B2CC"}
[ info ] queryauth response: 
[ info ] 1
---------------------------------------------------------------
[ 2020-01-18T12:37:01+08:00 ] 117.132.192.244 POST /api/Bedorder/queryauth
[ info ] queryauth request: 
[ info ] {"mac":"F1DC5B21F1DB"}
[ info ] queryauth response: 
[ info ] 1
---------------------------------------------------------------
[ 2020-01-18T12:37:07+08:00 ] 117.132.192.244 POST /api/Bedorder/queryauth
[ info ] queryauth request: 
[ info ] {"mac":"F1DC5B21F1DB"}
[ info ] queryauth response: 
[ info ] 1
---------------------------------------------------------------
[ 2020-01-18T12:37:18+08:00 ] 117.132.192.244 POST /api/Bedorder/queryauth
[ info ] queryauth request: 
[ info ] {"mac":"F1DC5B21F1DB"}
[ info ] queryauth response: 
[ info ] 1
---------------------------------------------------------------
[ 2020-01-18T12:38:34+08:00 ] 117.132.192.244 POST /api/Bedorder/queryauth
[ info ] queryauth request: 
[ info ] {"mac":"F1DC5B21F1DB"}
[ info ] queryauth response: 
[ info ] 1
---------------------------------------------------------------
[ 2020-01-18T12:38:37+08:00 ] 117.132.192.244 POST /api/Bedorder/queryauth
[ info ] queryauth request: 
[ info ] {"mac":"F1DC5B21F1DB"}
[ info ] queryauth response: 
[ info ] 1
---------------------------------------------------------------
[ 2020-01-18T12:38:44+08:00 ] 117.132.192.244 POST /api/Bedorder/queryauth
[ info ] queryauth request: 
[ info ] {"mac":"F1DC5B21F1DB"}
[ info ] queryauth response: 
[ info ] 1
---------------------------------------------------------------
[ 2020-01-18T12:38:48+08:00 ] 117.132.192.244 POST /api/Bedorder/queryauth
[ info ] queryauth request: 
[ info ] {"mac":"F1DC5B21F1DB"}
[ info ] queryauth response: 
[ info ] 1
---------------------------------------------------------------
[ 2020-01-18T12:39:24+08:00 ] 117.132.192.244 POST /api/Bedorder/queryauth
[ info ] queryauth request: 
[ info ] {"mac":"F1DC5B21F1DB"}
[ info ] queryauth response: 
[ info ] 1
---------------------------------------------------------------
[ 2020-01-18T12:42:14+08:00 ] 117.132.192.244 POST /api/Bedorder/queryauth
[ info ] queryauth request: 
[ info ] {"mac":"F1DC5B21F1DB"}
[ info ] queryauth response: 
[ info ] 1
---------------------------------------------------------------
[ 2020-01-18T12:42:28+08:00 ] 117.132.192.244 POST /api/Bedorder/queryauth
[ info ] queryauth request: 
[ info ] {"mac":"F1DC5B21F1DB"}
[ info ] queryauth response: 
[ info ] 1
---------------------------------------------------------------
[ 2020-01-18T12:42:34+08:00 ] 117.132.192.244 POST /api/Bedorder/queryauth
[ info ] queryauth request: 
[ info ] {"mac":"F1DC5B21F1DB"}
[ info ] queryauth response: 
[ info ] 1
---------------------------------------------------------------
[ 2020-01-18T12:42:39+08:00 ] 117.132.192.244 POST /api/Bedorder/queryauth
[ info ] queryauth request: 
[ info ] {"mac":"F1DC5B21F1DB"}
[ info ] queryauth response: 
[ info ] 1
---------------------------------------------------------------
[ 2020-01-18T12:43:06+08:00 ] 117.132.192.244 POST /api/Bedorder/queryauth
[ info ] queryauth request: 
[ info ] {"mac":"F1DC5B21F1DB"}
[ info ] queryauth response: 
[ info ] 1
---------------------------------------------------------------
[ 2020-01-18T12:43:22+08:00 ] 117.132.192.244 POST /api/Bedorder/queryauth
[ info ] queryauth request: 
[ info ] {"mac":"F1DC5B21F1DB"}
[ info ] queryauth response: 
[ info ] 1
---------------------------------------------------------------
[ 2020-01-18T12:43:27+08:00 ] 117.132.192.244 POST /api/Bedorder/queryauth
[ info ] queryauth request: 
[ info ] {"mac":"F1DC5B21F1DB"}
[ info ] queryauth response: 
[ info ] 1
---------------------------------------------------------------
[ 2020-01-18T12:43:30+08:00 ] 117.132.192.244 POST /api/Bedorder/queryauth
[ info ] queryauth request: 
[ info ] {"mac":"F1DC5B21F1DB"}
[ info ] queryauth response: 
[ info ] 1
---------------------------------------------------------------
[ 2020-01-18T12:43:35+08:00 ] 117.132.192.244 POST /api/Bedorder/queryauth
[ info ] queryauth request: 
[ info ] {"mac":"F1DC5B21F1DB"}
[ info ] queryauth response: 
[ info ] 1
---------------------------------------------------------------
[ 2020-01-18T12:59:05+08:00 ] 117.132.192.171 POST /api/Bedorder/queryauth
[ info ] queryauth request: 
[ info ] {"mac":"F1DC5B21F1DB"}
[ info ] queryauth response: 
[ info ] 1
---------------------------------------------------------------
[ 2020-01-18T12:59:10+08:00 ] 117.132.192.171 POST /api/Bedorder/queryauth
[ info ] queryauth request: 
[ info ] {"mac":"F1DC5B21F1DB"}
[ info ] queryauth response: 
[ info ] 1
---------------------------------------------------------------
[ 2020-01-18T12:59:18+08:00 ] 117.132.192.171 POST /api/Bedorder/queryauth
[ info ] queryauth request: 
[ info ] {"mac":"F1DC5B21F1DB"}
[ info ] queryauth response: 
[ info ] 1
---------------------------------------------------------------
[ 2020-01-18T12:59:21+08:00 ] 117.132.192.171 POST /api/Bedorder/queryauth
[ info ] queryauth request: 
[ info ] {"mac":"F1DC5B21F1DB"}
[ info ] queryauth response: 
[ info ] 1
---------------------------------------------------------------
[ 2020-01-18T12:59:27+08:00 ] 117.132.192.171 POST /api/Bedorder/queryauth
[ info ] queryauth request: 
[ info ] {"mac":"F1DC5B21F1DB"}
[ info ] queryauth response: 
[ info ] 1
---------------------------------------------------------------
[ 2020-01-18T12:59:30+08:00 ] 117.132.192.171 POST /api/Bedorder/queryauth
[ info ] queryauth request: 
[ info ] {"mac":"F1DC5B21F1DB"}
[ info ] queryauth response: 
[ info ] 1
---------------------------------------------------------------
[ 2020-01-18T12:59:52+08:00 ] 218.204.252.26 POST /api/Bedorder/queryauth
[ info ] queryauth request: 
[ info ] {"mac":"F1DC5B21F1DB"}
[ info ] queryauth response: 
[ info ] 1
---------------------------------------------------------------
[ 2020-01-18T12:59:57+08:00 ] 218.204.252.26 POST /api/Bedorder/queryauth
[ info ] queryauth request: 
[ info ] {"mac":"F1DC5B21F1DB"}
[ info ] queryauth response: 
[ info ] 1
---------------------------------------------------------------
[ 2020-01-18T13:00:02+08:00 ] 218.204.252.26 POST /api/Bedorder/queryauth
[ info ] queryauth request: 
[ info ] {"mac":"F1DC5B21F1DB"}
[ info ] queryauth response: 
[ info ] 1
---------------------------------------------------------------
[ 2020-01-18T13:00:06+08:00 ] 218.204.252.26 POST /api/Bedorder/queryauth
[ info ] queryauth request: 
[ info ] {"mac":"F1DC5B21F1DB"}
[ info ] queryauth response: 
[ info ] 1
---------------------------------------------------------------
[ 2020-01-18T13:01:05+08:00 ] 223.104.254.219 POST /api/Bedorder/queryauth
[ info ] queryauth request: 
[ info ] {"mac":"F1DC5B21F1DB"}
[ info ] queryauth response: 
[ info ] 1
---------------------------------------------------------------
[ 2020-01-18T13:01:37+08:00 ] 117.132.193.61 POST /api/Bedorder/queryauth
[ info ] queryauth request: 
[ info ] {"mac":"F1DC5B21F1DB"}
[ info ] queryauth response: 
[ info ] 1
---------------------------------------------------------------
[ 2020-01-18T13:01:40+08:00 ] 117.132.193.61 POST /api/Bedorder/queryauth
[ info ] queryauth request: 
[ info ] {"mac":"F1DC5B21F1DB"}
[ info ] queryauth response: 
[ info ] 1
---------------------------------------------------------------
[ 2020-01-18T13:01:44+08:00 ] 117.132.193.61 POST /api/Bedorder/queryauth
[ info ] queryauth request: 
[ info ] {"mac":"F1DC5B21F1DB"}
[ info ] queryauth response: 
[ info ] 1
---------------------------------------------------------------
[ 2020-01-18T13:01:47+08:00 ] 117.132.193.61 POST /api/Bedorder/queryauth
[ info ] queryauth request: 
[ info ] {"mac":"F1DC5B21F1DB"}
[ info ] queryauth response: 
[ info ] 1
---------------------------------------------------------------
[ 2020-01-18T13:01:52+08:00 ] 117.132.193.61 POST /api/Bedorder/queryauth
[ info ] queryauth request: 
[ info ] {"mac":"F1DC5B21F1DB"}
[ info ] queryauth response: 
[ info ] 1
---------------------------------------------------------------
[ 2020-01-18T13:01:56+08:00 ] 117.132.193.61 POST /api/Bedorder/queryauth
[ info ] queryauth request: 
[ info ] {"mac":"F1DC5B21F1DB"}
[ info ] queryauth response: 
[ info ] 1
---------------------------------------------------------------
[ 2020-01-18T13:01:59+08:00 ] 117.132.193.61 POST /api/Bedorder/queryauth
[ info ] queryauth request: 
[ info ] {"mac":"F1DC5B21F1DB"}
[ info ] queryauth response: 
[ info ] 1
---------------------------------------------------------------
[ 2020-01-18T13:02:09+08:00 ] 117.132.193.61 POST /api/Bedorder/queryauth
[ info ] queryauth request: 
[ info ] {"mac":"F1DC5B21F1DB"}
[ info ] queryauth response: 
[ info ] 1
---------------------------------------------------------------
[ 2020-01-18T13:02:39+08:00 ] 117.132.193.61 POST /api/Bedorder/queryauth
[ info ] queryauth request: 
[ info ] {"mac":"F1DC5B21F1DB"}
[ info ] queryauth response: 
[ info ] 1
---------------------------------------------------------------
[ 2020-01-18T13:03:31+08:00 ] 117.132.193.61 POST /api/Bedorder/queryauth
[ info ] queryauth request: 
[ info ] {"mac":"F1DC5B21F1DB"}
[ info ] queryauth response: 
[ info ] 1
---------------------------------------------------------------
[ 2020-01-18T13:06:42+08:00 ] 117.132.193.61 POST /api/Bedorder/queryauth
[ info ] queryauth request: 
[ info ] {"mac":"F1DC5B21F1DB"}
[ info ] queryauth response: 
[ info ] 1
---------------------------------------------------------------
[ 2020-01-18T13:08:06+08:00 ] 117.132.193.61 POST /api/Bedorder/queryauth
[ info ] queryauth request: 
[ info ] {"mac":"F1DC5B21F1DB"}
[ info ] queryauth response: 
[ info ] 1
---------------------------------------------------------------
[ 2020-01-18T13:09:12+08:00 ] 117.132.193.61 POST /api/Bedorder/queryauth
[ info ] queryauth request: 
[ info ] {"mac":"F1DC5B21F1DB"}
[ info ] queryauth response: 
[ info ] 1
---------------------------------------------------------------
[ 2020-01-18T13:10:25+08:00 ] 218.204.252.183 POST /api/Bedorder/queryauth
[ info ] queryauth request: 
[ info ] {"mac":"E54D2F2F6E46"}
[ info ] queryauth response: 
[ info ] 1
---------------------------------------------------------------
[ 2020-01-18T13:58:44+08:00 ] 218.204.253.21 POST /api/Bedorder/queryauth
[ info ] queryauth request: 
[ info ] {"mac":"F4A76F04FDAD"}
[ info ] queryauth response: 
[ info ] 1
---------------------------------------------------------------
[ 2020-01-18T14:46:51+08:00 ] 39.144.18.4 POST /api/Bedorder/queryauth
[ info ] queryauth request: 
[ info ] {"mac":"F5D1A6FF443C"}
[ info ] queryauth response: 
[ info ] 1
---------------------------------------------------------------
[ 2020-01-18T14:47:40+08:00 ] 39.144.18.4 POST /api/Bedorder/queryauth
[ info ] queryauth request: 
[ info ] {"mac":"F5D1A6FF443C"}
[ info ] queryauth response: 
[ info ] 1
---------------------------------------------------------------
[ 2020-01-18T14:47:58+08:00 ] 39.144.18.4 POST /api/Bedorder/queryauth
[ info ] queryauth request: 
[ info ] {"mac":"F5D1A6FF443C"}
[ info ] queryauth response: 
[ info ] 1
---------------------------------------------------------------
[ 2020-01-18T14:48:07+08:00 ] 39.144.18.4 POST /api/Bedorder/queryauth
[ info ] queryauth request: 
[ info ] {"mac":"F5D1A6FF443C"}
[ info ] queryauth response: 
[ info ] 1
---------------------------------------------------------------
[ 2020-01-18T14:48:23+08:00 ] 39.144.18.4 POST /api/Bedorder/queryauth
[ info ] queryauth request: 
[ info ] {"mac":"F5D1A6FF443C"}
[ info ] queryauth response: 
[ info ] 1
---------------------------------------------------------------
[ 2020-01-18T14:49:23+08:00 ] 221.178.125.67 POST /api/Bedorder/queryauth
[ info ] queryauth request: 
[ info ] {"mac":"D2B717DC2628"}
[ info ] queryauth response: 
[ info ] 1
---------------------------------------------------------------
[ 2020-01-18T14:49:28+08:00 ] 221.178.125.67 POST /api/Bedorder/queryauth
[ info ] queryauth request: 
[ info ] {"mac":"D2B717DC2628"}
[ info ] queryauth response: 
[ info ] 1
---------------------------------------------------------------
[ 2020-01-18T14:54:07+08:00 ] 218.204.252.151 POST /api/Bedorder/queryauth
[ info ] queryauth request: 
[ info ] {"mac":"C67E47965488"}
[ info ] queryauth response: 
[ info ] 1
---------------------------------------------------------------
[ 2020-01-18T14:54:18+08:00 ] 218.204.252.151 POST /api/Bedorder/queryauth
[ info ] queryauth request: 
[ info ] {"mac":"C67E47965488"}
[ info ] queryauth response: 
[ info ] 1
---------------------------------------------------------------
[ 2020-01-18T14:55:10+08:00 ] 218.204.252.151 POST /api/Bedorder/queryauth
[ info ] queryauth request: 
[ info ] {"mac":"C67E47965488"}
[ info ] queryauth response: 
[ info ] 1
---------------------------------------------------------------
[ 2020-01-18T14:57:08+08:00 ] 223.104.254.207 POST /api/Bedorder/queryauth
[ info ] queryauth request: 
[ info ] {"mac":"C67E47965488"}
[ info ] queryauth response: 
[ info ] 1
---------------------------------------------------------------
[ 2020-01-18T15:04:51+08:00 ] 223.104.254.207 POST /api/Bedorder/queryauth
[ info ] queryauth request: 
[ info ] {"mac":"C67E47965488"}
[ info ] queryauth response: 
[ info ] 1
---------------------------------------------------------------
[ 2020-01-18T15:04:54+08:00 ] 223.104.254.207 POST /api/Bedorder/queryauth
[ info ] queryauth request: 
[ info ] {"mac":"C67E47965488"}
[ info ] queryauth response: 
[ info ] 1
---------------------------------------------------------------
[ 2020-01-18T15:05:35+08:00 ] 223.104.254.207 POST /api/Bedorder/queryauth
[ info ] queryauth request: 
[ info ] {"mac":"C67E47965488"}
[ info ] queryauth response: 
[ info ] 1
---------------------------------------------------------------
[ 2020-01-18T15:05:47+08:00 ] 223.104.254.207 POST /api/Bedorder/queryauth
[ info ] queryauth request: 
[ info ] {"mac":"C67E47965488"}
[ info ] queryauth response: 
[ info ] 1
---------------------------------------------------------------
[ 2020-01-18T15:06:01+08:00 ] 223.104.254.207 POST /api/Bedorder/queryauth
[ info ] queryauth request: 
[ info ] {"mac":"C67E47965488"}
[ info ] queryauth response: 
[ info ] 1
---------------------------------------------------------------
[ 2020-01-18T15:13:39+08:00 ] 223.104.254.207 POST /api/Bedorder/queryauth
[ info ] queryauth request: 
[ info ] {"mac":"C67E47965488"}
[ info ] queryauth response: 
[ info ] 1
---------------------------------------------------------------
[ 2020-01-18T15:18:10+08:00 ] 223.104.254.207 POST /api/Bedorder/queryauth
[ info ] queryauth request: 
[ info ] {"mac":"C67E47965488"}
[ info ] queryauth response: 
[ info ] 1
---------------------------------------------------------------
[ 2020-01-18T16:00:46+08:00 ] 223.104.255.68 POST /api/Bedorder/queryauth
[ info ] queryauth request: 
[ info ] {"mac":"DF799E29F105"}
[ info ] queryauth response: 
[ info ] 1
---------------------------------------------------------------
[ 2020-01-18T16:18:12+08:00 ] 218.204.252.125 POST /api/Bedorder/queryauth
[ info ] queryauth request: 
[ info ] {"mac":"F566E0371150"}
[ info ] queryauth response: 
[ info ] 1
---------------------------------------------------------------
[ 2020-01-18T16:18:34+08:00 ] 218.204.252.125 POST /api/Bedorder/queryauth
[ info ] queryauth request: 
[ info ] {"mac":"F566E0371150"}
[ info ] queryauth response: 
[ info ] 1
---------------------------------------------------------------
[ 2020-01-18T16:18:38+08:00 ] 218.204.252.125 POST /api/Bedorder/queryauth
[ info ] queryauth request: 
[ info ] {"mac":"F566E0371150"}
[ info ] queryauth response: 
[ info ] 1
---------------------------------------------------------------
[ 2020-01-18T16:18:43+08:00 ] 218.204.252.125 POST /api/Bedorder/queryauth
[ info ] queryauth request: 
[ info ] {"mac":"F566E0371150"}
[ info ] queryauth response: 
[ info ] 1
---------------------------------------------------------------
[ 2020-01-18T16:34:33+08:00 ] 218.204.252.125 POST /api/Bedorder/queryauth
[ info ] queryauth request: 
[ info ] {"mac":"F566E0371150"}
[ info ] queryauth response: 
[ info ] 1
---------------------------------------------------------------
[ 2020-01-18T16:34:39+08:00 ] 218.204.252.125 POST /api/Bedorder/queryauth
[ info ] queryauth request: 
[ info ] {"mac":"F566E0371150"}
[ info ] queryauth response: 
[ info ] 1
---------------------------------------------------------------
[ 2020-01-18T16:41:28+08:00 ] 218.204.252.108 POST /api/Bedorder/queryauth
[ info ] queryauth request: 
[ info ] {"mac":"C6D0101FD91D"}
[ info ] queryauth response: 
[ info ] 1
---------------------------------------------------------------
[ 2020-01-18T16:43:48+08:00 ] 117.132.198.55 POST /api/Bedorder/queryauth
[ info ] queryauth request: 
[ info ] {"mac":"CA13EA817915"}
[ info ] queryauth response: 
[ info ] 1
---------------------------------------------------------------
[ 2020-01-18T16:44:00+08:00 ] 117.132.198.55 POST /api/Bedorder/queryauth
[ info ] queryauth request: 
[ info ] {"mac":"CA13EA817915"}
[ info ] queryauth response: 
[ info ] 1
---------------------------------------------------------------
[ 2020-01-18T17:12:31+08:00 ] 117.132.193.61 POST /api/Bedorder/queryauth
[ info ] queryauth request: 
[ info ] {"mac":"F1DC5B21F1DB"}
[ info ] queryauth response: 
[ info ] 1
---------------------------------------------------------------
[ 2020-01-18T17:12:34+08:00 ] 117.132.193.61 POST /api/Bedorder/queryauth
[ info ] queryauth request: 
[ info ] {"mac":"F1DC5B21F1DB"}
[ info ] queryauth response: 
[ info ] 1
---------------------------------------------------------------
[ 2020-01-18T17:12:42+08:00 ] 117.132.193.61 POST /api/Bedorder/queryauth
[ info ] queryauth request: 
[ info ] {"mac":"F1DC5B21F1DB"}
[ info ] queryauth response: 
[ info ] 1
---------------------------------------------------------------
[ 2020-01-18T17:15:38+08:00 ] 39.144.17.85 POST /api/Bedorder/queryauth
[ info ] queryauth request: 
[ info ] {"mac":"D91FE12B3049"}
[ info ] queryauth response: 
[ info ] 1
---------------------------------------------------------------
[ 2020-01-18T17:15:49+08:00 ] 39.144.17.85 POST /api/Bedorder/queryauth
[ info ] queryauth request: 
[ info ] {"mac":"D91FE12B3049"}
[ info ] queryauth response: 
[ info ] 1
---------------------------------------------------------------
[ 2020-01-18T17:15:55+08:00 ] 39.144.17.85 POST /api/Bedorder/queryauth
[ info ] queryauth request: 
[ info ] {"mac":"D91FE12B3049"}
[ info ] queryauth response: 
[ info ] 1
---------------------------------------------------------------
[ 2020-01-18T17:16:11+08:00 ] 218.204.253.42 POST /api/Bedorder/queryauth
[ info ] queryauth request: 
[ info ] {"mac":"EE15AC7BAEDE"}
[ info ] queryauth response: 
[ info ] 1
---------------------------------------------------------------
[ 2020-01-18T17:53:48+08:00 ] 218.204.252.103 POST /api/Bedorder/queryauth
[ info ] queryauth request: 
[ info ] {"mac":"F00C18FC6116"}
[ info ] queryauth response: 
[ info ] 1
---------------------------------------------------------------
[ 2020-01-18T18:09:42+08:00 ] 223.104.255.216 POST /api/Bedorder/queryauth
[ info ] queryauth request: 
[ info ] {"mac":"CB7601C20AA1"}
[ info ] queryauth response: 
[ info ] 1
---------------------------------------------------------------
[ 2020-01-18T18:49:49+08:00 ] 117.132.193.61 POST /api/Bedorder/queryauth
[ info ] queryauth request: 
[ info ] {"mac":"F1DC5B21F1DB"}
[ info ] queryauth response: 
[ info ] 1
---------------------------------------------------------------
[ 2020-01-18T19:03:10+08:00 ] 117.132.193.61 POST /api/Bedorder/queryauth
[ info ] queryauth request: 
[ info ] {"mac":"F1DC5B21F1DB"}
[ info ] queryauth response: 
[ info ] 1
---------------------------------------------------------------
[ 2020-01-18T19:03:16+08:00 ] 117.132.193.61 POST /api/Bedorder/queryauth
[ info ] queryauth request: 
[ info ] {"mac":"F1DC5B21F1DB"}
[ info ] queryauth response: 
[ info ] 1
---------------------------------------------------------------
[ 2020-01-18T19:03:20+08:00 ] 117.132.193.61 POST /api/Bedorder/queryauth
[ info ] queryauth request: 
[ info ] {"mac":"F1DC5B21F1DB"}
[ info ] queryauth response: 
[ info ] 1
---------------------------------------------------------------
[ 2020-01-18T19:03:23+08:00 ] 117.132.193.61 POST /api/Bedorder/queryauth
[ info ] queryauth request: 
[ info ] {"mac":"F1DC5B21F1DB"}
[ info ] queryauth response: 
[ info ] 1
---------------------------------------------------------------
[ 2020-01-18T19:03:49+08:00 ] 218.204.252.32 POST /api/Bedorder/queryauth
[ info ] queryauth request: 
[ info ] {"mac":"F1DC5B21F1DB"}
[ info ] queryauth response: 
[ info ] 1
---------------------------------------------------------------
[ 2020-01-18T19:04:10+08:00 ] 218.204.252.32 POST /api/Bedorder/queryauth
[ info ] queryauth request: 
[ info ] {"mac":"F1DC5B21F1DB"}
[ info ] queryauth response: 
[ info ] 1
---------------------------------------------------------------
[ 2020-01-18T19:04:20+08:00 ] 218.204.252.32 POST /api/Bedorder/queryauth
[ info ] queryauth request: 
[ info ] {"mac":"F1DC5B21F1DB"}
[ info ] queryauth response: 
[ info ] 1
---------------------------------------------------------------
[ 2020-01-18T19:04:26+08:00 ] 218.204.252.32 POST /api/Bedorder/queryauth
[ info ] queryauth request: 
[ info ] {"mac":"F1DC5B21F1DB"}
[ info ] queryauth response: 
[ info ] 1
---------------------------------------------------------------
[ 2020-01-18T19:04:37+08:00 ] 218.204.252.32 POST /api/Bedorder/queryauth
[ info ] queryauth request: 
[ info ] {"mac":"F1DC5B21F1DB"}
[ info ] queryauth response: 
[ info ] 1
---------------------------------------------------------------
[ 2020-01-18T19:04:42+08:00 ] 218.204.252.32 POST /api/Bedorder/queryauth
[ info ] queryauth request: 
[ info ] {"mac":"F1DC5B21F1DB"}
[ info ] queryauth response: 
[ info ] 1
---------------------------------------------------------------
[ 2020-01-18T19:04:47+08:00 ] 218.204.252.32 POST /api/Bedorder/queryauth
[ info ] queryauth request: 
[ info ] {"mac":"F1DC5B21F1DB"}
[ info ] queryauth response: 
[ info ] 1
---------------------------------------------------------------
[ 2020-01-18T19:04:52+08:00 ] 218.204.252.32 POST /api/Bedorder/queryauth
[ info ] queryauth request: 
[ info ] {"mac":"F1DC5B21F1DB"}
[ info ] queryauth response: 
[ info ] 1
---------------------------------------------------------------
[ 2020-01-18T19:14:49+08:00 ] 117.132.192.234 POST /api/Bedorder/queryauth
[ info ] queryauth request: 
[ info ] {"mac":"F1DC5B21F1DB"}
[ info ] queryauth response: 
[ info ] 1
---------------------------------------------------------------
[ 2020-01-18T19:21:46+08:00 ] 117.132.196.127 POST /api/Bedorder/queryauth
[ info ] queryauth request: 
[ info ] {"mac":"D3E9D383A608"}
[ info ] queryauth response: 
[ info ] 1
---------------------------------------------------------------
[ 2020-01-18T19:34:00+08:00 ] 221.178.125.97 POST /api/Bedorder/queryauth
[ info ] queryauth request: 
[ info ] {"mac":"F1DC5B21F1DB"}
[ info ] queryauth response: 
[ info ] 1
---------------------------------------------------------------
[ 2020-01-18T19:36:24+08:00 ] 221.178.126.131 POST /api/Bedorder/queryauth
[ info ] queryauth request: 
[ info ] {"mac":"FD4D7469C811"}
[ info ] queryauth response: 
[ info ] 1
---------------------------------------------------------------
[ 2020-01-18T19:36:30+08:00 ] 221.178.126.131 POST /api/Bedorder/queryauth
[ info ] queryauth request: 
[ info ] {"mac":"FD4D7469C811"}
[ info ] queryauth response: 
[ info ] 1
---------------------------------------------------------------
[ 2020-01-18T20:04:23+08:00 ] 117.132.196.127 POST /api/Bedorder/queryauth
[ info ] queryauth request: 
[ info ] {"mac":"D3E9D383A608"}
[ info ] queryauth response: 
[ info ] 1
---------------------------------------------------------------
[ 2020-01-18T20:22:26+08:00 ] 117.132.191.159 POST /api/Bedorder/queryauth
[ info ] queryauth request: 
[ info ] {"mac":"C5B6C441195D"}
[ info ] queryauth response: 
[ info ] 1
---------------------------------------------------------------
[ 2020-01-18T20:34:44+08:00 ] 117.132.196.127 POST /api/Bedorder/queryauth
[ info ] queryauth request: 
[ info ] {"mac":"D3E9D383A608"}
[ info ] queryauth response: 
[ info ] 1
