---------------------------------------------------------------
[ 2020-01-19T07:41:51+08:00 ] 223.104.160.81 GET /admin/order/bedorder?ref=addtabs
[ sql ] [ DB ] CONNECT:[ UseTime:0.000660s ] mysql:host=127.0.0.1;dbname=share;charset=utf8
[ sql ] [ SQL ] SHOW COLUMNS FROM `fa_auth_group_access` [ RunTime:0.000674s ]
[ sql ] [ SQL ] SELECT `aga`.`uid`,`aga`.`group_id`,`ag`.`id`,`ag`.`pid`,`ag`.`name`,`ag`.`rules` FROM `fa_auth_group_access` `aga` LEFT JOIN `fa_auth_group` `ag` ON `aga`.`group_id`=`ag`.`id` WHERE  (  aga.uid='2' and ag.status='normal' ) [ RunTime:0.000398s ]
[ sql ] [ SQL ] SHOW COLUMNS FROM `fa_auth_rule` [ RunTime:0.000491s ]
[ sql ] [ SQL ] SELECT `id`,`pid`,`condition`,`icon`,`name`,`title`,`ismenu` FROM `fa_auth_rule` WHERE  `status` = 'normal'  AND `id` IN (1,2,6,7,8,9,10,11,13,14,15,16,17,18,19,20,21,22,23,24,25,26,27,28,29,30,31,32,33,34,40,41,42,43,44,45,46,47,48,49,50,92,93,94,95,96,97,98,99,100,101,102,103,104,105,106,107,108,109,110,111,112,113,114,115,116,117,118,119,120,121,122,123,124,125,126,127,128,129,130,132,133,134,135,136,137,138,139,140,141,142,143,144,145,146,147,148,149,150,151,152,153,154,155,156,157,159,160,161,162,163,164,165,166,167,168,169,170,171,172,173,174,175,176,177,178,179,180,183,184,189,190,191,192,193,194,197,198,199,200,201,202,203,204,205,206,207,208,209,211,5,131,182,181,188) [ RunTime:0.001256s ]
---------------------------------------------------------------
[ 2020-01-19T07:41:52+08:00 ] 223.104.160.81 GET /admin/index/index
[ sql ] [ DB ] CONNECT:[ UseTime:0.000693s ] mysql:host=127.0.0.1;dbname=share;charset=utf8
[ sql ] [ SQL ] SHOW COLUMNS FROM `fa_auth_group_access` [ RunTime:0.000635s ]
[ sql ] [ SQL ] SELECT `aga`.`uid`,`aga`.`group_id`,`ag`.`id`,`ag`.`pid`,`ag`.`name`,`ag`.`rules` FROM `fa_auth_group_access` `aga` LEFT JOIN `fa_auth_group` `ag` ON `aga`.`group_id`=`ag`.`id` WHERE  (  aga.uid='2' and ag.status='normal' ) [ RunTime:0.000383s ]
[ sql ] [ SQL ] SHOW COLUMNS FROM `fa_auth_rule` [ RunTime:0.000542s ]
[ sql ] [ SQL ] SELECT `id`,`pid`,`condition`,`icon`,`name`,`title`,`ismenu` FROM `fa_auth_rule` WHERE  `status` = 'normal'  AND `id` IN (1,2,6,7,8,9,10,11,13,14,15,16,17,18,19,20,21,22,23,24,25,26,27,28,29,30,31,32,33,34,40,41,42,43,44,45,46,47,48,49,50,92,93,94,95,96,97,98,99,100,101,102,103,104,105,106,107,108,109,110,111,112,113,114,115,116,117,118,119,120,121,122,123,124,125,126,127,128,129,130,132,133,134,135,136,137,138,139,140,141,142,143,144,145,146,147,148,149,150,151,152,153,154,155,156,157,159,160,161,162,163,164,165,166,167,168,169,170,171,172,173,174,175,176,177,178,179,180,183,184,189,190,191,192,193,194,197,198,199,200,201,202,203,204,205,206,207,208,209,211,5,131,182,181,188) [ RunTime:0.001250s ]
---------------------------------------------------------------
[ 2020-01-19T07:41:58+08:00 ] 223.104.160.81 GET /admin/dashboard?addtabs=1
[ sql ] [ DB ] CONNECT:[ UseTime:0.000641s ] mysql:host=127.0.0.1;dbname=share;charset=utf8
[ sql ] [ SQL ] SHOW COLUMNS FROM `fa_auth_group_access` [ RunTime:0.000665s ]
[ sql ] [ SQL ] SELECT `aga`.`uid`,`aga`.`group_id`,`ag`.`id`,`ag`.`pid`,`ag`.`name`,`ag`.`rules` FROM `fa_auth_group_access` `aga` LEFT JOIN `fa_auth_group` `ag` ON `aga`.`group_id`=`ag`.`id` WHERE  (  aga.uid='2' and ag.status='normal' ) [ RunTime:0.000347s ]
[ sql ] [ SQL ] SHOW COLUMNS FROM `fa_auth_group` [ RunTime:0.000494s ]
[ sql ] [ SQL ] SELECT * FROM `fa_auth_group` WHERE  `status` = 'normal' [ RunTime:0.000308s ]
[ sql ] [ SQL ] SELECT `uid`,`group_id` FROM `fa_auth_group_access` WHERE  `group_id` IN (3,14,17,18,19,20,24,23,25,26) [ RunTime:0.000340s ]
[ sql ] [ SQL ] SELECT * FROM `fa_auth_group` WHERE  `status` = 'normal' [ RunTime:0.000310s ]
[ sql ] [ SQL ] SHOW COLUMNS FROM `fa_users` [ RunTime:0.000509s ]
[ sql ] [ SQL ] SELECT * FROM `fa_users` WHERE  ( `createtime` >= 1577635200 AND `createtime` < 1579449600 ) [ RunTime:0.001007s ]
[ sql ] [ SQL ] SHOW COLUMNS FROM `fa_bedorder` [ RunTime:0.000582s ]
[ sql ] [ SQL ] SELECT * FROM `fa_bedorder` WHERE  `status` >= -1  AND ( `createtime` >= 1577635200 AND `createtime` < 1579449600 ) [ RunTime:0.002378s ]
[ sql ] [ SQL ] SHOW COLUMNS FROM `fa_auth_rule` [ RunTime:0.000538s ]
[ sql ] [ SQL ] SELECT `title`,`remark` FROM `fa_auth_rule` WHERE  `name` = 'dashboard' LIMIT 1 [ RunTime:0.000227s ]
---------------------------------------------------------------
[ 2020-01-19T07:41:58+08:00 ] 223.104.160.81 GET /admin/order/bedorder?addtabs=1
[ sql ] [ DB ] CONNECT:[ UseTime:0.000685s ] mysql:host=127.0.0.1;dbname=share;charset=utf8
[ sql ] [ SQL ] SHOW COLUMNS FROM `fa_auth_group_access` [ RunTime:0.000584s ]
[ sql ] [ SQL ] SELECT `aga`.`uid`,`aga`.`group_id`,`ag`.`id`,`ag`.`pid`,`ag`.`name`,`ag`.`rules` FROM `fa_auth_group_access` `aga` LEFT JOIN `fa_auth_group` `ag` ON `aga`.`group_id`=`ag`.`id` WHERE  (  aga.uid='2' and ag.status='normal' ) [ RunTime:0.000336s ]
[ sql ] [ SQL ] SHOW COLUMNS FROM `fa_auth_rule` [ RunTime:0.000491s ]
[ sql ] [ SQL ] SELECT `id`,`pid`,`condition`,`icon`,`name`,`title`,`ismenu` FROM `fa_auth_rule` WHERE  `status` = 'normal'  AND `id` IN (1,2,6,7,8,9,10,11,13,14,15,16,17,18,19,20,21,22,23,24,25,26,27,28,29,30,31,32,33,34,40,41,42,43,44,45,46,47,48,49,50,92,93,94,95,96,97,98,99,100,101,102,103,104,105,106,107,108,109,110,111,112,113,114,115,116,117,118,119,120,121,122,123,124,125,126,127,128,129,130,132,133,134,135,136,137,138,139,140,141,142,143,144,145,146,147,148,149,150,151,152,153,154,155,156,157,159,160,161,162,163,164,165,166,167,168,169,170,171,172,173,174,175,176,177,178,179,180,183,184,189,190,191,192,193,194,197,198,199,200,201,202,203,204,205,206,207,208,209,211,5,131,182,181,188) [ RunTime:0.001423s ]
[ sql ] [ SQL ] SELECT `title`,`remark` FROM `fa_auth_rule` WHERE  `name` = 'order/bedorder' LIMIT 1 [ RunTime:0.000361s ]
---------------------------------------------------------------
[ 2020-01-19T07:41:59+08:00 ] 223.104.160.81 GET /admin/dashboard/usercount
[ sql ] [ DB ] CONNECT:[ UseTime:0.000672s ] mysql:host=127.0.0.1;dbname=share;charset=utf8
[ sql ] [ SQL ] SHOW COLUMNS FROM `fa_auth_group_access` [ RunTime:0.000653s ]
[ sql ] [ SQL ] SELECT `aga`.`uid`,`aga`.`group_id`,`ag`.`id`,`ag`.`pid`,`ag`.`name`,`ag`.`rules` FROM `fa_auth_group_access` `aga` LEFT JOIN `fa_auth_group` `ag` ON `aga`.`group_id`=`ag`.`id` WHERE  (  aga.uid='2' and ag.status='normal' ) [ RunTime:0.000365s ]
[ sql ] [ SQL ] SHOW COLUMNS FROM `fa_auth_group` [ RunTime:0.000492s ]
[ sql ] [ SQL ] SELECT * FROM `fa_auth_group` WHERE  `status` = 'normal' [ RunTime:0.000303s ]
[ sql ] [ SQL ] SELECT `uid`,`group_id` FROM `fa_auth_group_access` WHERE  `group_id` IN (3,14,17,18,19,20,24,23,25,26) [ RunTime:0.000307s ]
[ sql ] [ SQL ] SELECT * FROM `fa_auth_group` WHERE  `status` = 'normal' [ RunTime:0.000311s ]
[ sql ] [ SQL ] SHOW COLUMNS FROM `fa_users` [ RunTime:0.000486s ]
[ sql ] [ SQL ] SELECT COUNT(*) AS tp_count FROM `fa_users` LIMIT 1 [ RunTime:0.000404s ]
---------------------------------------------------------------
[ 2020-01-19T07:41:59+08:00 ] 223.104.160.81 GET /admin/dashboard/todayorder
[ sql ] [ DB ] CONNECT:[ UseTime:0.000602s ] mysql:host=127.0.0.1;dbname=share;charset=utf8
[ sql ] [ SQL ] SHOW COLUMNS FROM `fa_auth_group_access` [ RunTime:0.000521s ]
[ sql ] [ SQL ] SELECT `aga`.`uid`,`aga`.`group_id`,`ag`.`id`,`ag`.`pid`,`ag`.`name`,`ag`.`rules` FROM `fa_auth_group_access` `aga` LEFT JOIN `fa_auth_group` `ag` ON `aga`.`group_id`=`ag`.`id` WHERE  (  aga.uid='2' and ag.status='normal' ) [ RunTime:0.000345s ]
[ sql ] [ SQL ] SHOW COLUMNS FROM `fa_auth_group` [ RunTime:0.000511s ]
[ sql ] [ SQL ] SELECT * FROM `fa_auth_group` WHERE  `status` = 'normal' [ RunTime:0.000295s ]
[ sql ] [ SQL ] SELECT `uid`,`group_id` FROM `fa_auth_group_access` WHERE  `group_id` IN (3,14,17,18,19,20,24,23,25,26) [ RunTime:0.000333s ]
[ sql ] [ SQL ] SELECT * FROM `fa_auth_group` WHERE  `status` = 'normal' [ RunTime:0.000277s ]
[ sql ] [ SQL ] SHOW COLUMNS FROM `fa_bedorder` [ RunTime:0.000545s ]
[ sql ] [ SQL ] SELECT COUNT(*) AS tp_count FROM `fa_bedorder` WHERE  `status` >= -1  AND ( `createtime` >= 1579363200 AND `createtime` < 1579449600 ) LIMIT 1 [ RunTime:0.000975s ]
---------------------------------------------------------------
[ 2020-01-19T07:41:59+08:00 ] 223.104.160.81 GET /admin/dashboard/sevendnudau
[ sql ] [ DB ] CONNECT:[ UseTime:0.000550s ] mysql:host=127.0.0.1;dbname=share;charset=utf8
[ sql ] [ SQL ] SHOW COLUMNS FROM `fa_auth_group_access` [ RunTime:0.000455s ]
[ sql ] [ SQL ] SELECT `aga`.`uid`,`aga`.`group_id`,`ag`.`id`,`ag`.`pid`,`ag`.`name`,`ag`.`rules` FROM `fa_auth_group_access` `aga` LEFT JOIN `fa_auth_group` `ag` ON `aga`.`group_id`=`ag`.`id` WHERE  (  aga.uid='2' and ag.status='normal' ) [ RunTime:0.000298s ]
[ sql ] [ SQL ] SHOW COLUMNS FROM `fa_auth_group` [ RunTime:0.000476s ]
[ sql ] [ SQL ] SELECT * FROM `fa_auth_group` WHERE  `status` = 'normal' [ RunTime:0.000295s ]
[ sql ] [ SQL ] SELECT `uid`,`group_id` FROM `fa_auth_group_access` WHERE  `group_id` IN (3,14,17,18,19,20,24,23,25,26) [ RunTime:0.000292s ]
[ sql ] [ SQL ] SELECT * FROM `fa_auth_group` WHERE  `status` = 'normal' [ RunTime:0.000286s ]
[ sql ] [ SQL ] SHOW COLUMNS FROM `fa_users` [ RunTime:0.000477s ]
[ sql ] [ SQL ] SELECT COUNT(*) AS tp_count FROM `fa_users` WHERE  ( `createtime` >= 1578758400 AND `createtime` < 1579449600 ) LIMIT 1 [ RunTime:0.000467s ]
[ sql ] [ SQL ] SHOW COLUMNS FROM `fa_oauth` [ RunTime:0.000632s ]
[ sql ] [ SQL ] SELECT COUNT(*) AS tp_count FROM ( SELECT count(*) FROM `fa_oauth` WHERE  ( `createtime` >= 1578758400 AND `createtime` < 1579449600 ) GROUP BY `id` ) `_group_count_` LIMIT 1 [ RunTime:0.002174s ]
[ sql ] [ SQL ] SELECT COUNT(*) AS tp_count FROM `fa_users` LIMIT 1 [ RunTime:0.000359s ]
---------------------------------------------------------------
[ 2020-01-19T07:41:59+08:00 ] 223.104.160.81 GET /admin/dashboard/todayregister
[ sql ] [ DB ] CONNECT:[ UseTime:0.005297s ] mysql:host=127.0.0.1;dbname=share;charset=utf8
[ sql ] [ SQL ] SHOW COLUMNS FROM `fa_auth_group_access` [ RunTime:0.000775s ]
[ sql ] [ SQL ] SELECT `aga`.`uid`,`aga`.`group_id`,`ag`.`id`,`ag`.`pid`,`ag`.`name`,`ag`.`rules` FROM `fa_auth_group_access` `aga` LEFT JOIN `fa_auth_group` `ag` ON `aga`.`group_id`=`ag`.`id` WHERE  (  aga.uid='2' and ag.status='normal' ) [ RunTime:0.000446s ]
[ sql ] [ SQL ] SHOW COLUMNS FROM `fa_auth_group` [ RunTime:0.000643s ]
[ sql ] [ SQL ] SELECT * FROM `fa_auth_group` WHERE  `status` = 'normal' [ RunTime:0.000381s ]
[ sql ] [ SQL ] SELECT `uid`,`group_id` FROM `fa_auth_group_access` WHERE  `group_id` IN (3,14,17,18,19,20,24,23,25,26) [ RunTime:0.001727s ]
[ sql ] [ SQL ] SELECT * FROM `fa_auth_group` WHERE  `status` = 'normal' [ RunTime:0.000346s ]
[ sql ] [ SQL ] SHOW COLUMNS FROM `fa_users` [ RunTime:0.000769s ]
[ sql ] [ SQL ] SELECT COUNT(*) AS tp_count FROM `fa_users` WHERE  ( `createtime` >= 1579363200 AND `createtime` < 1579449600 ) LIMIT 1 [ RunTime:0.001352s ]
---------------------------------------------------------------
[ 2020-01-19T07:41:59+08:00 ] 223.104.160.81 GET /admin/dashboard/todaylogin
[ sql ] [ DB ] CONNECT:[ UseTime:0.000645s ] mysql:host=127.0.0.1;dbname=share;charset=utf8
[ sql ] [ SQL ] SHOW COLUMNS FROM `fa_auth_group_access` [ RunTime:0.000701s ]
[ sql ] [ SQL ] SELECT `aga`.`uid`,`aga`.`group_id`,`ag`.`id`,`ag`.`pid`,`ag`.`name`,`ag`.`rules` FROM `fa_auth_group_access` `aga` LEFT JOIN `fa_auth_group` `ag` ON `aga`.`group_id`=`ag`.`id` WHERE  (  aga.uid='2' and ag.status='normal' ) [ RunTime:0.000301s ]
[ sql ] [ SQL ] SHOW COLUMNS FROM `fa_auth_group` [ RunTime:0.000449s ]
[ sql ] [ SQL ] SELECT * FROM `fa_auth_group` WHERE  `status` = 'normal' [ RunTime:0.000400s ]
[ sql ] [ SQL ] SELECT `uid`,`group_id` FROM `fa_auth_group_access` WHERE  `group_id` IN (3,14,17,18,19,20,24,23,25,26) [ RunTime:0.000360s ]
[ sql ] [ SQL ] SELECT * FROM `fa_auth_group` WHERE  `status` = 'normal' [ RunTime:0.000315s ]
[ sql ] [ SQL ] SHOW COLUMNS FROM `fa_oauth` [ RunTime:0.000429s ]
[ sql ] [ SQL ] SELECT COUNT(*) AS tp_count FROM `fa_oauth` WHERE  ( `createtime` >= 1579363200 AND `createtime` < 1579449600 ) LIMIT 1 [ RunTime:0.001765s ]
---------------------------------------------------------------
[ 2020-01-19T07:41:59+08:00 ] 223.104.160.81 GET /admin/dashboard/unsettleorder
[ sql ] [ DB ] CONNECT:[ UseTime:0.000521s ] mysql:host=127.0.0.1;dbname=share;charset=utf8
[ sql ] [ SQL ] SHOW COLUMNS FROM `fa_auth_group_access` [ RunTime:0.000461s ]
[ sql ] [ SQL ] SELECT `aga`.`uid`,`aga`.`group_id`,`ag`.`id`,`ag`.`pid`,`ag`.`name`,`ag`.`rules` FROM `fa_auth_group_access` `aga` LEFT JOIN `fa_auth_group` `ag` ON `aga`.`group_id`=`ag`.`id` WHERE  (  aga.uid='2' and ag.status='normal' ) [ RunTime:0.000312s ]
[ sql ] [ SQL ] SHOW COLUMNS FROM `fa_auth_group` [ RunTime:0.000488s ]
[ sql ] [ SQL ] SELECT * FROM `fa_auth_group` WHERE  `status` = 'normal' [ RunTime:0.000287s ]
[ sql ] [ SQL ] SELECT `uid`,`group_id` FROM `fa_auth_group_access` WHERE  `group_id` IN (3,14,17,18,19,20,24,23,25,26) [ RunTime:0.000290s ]
[ sql ] [ SQL ] SELECT * FROM `fa_auth_group` WHERE  `status` = 'normal' [ RunTime:0.000304s ]
[ sql ] [ SQL ] SHOW COLUMNS FROM `fa_bedorder` [ RunTime:0.000511s ]
[ sql ] [ SQL ] SELECT COUNT(*) AS tp_count FROM `fa_bedorder` WHERE  `status` >= -1  AND `step` < 9000 LIMIT 1 [ RunTime:0.000930s ]
---------------------------------------------------------------
[ 2020-01-19T07:41:59+08:00 ] 223.104.160.81 GET /admin/dashboard/devcount
[ sql ] [ DB ] CONNECT:[ UseTime:0.000536s ] mysql:host=127.0.0.1;dbname=share;charset=utf8
[ sql ] [ SQL ] SHOW COLUMNS FROM `fa_auth_group_access` [ RunTime:0.000460s ]
[ sql ] [ SQL ] SELECT `aga`.`uid`,`aga`.`group_id`,`ag`.`id`,`ag`.`pid`,`ag`.`name`,`ag`.`rules` FROM `fa_auth_group_access` `aga` LEFT JOIN `fa_auth_group` `ag` ON `aga`.`group_id`=`ag`.`id` WHERE  (  aga.uid='2' and ag.status='normal' ) [ RunTime:0.000320s ]
[ sql ] [ SQL ] SHOW COLUMNS FROM `fa_auth_group` [ RunTime:0.000490s ]
[ sql ] [ SQL ] SELECT * FROM `fa_auth_group` WHERE  `status` = 'normal' [ RunTime:0.000296s ]
[ sql ] [ SQL ] SELECT `uid`,`group_id` FROM `fa_auth_group_access` WHERE  `group_id` IN (3,14,17,18,19,20,24,23,25,26) [ RunTime:0.000292s ]
[ sql ] [ SQL ] SELECT * FROM `fa_auth_group` WHERE  `status` = 'normal' [ RunTime:0.000279s ]
[ sql ] [ SQL ] SHOW COLUMNS FROM `fa_device` [ RunTime:0.000465s ]
[ sql ] [ SQL ] SELECT COUNT(*) AS tp_count FROM `fa_device` WHERE  `admin_id` IN (7,10,11,15,16,17,2) LIMIT 1 [ RunTime:0.000350s ]
---------------------------------------------------------------
[ 2020-01-19T07:41:59+08:00 ] 223.104.160.81 GET /admin/dashboard/orderinfo
[ sql ] [ DB ] CONNECT:[ UseTime:0.000546s ] mysql:host=127.0.0.1;dbname=share;charset=utf8
[ sql ] [ SQL ] SHOW COLUMNS FROM `fa_auth_group_access` [ RunTime:0.000469s ]
[ sql ] [ SQL ] SELECT `aga`.`uid`,`aga`.`group_id`,`ag`.`id`,`ag`.`pid`,`ag`.`name`,`ag`.`rules` FROM `fa_auth_group_access` `aga` LEFT JOIN `fa_auth_group` `ag` ON `aga`.`group_id`=`ag`.`id` WHERE  (  aga.uid='2' and ag.status='normal' ) [ RunTime:0.000290s ]
[ sql ] [ SQL ] SHOW COLUMNS FROM `fa_auth_group` [ RunTime:0.000493s ]
[ sql ] [ SQL ] SELECT * FROM `fa_auth_group` WHERE  `status` = 'normal' [ RunTime:0.000284s ]
[ sql ] [ SQL ] SELECT `uid`,`group_id` FROM `fa_auth_group_access` WHERE  `group_id` IN (3,14,17,18,19,20,24,23,25,26) [ RunTime:0.000305s ]
[ sql ] [ SQL ] SELECT * FROM `fa_auth_group` WHERE  `status` = 'normal' [ RunTime:0.000279s ]
[ sql ] [ SQL ] SHOW COLUMNS FROM `fa_bedorder` [ RunTime:0.000522s ]
[ sql ] [ SQL ] SELECT (total-refund) as amount FROM `fa_bedorder` WHERE  `admin_id` IN (7,10,11,15,16,17,2)  AND `status` >= -1 [ RunTime:0.001606s ]
---------------------------------------------------------------
[ 2020-01-19T07:42:13+08:00 ] 223.104.160.81 GET /admin/order/bedorder/index?sort=order_no&order=desc&offset=0&limit=10&filter=%7B%7D&op=%7B%7D&_=1579390930879
[ sql ] [ DB ] CONNECT:[ UseTime:0.000651s ] mysql:host=127.0.0.1;dbname=share;charset=utf8
[ sql ] [ SQL ] SHOW COLUMNS FROM `fa_auth_group_access` [ RunTime:0.000609s ]
[ sql ] [ SQL ] SELECT `aga`.`uid`,`aga`.`group_id`,`ag`.`id`,`ag`.`pid`,`ag`.`name`,`ag`.`rules` FROM `fa_auth_group_access` `aga` LEFT JOIN `fa_auth_group` `ag` ON `aga`.`group_id`=`ag`.`id` WHERE  (  aga.uid='2' and ag.status='normal' ) [ RunTime:0.000429s ]
[ sql ] [ SQL ] SHOW COLUMNS FROM `fa_auth_rule` [ RunTime:0.000598s ]
[ sql ] [ SQL ] SELECT `id`,`pid`,`condition`,`icon`,`name`,`title`,`ismenu` FROM `fa_auth_rule` WHERE  `status` = 'normal'  AND `id` IN (1,2,6,7,8,9,10,11,13,14,15,16,17,18,19,20,21,22,23,24,25,26,27,28,29,30,31,32,33,34,40,41,42,43,44,45,46,47,48,49,50,92,93,94,95,96,97,98,99,100,101,102,103,104,105,106,107,108,109,110,111,112,113,114,115,116,117,118,119,120,121,122,123,124,125,126,127,128,129,130,132,133,134,135,136,137,138,139,140,141,142,143,144,145,146,147,148,149,150,151,152,153,154,155,156,157,159,160,161,162,163,164,165,166,167,168,169,170,171,172,173,174,175,176,177,178,179,180,183,184,189,190,191,192,193,194,197,198,199,200,201,202,203,204,205,206,207,208,209,211,5,131,182,181,188) [ RunTime:0.001339s ]
[ sql ] [ SQL ] SHOW COLUMNS FROM `fa_auth_group` [ RunTime:0.000570s ]
[ sql ] [ SQL ] SELECT * FROM `fa_auth_group` WHERE  `status` = 'normal' [ RunTime:0.000338s ]
[ sql ] [ SQL ] SELECT `uid`,`group_id` FROM `fa_auth_group_access` WHERE  `group_id` IN (3,14,17,18,19,20,24,23,25,26) [ RunTime:0.000295s ]
[ sql ] [ SQL ] SHOW COLUMNS FROM `fa_bedorder` [ RunTime:0.000540s ]
[ sql ] [ SQL ] SHOW COLUMNS FROM `fa_netpoint` [ RunTime:0.000480s ]
[ sql ] [ SQL ] SHOW COLUMNS FROM `fa_device` [ RunTime:0.000478s ]
[ sql ] [ SQL ] SELECT COUNT(*) AS tp_count FROM `fa_bedorder` `bedorder` LEFT JOIN `fa_netpoint` `netpoint` ON `bedorder`.`netpoint_id`=`netpoint`.`id` LEFT JOIN `fa_device` `device` ON `bedorder`.`dev_id`=`device`.`dev_id` WHERE  (  `bedorder`.`admin_id` IN (7,10,11,15,16,17,2) ) ORDER BY `bedorder`.`order_no` DESC LIMIT 1 [ RunTime:0.003826s ]
[ sql ] [ SQL ] SELECT `bedorder`.`order_no`,`bedorder`.`users_id`,`bedorder`.`phone`,`bedorder`.`dev_id`,`bedorder`.`admin_id`,`bedorder`.`entity_id`,`bedorder`.`netpoint_id`,`bedorder`.`pricetype`,`bedorder`.`price_id`,`bedorder`.`deposit`,`bedorder`.`lightnight`,`bedorder`.`canusestart`,`bedorder`.`canuseend`,`bedorder`.`hourprice`,`bedorder`.`lighttimesprice`,`bedorder`.`nighttimesprice`,`bedorder`.`dayprice`,`bedorder`.`days`,`bedorder`.`pricedata`,`bedorder`.`total`,`bedorder`.`save`,`bedorder`.`pay`,`bedorder`.`tran_id`,`bedorder`.`refund`,`bedorder`.`refundtime`,`bedorder`.`refundnote`,`bedorder`.`step`,`bedorder`.`status`,`bedorder`.`rtn_admin_id`,`bedorder`.`createtime`,`bedorder`.`endtime`,netpoint.id AS netpoint__id,netpoint.admin_id AS netpoint__admin_id,netpoint.name AS netpoint__name,netpoint.shortname AS netpoint__shortname,netpoint.netaddr AS netpoint__netaddr,netpoint.netlng AS netpoint__netlng,netpoint.netlat AS netpoint__netlat,netpoint.deposit AS netpoint__deposit,netpoint.level1 AS netpoint__level1,netpoint.level2 AS netpoint__level2,netpoint.level3 AS netpoint__level3,netpoint.level4 AS netpoint__level4,netpoint.percent1 AS netpoint__percent1,netpoint.percent2 AS netpoint__percent2,netpoint.percent3 AS netpoint__percent3,netpoint.percent4 AS netpoint__percent4,netpoint.mt_admin_id AS netpoint__mt_admin_id,netpoint.mall_admin_id AS netpoint__mall_admin_id,netpoint.status AS netpoint__status,device.id AS device__id,device.dev_id AS device__dev_id,device.iscabinet AS device__iscabinet,device.devtype_id AS device__devtype_id,device.price_id AS device__price_id,device.netpoint_id AS device__netpoint_id,device.department AS device__department,device.room AS device__room,device.bed AS device__bed,device.entity_id AS device__entity_id,device.admin_id AS device__admin_id,device.mac AS device__mac,device.blekey AS device__blekey,device.blepwd AS device__blepwd,device.mac2 AS device__mac2,device.blekey2 AS device__blekey2,device.blepwd2 AS device__blepwd2,device.createtime AS device__createtime,device.updatetime AS device__updatetime,device.status AS device__status FROM `fa_bedorder` `bedorder` LEFT JOIN `fa_netpoint` `netpoint` ON `bedorder`.`netpoint_id`=`netpoint`.`id` LEFT JOIN `fa_device` `device` ON `bedorder`.`dev_id`=`device`.`dev_id` WHERE  (  `bedorder`.`admin_id` IN (7,10,11,15,16,17,2) ) ORDER BY `bedorder`.`order_no` DESC LIMIT 0,10 [ RunTime:0.000632s ]
---------------------------------------------------------------
[ 2020-01-19T07:42:17+08:00 ] 223.104.160.81 GET /admin/order/bedorder/index?sort=order_no&order=desc&offset=0&limit=10&filter=%7B%7D&op=%7B%7D&_=1579390930880
[ sql ] [ DB ] CONNECT:[ UseTime:0.000652s ] mysql:host=127.0.0.1;dbname=share;charset=utf8
[ sql ] [ SQL ] SHOW COLUMNS FROM `fa_auth_group_access` [ RunTime:0.000628s ]
[ sql ] [ SQL ] SELECT `aga`.`uid`,`aga`.`group_id`,`ag`.`id`,`ag`.`pid`,`ag`.`name`,`ag`.`rules` FROM `fa_auth_group_access` `aga` LEFT JOIN `fa_auth_group` `ag` ON `aga`.`group_id`=`ag`.`id` WHERE  (  aga.uid='2' and ag.status='normal' ) [ RunTime:0.000385s ]
[ sql ] [ SQL ] SHOW COLUMNS FROM `fa_auth_rule` [ RunTime:0.000470s ]
[ sql ] [ SQL ] SELECT `id`,`pid`,`condition`,`icon`,`name`,`title`,`ismenu` FROM `fa_auth_rule` WHERE  `status` = 'normal'  AND `id` IN (1,2,6,7,8,9,10,11,13,14,15,16,17,18,19,20,21,22,23,24,25,26,27,28,29,30,31,32,33,34,40,41,42,43,44,45,46,47,48,49,50,92,93,94,95,96,97,98,99,100,101,102,103,104,105,106,107,108,109,110,111,112,113,114,115,116,117,118,119,120,121,122,123,124,125,126,127,128,129,130,132,133,134,135,136,137,138,139,140,141,142,143,144,145,146,147,148,149,150,151,152,153,154,155,156,157,159,160,161,162,163,164,165,166,167,168,169,170,171,172,173,174,175,176,177,178,179,180,183,184,189,190,191,192,193,194,197,198,199,200,201,202,203,204,205,206,207,208,209,211,5,131,182,181,188) [ RunTime:0.001200s ]
[ sql ] [ SQL ] SHOW COLUMNS FROM `fa_auth_group` [ RunTime:0.000591s ]
[ sql ] [ SQL ] SELECT * FROM `fa_auth_group` WHERE  `status` = 'normal' [ RunTime:0.000309s ]
[ sql ] [ SQL ] SELECT `uid`,`group_id` FROM `fa_auth_group_access` WHERE  `group_id` IN (3,14,17,18,19,20,24,23,25,26) [ RunTime:0.000322s ]
[ sql ] [ SQL ] SHOW COLUMNS FROM `fa_bedorder` [ RunTime:0.000519s ]
[ sql ] [ SQL ] SHOW COLUMNS FROM `fa_netpoint` [ RunTime:0.000458s ]
[ sql ] [ SQL ] SHOW COLUMNS FROM `fa_device` [ RunTime:0.000466s ]
[ sql ] [ SQL ] SELECT COUNT(*) AS tp_count FROM `fa_bedorder` `bedorder` LEFT JOIN `fa_netpoint` `netpoint` ON `bedorder`.`netpoint_id`=`netpoint`.`id` LEFT JOIN `fa_device` `device` ON `bedorder`.`dev_id`=`device`.`dev_id` WHERE  (  `bedorder`.`admin_id` IN (7,10,11,15,16,17,2) ) ORDER BY `bedorder`.`order_no` DESC LIMIT 1 [ RunTime:0.003764s ]
[ sql ] [ SQL ] SELECT `bedorder`.`order_no`,`bedorder`.`users_id`,`bedorder`.`phone`,`bedorder`.`dev_id`,`bedorder`.`admin_id`,`bedorder`.`entity_id`,`bedorder`.`netpoint_id`,`bedorder`.`pricetype`,`bedorder`.`price_id`,`bedorder`.`deposit`,`bedorder`.`lightnight`,`bedorder`.`canusestart`,`bedorder`.`canuseend`,`bedorder`.`hourprice`,`bedorder`.`lighttimesprice`,`bedorder`.`nighttimesprice`,`bedorder`.`dayprice`,`bedorder`.`days`,`bedorder`.`pricedata`,`bedorder`.`total`,`bedorder`.`save`,`bedorder`.`pay`,`bedorder`.`tran_id`,`bedorder`.`refund`,`bedorder`.`refundtime`,`bedorder`.`refundnote`,`bedorder`.`step`,`bedorder`.`status`,`bedorder`.`rtn_admin_id`,`bedorder`.`createtime`,`bedorder`.`endtime`,netpoint.id AS netpoint__id,netpoint.admin_id AS netpoint__admin_id,netpoint.name AS netpoint__name,netpoint.shortname AS netpoint__shortname,netpoint.netaddr AS netpoint__netaddr,netpoint.netlng AS netpoint__netlng,netpoint.netlat AS netpoint__netlat,netpoint.deposit AS netpoint__deposit,netpoint.level1 AS netpoint__level1,netpoint.level2 AS netpoint__level2,netpoint.level3 AS netpoint__level3,netpoint.level4 AS netpoint__level4,netpoint.percent1 AS netpoint__percent1,netpoint.percent2 AS netpoint__percent2,netpoint.percent3 AS netpoint__percent3,netpoint.percent4 AS netpoint__percent4,netpoint.mt_admin_id AS netpoint__mt_admin_id,netpoint.mall_admin_id AS netpoint__mall_admin_id,netpoint.status AS netpoint__status,device.id AS device__id,device.dev_id AS device__dev_id,device.iscabinet AS device__iscabinet,device.devtype_id AS device__devtype_id,device.price_id AS device__price_id,device.netpoint_id AS device__netpoint_id,device.department AS device__department,device.room AS device__room,device.bed AS device__bed,device.entity_id AS device__entity_id,device.admin_id AS device__admin_id,device.mac AS device__mac,device.blekey AS device__blekey,device.blepwd AS device__blepwd,device.mac2 AS device__mac2,device.blekey2 AS device__blekey2,device.blepwd2 AS device__blepwd2,device.createtime AS device__createtime,device.updatetime AS device__updatetime,device.status AS device__status FROM `fa_bedorder` `bedorder` LEFT JOIN `fa_netpoint` `netpoint` ON `bedorder`.`netpoint_id`=`netpoint`.`id` LEFT JOIN `fa_device` `device` ON `bedorder`.`dev_id`=`device`.`dev_id` WHERE  (  `bedorder`.`admin_id` IN (7,10,11,15,16,17,2) ) ORDER BY `bedorder`.`order_no` DESC LIMIT 0,10 [ RunTime:0.000650s ]
---------------------------------------------------------------
[ 2020-01-19T07:42:24+08:00 ] 223.104.160.81 GET /admin/order/bedorder/index?sort=order_no&order=desc&offset=0&limit=10&filter=%7B%7D&op=%7B%7D&_=1579390930881
[ sql ] [ DB ] CONNECT:[ UseTime:0.000653s ] mysql:host=127.0.0.1;dbname=share;charset=utf8
[ sql ] [ SQL ] SHOW COLUMNS FROM `fa_auth_group_access` [ RunTime:0.000632s ]
[ sql ] [ SQL ] SELECT `aga`.`uid`,`aga`.`group_id`,`ag`.`id`,`ag`.`pid`,`ag`.`name`,`ag`.`rules` FROM `fa_auth_group_access` `aga` LEFT JOIN `fa_auth_group` `ag` ON `aga`.`group_id`=`ag`.`id` WHERE  (  aga.uid='2' and ag.status='normal' ) [ RunTime:0.000385s ]
[ sql ] [ SQL ] SHOW COLUMNS FROM `fa_auth_rule` [ RunTime:0.000530s ]
[ sql ] [ SQL ] SELECT `id`,`pid`,`condition`,`icon`,`name`,`title`,`ismenu` FROM `fa_auth_rule` WHERE  `status` = 'normal'  AND `id` IN (1,2,6,7,8,9,10,11,13,14,15,16,17,18,19,20,21,22,23,24,25,26,27,28,29,30,31,32,33,34,40,41,42,43,44,45,46,47,48,49,50,92,93,94,95,96,97,98,99,100,101,102,103,104,105,106,107,108,109,110,111,112,113,114,115,116,117,118,119,120,121,122,123,124,125,126,127,128,129,130,132,133,134,135,136,137,138,139,140,141,142,143,144,145,146,147,148,149,150,151,152,153,154,155,156,157,159,160,161,162,163,164,165,166,167,168,169,170,171,172,173,174,175,176,177,178,179,180,183,184,189,190,191,192,193,194,197,198,199,200,201,202,203,204,205,206,207,208,209,211,5,131,182,181,188) [ RunTime:0.001210s ]
[ sql ] [ SQL ] SHOW COLUMNS FROM `fa_auth_group` [ RunTime:0.000574s ]
[ sql ] [ SQL ] SELECT * FROM `fa_auth_group` WHERE  `status` = 'normal' [ RunTime:0.000301s ]
[ sql ] [ SQL ] SELECT `uid`,`group_id` FROM `fa_auth_group_access` WHERE  `group_id` IN (3,14,17,18,19,20,24,23,25,26) [ RunTime:0.000303s ]
[ sql ] [ SQL ] SHOW COLUMNS FROM `fa_bedorder` [ RunTime:0.000526s ]
[ sql ] [ SQL ] SHOW COLUMNS FROM `fa_netpoint` [ RunTime:0.000444s ]
[ sql ] [ SQL ] SHOW COLUMNS FROM `fa_device` [ RunTime:0.000471s ]
[ sql ] [ SQL ] SELECT COUNT(*) AS tp_count FROM `fa_bedorder` `bedorder` LEFT JOIN `fa_netpoint` `netpoint` ON `bedorder`.`netpoint_id`=`netpoint`.`id` LEFT JOIN `fa_device` `device` ON `bedorder`.`dev_id`=`device`.`dev_id` WHERE  (  `bedorder`.`admin_id` IN (7,10,11,15,16,17,2) ) ORDER BY `bedorder`.`order_no` DESC LIMIT 1 [ RunTime:0.003849s ]
[ sql ] [ SQL ] SELECT `bedorder`.`order_no`,`bedorder`.`users_id`,`bedorder`.`phone`,`bedorder`.`dev_id`,`bedorder`.`admin_id`,`bedorder`.`entity_id`,`bedorder`.`netpoint_id`,`bedorder`.`pricetype`,`bedorder`.`price_id`,`bedorder`.`deposit`,`bedorder`.`lightnight`,`bedorder`.`canusestart`,`bedorder`.`canuseend`,`bedorder`.`hourprice`,`bedorder`.`lighttimesprice`,`bedorder`.`nighttimesprice`,`bedorder`.`dayprice`,`bedorder`.`days`,`bedorder`.`pricedata`,`bedorder`.`total`,`bedorder`.`save`,`bedorder`.`pay`,`bedorder`.`tran_id`,`bedorder`.`refund`,`bedorder`.`refundtime`,`bedorder`.`refundnote`,`bedorder`.`step`,`bedorder`.`status`,`bedorder`.`rtn_admin_id`,`bedorder`.`createtime`,`bedorder`.`endtime`,netpoint.id AS netpoint__id,netpoint.admin_id AS netpoint__admin_id,netpoint.name AS netpoint__name,netpoint.shortname AS netpoint__shortname,netpoint.netaddr AS netpoint__netaddr,netpoint.netlng AS netpoint__netlng,netpoint.netlat AS netpoint__netlat,netpoint.deposit AS netpoint__deposit,netpoint.level1 AS netpoint__level1,netpoint.level2 AS netpoint__level2,netpoint.level3 AS netpoint__level3,netpoint.level4 AS netpoint__level4,netpoint.percent1 AS netpoint__percent1,netpoint.percent2 AS netpoint__percent2,netpoint.percent3 AS netpoint__percent3,netpoint.percent4 AS netpoint__percent4,netpoint.mt_admin_id AS netpoint__mt_admin_id,netpoint.mall_admin_id AS netpoint__mall_admin_id,netpoint.status AS netpoint__status,device.id AS device__id,device.dev_id AS device__dev_id,device.iscabinet AS device__iscabinet,device.devtype_id AS device__devtype_id,device.price_id AS device__price_id,device.netpoint_id AS device__netpoint_id,device.department AS device__department,device.room AS device__room,device.bed AS device__bed,device.entity_id AS device__entity_id,device.admin_id AS device__admin_id,device.mac AS device__mac,device.blekey AS device__blekey,device.blepwd AS device__blepwd,device.mac2 AS device__mac2,device.blekey2 AS device__blekey2,device.blepwd2 AS device__blepwd2,device.createtime AS device__createtime,device.updatetime AS device__updatetime,device.status AS device__status FROM `fa_bedorder` `bedorder` LEFT JOIN `fa_netpoint` `netpoint` ON `bedorder`.`netpoint_id`=`netpoint`.`id` LEFT JOIN `fa_device` `device` ON `bedorder`.`dev_id`=`device`.`dev_id` WHERE  (  `bedorder`.`admin_id` IN (7,10,11,15,16,17,2) ) ORDER BY `bedorder`.`order_no` DESC LIMIT 0,10 [ RunTime:0.000621s ]
---------------------------------------------------------------
[ 2020-01-19T09:31:06+08:00 ] 221.178.125.82 POST /api/Bedorder/queryauth
[ info ] queryauth request: 
[ info ] {"mac":"CF212153B558"}
[ info ] queryauth response: 
[ info ] 1
---------------------------------------------------------------
[ 2020-01-19T09:49:28+08:00 ] 117.132.193.110 POST /api/Bedorder/queryauth
[ info ] queryauth request: 
[ info ] {"mac":"D72B441E601A"}
[ info ] queryauth response: 
[ info ] 1
---------------------------------------------------------------
[ 2020-01-19T10:06:13+08:00 ] 39.144.18.4 POST /api/Bedorder/queryauth
[ info ] queryauth request: 
[ info ] {"mac":"F5D1A6FF443C"}
[ info ] queryauth response: 
[ info ] 1
---------------------------------------------------------------
[ 2020-01-19T10:59:15+08:00 ] 117.132.193.64 POST /api/Bedorder/queryauth
[ info ] queryauth request: 
[ info ] {"mac":"CEE11692C751"}
[ info ] queryauth response: 
[ info ] 1
---------------------------------------------------------------
[ 2020-01-19T10:59:19+08:00 ] 117.132.193.64 POST /api/Bedorder/queryauth
[ info ] queryauth request: 
[ info ] {"mac":"CEE11692C751"}
[ info ] queryauth response: 
[ info ] 1
---------------------------------------------------------------
[ 2020-01-19T11:33:53+08:00 ] 223.104.254.207 POST /api/Bedorder/queryauth
[ info ] queryauth request: 
[ info ] {"mac":"C67E47965488"}
[ info ] queryauth response: 
[ info ] 1
---------------------------------------------------------------
[ 2020-01-19T12:28:37+08:00 ] 117.132.195.52 POST /api/Bedorder/queryauth
[ info ] queryauth request: 
[ info ] {"mac":"C84C763D531C"}
[ info ] queryauth response: 
[ info ] 1
---------------------------------------------------------------
[ 2020-01-19T12:29:13+08:00 ] 221.178.125.82 POST /api/Bedorder/queryauth
[ info ] queryauth request: 
[ info ] {"mac":"CF212153B558"}
[ info ] queryauth response: 
[ info ] 1
---------------------------------------------------------------
[ 2020-01-19T12:51:23+08:00 ] 39.144.17.85 POST /api/Bedorder/queryauth
[ info ] queryauth request: 
[ info ] {"mac":"D91FE12B3049"}
[ info ] queryauth response: 
[ info ] 1
---------------------------------------------------------------
[ 2020-01-19T14:02:30+08:00 ] 117.132.195.52 POST /api/Bedorder/queryauth
[ info ] queryauth request: 
[ info ] {"mac":"C84C763D531C"}
[ info ] queryauth response: 
[ info ] 1
---------------------------------------------------------------
[ 2020-01-19T14:55:43+08:00 ] 39.144.17.183 POST /api/Bedorder/queryauth
[ info ] queryauth request: 
[ info ] {"mac":"C13D829CA83E"}
[ info ] queryauth response: 
[ info ] 1
---------------------------------------------------------------
[ 2020-01-19T15:02:21+08:00 ] 117.132.196.60 POST /api/Bedorder/queryauth
[ info ] queryauth request: 
[ info ] {"mac":"E85D6E44927C"}
[ info ] queryauth response: 
[ info ] 1
---------------------------------------------------------------
[ 2020-01-19T15:04:33+08:00 ] 117.132.195.52 POST /api/Bedorder/queryauth
[ info ] queryauth request: 
[ info ] {"mac":"C84C763D531C"}
[ info ] queryauth response: 
[ info ] 1
---------------------------------------------------------------
[ 2020-01-19T15:08:58+08:00 ] 117.132.195.52 POST /api/Bedorder/queryauth
[ info ] queryauth request: 
[ info ] {"mac":"C84C763D531C"}
[ info ] queryauth response: 
[ info ] 1
---------------------------------------------------------------
[ 2020-01-19T15:09:06+08:00 ] 117.132.195.52 POST /api/Bedorder/queryauth
[ info ] queryauth request: 
[ info ] {"mac":"C84C763D531C"}
[ info ] queryauth response: 
[ info ] 1
---------------------------------------------------------------
[ 2020-01-19T15:09:10+08:00 ] 117.132.195.52 POST /api/Bedorder/queryauth
[ info ] queryauth request: 
[ info ] {"mac":"C84C763D531C"}
[ info ] queryauth response: 
[ info ] 1
---------------------------------------------------------------
[ 2020-01-19T15:09:17+08:00 ] 117.132.195.52 POST /api/Bedorder/queryauth
[ info ] queryauth request: 
[ info ] {"mac":"C84C763D531C"}
[ info ] queryauth response: 
[ info ] 1
---------------------------------------------------------------
[ 2020-01-19T15:11:40+08:00 ] 117.132.191.98 POST /api/Bedorder/queryauth
[ info ] queryauth request: 
[ info ] {"mac":"EFF89F9A7A4C"}
[ info ] queryauth response: 
[ info ] 1
---------------------------------------------------------------
[ 2020-01-19T15:31:11+08:00 ] 223.104.255.75 POST /api/Bedorder/queryauth
[ info ] queryauth request: 
[ info ] {"mac":"E85D6E44927C"}
[ info ] queryauth response: 
[ info ] 1
---------------------------------------------------------------
[ 2020-01-19T15:31:15+08:00 ] 117.132.194.76 POST /api/Bedorder/queryauth
[ info ] queryauth request: 
[ info ] {"mac":"FB8631AF7CFA"}
[ info ] queryauth response: 
[ info ] 1
---------------------------------------------------------------
[ 2020-01-19T15:40:31+08:00 ] 223.104.254.226 POST /api/Bedorder/queryauth
[ info ] queryauth request: 
[ info ] {"mac":"E96CC8A29329"}
[ info ] queryauth response: 
[ info ] 1
---------------------------------------------------------------
[ 2020-01-19T16:38:44+08:00 ] 117.132.197.28 POST /api/Bedorder/queryauth
[ info ] queryauth request: 
[ info ] {"mac":"DF89D66AF356"}
[ info ] queryauth response: 
[ info ] 1
---------------------------------------------------------------
[ 2020-01-19T16:48:12+08:00 ] 117.132.197.28 POST /api/Bedorder/queryauth
[ info ] queryauth request: 
[ info ] {"mac":"DF89D66AF356"}
[ info ] queryauth response: 
[ info ] 1
---------------------------------------------------------------
[ 2020-01-19T16:48:26+08:00 ] 218.204.252.31 POST /api/Bedorder/queryauth
[ info ] queryauth request: 
[ info ] {"mac":"C57609D24749"}
[ info ] queryauth response: 
[ info ] 1
---------------------------------------------------------------
[ 2020-01-19T16:48:44+08:00 ] 218.204.252.31 POST /api/Bedorder/queryauth
[ info ] queryauth request: 
[ info ] {"mac":"C57609D24749"}
[ info ] queryauth response: 
[ info ] 1
---------------------------------------------------------------
[ 2020-01-19T16:48:48+08:00 ] 218.204.252.31 POST /api/Bedorder/queryauth
[ info ] queryauth request: 
[ info ] {"mac":"C57609D24749"}
[ info ] queryauth response: 
[ info ] 1
---------------------------------------------------------------
[ 2020-01-19T17:02:32+08:00 ] 221.178.125.82 POST /api/Bedorder/queryauth
[ info ] queryauth request: 
[ info ] {"mac":"CF212153B558"}
[ info ] queryauth response: 
[ info ] 1
---------------------------------------------------------------
[ 2020-01-19T17:02:38+08:00 ] 221.178.125.82 POST /api/Bedorder/queryauth
[ info ] queryauth request: 
[ info ] {"mac":"CF212153B558"}
[ info ] queryauth response: 
[ info ] 1
---------------------------------------------------------------
[ 2020-01-19T17:02:41+08:00 ] 221.178.125.82 POST /api/Bedorder/queryauth
[ info ] queryauth request: 
[ info ] {"mac":"CF212153B558"}
[ info ] queryauth response: 
[ info ] 1
---------------------------------------------------------------
[ 2020-01-19T17:32:34+08:00 ] 117.132.197.28 POST /api/Bedorder/queryauth
[ info ] queryauth request: 
[ info ] {"mac":"DF89D66AF356"}
[ info ] queryauth response: 
[ info ] 1
---------------------------------------------------------------
[ 2020-01-19T17:32:54+08:00 ] 117.132.197.28 POST /api/Bedorder/queryauth
[ info ] queryauth request: 
[ info ] {"mac":"DF89D66AF356"}
[ info ] queryauth response: 
[ info ] 1
---------------------------------------------------------------
[ 2020-01-19T17:37:47+08:00 ] 117.132.197.28 POST /api/Bedorder/queryauth
[ info ] queryauth request: 
[ info ] {"mac":"DF89D66AF356"}
[ info ] queryauth response: 
[ info ] 0
---------------------------------------------------------------
[ 2020-01-19T18:17:34+08:00 ] 223.104.254.59 POST /api/Bedorder/queryauth
[ info ] queryauth request: 
[ info ] {"mac":"DA577891A4BF"}
[ info ] queryauth response: 
[ info ] 1
---------------------------------------------------------------
[ 2020-01-19T18:17:47+08:00 ] 223.104.254.59 POST /api/Bedorder/queryauth
[ info ] queryauth request: 
[ info ] {"mac":"DA577891A4BF"}
[ info ] queryauth response: 
[ info ] 1
---------------------------------------------------------------
[ 2020-01-19T20:37:48+08:00 ] 117.132.194.151 POST /api/Bedorder/queryauth
[ info ] queryauth request: 
[ info ] {"mac":"D816B1C7F1EC"}
[ info ] queryauth response: 
[ info ] 1
---------------------------------------------------------------
[ 2020-01-19T20:54:12+08:00 ] 117.132.193.110 POST /api/Bedorder/queryauth
[ info ] queryauth request: 
[ info ] {"mac":"D72B441E601A"}
[ info ] queryauth response: 
[ info ] 1
