---------------------------------------------------------------
[ 2020-01-22T06:31:22+08:00 ] 39.144.17.215 POST /api/Bedorder/queryauth
[ info ] queryauth request: 
[ info ] {"mac":"D44A17249F0A"}
[ info ] queryauth response: 
[ info ] 1
---------------------------------------------------------------
[ 2020-01-22T07:20:09+08:00 ] 218.204.252.183 POST /api/Bedorder/queryauth
[ info ] queryauth request: 
[ info ] {"mac":"E54D2F2F6E46"}
[ info ] queryauth response: 
[ info ] 1
---------------------------------------------------------------
[ 2020-01-22T08:01:05+08:00 ] 221.178.125.18 POST /api/Bedorder/queryauth
[ info ] queryauth request: 
[ info ] {"mac":"D3D67CFC2865"}
[ info ] queryauth response: 
[ info ] 1
---------------------------------------------------------------
[ 2020-01-22T08:06:42+08:00 ] 39.144.17.72 POST /api/Bedorder/queryauth
[ info ] queryauth request: 
[ info ] {"mac":"C16B8BD3EC7D"}
[ info ] queryauth response: 
[ info ] 1
---------------------------------------------------------------
[ 2020-01-22T08:54:29+08:00 ] 117.132.193.64 POST /api/Bedorder/queryauth
[ info ] queryauth request: 
[ info ] {"mac":"CEE11692C751"}
[ info ] queryauth response: 
[ info ] 1
---------------------------------------------------------------
[ 2020-01-22T09:19:37+08:00 ] 221.178.125.18 POST /api/Bedorder/queryauth
[ info ] queryauth request: 
[ info ] {"mac":"D3D67CFC2865"}
[ info ] queryauth response: 
[ info ] 1
---------------------------------------------------------------
[ 2020-01-22T09:19:44+08:00 ] 221.178.125.18 POST /api/Bedorder/queryauth
[ info ] queryauth request: 
[ info ] {"mac":"D3D67CFC2865"}
[ info ] queryauth response: 
[ info ] 1
---------------------------------------------------------------
[ 2020-01-22T09:49:06+08:00 ] 223.104.254.177 POST /api/Bedorder/queryauth
[ info ] queryauth request: 
[ info ] {"mac":"DF89D66AF356"}
[ info ] queryauth response: 
[ info ] 1
---------------------------------------------------------------
[ 2020-01-22T10:05:36+08:00 ] 117.132.195.156 POST /api/Bedorder/queryauth
[ info ] queryauth request: 
[ info ] {"mac":"F583231DD7BF"}
[ info ] queryauth response: 
[ info ] 1
---------------------------------------------------------------
[ 2020-01-22T10:44:37+08:00 ] 39.144.17.72 POST /api/Bedorder/queryauth
[ info ] queryauth request: 
[ info ] {"mac":"C16B8BD3EC7D"}
[ info ] queryauth response: 
[ info ] 1
---------------------------------------------------------------
[ 2020-01-22T10:52:32+08:00 ] 221.178.126.23 POST /api/Bedorder/queryauth
[ info ] queryauth request: 
[ info ] {"mac":"F397FD587052"}
[ info ] queryauth response: 
[ info ] 1
---------------------------------------------------------------
[ 2020-01-22T11:00:11+08:00 ] 218.204.252.183 POST /api/Bedorder/queryauth
[ info ] queryauth request: 
[ info ] {"mac":"E54D2F2F6E46"}
[ info ] queryauth response: 
[ info ] 1
---------------------------------------------------------------
[ 2020-01-22T11:03:33+08:00 ] 218.204.252.183 POST /api/Bedorder/queryauth
[ info ] queryauth request: 
[ info ] {"mac":"E54D2F2F6E46"}
[ info ] queryauth response: 
[ info ] 1
---------------------------------------------------------------
[ 2020-01-22T11:03:48+08:00 ] 218.204.252.183 POST /api/Bedorder/queryauth
[ info ] queryauth request: 
[ info ] {"mac":"E54D2F2F6E46"}
[ info ] queryauth response: 
[ info ] 1
---------------------------------------------------------------
[ 2020-01-22T11:03:59+08:00 ] 218.204.252.183 POST /api/Bedorder/queryauth
[ info ] queryauth request: 
[ info ] {"mac":"E54D2F2F6E46"}
[ info ] queryauth response: 
[ info ] 1
---------------------------------------------------------------
[ 2020-01-22T11:13:35+08:00 ] 39.144.17.121 POST /api/Bedorder/queryauth
[ info ] queryauth request: 
[ info ] {"mac":"E4AF6281C0A7"}
[ info ] queryauth response: 
[ info ] 1
---------------------------------------------------------------
[ 2020-01-22T11:13:50+08:00 ] 39.144.17.121 POST /api/Bedorder/queryauth
[ info ] queryauth request: 
[ info ] {"mac":"E4AF6281C0A7"}
[ info ] queryauth response: 
[ info ] 1
---------------------------------------------------------------
[ 2020-01-22T11:13:53+08:00 ] 39.144.17.121 POST /api/Bedorder/queryauth
[ info ] queryauth request: 
[ info ] {"mac":"E4AF6281C0A7"}
[ info ] queryauth response: 
[ info ] 1
---------------------------------------------------------------
[ 2020-01-22T12:05:19+08:00 ] 39.144.17.134 POST /api/Bedorder/queryauth
[ info ] queryauth request: 
[ info ] {"mac":"E4F22359480B"}
[ info ] queryauth response: 
[ info ] 1
---------------------------------------------------------------
[ 2020-01-22T12:31:04+08:00 ] 223.104.255.180 POST /api/Bedorder/queryauth
[ info ] queryauth request: 
[ info ] {"mac":"C79E1762BE22"}
[ info ] queryauth response: 
[ info ] 1
---------------------------------------------------------------
[ 2020-01-22T14:04:57+08:00 ] 117.132.198.55 POST /api/Bedorder/queryauth
[ info ] queryauth request: 
[ info ] {"mac":"CA13EA817915"}
[ info ] queryauth response: 
[ info ] 1
---------------------------------------------------------------
[ 2020-01-22T15:16:22+08:00 ] 221.178.124.190 POST /api/Bedorder/queryauth
[ info ] queryauth request: 
[ info ] {"mac":"CA41B5A22D1A"}
[ info ] queryauth response: 
[ info ] 1
---------------------------------------------------------------
[ 2020-01-22T15:47:18+08:00 ] 218.204.252.37 POST /api/Bedorder/queryauth
[ info ] queryauth request: 
[ info ] {"mac":"DA1AE0FFC53B"}
[ info ] queryauth response: 
[ info ] 1
---------------------------------------------------------------
[ 2020-01-22T15:47:22+08:00 ] 218.204.252.37 POST /api/Bedorder/queryauth
[ info ] queryauth request: 
[ info ] {"mac":"DA1AE0FFC53B"}
[ info ] queryauth response: 
[ info ] 1
---------------------------------------------------------------
[ 2020-01-22T15:47:32+08:00 ] 218.204.252.37 POST /api/Bedorder/queryauth
[ info ] queryauth request: 
[ info ] {"mac":"DA1AE0FFC53B"}
[ info ] queryauth response: 
[ info ] 1
---------------------------------------------------------------
[ 2020-01-22T16:04:29+08:00 ] 117.132.193.24 POST /api/Bedorder/queryauth
[ info ] queryauth request: 
[ info ] {"mac":"E3029E0D84DA"}
[ info ] queryauth response: 
[ info ] 1
---------------------------------------------------------------
[ 2020-01-22T16:44:13+08:00 ] 117.132.197.251 POST /api/Bedorder/queryauth
[ info ] queryauth request: 
[ info ] {"mac":"C84C763D531C"}
[ info ] queryauth response: 
[ info ] 1
---------------------------------------------------------------
[ 2020-01-22T16:46:21+08:00 ] 117.132.197.251 POST /api/Bedorder/queryauth
[ info ] queryauth request: 
[ info ] {"mac":"C84C763D531C"}
[ info ] queryauth response: 
[ info ] 1
---------------------------------------------------------------
[ 2020-01-22T16:52:34+08:00 ] 223.104.255.216 POST /api/Bedorder/queryauth
[ info ] queryauth request: 
[ info ] {"mac":"CB7601C20AA1"}
[ info ] queryauth response: 
[ info ] 1
---------------------------------------------------------------
[ 2020-01-22T16:53:09+08:00 ] 221.178.125.127 POST /api/Bedorder/queryauth
[ info ] queryauth request: 
[ info ] {"mac":"CB7601C20AA1"}
[ info ] queryauth response: 
[ info ] 1
---------------------------------------------------------------
[ 2020-01-22T17:55:53+08:00 ] 39.144.17.215 POST /api/Bedorder/queryauth
[ info ] queryauth request: 
[ info ] {"mac":"D44A17249F0A"}
[ info ] queryauth response: 
[ info ] 1
---------------------------------------------------------------
[ 2020-01-22T18:16:47+08:00 ] 39.144.17.215 POST /api/Bedorder/queryauth
[ info ] queryauth request: 
[ info ] {"mac":"D44A17249F0A"}
[ info ] queryauth response: 
[ info ] 1
---------------------------------------------------------------
[ 2020-01-22T19:38:12+08:00 ] 117.132.194.158 POST /api/Bedorder/queryauth
[ info ] queryauth request: 
[ info ] {"mac":"E8413CE9A071"}
[ info ] queryauth response: 
[ info ] 1
---------------------------------------------------------------
[ 2020-01-22T20:27:06+08:00 ] 223.104.254.59 POST /api/Bedorder/queryauth
[ info ] queryauth request: 
[ info ] {"mac":"DA577891A4BF"}
[ info ] queryauth response: 
[ info ] 1
---------------------------------------------------------------
[ 2020-01-22T23:46:11+08:00 ] 223.104.254.227 POST /api/Bedorder/queryauth
[ info ] queryauth request: 
[ info ] {"mac":"FD4D7469C811"}
[ info ] queryauth response: 
[ info ] 1
---------------------------------------------------------------
[ 2020-01-22T23:46:19+08:00 ] 223.104.254.227 POST /api/Bedorder/queryauth
[ info ] queryauth request: 
[ info ] {"mac":"FD4D7469C811"}
[ info ] queryauth response: 
[ info ] 1
---------------------------------------------------------------
[ 2020-01-22T23:46:25+08:00 ] 223.104.254.227 POST /api/Bedorder/queryauth
[ info ] queryauth request: 
[ info ] {"mac":"FD4D7469C811"}
[ info ] queryauth response: 
[ info ] 1
---------------------------------------------------------------
[ 2020-01-22T23:46:39+08:00 ] 223.104.254.227 POST /api/Bedorder/queryauth
[ info ] queryauth request: 
[ info ] {"mac":"FD4D7469C811"}
[ info ] queryauth response: 
[ info ] 1
