---------------------------------------------------------------
[ 2020-01-25T06:32:57+08:00 ] 223.104.255.68 POST /api/Bedorder/queryauth
[ info ] queryauth request: 
[ info ] {"mac":"DF799E29F105"}
[ info ] queryauth response: 
[ info ] 1
---------------------------------------------------------------
[ 2020-01-25T07:52:09+08:00 ] 117.132.197.93 POST /api/Bedorder/queryauth
[ info ] queryauth request: 
[ info ] {"mac":"CE61DB94F719"}
[ info ] queryauth response: 
[ info ] 1
---------------------------------------------------------------
[ 2020-01-25T07:52:15+08:00 ] 117.132.197.93 POST /api/Bedorder/queryauth
[ info ] queryauth request: 
[ info ] {"mac":"CE61DB94F719"}
[ info ] queryauth response: 
[ info ] 1
---------------------------------------------------------------
[ 2020-01-25T07:52:48+08:00 ] 221.178.124.3 POST /api/Bedorder/queryauth
[ info ] queryauth request: 
[ info ] {"mac":"CC3DD33D1998"}
[ info ] queryauth response: 
[ info ] 1
---------------------------------------------------------------
[ 2020-01-25T08:55:23+08:00 ] 39.144.17.134 POST /api/Bedorder/queryauth
[ info ] queryauth request: 
[ info ] {"mac":"E4F22359480B"}
[ info ] queryauth response: 
[ info ] 1
---------------------------------------------------------------
[ 2020-01-25T11:30:33+08:00 ] 39.144.17.85 POST /api/Bedorder/queryauth
[ info ] queryauth request: 
[ info ] {"mac":"D91FE12B3049"}
[ info ] queryauth response: 
[ info ] 1
---------------------------------------------------------------
[ 2020-01-25T11:36:26+08:00 ] 223.104.254.59 POST /api/Bedorder/queryauth
[ info ] queryauth request: 
[ info ] {"mac":"DA577891A4BF"}
[ info ] queryauth response: 
[ info ] 1
---------------------------------------------------------------
[ 2020-01-25T14:49:24+08:00 ] 39.144.17.134 POST /api/Bedorder/queryauth
[ info ] queryauth request: 
[ info ] {"mac":"E4F22359480B"}
[ info ] queryauth response: 
[ info ] 1
---------------------------------------------------------------
[ 2020-01-25T15:34:22+08:00 ] 223.104.255.180 POST /api/Bedorder/queryauth
[ info ] queryauth request: 
[ info ] {"mac":"C79E1762BE22"}
[ info ] queryauth response: 
[ info ] 1
---------------------------------------------------------------
[ 2020-01-25T15:34:30+08:00 ] 223.104.255.180 POST /api/Bedorder/queryauth
[ info ] queryauth request: 
[ info ] {"mac":"C79E1762BE22"}
[ info ] queryauth response: 
[ info ] 1
---------------------------------------------------------------
[ 2020-01-25T15:34:41+08:00 ] 223.104.255.180 POST /api/Bedorder/queryauth
[ info ] queryauth request: 
[ info ] {"mac":"C79E1762BE22"}
[ info ] queryauth response: 
[ info ] 1
---------------------------------------------------------------
[ 2020-01-25T15:34:46+08:00 ] 223.104.255.180 POST /api/Bedorder/queryauth
[ info ] queryauth request: 
[ info ] {"mac":"C79E1762BE22"}
[ info ] queryauth response: 
[ info ] 1
---------------------------------------------------------------
[ 2020-01-25T15:38:50+08:00 ] 117.132.195.83 POST /api/Bedorder/queryauth
[ info ] queryauth request: 
[ info ] {"mac":"C84C763D531C"}
[ info ] queryauth response: 
[ info ] 1
---------------------------------------------------------------
[ 2020-01-25T17:09:41+08:00 ] 223.104.255.180 POST /api/Bedorder/queryauth
[ info ] queryauth request: 
[ info ] {"mac":"C79E1762BE22"}
[ info ] queryauth response: 
[ info ] 1
---------------------------------------------------------------
[ 2020-01-25T18:29:21+08:00 ] 39.144.18.254 POST /api/Bedorder/queryauth
[ info ] queryauth request: 
[ info ] {"mac":"D61D37D4048F"}
[ info ] queryauth response: 
[ info ] 1
---------------------------------------------------------------
[ 2020-01-25T18:41:42+08:00 ] 223.104.254.102 POST /api/Bedorder/queryauth
[ info ] queryauth request: 
[ info ] {"mac":"C1AB67B02580"}
[ info ] queryauth response: 
[ info ] 1
---------------------------------------------------------------
[ 2020-01-25T19:31:24+08:00 ] 117.132.194.229 POST /api/Bedorder/queryauth
[ info ] queryauth request: 
[ info ] {"mac":"E0429C45F324"}
[ info ] queryauth response: 
[ info ] 1
---------------------------------------------------------------
[ 2020-01-25T19:56:25+08:00 ] 223.104.254.59 POST /api/Bedorder/queryauth
[ info ] queryauth request: 
[ info ] {"mac":"DA577891A4BF"}
[ info ] queryauth response: 
[ info ] 1
---------------------------------------------------------------
[ 2020-01-25T19:56:39+08:00 ] 223.104.254.59 POST /api/Bedorder/queryauth
[ info ] queryauth request: 
[ info ] {"mac":"DA577891A4BF"}
[ info ] queryauth response: 
[ info ] 1
---------------------------------------------------------------
[ 2020-01-25T19:57:07+08:00 ] 223.104.254.59 POST /api/Bedorder/queryauth
[ info ] queryauth request: 
[ info ] {"mac":"DA577891A4BF"}
[ info ] queryauth response: 
[ info ] 1
---------------------------------------------------------------
[ 2020-01-25T20:29:30+08:00 ] 223.104.254.201 POST /api/Bedorder/queryauth
[ info ] queryauth request: 
[ info ] {"mac":"F61896AF99E8"}
[ info ] queryauth response: 
[ info ] 1
---------------------------------------------------------------
[ 2020-01-25T20:32:23+08:00 ] 223.104.254.201 POST /api/Bedorder/queryauth
[ info ] queryauth request: 
[ info ] {"mac":"F61896AF99E8"}
[ info ] queryauth response: 
[ info ] 1
---------------------------------------------------------------
[ 2020-01-25T20:35:29+08:00 ] 223.104.254.201 POST /api/Bedorder/queryauth
[ info ] queryauth request: 
[ info ] {"mac":"F61896AF99E8"}
[ info ] queryauth response: 
[ info ] 1
---------------------------------------------------------------
[ 2020-01-25T21:21:51+08:00 ] 221.178.126.23 POST /api/Bedorder/queryauth
[ info ] queryauth request: 
[ info ] {"mac":"F397FD587052"}
[ info ] queryauth response: 
[ info ] 1
---------------------------------------------------------------
[ 2020-01-25T21:22:17+08:00 ] 221.178.126.23 POST /api/Bedorder/queryauth
[ info ] queryauth request: 
[ info ] {"mac":"F397FD587052"}
[ info ] queryauth response: 
[ info ] 1
---------------------------------------------------------------
[ 2020-01-25T21:22:26+08:00 ] 221.178.126.23 POST /api/Bedorder/queryauth
[ info ] queryauth request: 
[ info ] {"mac":"F397FD587052"}
[ info ] queryauth response: 
[ info ] 1
---------------------------------------------------------------
[ 2020-01-25T21:22:30+08:00 ] 221.178.126.23 POST /api/Bedorder/queryauth
[ info ] queryauth request: 
[ info ] {"mac":"F397FD587052"}
[ info ] queryauth response: 
[ info ] 1
---------------------------------------------------------------
[ 2020-01-25T21:22:56+08:00 ] 221.178.126.23 POST /api/Bedorder/queryauth
[ info ] queryauth request: 
[ info ] {"mac":"F397FD587052"}
[ info ] queryauth response: 
[ info ] 1
---------------------------------------------------------------
[ 2020-01-25T21:23:04+08:00 ] 221.178.126.23 POST /api/Bedorder/queryauth
[ info ] queryauth request: 
[ info ] {"mac":"F397FD587052"}
[ info ] queryauth response: 
[ info ] 1
---------------------------------------------------------------
[ 2020-01-25T21:23:09+08:00 ] 221.178.126.23 POST /api/Bedorder/queryauth
[ info ] queryauth request: 
[ info ] {"mac":"F397FD587052"}
[ info ] queryauth response: 
[ info ] 1
---------------------------------------------------------------
[ 2020-01-25T21:23:32+08:00 ] 221.178.126.23 POST /api/Bedorder/queryauth
[ info ] queryauth request: 
[ info ] {"mac":"F397FD587052"}
[ info ] queryauth response: 
[ info ] 1
