---------------------------------------------------------------
[ 2019-11-20T06:15:41+08:00 ] 218.204.253.152 POST /api/Bedorder/queryauth
[ info ] queryauth request: 
[ info ] {"mac":"D1C83B0E40C1"}
[ info ] queryauth response: 
[ info ] 1
---------------------------------------------------------------
[ 2019-11-20T08:48:17+08:00 ] 218.204.252.61 POST /api/Bedorder/queryauth
[ info ] queryauth request: 
[ info ] {"mac":"D3B457EF2D84"}
[ info ] queryauth response: 
[ info ] 1
---------------------------------------------------------------
[ 2019-11-20T09:37:07+08:00 ] 39.144.17.149 POST /api/Bedorder/queryauth
[ info ] queryauth request: 
[ info ] {"mac":"D91FE12B3049"}
[ info ] queryauth response: 
[ info ] 1
---------------------------------------------------------------
[ 2019-11-20T09:43:03+08:00 ] 218.204.252.255 POST /api/Bedorder/queryauth
[ info ] queryauth request: 
[ info ] {"mac":"CE3840223F44"}
[ info ] queryauth response: 
[ info ] 1
---------------------------------------------------------------
[ 2019-11-20T09:52:19+08:00 ] 39.144.17.149 POST /api/Bedorder/queryauth
[ info ] queryauth request: 
[ info ] {"mac":"D91FE12B3049"}
[ info ] queryauth response: 
[ info ] 1
---------------------------------------------------------------
[ 2019-11-20T09:52:22+08:00 ] 39.144.17.149 POST /api/Bedorder/queryauth
[ info ] queryauth request: 
[ info ] {"mac":"D91FE12B3049"}
[ info ] queryauth response: 
[ info ] 1
---------------------------------------------------------------
[ 2019-11-20T09:52:28+08:00 ] 39.144.17.149 POST /api/Bedorder/queryauth
[ info ] queryauth request: 
[ info ] {"mac":"D91FE12B3049"}
[ info ] queryauth response: 
[ info ] 1
---------------------------------------------------------------
[ 2019-11-20T09:52:34+08:00 ] 39.144.17.149 POST /api/Bedorder/queryauth
[ info ] queryauth request: 
[ info ] {"mac":"D91FE12B3049"}
[ info ] queryauth response: 
[ info ] 1
---------------------------------------------------------------
[ 2019-11-20T09:52:39+08:00 ] 39.144.17.149 POST /api/Bedorder/queryauth
[ info ] queryauth request: 
[ info ] {"mac":"D91FE12B3049"}
[ info ] queryauth response: 
[ info ] 1
---------------------------------------------------------------
[ 2019-11-20T09:52:50+08:00 ] 39.144.17.149 POST /api/Bedorder/queryauth
[ info ] queryauth request: 
[ info ] {"mac":"D91FE12B3049"}
[ info ] queryauth response: 
[ info ] 1
---------------------------------------------------------------
[ 2019-11-20T09:52:53+08:00 ] 39.144.17.149 POST /api/Bedorder/queryauth
[ info ] queryauth request: 
[ info ] {"mac":"D91FE12B3049"}
[ info ] queryauth response: 
[ info ] 1
---------------------------------------------------------------
[ 2019-11-20T09:53:00+08:00 ] 39.144.17.149 POST /api/Bedorder/queryauth
[ info ] queryauth request: 
[ info ] {"mac":"D91FE12B3049"}
[ info ] queryauth response: 
[ info ] 1
---------------------------------------------------------------
[ 2019-11-20T09:53:18+08:00 ] 39.144.17.149 POST /api/Bedorder/queryauth
[ info ] queryauth request: 
[ info ] {"mac":"D91FE12B3049"}
[ info ] queryauth response: 
[ info ] 1
---------------------------------------------------------------
[ 2019-11-20T09:53:22+08:00 ] 39.144.17.149 POST /api/Bedorder/queryauth
[ info ] queryauth request: 
[ info ] {"mac":"D91FE12B3049"}
[ info ] queryauth response: 
[ info ] 1
---------------------------------------------------------------
[ 2019-11-20T09:53:25+08:00 ] 39.144.17.149 POST /api/Bedorder/queryauth
[ info ] queryauth request: 
[ info ] {"mac":"D91FE12B3049"}
[ info ] queryauth response: 
[ info ] 1
---------------------------------------------------------------
[ 2019-11-20T09:53:29+08:00 ] 39.144.17.149 POST /api/Bedorder/queryauth
[ info ] queryauth request: 
[ info ] {"mac":"D91FE12B3049"}
[ info ] queryauth response: 
[ info ] 1
---------------------------------------------------------------
[ 2019-11-20T10:31:35+08:00 ] 221.178.126.239 POST /api/Bedorder/queryauth
[ info ] queryauth request: 
[ info ] {"mac":"FF3FBD6926E2"}
[ info ] queryauth response: 
[ info ] 1
---------------------------------------------------------------
[ 2019-11-20T10:42:36+08:00 ] 218.204.252.148 POST /api/Bedorder/queryauth
[ info ] queryauth request: 
[ info ] {"mac":"DDEF23BB9FAF"}
[ info ] queryauth response: 
[ info ] 1
---------------------------------------------------------------
[ 2019-11-20T11:22:38+08:00 ] 39.144.17.149 POST /api/Bedorder/queryauth
[ info ] queryauth request: 
[ info ] {"mac":"D91FE12B3049"}
[ info ] queryauth response: 
[ info ] 1
---------------------------------------------------------------
[ 2019-11-20T11:22:42+08:00 ] 39.144.17.149 POST /api/Bedorder/queryauth
[ info ] queryauth request: 
[ info ] {"mac":"D91FE12B3049"}
[ info ] queryauth response: 
[ info ] 1
---------------------------------------------------------------
[ 2019-11-20T11:22:52+08:00 ] 39.144.17.149 POST /api/Bedorder/queryauth
[ info ] queryauth request: 
[ info ] {"mac":"D91FE12B3049"}
[ info ] queryauth response: 
[ info ] 1
---------------------------------------------------------------
[ 2019-11-20T11:23:05+08:00 ] 39.144.17.149 POST /api/Bedorder/queryauth
[ info ] queryauth request: 
[ info ] {"mac":"D91FE12B3049"}
[ info ] queryauth response: 
[ info ] 1
---------------------------------------------------------------
[ 2019-11-20T11:23:16+08:00 ] 39.144.17.149 POST /api/Bedorder/queryauth
[ info ] queryauth request: 
[ info ] {"mac":"D91FE12B3049"}
[ info ] queryauth response: 
[ info ] 1
---------------------------------------------------------------
[ 2019-11-20T11:23:28+08:00 ] 39.144.17.149 POST /api/Bedorder/queryauth
[ info ] queryauth request: 
[ info ] {"mac":"D91FE12B3049"}
[ info ] queryauth response: 
[ info ] 1
---------------------------------------------------------------
[ 2019-11-20T11:23:41+08:00 ] 39.144.17.149 POST /api/Bedorder/queryauth
[ info ] queryauth request: 
[ info ] {"mac":"D91FE12B3049"}
[ info ] queryauth response: 
[ info ] 1
---------------------------------------------------------------
[ 2019-11-20T11:23:55+08:00 ] 39.144.17.149 POST /api/Bedorder/queryauth
[ info ] queryauth request: 
[ info ] {"mac":"D91FE12B3049"}
[ info ] queryauth response: 
[ info ] 1
---------------------------------------------------------------
[ 2019-11-20T11:24:07+08:00 ] 39.144.17.149 POST /api/Bedorder/queryauth
[ info ] queryauth request: 
[ info ] {"mac":"D91FE12B3049"}
[ info ] queryauth response: 
[ info ] 1
---------------------------------------------------------------
[ 2019-11-20T11:24:46+08:00 ] 117.132.196.214 POST /api/Bedorder/queryauth
[ info ] queryauth request: 
[ info ] {"mac":"F4A76F04FDAD"}
[ info ] queryauth response: 
[ info ] 1
---------------------------------------------------------------
[ 2019-11-20T11:24:51+08:00 ] 117.132.196.214 POST /api/Bedorder/queryauth
[ info ] queryauth request: 
[ info ] {"mac":"F4A76F04FDAD"}
[ info ] queryauth response: 
[ info ] 1
---------------------------------------------------------------
[ 2019-11-20T11:28:50+08:00 ] 117.132.196.214 POST /api/Bedorder/queryauth
[ info ] queryauth request: 
[ info ] {"mac":"F4A76F04FDAD"}
[ info ] queryauth response: 
[ info ] 1
---------------------------------------------------------------
[ 2019-11-20T11:30:32+08:00 ] 117.132.196.214 POST /api/Bedorder/queryauth
[ info ] queryauth request: 
[ info ] {"mac":"F4A76F04FDAD"}
[ info ] queryauth response: 
[ info ] 1
---------------------------------------------------------------
[ 2019-11-20T11:30:53+08:00 ] 117.132.196.214 POST /api/Bedorder/queryauth
[ info ] queryauth request: 
[ info ] {"mac":"F4A76F04FDAD"}
[ info ] queryauth response: 
[ info ] 1
---------------------------------------------------------------
[ 2019-11-20T11:35:46+08:00 ] 117.132.196.214 POST /api/Bedorder/queryauth
[ info ] queryauth request: 
[ info ] {"mac":"F4A76F04FDAD"}
[ info ] queryauth response: 
[ info ] 1
---------------------------------------------------------------
[ 2019-11-20T11:35:50+08:00 ] 117.132.196.214 POST /api/Bedorder/queryauth
[ info ] queryauth request: 
[ info ] {"mac":"F4A76F04FDAD"}
[ info ] queryauth response: 
[ info ] 1
---------------------------------------------------------------
[ 2019-11-20T11:55:35+08:00 ] 39.144.17.237 POST /api/Bedorder/queryauth
[ info ] queryauth request: 
[ info ] {"mac":"CDE4E425F730"}
[ info ] queryauth response: 
[ info ] 1
---------------------------------------------------------------
[ 2019-11-20T11:55:52+08:00 ] 39.144.17.237 POST /api/Bedorder/queryauth
[ info ] queryauth request: 
[ info ] {"mac":"CDE4E425F730"}
[ info ] queryauth response: 
[ info ] 1
---------------------------------------------------------------
[ 2019-11-20T11:55:57+08:00 ] 39.144.17.237 POST /api/Bedorder/queryauth
[ info ] queryauth request: 
[ info ] {"mac":"CDE4E425F730"}
[ info ] queryauth response: 
[ info ] 1
---------------------------------------------------------------
[ 2019-11-20T11:56:52+08:00 ] 39.144.17.237 POST /api/Bedorder/queryauth
[ info ] queryauth request: 
[ info ] {"mac":"CDE4E425F730"}
[ info ] queryauth response: 
[ info ] 1
---------------------------------------------------------------
[ 2019-11-20T12:34:12+08:00 ] 221.178.125.202 POST /api/Bedorder/queryauth
[ info ] queryauth request: 
[ info ] {"mac":"FE67B8F40025"}
[ info ] queryauth response: 
[ info ] 1
---------------------------------------------------------------
[ 2019-11-20T13:31:42+08:00 ] 218.204.253.235 POST /api/Bedorder/queryauth
[ info ] queryauth request: 
[ info ] {"mac":"C9E6E1C413D4"}
[ info ] queryauth response: 
[ info ] 1
---------------------------------------------------------------
[ 2019-11-20T13:31:48+08:00 ] 218.204.253.235 POST /api/Bedorder/queryauth
[ info ] queryauth request: 
[ info ] {"mac":"C9E6E1C413D4"}
[ info ] queryauth response: 
[ info ] 1
---------------------------------------------------------------
[ 2019-11-20T13:31:51+08:00 ] 218.204.253.235 POST /api/Bedorder/queryauth
[ info ] queryauth request: 
[ info ] {"mac":"C9E6E1C413D4"}
[ info ] queryauth response: 
[ info ] 1
---------------------------------------------------------------
[ 2019-11-20T13:58:31+08:00 ] 39.144.18.156 POST /api/Bedorder/queryauth
[ info ] queryauth request: 
[ info ] {"mac":"F4A76F04FDAD"}
[ info ] queryauth response: 
[ info ] 1
---------------------------------------------------------------
[ 2019-11-20T13:58:35+08:00 ] 39.144.18.156 POST /api/Bedorder/queryauth
[ info ] queryauth request: 
[ info ] {"mac":"F4A76F04FDAD"}
[ info ] queryauth response: 
[ info ] 1
---------------------------------------------------------------
[ 2019-11-20T13:58:49+08:00 ] 39.144.18.156 POST /api/Bedorder/queryauth
[ info ] queryauth request: 
[ info ] {"mac":"F4A76F04FDAD"}
[ info ] queryauth response: 
[ info ] 1
---------------------------------------------------------------
[ 2019-11-20T13:58:54+08:00 ] 39.144.18.156 POST /api/Bedorder/queryauth
[ info ] queryauth request: 
[ info ] {"mac":"F4A76F04FDAD"}
[ info ] queryauth response: 
[ info ] 1
---------------------------------------------------------------
[ 2019-11-20T13:59:01+08:00 ] 39.144.18.156 POST /api/Bedorder/queryauth
[ info ] queryauth request: 
[ info ] {"mac":"F4A76F04FDAD"}
[ info ] queryauth response: 
[ info ] 1
---------------------------------------------------------------
[ 2019-11-20T14:23:07+08:00 ] 117.132.194.145 POST /api/Bedorder/queryauth
[ info ] queryauth request: 
[ info ] {"mac":"C98AEEB9770B"}
[ info ] queryauth response: 
[ info ] 1
---------------------------------------------------------------
[ 2019-11-20T14:23:20+08:00 ] 117.132.194.145 POST /api/Bedorder/queryauth
[ info ] queryauth request: 
[ info ] {"mac":"C98AEEB9770B"}
[ info ] queryauth response: 
[ info ] 1
---------------------------------------------------------------
[ 2019-11-20T14:23:31+08:00 ] 117.132.194.145 POST /api/Bedorder/queryauth
[ info ] queryauth request: 
[ info ] {"mac":"C98AEEB9770B"}
[ info ] queryauth response: 
[ info ] 1
---------------------------------------------------------------
[ 2019-11-20T14:24:09+08:00 ] 221.178.126.40 POST /api/Bedorder/queryauth
[ info ] queryauth request: 
[ info ] {"mac":"C98AEEB9770B"}
[ info ] queryauth response: 
[ info ] 1
---------------------------------------------------------------
[ 2019-11-20T14:28:27+08:00 ] 223.104.255.185 POST /api/Bedorder/queryauth
[ info ] queryauth request: 
[ info ] {"mac":"E30183F47433"}
[ info ] queryauth response: 
[ info ] 1
---------------------------------------------------------------
[ 2019-11-20T14:28:35+08:00 ] 223.104.255.185 POST /api/Bedorder/queryauth
[ info ] queryauth request: 
[ info ] {"mac":"E30183F47433"}
[ info ] queryauth response: 
[ info ] 1
---------------------------------------------------------------
[ 2019-11-20T14:49:45+08:00 ] 218.204.252.164 POST /api/Bedorder/queryauth
[ info ] queryauth request: 
[ info ] {"mac":"D816B1C7F1EC"}
[ info ] queryauth response: 
[ info ] 1
---------------------------------------------------------------
[ 2019-11-20T15:58:49+08:00 ] 39.144.17.215 POST /api/Bedorder/queryauth
[ info ] queryauth request: 
[ info ] {"mac":"D44A17249F0A"}
[ info ] queryauth response: 
[ info ] 1
---------------------------------------------------------------
[ 2019-11-20T15:59:04+08:00 ] 39.144.17.215 POST /api/Bedorder/queryauth
[ info ] queryauth request: 
[ info ] {"mac":"D44A17249F0A"}
[ info ] queryauth response: 
[ info ] 1
---------------------------------------------------------------
[ 2019-11-20T16:14:36+08:00 ] 112.14.124.43 POST /admin/index/login?url=%2Fadmin%2Findex%2Findex
[ sql ] [ DB ] CONNECT:[ UseTime:0.000642s ] mysql:host=127.0.0.1;dbname=share;charset=utf8
[ sql ] [ SQL ] SHOW COLUMNS FROM `fa_admin` [ RunTime:0.000718s ]
[ sql ] [ SQL ] SELECT * FROM `fa_admin` WHERE  `username` = 'tang2' LIMIT 1 [ RunTime:0.000353s ]
[ sql ] [ SQL ] UPDATE `fa_admin`  SET `logintime`=1574237676,`token`='893e4160-e08f-40a7-86dc-94c0ef955ae9',`updatetime`=1574237676  WHERE  `id` = 7 [ RunTime:0.000371s ]
[ sql ] [ SQL ] SHOW COLUMNS FROM `fa_admin_log` [ RunTime:0.000549s ]
[ sql ] [ SQL ] INSERT INTO `fa_admin_log` (`title` , `content` , `url` , `admin_id` , `username` , `useragent` , `ip` , `createtime`) VALUES ('登录' , '{\"url\":\"\\/admin\\/index\\/index\",\"__token__\":\"34c70e5e3f166788a46dab2d6f3343ea\",\"username\":\"tang2\"}' , '/admin/index/login?url=%2Fadmin%2Findex%2Findex' , 7 , 'tang2' , 'Mozilla/5.0 (iPhone; CPU iPhone OS 13_1_3 like Mac OS X) AppleWebKit/605.1.15 (KHTML, like Gecko) Version/13.0.1 Mobile/15E148 Safari/604.1' , '112.14.124.43' , 1574237676) [ RunTime:0.000269s ]
---------------------------------------------------------------
[ 2019-11-20T16:14:36+08:00 ] 112.14.124.43 GET /admin/index/index
[ sql ] [ DB ] CONNECT:[ UseTime:0.000697s ] mysql:host=127.0.0.1;dbname=share;charset=utf8
[ sql ] [ SQL ] SHOW COLUMNS FROM `fa_auth_group_access` [ RunTime:0.000666s ]
[ sql ] [ SQL ] SELECT `aga`.`uid`,`aga`.`group_id`,`ag`.`id`,`ag`.`pid`,`ag`.`name`,`ag`.`rules` FROM `fa_auth_group_access` `aga` LEFT JOIN `fa_auth_group` `ag` ON `aga`.`group_id`=`ag`.`id` WHERE  (  aga.uid='7' and ag.status='normal' ) [ RunTime:0.000390s ]
[ sql ] [ SQL ] SHOW COLUMNS FROM `fa_auth_rule` [ RunTime:0.000475s ]
[ sql ] [ SQL ] SELECT `id`,`pid`,`condition`,`icon`,`name`,`title`,`ismenu` FROM `fa_auth_rule` WHERE  `status` = 'normal'  AND `id` IN (1,2,6,7,8,9,10,11,13,14,15,16,17,18,19,20,21,22,23,24,25,26,27,28,29,30,31,32,33,34,40,41,42,43,44,45,46,47,48,49,50,92,93,94,95,96,97,98,99,100,101,102,103,104,105,106,107,108,109,110,111,112,113,114,115,116,117,118,119,120,121,122,123,124,125,126,127,128,129,130,132,133,134,135,136,137,138,139,140,141,142,143,144,145,146,147,148,149,150,151,152,153,154,155,156,157,159,160,161,162,163,164,165,166,167,168,169,170,171,172,173,174,175,176,177,178,179,180,183,184,189,190,191,192,193,194,197,198,199,200,201,202,203,204,205,206,207,208,209,211,5,131,182,181,188) [ RunTime:0.001218s ]
---------------------------------------------------------------
[ 2019-11-20T16:14:37+08:00 ] 112.14.124.43 GET /admin/dashboard?addtabs=1
[ sql ] [ DB ] CONNECT:[ UseTime:0.000792s ] mysql:host=127.0.0.1;dbname=share;charset=utf8
[ sql ] [ SQL ] SHOW COLUMNS FROM `fa_users` [ RunTime:0.000928s ]
[ sql ] [ SQL ] SELECT * FROM `fa_users` WHERE  ( `createtime` >= 1572451200 AND `createtime` < 1574265600 ) [ RunTime:0.000937s ]
[ sql ] [ SQL ] SHOW COLUMNS FROM `fa_bedorder` [ RunTime:0.000623s ]
[ sql ] [ SQL ] SELECT * FROM `fa_bedorder` WHERE  `status` >= -1  AND ( `createtime` >= 1572451200 AND `createtime` < 1574265600 ) [ RunTime:0.002298s ]
[ sql ] [ SQL ] SHOW COLUMNS FROM `fa_auth_rule` [ RunTime:0.000734s ]
[ sql ] [ SQL ] SELECT `title`,`remark` FROM `fa_auth_rule` WHERE  `name` = 'dashboard' LIMIT 1 [ RunTime:0.000245s ]
---------------------------------------------------------------
[ 2019-11-20T16:14:37+08:00 ] 112.14.124.43 GET /admin/dashboard/orderinfo
[ sql ] [ DB ] CONNECT:[ UseTime:0.003446s ] mysql:host=127.0.0.1;dbname=share;charset=utf8
[ sql ] [ SQL ] SHOW COLUMNS FROM `fa_bedorder` [ RunTime:0.002152s ]
[ sql ] [ SQL ] SELECT (total-refund) as amount FROM `fa_bedorder` WHERE  `status` >= -1 [ RunTime:0.002377s ]
---------------------------------------------------------------
[ 2019-11-20T16:14:37+08:00 ] 112.14.124.43 GET /admin/dashboard/todayregister
[ sql ] [ DB ] CONNECT:[ UseTime:0.000741s ] mysql:host=127.0.0.1;dbname=share;charset=utf8
[ sql ] [ SQL ] SHOW COLUMNS FROM `fa_users` [ RunTime:0.002486s ]
[ sql ] [ SQL ] SELECT COUNT(*) AS tp_count FROM `fa_users` WHERE  ( `createtime` >= 1574179200 AND `createtime` < 1574265600 ) LIMIT 1 [ RunTime:0.000606s ]
---------------------------------------------------------------
[ 2019-11-20T16:14:37+08:00 ] 112.14.124.43 GET /admin/dashboard/usercount
[ sql ] [ DB ] CONNECT:[ UseTime:0.000547s ] mysql:host=127.0.0.1;dbname=share;charset=utf8
[ sql ] [ SQL ] SHOW COLUMNS FROM `fa_users` [ RunTime:0.000583s ]
[ sql ] [ SQL ] SELECT COUNT(*) AS tp_count FROM `fa_users` LIMIT 1 [ RunTime:0.000352s ]
---------------------------------------------------------------
[ 2019-11-20T16:14:37+08:00 ] 112.14.124.43 GET /admin/dashboard/devcount
[ sql ] [ DB ] CONNECT:[ UseTime:0.000619s ] mysql:host=127.0.0.1;dbname=share;charset=utf8
[ sql ] [ SQL ] SHOW COLUMNS FROM `fa_device` [ RunTime:0.000719s ]
[ sql ] [ SQL ] SELECT COUNT(*) AS tp_count FROM `fa_device` LIMIT 1 [ RunTime:0.000347s ]
---------------------------------------------------------------
[ 2019-11-20T16:14:37+08:00 ] 112.14.124.43 GET /admin/dashboard/todaylogin
[ sql ] [ DB ] CONNECT:[ UseTime:0.000565s ] mysql:host=127.0.0.1;dbname=share;charset=utf8
[ sql ] [ SQL ] SHOW COLUMNS FROM `fa_oauth` [ RunTime:0.000551s ]
[ sql ] [ SQL ] SELECT COUNT(*) AS tp_count FROM `fa_oauth` WHERE  ( `createtime` >= 1574179200 AND `createtime` < 1574265600 ) LIMIT 1 [ RunTime:0.001528s ]
---------------------------------------------------------------
[ 2019-11-20T16:14:37+08:00 ] 112.14.124.43 GET /admin/dashboard/todayorder
[ sql ] [ DB ] CONNECT:[ UseTime:0.000852s ] mysql:host=127.0.0.1;dbname=share;charset=utf8
[ sql ] [ SQL ] SHOW COLUMNS FROM `fa_bedorder` [ RunTime:0.000976s ]
[ sql ] [ SQL ] SELECT COUNT(*) AS tp_count FROM `fa_bedorder` WHERE  `status` >= -1  AND ( `createtime` >= 1574179200 AND `createtime` < 1574265600 ) LIMIT 1 [ RunTime:0.001345s ]
---------------------------------------------------------------
[ 2019-11-20T16:14:37+08:00 ] 112.14.124.43 GET /admin/dashboard/unsettleorder
[ sql ] [ DB ] CONNECT:[ UseTime:0.000684s ] mysql:host=127.0.0.1;dbname=share;charset=utf8
[ sql ] [ SQL ] SHOW COLUMNS FROM `fa_bedorder` [ RunTime:0.000891s ]
[ sql ] [ SQL ] SELECT COUNT(*) AS tp_count FROM `fa_bedorder` WHERE  `status` >= -1  AND `step` < 9000 LIMIT 1 [ RunTime:0.001342s ]
---------------------------------------------------------------
[ 2019-11-20T16:14:37+08:00 ] 112.14.124.43 GET /admin/dashboard/sevendnudau
[ sql ] [ DB ] CONNECT:[ UseTime:0.000569s ] mysql:host=127.0.0.1;dbname=share;charset=utf8
[ sql ] [ SQL ] SHOW COLUMNS FROM `fa_users` [ RunTime:0.000592s ]
[ sql ] [ SQL ] SELECT COUNT(*) AS tp_count FROM `fa_users` WHERE  ( `createtime` >= 1573574400 AND `createtime` < 1574265600 ) LIMIT 1 [ RunTime:0.000411s ]
[ sql ] [ SQL ] SHOW COLUMNS FROM `fa_oauth` [ RunTime:0.000468s ]
[ sql ] [ SQL ] SELECT COUNT(*) AS tp_count FROM ( SELECT count(*) FROM `fa_oauth` WHERE  ( `createtime` >= 1573574400 AND `createtime` < 1574265600 ) GROUP BY `id` ) `_group_count_` LIMIT 1 [ RunTime:0.001772s ]
[ sql ] [ SQL ] SELECT COUNT(*) AS tp_count FROM `fa_users` LIMIT 1 [ RunTime:0.000342s ]
---------------------------------------------------------------
[ 2019-11-20T16:26:25+08:00 ] 117.132.193.253 POST /api/Bedorder/queryauth
[ info ] queryauth request: 
[ info ] {"mac":"FF482CA888D9"}
[ info ] queryauth response: 
[ info ] 1
---------------------------------------------------------------
[ 2019-11-20T16:26:32+08:00 ] 117.132.193.253 POST /api/Bedorder/queryauth
[ info ] queryauth request: 
[ info ] {"mac":"FF482CA888D9"}
[ info ] queryauth response: 
[ info ] 1
---------------------------------------------------------------
[ 2019-11-20T16:26:42+08:00 ] 117.132.193.253 POST /api/Bedorder/queryauth
[ info ] queryauth request: 
[ info ] {"mac":"FF482CA888D9"}
[ info ] queryauth response: 
[ info ] 1
---------------------------------------------------------------
[ 2019-11-20T16:50:54+08:00 ] 223.104.255.156 POST /api/Bedorder/queryauth
[ info ] queryauth request: 
[ info ] {"mac":"CAD7B2EB921D"}
[ info ] queryauth response: 
[ info ] 1
---------------------------------------------------------------
[ 2019-11-20T17:04:11+08:00 ] 221.178.124.127 POST /api/Bedorder/queryauth
[ info ] queryauth request: 
[ info ] {"mac":"C3AFE6CD17E0"}
[ info ] queryauth response: 
[ info ] 1
---------------------------------------------------------------
[ 2019-11-20T17:04:29+08:00 ] 117.132.194.52 POST /api/Bedorder/queryauth
[ info ] queryauth request: 
[ info ] {"mac":"F4A76F04FDAD"}
[ info ] queryauth response: 
[ info ] 1
---------------------------------------------------------------
[ 2019-11-20T17:05:40+08:00 ] 117.132.194.52 POST /api/Bedorder/queryauth
[ info ] queryauth request: 
[ info ] {"mac":"F4A76F04FDAD"}
[ info ] queryauth response: 
[ info ] 1
---------------------------------------------------------------
[ 2019-11-20T17:06:07+08:00 ] 218.204.252.179 POST /api/Bedorder/queryauth
[ info ] queryauth request: 
[ info ] {"mac":"F4A76F04FDAD"}
[ info ] queryauth response: 
[ info ] 1
---------------------------------------------------------------
[ 2019-11-20T17:06:20+08:00 ] 218.204.252.179 POST /api/Bedorder/queryauth
[ info ] queryauth request: 
[ info ] {"mac":"F4A76F04FDAD"}
[ info ] queryauth response: 
[ info ] 1
---------------------------------------------------------------
[ 2019-11-20T17:06:23+08:00 ] 218.204.252.179 POST /api/Bedorder/queryauth
[ info ] queryauth request: 
[ info ] {"mac":"F4A76F04FDAD"}
[ info ] queryauth response: 
[ info ] 1
---------------------------------------------------------------
[ 2019-11-20T17:22:02+08:00 ] 117.132.197.66 POST /api/Bedorder/queryauth
[ info ] queryauth request: 
[ info ] {"mac":"F81E204D3FC0"}
[ info ] queryauth response: 
[ info ] 1
---------------------------------------------------------------
[ 2019-11-20T17:57:07+08:00 ] 117.132.192.214 POST /api/Bedorder/queryauth
[ info ] queryauth request: 
[ info ] {"mac":"C1AB67B02580"}
[ info ] queryauth response: 
[ info ] 1
---------------------------------------------------------------
[ 2019-11-20T17:57:10+08:00 ] 117.132.192.214 POST /api/Bedorder/queryauth
[ info ] queryauth request: 
[ info ] {"mac":"C1AB67B02580"}
[ info ] queryauth response: 
[ info ] 1
---------------------------------------------------------------
[ 2019-11-20T18:17:58+08:00 ] 223.104.255.156 POST /api/Bedorder/queryauth
[ info ] queryauth request: 
[ info ] {"mac":"CAD7B2EB921D"}
[ info ] queryauth response: 
[ info ] 1
---------------------------------------------------------------
[ 2019-11-20T19:19:04+08:00 ] 223.104.255.185 POST /api/Bedorder/queryauth
[ info ] queryauth request: 
[ info ] {"mac":"E30183F47433"}
[ info ] queryauth response: 
[ info ] 1
---------------------------------------------------------------
[ 2019-11-20T19:24:46+08:00 ] 223.104.255.185 POST /api/Bedorder/queryauth
[ info ] queryauth request: 
[ info ] {"mac":"E30183F47433"}
[ info ] queryauth response: 
[ info ] 1
---------------------------------------------------------------
[ 2019-11-20T19:50:56+08:00 ] 218.204.252.179 POST /api/Bedorder/queryauth
[ info ] queryauth request: 
[ info ] {"mac":"F4A76F04FDAD"}
[ info ] queryauth response: 
[ info ] 1
---------------------------------------------------------------
[ 2019-11-20T19:51:00+08:00 ] 218.204.252.179 POST /api/Bedorder/queryauth
[ info ] queryauth request: 
[ info ] {"mac":"F4A76F04FDAD"}
[ info ] queryauth response: 
[ info ] 1
---------------------------------------------------------------
[ 2019-11-20T19:51:04+08:00 ] 218.204.252.179 POST /api/Bedorder/queryauth
[ info ] queryauth request: 
[ info ] {"mac":"F4A76F04FDAD"}
[ info ] queryauth response: 
[ info ] 1
---------------------------------------------------------------
[ 2019-11-20T19:51:17+08:00 ] 218.204.252.179 POST /api/Bedorder/queryauth
[ info ] queryauth request: 
[ info ] {"mac":"F4A76F04FDAD"}
[ info ] queryauth response: 
[ info ] 1
---------------------------------------------------------------
[ 2019-11-20T19:51:20+08:00 ] 218.204.252.179 POST /api/Bedorder/queryauth
[ info ] queryauth request: 
[ info ] {"mac":"F4A76F04FDAD"}
[ info ] queryauth response: 
[ info ] 1
---------------------------------------------------------------
[ 2019-11-20T19:51:40+08:00 ] 218.204.252.179 POST /api/Bedorder/queryauth
[ info ] queryauth request: 
[ info ] {"mac":"F4A76F04FDAD"}
[ info ] queryauth response: 
[ info ] 1
---------------------------------------------------------------
[ 2019-11-20T19:52:02+08:00 ] 218.204.252.179 POST /api/Bedorder/queryauth
[ info ] queryauth request: 
[ info ] {"mac":"F4A76F04FDAD"}
[ info ] queryauth response: 
[ info ] 1
---------------------------------------------------------------
[ 2019-11-20T19:52:10+08:00 ] 218.204.252.179 POST /api/Bedorder/queryauth
[ info ] queryauth request: 
[ info ] {"mac":"F4A76F04FDAD"}
[ info ] queryauth response: 
[ info ] 1
---------------------------------------------------------------
[ 2019-11-20T19:52:13+08:00 ] 218.204.252.179 POST /api/Bedorder/queryauth
[ info ] queryauth request: 
[ info ] {"mac":"F4A76F04FDAD"}
[ info ] queryauth response: 
[ info ] 1
---------------------------------------------------------------
[ 2019-11-20T19:52:17+08:00 ] 218.204.252.179 POST /api/Bedorder/queryauth
[ info ] queryauth request: 
[ info ] {"mac":"F4A76F04FDAD"}
[ info ] queryauth response: 
[ info ] 1
---------------------------------------------------------------
[ 2019-11-20T19:52:20+08:00 ] 218.204.252.179 POST /api/Bedorder/queryauth
[ info ] queryauth request: 
[ info ] {"mac":"F4A76F04FDAD"}
[ info ] queryauth response: 
[ info ] 1
---------------------------------------------------------------
[ 2019-11-20T19:52:24+08:00 ] 218.204.252.179 POST /api/Bedorder/queryauth
[ info ] queryauth request: 
[ info ] {"mac":"F4A76F04FDAD"}
[ info ] queryauth response: 
[ info ] 1
---------------------------------------------------------------
[ 2019-11-20T19:52:31+08:00 ] 218.204.252.179 POST /api/Bedorder/queryauth
[ info ] queryauth request: 
[ info ] {"mac":"F4A76F04FDAD"}
[ info ] queryauth response: 
[ info ] 1
---------------------------------------------------------------
[ 2019-11-20T20:09:24+08:00 ] 218.204.252.195 POST /api/Bedorder/queryauth
[ info ] queryauth request: 
[ info ] {"mac":"F397FD587052"}
[ info ] queryauth response: 
[ info ] 1
---------------------------------------------------------------
[ 2019-11-20T20:11:01+08:00 ] 218.204.252.195 POST /api/Bedorder/queryauth
[ info ] queryauth request: 
[ info ] {"mac":"F397FD587052"}
[ info ] queryauth response: 
[ info ] 1
---------------------------------------------------------------
[ 2019-11-20T20:58:42+08:00 ] 218.204.252.179 POST /api/Bedorder/queryauth
[ info ] queryauth request: 
[ info ] {"mac":"F4A76F04FDAD"}
[ info ] queryauth response: 
[ info ] 1
---------------------------------------------------------------
[ 2019-11-20T21:00:56+08:00 ] 218.204.252.179 POST /api/Bedorder/queryauth
[ info ] queryauth request: 
[ info ] {"mac":"F4A76F04FDAD"}
[ info ] queryauth response: 
[ info ] 1
---------------------------------------------------------------
[ 2019-11-20T21:00:59+08:00 ] 218.204.252.179 POST /api/Bedorder/queryauth
[ info ] queryauth request: 
[ info ] {"mac":"F4A76F04FDAD"}
[ info ] queryauth response: 
[ info ] 1
---------------------------------------------------------------
[ 2019-11-20T21:50:12+08:00 ] 221.178.125.142 POST /api/Bedorder/queryauth
[ info ] queryauth request: 
[ info ] {"mac":"EFC3CA091D7F"}
[ info ] queryauth response: 
[ info ] 1
---------------------------------------------------------------
[ 2019-11-20T21:58:46+08:00 ] 117.132.194.12 POST /api/Bedorder/queryauth
[ info ] queryauth request: 
[ info ] {"mac":"FC0EAD67200A"}
[ info ] queryauth response: 
[ info ] 1
---------------------------------------------------------------
[ 2019-11-20T21:58:50+08:00 ] 117.132.194.12 POST /api/Bedorder/queryauth
[ info ] queryauth request: 
[ info ] {"mac":"FC0EAD67200A"}
[ info ] queryauth response: 
[ info ] 1
