---------------------------------------------------------------
[ 2019-11-29T07:48:33+08:00 ] 117.132.195.206 POST /api/Bedorder/queryauth
[ info ] queryauth request: 
[ info ] {"mac":"F7F2A08761C6"}
[ info ] queryauth response: 
[ info ] 1
---------------------------------------------------------------
[ 2019-11-29T07:48:37+08:00 ] 117.132.195.206 POST /api/Bedorder/queryauth
[ info ] queryauth request: 
[ info ] {"mac":"F7F2A08761C6"}
[ info ] queryauth response: 
[ info ] 1
---------------------------------------------------------------
[ 2019-11-29T08:31:59+08:00 ] 221.178.125.22 POST /api/Bedorder/queryauth
[ info ] queryauth request: 
[ info ] {"mac":"FF0718552823"}
[ info ] queryauth response: 
[ info ] 1
---------------------------------------------------------------
[ 2019-11-29T08:32:05+08:00 ] 221.178.125.22 POST /api/Bedorder/queryauth
[ info ] queryauth request: 
[ info ] {"mac":"FF0718552823"}
[ info ] queryauth response: 
[ info ] 1
---------------------------------------------------------------
[ 2019-11-29T08:32:27+08:00 ] 221.178.125.22 POST /api/Bedorder/queryauth
[ info ] queryauth request: 
[ info ] {"mac":"FF0718552823"}
[ info ] queryauth response: 
[ info ] 1
---------------------------------------------------------------
[ 2019-11-29T08:32:33+08:00 ] 221.178.125.22 POST /api/Bedorder/queryauth
[ info ] queryauth request: 
[ info ] {"mac":"FF0718552823"}
[ info ] queryauth response: 
[ info ] 1
---------------------------------------------------------------
[ 2019-11-29T08:32:40+08:00 ] 221.178.125.22 POST /api/Bedorder/queryauth
[ info ] queryauth request: 
[ info ] {"mac":"FF0718552823"}
[ info ] queryauth response: 
[ info ] 1
---------------------------------------------------------------
[ 2019-11-29T08:32:43+08:00 ] 221.178.125.22 POST /api/Bedorder/queryauth
[ info ] queryauth request: 
[ info ] {"mac":"FF0718552823"}
[ info ] queryauth response: 
[ info ] 1
---------------------------------------------------------------
[ 2019-11-29T08:32:46+08:00 ] 221.178.125.22 POST /api/Bedorder/queryauth
[ info ] queryauth request: 
[ info ] {"mac":"FF0718552823"}
[ info ] queryauth response: 
[ info ] 1
---------------------------------------------------------------
[ 2019-11-29T09:38:01+08:00 ] 117.132.195.153 POST /api/Bedorder/queryauth
[ info ] queryauth request: 
[ info ] {"mac":"F07CC6FB1416"}
[ info ] queryauth response: 
[ info ] 1
---------------------------------------------------------------
[ 2019-11-29T10:04:16+08:00 ] 112.38.63.242 GET /admin/index/index
[ sql ] [ DB ] CONNECT:[ UseTime:0.000690s ] mysql:host=127.0.0.1;dbname=share;charset=utf8
[ sql ] [ SQL ] SHOW COLUMNS FROM `fa_auth_group_access` [ RunTime:0.000639s ]
[ sql ] [ SQL ] SELECT `aga`.`uid`,`aga`.`group_id`,`ag`.`id`,`ag`.`pid`,`ag`.`name`,`ag`.`rules` FROM `fa_auth_group_access` `aga` LEFT JOIN `fa_auth_group` `ag` ON `aga`.`group_id`=`ag`.`id` WHERE  (  aga.uid='11' and ag.status='normal' ) [ RunTime:0.000372s ]
[ sql ] [ SQL ] SHOW COLUMNS FROM `fa_auth_rule` [ RunTime:0.000495s ]
[ sql ] [ SQL ] SELECT `id`,`pid`,`condition`,`icon`,`name`,`title`,`ismenu` FROM `fa_auth_rule` WHERE  `status` = 'normal'  AND `id` IN (2,7,9,11,23,24,25,26,27,28,40,41,42,43,47,48,49,50,92,93,94,95,96,97,98,99,100,101,102,103,104,105,106,107,108,109,110,111,112,113,114,115,117,118,119,120,121,122,123,124,125,126,127,128,129,130,132,133,134,135,136,137,138,139,140,141,142,143,150,151,152,153,154,155,156,157,159,160,167,168,175,176,177,178,194,5,131) [ RunTime:0.000822s ]
---------------------------------------------------------------
[ 2019-11-29T10:04:17+08:00 ] 112.38.63.242 GET /admin/general/attachment?addtabs=1
[ sql ] [ DB ] CONNECT:[ UseTime:0.000627s ] mysql:host=127.0.0.1;dbname=share;charset=utf8
[ sql ] [ SQL ] SHOW COLUMNS FROM `fa_auth_group_access` [ RunTime:0.000606s ]
[ sql ] [ SQL ] SELECT `aga`.`uid`,`aga`.`group_id`,`ag`.`id`,`ag`.`pid`,`ag`.`name`,`ag`.`rules` FROM `fa_auth_group_access` `aga` LEFT JOIN `fa_auth_group` `ag` ON `aga`.`group_id`=`ag`.`id` WHERE  (  aga.uid='11' and ag.status='normal' ) [ RunTime:0.000375s ]
[ sql ] [ SQL ] SHOW COLUMNS FROM `fa_auth_rule` [ RunTime:0.000498s ]
[ sql ] [ SQL ] SELECT `id`,`pid`,`condition`,`icon`,`name`,`title`,`ismenu` FROM `fa_auth_rule` WHERE  `status` = 'normal'  AND `id` IN (2,7,9,11,23,24,25,26,27,28,40,41,42,43,47,48,49,50,92,93,94,95,96,97,98,99,100,101,102,103,104,105,106,107,108,109,110,111,112,113,114,115,117,118,119,120,121,122,123,124,125,126,127,128,129,130,132,133,134,135,136,137,138,139,140,141,142,143,150,151,152,153,154,155,156,157,159,160,167,168,175,176,177,178,194,5,131) [ RunTime:0.000839s ]
[ sql ] [ SQL ] SELECT `title`,`remark` FROM `fa_auth_rule` WHERE  `name` = 'general/attachment' LIMIT 1 [ RunTime:0.000329s ]
---------------------------------------------------------------
[ 2019-11-29T10:04:18+08:00 ] 112.38.63.242 GET /admin/general/attachment/index?sort=id&order=desc&offset=0&limit=10&filter=%7B%7D&op=%7B%7D&_=1574993059535
[ sql ] [ DB ] CONNECT:[ UseTime:0.000656s ] mysql:host=127.0.0.1;dbname=share;charset=utf8
[ sql ] [ SQL ] SHOW COLUMNS FROM `fa_auth_group_access` [ RunTime:0.000652s ]
[ sql ] [ SQL ] SELECT `aga`.`uid`,`aga`.`group_id`,`ag`.`id`,`ag`.`pid`,`ag`.`name`,`ag`.`rules` FROM `fa_auth_group_access` `aga` LEFT JOIN `fa_auth_group` `ag` ON `aga`.`group_id`=`ag`.`id` WHERE  (  aga.uid='11' and ag.status='normal' ) [ RunTime:0.000388s ]
[ sql ] [ SQL ] SHOW COLUMNS FROM `fa_auth_rule` [ RunTime:0.000480s ]
[ sql ] [ SQL ] SELECT `id`,`pid`,`condition`,`icon`,`name`,`title`,`ismenu` FROM `fa_auth_rule` WHERE  `status` = 'normal'  AND `id` IN (2,7,9,11,23,24,25,26,27,28,40,41,42,43,47,48,49,50,92,93,94,95,96,97,98,99,100,101,102,103,104,105,106,107,108,109,110,111,112,113,114,115,117,118,119,120,121,122,123,124,125,126,127,128,129,130,132,133,134,135,136,137,138,139,140,141,142,143,150,151,152,153,154,155,156,157,159,160,167,168,175,176,177,178,194,5,131) [ RunTime:0.000812s ]
[ sql ] [ SQL ] SHOW COLUMNS FROM `fa_attachment` [ RunTime:0.000594s ]
[ sql ] [ SQL ] SELECT COUNT(*) AS tp_count FROM `fa_attachment` ORDER BY `id` DESC LIMIT 1 [ RunTime:0.000230s ]
[ sql ] [ SQL ] SELECT * FROM `fa_attachment` ORDER BY `id` DESC LIMIT 0,10 [ RunTime:0.000258s ]
---------------------------------------------------------------
[ 2019-11-29T10:04:23+08:00 ] 112.38.63.242 GET /admin/order/bedorder?addtabs=1
[ sql ] [ DB ] CONNECT:[ UseTime:0.000658s ] mysql:host=127.0.0.1;dbname=share;charset=utf8
[ sql ] [ SQL ] SHOW COLUMNS FROM `fa_auth_group_access` [ RunTime:0.000645s ]
[ sql ] [ SQL ] SELECT `aga`.`uid`,`aga`.`group_id`,`ag`.`id`,`ag`.`pid`,`ag`.`name`,`ag`.`rules` FROM `fa_auth_group_access` `aga` LEFT JOIN `fa_auth_group` `ag` ON `aga`.`group_id`=`ag`.`id` WHERE  (  aga.uid='11' and ag.status='normal' ) [ RunTime:0.000350s ]
[ sql ] [ SQL ] SHOW COLUMNS FROM `fa_auth_rule` [ RunTime:0.000488s ]
[ sql ] [ SQL ] SELECT `id`,`pid`,`condition`,`icon`,`name`,`title`,`ismenu` FROM `fa_auth_rule` WHERE  `status` = 'normal'  AND `id` IN (2,7,9,11,23,24,25,26,27,28,40,41,42,43,47,48,49,50,92,93,94,95,96,97,98,99,100,101,102,103,104,105,106,107,108,109,110,111,112,113,114,115,117,118,119,120,121,122,123,124,125,126,127,128,129,130,132,133,134,135,136,137,138,139,140,141,142,143,150,151,152,153,154,155,156,157,159,160,167,168,175,176,177,178,194,5,131) [ RunTime:0.000812s ]
[ sql ] [ SQL ] SELECT `title`,`remark` FROM `fa_auth_rule` WHERE  `name` = 'order/bedorder' LIMIT 1 [ RunTime:0.000334s ]
---------------------------------------------------------------
[ 2019-11-29T10:04:24+08:00 ] 112.38.63.242 GET /admin/order/bedorder/index?sort=order_no&order=desc&offset=0&limit=10&filter=%7B%7D&op=%7B%7D&_=1574993065288
[ sql ] [ DB ] CONNECT:[ UseTime:0.000664s ] mysql:host=127.0.0.1;dbname=share;charset=utf8
[ sql ] [ SQL ] SHOW COLUMNS FROM `fa_auth_group_access` [ RunTime:0.000637s ]
[ sql ] [ SQL ] SELECT `aga`.`uid`,`aga`.`group_id`,`ag`.`id`,`ag`.`pid`,`ag`.`name`,`ag`.`rules` FROM `fa_auth_group_access` `aga` LEFT JOIN `fa_auth_group` `ag` ON `aga`.`group_id`=`ag`.`id` WHERE  (  aga.uid='11' and ag.status='normal' ) [ RunTime:0.000375s ]
[ sql ] [ SQL ] SHOW COLUMNS FROM `fa_auth_rule` [ RunTime:0.000502s ]
[ sql ] [ SQL ] SELECT `id`,`pid`,`condition`,`icon`,`name`,`title`,`ismenu` FROM `fa_auth_rule` WHERE  `status` = 'normal'  AND `id` IN (2,7,9,11,23,24,25,26,27,28,40,41,42,43,47,48,49,50,92,93,94,95,96,97,98,99,100,101,102,103,104,105,106,107,108,109,110,111,112,113,114,115,117,118,119,120,121,122,123,124,125,126,127,128,129,130,132,133,134,135,136,137,138,139,140,141,142,143,150,151,152,153,154,155,156,157,159,160,167,168,175,176,177,178,194,5,131) [ RunTime:0.000839s ]
[ sql ] [ SQL ] SHOW COLUMNS FROM `fa_auth_group` [ RunTime:0.000556s ]
[ sql ] [ SQL ] SELECT * FROM `fa_auth_group` WHERE  `status` = 'normal' [ RunTime:0.000302s ]
[ sql ] [ SQL ] SELECT `uid`,`group_id` FROM `fa_auth_group_access` WHERE  `group_id` IN (24) [ RunTime:0.000278s ]
[ sql ] [ SQL ] SHOW COLUMNS FROM `fa_bedorder` [ RunTime:0.000527s ]
[ sql ] [ SQL ] SHOW COLUMNS FROM `fa_netpoint` [ RunTime:0.000463s ]
[ sql ] [ SQL ] SHOW COLUMNS FROM `fa_device` [ RunTime:0.000478s ]
[ sql ] [ SQL ] SELECT COUNT(*) AS tp_count FROM `fa_bedorder` `bedorder` LEFT JOIN `fa_netpoint` `netpoint` ON `bedorder`.`netpoint_id`=`netpoint`.`id` LEFT JOIN `fa_device` `device` ON `bedorder`.`dev_id`=`device`.`dev_id` WHERE  (  `bedorder`.`admin_id` IN (15,11) ) ORDER BY `bedorder`.`order_no` DESC LIMIT 1 [ RunTime:0.001079s ]
[ sql ] [ SQL ] SELECT `bedorder`.`order_no`,`bedorder`.`users_id`,`bedorder`.`phone`,`bedorder`.`dev_id`,`bedorder`.`admin_id`,`bedorder`.`entity_id`,`bedorder`.`netpoint_id`,`bedorder`.`pricetype`,`bedorder`.`price_id`,`bedorder`.`deposit`,`bedorder`.`lightnight`,`bedorder`.`canusestart`,`bedorder`.`canuseend`,`bedorder`.`hourprice`,`bedorder`.`lighttimesprice`,`bedorder`.`nighttimesprice`,`bedorder`.`dayprice`,`bedorder`.`days`,`bedorder`.`pricedata`,`bedorder`.`total`,`bedorder`.`save`,`bedorder`.`pay`,`bedorder`.`tran_id`,`bedorder`.`refund`,`bedorder`.`refundtime`,`bedorder`.`refundnote`,`bedorder`.`step`,`bedorder`.`status`,`bedorder`.`rtn_admin_id`,`bedorder`.`createtime`,`bedorder`.`endtime`,netpoint.id AS netpoint__id,netpoint.admin_id AS netpoint__admin_id,netpoint.name AS netpoint__name,netpoint.shortname AS netpoint__shortname,netpoint.netaddr AS netpoint__netaddr,netpoint.netlng AS netpoint__netlng,netpoint.netlat AS netpoint__netlat,netpoint.deposit AS netpoint__deposit,netpoint.level1 AS netpoint__level1,netpoint.level2 AS netpoint__level2,netpoint.level3 AS netpoint__level3,netpoint.level4 AS netpoint__level4,netpoint.percent1 AS netpoint__percent1,netpoint.percent2 AS netpoint__percent2,netpoint.percent3 AS netpoint__percent3,netpoint.percent4 AS netpoint__percent4,netpoint.mt_admin_id AS netpoint__mt_admin_id,netpoint.mall_admin_id AS netpoint__mall_admin_id,netpoint.status AS netpoint__status,device.id AS device__id,device.dev_id AS device__dev_id,device.iscabinet AS device__iscabinet,device.devtype_id AS device__devtype_id,device.price_id AS device__price_id,device.netpoint_id AS device__netpoint_id,device.department AS device__department,device.room AS device__room,device.bed AS device__bed,device.entity_id AS device__entity_id,device.admin_id AS device__admin_id,device.mac AS device__mac,device.blekey AS device__blekey,device.blepwd AS device__blepwd,device.mac2 AS device__mac2,device.blekey2 AS device__blekey2,device.blepwd2 AS device__blepwd2,device.createtime AS device__createtime,device.updatetime AS device__updatetime,device.status AS device__status FROM `fa_bedorder` `bedorder` LEFT JOIN `fa_netpoint` `netpoint` ON `bedorder`.`netpoint_id`=`netpoint`.`id` LEFT JOIN `fa_device` `device` ON `bedorder`.`dev_id`=`device`.`dev_id` WHERE  (  `bedorder`.`admin_id` IN (15,11) ) ORDER BY `bedorder`.`order_no` DESC LIMIT 0,10 [ RunTime:0.000704s ]
---------------------------------------------------------------
[ 2019-11-29T10:04:25+08:00 ] 112.38.63.242 GET /admin/order/bedorder/index?sort=order_no&order=desc&offset=0&limit=10&filter=%7B%7D&op=%7B%7D&_=1574993065289
[ sql ] [ DB ] CONNECT:[ UseTime:0.000669s ] mysql:host=127.0.0.1;dbname=share;charset=utf8
[ sql ] [ SQL ] SHOW COLUMNS FROM `fa_auth_group_access` [ RunTime:0.000617s ]
[ sql ] [ SQL ] SELECT `aga`.`uid`,`aga`.`group_id`,`ag`.`id`,`ag`.`pid`,`ag`.`name`,`ag`.`rules` FROM `fa_auth_group_access` `aga` LEFT JOIN `fa_auth_group` `ag` ON `aga`.`group_id`=`ag`.`id` WHERE  (  aga.uid='11' and ag.status='normal' ) [ RunTime:0.000350s ]
[ sql ] [ SQL ] SHOW COLUMNS FROM `fa_auth_rule` [ RunTime:0.000498s ]
[ sql ] [ SQL ] SELECT `id`,`pid`,`condition`,`icon`,`name`,`title`,`ismenu` FROM `fa_auth_rule` WHERE  `status` = 'normal'  AND `id` IN (2,7,9,11,23,24,25,26,27,28,40,41,42,43,47,48,49,50,92,93,94,95,96,97,98,99,100,101,102,103,104,105,106,107,108,109,110,111,112,113,114,115,117,118,119,120,121,122,123,124,125,126,127,128,129,130,132,133,134,135,136,137,138,139,140,141,142,143,150,151,152,153,154,155,156,157,159,160,167,168,175,176,177,178,194,5,131) [ RunTime:0.000829s ]
[ sql ] [ SQL ] SHOW COLUMNS FROM `fa_auth_group` [ RunTime:0.000569s ]
[ sql ] [ SQL ] SELECT * FROM `fa_auth_group` WHERE  `status` = 'normal' [ RunTime:0.000304s ]
[ sql ] [ SQL ] SELECT `uid`,`group_id` FROM `fa_auth_group_access` WHERE  `group_id` IN (24) [ RunTime:0.000258s ]
[ sql ] [ SQL ] SHOW COLUMNS FROM `fa_bedorder` [ RunTime:0.000508s ]
[ sql ] [ SQL ] SHOW COLUMNS FROM `fa_netpoint` [ RunTime:0.000470s ]
[ sql ] [ SQL ] SHOW COLUMNS FROM `fa_device` [ RunTime:0.000480s ]
[ sql ] [ SQL ] SELECT COUNT(*) AS tp_count FROM `fa_bedorder` `bedorder` LEFT JOIN `fa_netpoint` `netpoint` ON `bedorder`.`netpoint_id`=`netpoint`.`id` LEFT JOIN `fa_device` `device` ON `bedorder`.`dev_id`=`device`.`dev_id` WHERE  (  `bedorder`.`admin_id` IN (15,11) ) ORDER BY `bedorder`.`order_no` DESC LIMIT 1 [ RunTime:0.001075s ]
[ sql ] [ SQL ] SELECT `bedorder`.`order_no`,`bedorder`.`users_id`,`bedorder`.`phone`,`bedorder`.`dev_id`,`bedorder`.`admin_id`,`bedorder`.`entity_id`,`bedorder`.`netpoint_id`,`bedorder`.`pricetype`,`bedorder`.`price_id`,`bedorder`.`deposit`,`bedorder`.`lightnight`,`bedorder`.`canusestart`,`bedorder`.`canuseend`,`bedorder`.`hourprice`,`bedorder`.`lighttimesprice`,`bedorder`.`nighttimesprice`,`bedorder`.`dayprice`,`bedorder`.`days`,`bedorder`.`pricedata`,`bedorder`.`total`,`bedorder`.`save`,`bedorder`.`pay`,`bedorder`.`tran_id`,`bedorder`.`refund`,`bedorder`.`refundtime`,`bedorder`.`refundnote`,`bedorder`.`step`,`bedorder`.`status`,`bedorder`.`rtn_admin_id`,`bedorder`.`createtime`,`bedorder`.`endtime`,netpoint.id AS netpoint__id,netpoint.admin_id AS netpoint__admin_id,netpoint.name AS netpoint__name,netpoint.shortname AS netpoint__shortname,netpoint.netaddr AS netpoint__netaddr,netpoint.netlng AS netpoint__netlng,netpoint.netlat AS netpoint__netlat,netpoint.deposit AS netpoint__deposit,netpoint.level1 AS netpoint__level1,netpoint.level2 AS netpoint__level2,netpoint.level3 AS netpoint__level3,netpoint.level4 AS netpoint__level4,netpoint.percent1 AS netpoint__percent1,netpoint.percent2 AS netpoint__percent2,netpoint.percent3 AS netpoint__percent3,netpoint.percent4 AS netpoint__percent4,netpoint.mt_admin_id AS netpoint__mt_admin_id,netpoint.mall_admin_id AS netpoint__mall_admin_id,netpoint.status AS netpoint__status,device.id AS device__id,device.dev_id AS device__dev_id,device.iscabinet AS device__iscabinet,device.devtype_id AS device__devtype_id,device.price_id AS device__price_id,device.netpoint_id AS device__netpoint_id,device.department AS device__department,device.room AS device__room,device.bed AS device__bed,device.entity_id AS device__entity_id,device.admin_id AS device__admin_id,device.mac AS device__mac,device.blekey AS device__blekey,device.blepwd AS device__blepwd,device.mac2 AS device__mac2,device.blekey2 AS device__blekey2,device.blepwd2 AS device__blepwd2,device.createtime AS device__createtime,device.updatetime AS device__updatetime,device.status AS device__status FROM `fa_bedorder` `bedorder` LEFT JOIN `fa_netpoint` `netpoint` ON `bedorder`.`netpoint_id`=`netpoint`.`id` LEFT JOIN `fa_device` `device` ON `bedorder`.`dev_id`=`device`.`dev_id` WHERE  (  `bedorder`.`admin_id` IN (15,11) ) ORDER BY `bedorder`.`order_no` DESC LIMIT 0,10 [ RunTime:0.000698s ]
---------------------------------------------------------------
[ 2019-11-29T10:10:33+08:00 ] 223.104.254.9 POST /api/Bedorder/queryauth
[ info ] queryauth request: 
[ info ] {"mac":"D310E86FCFB5"}
[ info ] queryauth response: 
[ info ] 1
---------------------------------------------------------------
[ 2019-11-29T11:15:39+08:00 ] 223.104.254.32 POST /api/Bedorder/queryauth
[ info ] queryauth request: 
[ info ] {"mac":"EB75862D51C8"}
[ info ] queryauth response: 
[ info ] 1
---------------------------------------------------------------
[ 2019-11-29T13:30:58+08:00 ] 221.178.125.2 POST /api/Bedorder/queryauth
[ info ] queryauth request: 
[ info ] {"mac":"E7B8213FB09E"}
[ info ] queryauth response: 
[ info ] 1
---------------------------------------------------------------
[ 2019-11-29T13:31:02+08:00 ] 221.178.125.2 POST /api/Bedorder/queryauth
[ info ] queryauth request: 
[ info ] {"mac":"E7B8213FB09E"}
[ info ] queryauth response: 
[ info ] 1
---------------------------------------------------------------
[ 2019-11-29T13:31:11+08:00 ] 221.178.125.2 POST /api/Bedorder/queryauth
[ info ] queryauth request: 
[ info ] {"mac":"E7B8213FB09E"}
[ info ] queryauth response: 
[ info ] 1
---------------------------------------------------------------
[ 2019-11-29T13:31:16+08:00 ] 221.178.125.2 POST /api/Bedorder/queryauth
[ info ] queryauth request: 
[ info ] {"mac":"E7B8213FB09E"}
[ info ] queryauth response: 
[ info ] 1
---------------------------------------------------------------
[ 2019-11-29T13:31:35+08:00 ] 221.178.125.2 POST /api/Bedorder/queryauth
[ info ] queryauth request: 
[ info ] {"mac":"E7B8213FB09E"}
[ info ] queryauth response: 
[ info ] 1
---------------------------------------------------------------
[ 2019-11-29T13:31:39+08:00 ] 221.178.125.2 POST /api/Bedorder/queryauth
[ info ] queryauth request: 
[ info ] {"mac":"E7B8213FB09E"}
[ info ] queryauth response: 
[ info ] 1
---------------------------------------------------------------
[ 2019-11-29T13:31:43+08:00 ] 221.178.125.2 POST /api/Bedorder/queryauth
[ info ] queryauth request: 
[ info ] {"mac":"E7B8213FB09E"}
[ info ] queryauth response: 
[ info ] 1
---------------------------------------------------------------
[ 2019-11-29T13:31:46+08:00 ] 221.178.125.2 POST /api/Bedorder/queryauth
[ info ] queryauth request: 
[ info ] {"mac":"E7B8213FB09E"}
[ info ] queryauth response: 
[ info ] 1
---------------------------------------------------------------
[ 2019-11-29T13:31:52+08:00 ] 221.178.125.2 POST /api/Bedorder/queryauth
[ info ] queryauth request: 
[ info ] {"mac":"E7B8213FB09E"}
[ info ] queryauth response: 
[ info ] 1
---------------------------------------------------------------
[ 2019-11-29T13:31:58+08:00 ] 221.178.125.2 POST /api/Bedorder/queryauth
[ info ] queryauth request: 
[ info ] {"mac":"E7B8213FB09E"}
[ info ] queryauth response: 
[ info ] 1
---------------------------------------------------------------
[ 2019-11-29T13:32:28+08:00 ] 221.178.125.2 POST /api/Bedorder/queryauth
[ info ] queryauth request: 
[ info ] {"mac":"E7B8213FB09E"}
[ info ] queryauth response: 
[ info ] 1
---------------------------------------------------------------
[ 2019-11-29T15:08:53+08:00 ] 221.178.125.2 POST /api/Bedorder/queryauth
[ info ] queryauth request: 
[ info ] {"mac":"E7B8213FB09E"}
[ info ] queryauth response: 
[ info ] 1
---------------------------------------------------------------
[ 2019-11-29T15:08:56+08:00 ] 221.178.125.2 POST /api/Bedorder/queryauth
[ info ] queryauth request: 
[ info ] {"mac":"E7B8213FB09E"}
[ info ] queryauth response: 
[ info ] 1
---------------------------------------------------------------
[ 2019-11-29T15:09:07+08:00 ] 221.178.125.2 POST /api/Bedorder/queryauth
[ info ] queryauth request: 
[ info ] {"mac":"E7B8213FB09E"}
[ info ] queryauth response: 
[ info ] 1
---------------------------------------------------------------
[ 2019-11-29T15:09:11+08:00 ] 221.178.125.2 POST /api/Bedorder/queryauth
[ info ] queryauth request: 
[ info ] {"mac":"E7B8213FB09E"}
[ info ] queryauth response: 
[ info ] 1
---------------------------------------------------------------
[ 2019-11-29T15:09:14+08:00 ] 221.178.125.2 POST /api/Bedorder/queryauth
[ info ] queryauth request: 
[ info ] {"mac":"E7B8213FB09E"}
[ info ] queryauth response: 
[ info ] 1
---------------------------------------------------------------
[ 2019-11-29T15:09:24+08:00 ] 221.178.125.2 POST /api/Bedorder/queryauth
[ info ] queryauth request: 
[ info ] {"mac":"E7B8213FB09E"}
[ info ] queryauth response: 
[ info ] 1
---------------------------------------------------------------
[ 2019-11-29T15:09:28+08:00 ] 221.178.125.2 POST /api/Bedorder/queryauth
[ info ] queryauth request: 
[ info ] {"mac":"E7B8213FB09E"}
[ info ] queryauth response: 
[ info ] 1
---------------------------------------------------------------
[ 2019-11-29T15:09:34+08:00 ] 221.178.125.2 POST /api/Bedorder/queryauth
[ info ] queryauth request: 
[ info ] {"mac":"E7B8213FB09E"}
[ info ] queryauth response: 
[ info ] 1
---------------------------------------------------------------
[ 2019-11-29T15:09:43+08:00 ] 221.178.125.2 POST /api/Bedorder/queryauth
[ info ] queryauth request: 
[ info ] {"mac":"E7B8213FB09E"}
[ info ] queryauth response: 
[ info ] 1
---------------------------------------------------------------
[ 2019-11-29T15:09:48+08:00 ] 221.178.125.2 POST /api/Bedorder/queryauth
[ info ] queryauth request: 
[ info ] {"mac":"E7B8213FB09E"}
[ info ] queryauth response: 
[ info ] 1
---------------------------------------------------------------
[ 2019-11-29T15:09:52+08:00 ] 221.178.125.2 POST /api/Bedorder/queryauth
[ info ] queryauth request: 
[ info ] {"mac":"E7B8213FB09E"}
[ info ] queryauth response: 
[ info ] 1
---------------------------------------------------------------
[ 2019-11-29T15:09:59+08:00 ] 221.178.125.2 POST /api/Bedorder/queryauth
[ info ] queryauth request: 
[ info ] {"mac":"E7B8213FB09E"}
[ info ] queryauth response: 
[ info ] 1
---------------------------------------------------------------
[ 2019-11-29T15:10:04+08:00 ] 221.178.125.2 POST /api/Bedorder/queryauth
[ info ] queryauth request: 
[ info ] {"mac":"E7B8213FB09E"}
[ info ] queryauth response: 
[ info ] 1
---------------------------------------------------------------
[ 2019-11-29T15:11:13+08:00 ] 221.178.125.2 POST /api/Bedorder/queryauth
[ info ] queryauth request: 
[ info ] {"mac":"E7B8213FB09E"}
[ info ] queryauth response: 
[ info ] 1
---------------------------------------------------------------
[ 2019-11-29T15:11:16+08:00 ] 221.178.125.2 POST /api/Bedorder/queryauth
[ info ] queryauth request: 
[ info ] {"mac":"E7B8213FB09E"}
[ info ] queryauth response: 
[ info ] 1
---------------------------------------------------------------
[ 2019-11-29T15:11:23+08:00 ] 221.178.125.2 POST /api/Bedorder/queryauth
[ info ] queryauth request: 
[ info ] {"mac":"E7B8213FB09E"}
[ info ] queryauth response: 
[ info ] 1
---------------------------------------------------------------
[ 2019-11-29T15:11:29+08:00 ] 221.178.125.2 POST /api/Bedorder/queryauth
[ info ] queryauth request: 
[ info ] {"mac":"E7B8213FB09E"}
[ info ] queryauth response: 
[ info ] 1
---------------------------------------------------------------
[ 2019-11-29T15:11:32+08:00 ] 221.178.125.2 POST /api/Bedorder/queryauth
[ info ] queryauth request: 
[ info ] {"mac":"E7B8213FB09E"}
[ info ] queryauth response: 
[ info ] 1
---------------------------------------------------------------
[ 2019-11-29T15:11:38+08:00 ] 221.178.125.2 POST /api/Bedorder/queryauth
[ info ] queryauth request: 
[ info ] {"mac":"E7B8213FB09E"}
[ info ] queryauth response: 
[ info ] 1
---------------------------------------------------------------
[ 2019-11-29T16:19:52+08:00 ] 223.104.254.32 POST /api/Bedorder/queryauth
[ info ] queryauth request: 
[ info ] {"mac":"EB75862D51C8"}
[ info ] queryauth response: 
[ info ] 1
---------------------------------------------------------------
[ 2019-11-29T16:19:58+08:00 ] 223.104.254.32 POST /api/Bedorder/queryauth
[ info ] queryauth request: 
[ info ] {"mac":"EB75862D51C8"}
[ info ] queryauth response: 
[ info ] 1
---------------------------------------------------------------
[ 2019-11-29T20:36:25+08:00 ] 117.132.195.153 POST /api/Bedorder/queryauth
[ info ] queryauth request: 
[ info ] {"mac":"F07CC6FB1416"}
[ info ] queryauth response: 
[ info ] 1
