---------------------------------------------------------------
[ 2019-09-04T09:17:52+08:00 ] 117.132.195.125 POST /api/Bedorder/queryauth
[ info ] queryauth request: 
[ info ] {"mac":"EC3BE09E242A"}
[ info ] queryauth response: 
[ info ] 1
---------------------------------------------------------------
[ 2019-09-04T16:30:14+08:00 ] 117.132.195.125 POST /api/Bedorder/queryauth
[ info ] queryauth request: 
[ info ] {"mac":"EC3BE09E242A"}
[ info ] queryauth response: 
[ info ] 1
---------------------------------------------------------------
[ 2019-09-04T16:33:57+08:00 ] 117.132.195.125 POST /api/Bedorder/queryauth
[ info ] queryauth request: 
[ info ] {"mac":"EC3BE09E242A"}
[ info ] queryauth response: 
[ info ] 1
---------------------------------------------------------------
[ 2019-09-04T16:36:21+08:00 ] 117.132.195.125 POST /api/Bedorder/queryauth
[ info ] queryauth request: 
[ info ] {"mac":"EC3BE09E242A"}
[ info ] queryauth response: 
[ info ] 0
---------------------------------------------------------------
[ 2019-09-04T16:36:26+08:00 ] 117.132.195.125 POST /api/Bedorder/queryauth
[ info ] queryauth request: 
[ info ] {"mac":"EC3BE09E242A"}
[ info ] queryauth response: 
[ info ] 1
---------------------------------------------------------------
[ 2019-09-04T16:36:36+08:00 ] 117.132.195.125 POST /api/Bedorder/queryauth
[ info ] queryauth request: 
[ info ] {"mac":"EC3BE09E242A"}
[ info ] queryauth response: 
[ info ] 1
---------------------------------------------------------------
[ 2019-09-04T16:36:41+08:00 ] 117.132.195.125 POST /api/Bedorder/queryauth
[ info ] queryauth request: 
[ info ] {"mac":"EC3BE09E242A"}
[ info ] queryauth response: 
[ info ] 1
---------------------------------------------------------------
[ 2019-09-04T16:36:49+08:00 ] 117.132.195.125 POST /api/Bedorder/queryauth
[ info ] queryauth request: 
[ info ] {"mac":"EC3BE09E242A"}
[ info ] queryauth response: 
[ info ] 1
---------------------------------------------------------------
[ 2019-09-04T16:36:54+08:00 ] 117.132.195.125 POST /api/Bedorder/queryauth
[ info ] queryauth request: 
[ info ] {"mac":"EC3BE09E242A"}
[ info ] queryauth response: 
[ info ] 1
---------------------------------------------------------------
[ 2019-09-04T16:43:25+08:00 ] 117.132.195.125 POST /api/Bedorder/queryauth
[ info ] queryauth request: 
[ info ] {"mac":"EC3BE09E242A"}
[ info ] queryauth response: 
[ info ] 1
---------------------------------------------------------------
[ 2019-09-04T16:48:30+08:00 ] 117.132.195.125 POST /api/Bedorder/queryauth
[ info ] queryauth request: 
[ info ] {"mac":"EC3BE09E242A"}
[ info ] queryauth response: 
[ info ] 1
---------------------------------------------------------------
[ 2019-09-04T16:51:58+08:00 ] 117.132.195.125 POST /api/Bedorder/queryauth
[ info ] queryauth request: 
[ info ] {"mac":"EC3BE09E242A"}
[ info ] queryauth response: 
[ info ] 0
