---------------------------------------------------------------
[ 2019-09-10T09:58:13+08:00 ] 218.204.253.33 POST /api/Bedorder/queryauth
[ info ] queryauth request: 
[ info ] {"mac":"EA00FBB5F899"}
[ info ] queryauth response: 
[ info ] 0
---------------------------------------------------------------
[ 2019-09-10T10:08:12+08:00 ] 221.178.126.204 POST /api/Bedorder/queryauth
[ info ] queryauth request: 
[ info ] {"mac":"CFF74380B67C"}
[ info ] queryauth response: 
[ info ] 1
---------------------------------------------------------------
[ 2019-09-10T10:27:39+08:00 ] 223.104.254.186 POST /api/Bedorder/queryauth
[ info ] queryauth request: 
[ info ] {"mac":"CDE4E425F730"}
[ info ] queryauth response: 
[ info ] 1
---------------------------------------------------------------
[ 2019-09-10T10:36:44+08:00 ] 223.104.255.224 POST /api/Bedorder/queryauth
[ info ] queryauth request: 
[ info ] {"mac":"F81E204D3FC0"}
[ info ] queryauth response: 
[ info ] 1
---------------------------------------------------------------
[ 2019-09-10T10:55:23+08:00 ] 221.178.126.223 POST /api/Bedorder/queryauth
[ info ] queryauth request: 
[ info ] {"mac":"EFC3CA091D7F"}
[ info ] queryauth response: 
[ info ] 1
---------------------------------------------------------------
[ 2019-09-10T10:55:30+08:00 ] 221.178.126.223 POST /api/Bedorder/queryauth
[ info ] queryauth request: 
[ info ] {"mac":"EFC3CA091D7F"}
[ info ] queryauth response: 
[ info ] 1
---------------------------------------------------------------
[ 2019-09-10T10:57:05+08:00 ] 221.178.126.223 POST /api/Bedorder/queryauth
[ info ] queryauth request: 
[ info ] {"mac":"EFC3CA091D7F"}
[ info ] queryauth response: 
[ info ] 1
---------------------------------------------------------------
[ 2019-09-10T11:14:26+08:00 ] 117.132.196.247 POST /api/Bedorder/queryauth
[ info ] queryauth request: 
[ info ] {"mac":"CAD13409C893"}
[ info ] queryauth response: 
[ info ] 1
---------------------------------------------------------------
[ 2019-09-10T13:39:38+08:00 ] 218.204.252.199 POST /api/Bedorder/queryauth
[ info ] queryauth request: 
[ info ] {"mac":"EF5724C8B571"}
[ info ] queryauth response: 
[ info ] 1
---------------------------------------------------------------
[ 2019-09-10T14:21:12+08:00 ] 223.104.254.252 POST /api/Bedorder/queryauth
[ info ] queryauth request: 
[ info ] {"mac":"DA5F3D15E70C"}
[ info ] queryauth response: 
[ info ] 1
---------------------------------------------------------------
[ 2019-09-10T14:31:19+08:00 ] 117.132.195.237 POST /api/Bedorder/queryauth
[ info ] queryauth request: 
[ info ] {"mac":"EB75862D51C8"}
[ info ] queryauth response: 
[ info ] 1
---------------------------------------------------------------
[ 2019-09-10T14:38:22+08:00 ] 223.104.255.141 POST /api/Bedorder/queryauth
[ info ] queryauth request: 
[ info ] {"mac":"CFCCA28A91BB"}
[ info ] queryauth response: 
[ info ] 1
---------------------------------------------------------------
[ 2019-09-10T14:46:23+08:00 ] 117.132.195.172 POST /api/Bedorder/queryauth
[ info ] queryauth request: 
[ info ] {"mac":"D68156CDD97D"}
[ info ] queryauth response: 
[ info ] 1
---------------------------------------------------------------
[ 2019-09-10T14:46:54+08:00 ] 117.132.195.172 POST /api/Bedorder/queryauth
[ info ] queryauth request: 
[ info ] {"mac":"D68156CDD97D"}
[ info ] queryauth response: 
[ info ] 1
---------------------------------------------------------------
[ 2019-09-10T14:57:48+08:00 ] 221.178.126.110 POST /api/Bedorder/queryauth
[ info ] queryauth request: 
[ info ] {"mac":"DDEF23BB9FAF"}
[ info ] queryauth response: 
[ info ] 1
---------------------------------------------------------------
[ 2019-09-10T14:58:28+08:00 ] 221.178.126.110 POST /api/Bedorder/queryauth
[ info ] queryauth request: 
[ info ] {"mac":"DDEF23BB9FAF"}
[ info ] queryauth response: 
[ info ] 1
---------------------------------------------------------------
[ 2019-09-10T15:21:56+08:00 ] 223.104.254.252 POST /api/Bedorder/queryauth
[ info ] queryauth request: 
[ info ] {"mac":"D826528CEF47"}
[ info ] queryauth response: 
[ info ] 1
---------------------------------------------------------------
[ 2019-09-10T15:33:26+08:00 ] 221.178.125.25 POST /api/Bedorder/queryauth
[ info ] queryauth request: 
[ info ] {"mac":"E4B41866F430"}
[ info ] queryauth response: 
[ info ] 1
---------------------------------------------------------------
[ 2019-09-10T15:33:30+08:00 ] 221.178.125.25 POST /api/Bedorder/queryauth
[ info ] queryauth request: 
[ info ] {"mac":"E4B41866F430"}
[ info ] queryauth response: 
[ info ] 1
---------------------------------------------------------------
[ 2019-09-10T15:55:13+08:00 ] 223.104.254.52 POST /api/Bedorder/queryauth
[ info ] queryauth request: 
[ info ] {"mac":"C79E1762BE22"}
[ info ] queryauth response: 
[ info ] 1
---------------------------------------------------------------
[ 2019-09-10T16:33:16+08:00 ] 117.132.194.113 POST /api/Bedorder/queryauth
[ info ] queryauth request: 
[ info ] {"mac":"F61F071A2834"}
[ info ] queryauth response: 
[ info ] 1
---------------------------------------------------------------
[ 2019-09-10T16:40:17+08:00 ] 117.132.197.41 POST /api/Bedorder/queryauth
[ info ] queryauth request: 
[ info ] {"mac":"F15197DABD67"}
[ info ] queryauth response: 
[ info ] 1
---------------------------------------------------------------
[ 2019-09-10T16:40:25+08:00 ] 117.132.197.41 POST /api/Bedorder/queryauth
[ info ] queryauth request: 
[ info ] {"mac":"F15197DABD67"}
[ info ] queryauth response: 
[ info ] 1
---------------------------------------------------------------
[ 2019-09-10T16:40:28+08:00 ] 117.132.197.41 POST /api/Bedorder/queryauth
[ info ] queryauth request: 
[ info ] {"mac":"F15197DABD67"}
[ info ] queryauth response: 
[ info ] 1
---------------------------------------------------------------
[ 2019-09-10T16:57:52+08:00 ] 117.132.191.166 POST /api/Bedorder/queryauth
[ info ] queryauth request: 
[ info ] {"mac":"EFCB9264E3DB"}
[ info ] queryauth response: 
[ info ] 1
---------------------------------------------------------------
[ 2019-09-10T17:14:24+08:00 ] 221.178.127.47 POST /api/Bedorder/queryauth
[ info ] queryauth request: 
[ info ] {"mac":"CDDB56424E99"}
[ info ] queryauth response: 
[ info ] 1
---------------------------------------------------------------
[ 2019-09-10T17:18:04+08:00 ] 221.178.124.148 POST /api/Bedorder/queryauth
[ info ] queryauth request: 
[ info ] {"mac":"D936444A1258"}
[ info ] queryauth response: 
[ info ] 1
---------------------------------------------------------------
[ 2019-09-10T17:23:45+08:00 ] 223.104.254.38 POST /api/Bedorder/queryauth
[ info ] queryauth request: 
[ info ] {"mac":"E315281FCC2B"}
[ info ] queryauth response: 
[ info ] 1
---------------------------------------------------------------
[ 2019-09-10T17:34:02+08:00 ] 221.178.127.140 POST /api/Bedorder/queryauth
[ info ] queryauth request: 
[ info ] {"mac":"F7F2A08761C6"}
[ info ] queryauth response: 
[ info ] 1
---------------------------------------------------------------
[ 2019-09-10T17:34:10+08:00 ] 221.178.127.140 POST /api/Bedorder/queryauth
[ info ] queryauth request: 
[ info ] {"mac":"F7F2A08761C6"}
[ info ] queryauth response: 
[ info ] 1
---------------------------------------------------------------
[ 2019-09-10T17:34:18+08:00 ] 221.178.127.140 POST /api/Bedorder/queryauth
[ info ] queryauth request: 
[ info ] {"mac":"F7F2A08761C6"}
[ info ] queryauth response: 
[ info ] 1
---------------------------------------------------------------
[ 2019-09-10T17:42:40+08:00 ] 221.178.126.55 POST /api/Bedorder/queryauth
[ info ] queryauth request: 
[ info ] {"mac":"E4911F63915B"}
[ info ] queryauth response: 
[ info ] 1
---------------------------------------------------------------
[ 2019-09-10T17:49:10+08:00 ] 221.178.126.107 POST /api/Bedorder/queryauth
[ info ] queryauth request: 
[ info ] {"mac":"C585EAD1E015"}
[ info ] queryauth response: 
[ info ] 1
---------------------------------------------------------------
[ 2019-09-10T17:54:19+08:00 ] 117.132.198.161 POST /api/Bedorder/queryauth
[ info ] queryauth request: 
[ info ] {"mac":"E0429C45F324"}
[ info ] queryauth response: 
[ info ] 1
---------------------------------------------------------------
[ 2019-09-10T17:54:29+08:00 ] 117.132.198.161 POST /api/Bedorder/queryauth
[ info ] queryauth request: 
[ info ] {"mac":"E0429C45F324"}
[ info ] queryauth response: 
[ info ] 1
