---------------------------------------------------------------
[ 2019-09-14T14:04:58+08:00 ] 223.104.255.205 POST /api/Bedorder/queryauth
[ info ] queryauth request: 
[ info ] {"mac":"EA00FBB5F899"}
[ info ] queryauth response: 
[ info ] 1
---------------------------------------------------------------
[ 2019-09-14T14:05:03+08:00 ] 223.104.255.205 POST /api/Bedorder/queryauth
[ info ] queryauth request: 
[ info ] {"mac":"EA00FBB5F899"}
[ info ] queryauth response: 
[ info ] 1
---------------------------------------------------------------
[ 2019-09-14T14:05:09+08:00 ] 223.104.255.205 POST /api/Bedorder/queryauth
[ info ] queryauth request: 
[ info ] {"mac":"EA00FBB5F899"}
[ info ] queryauth response: 
[ info ] 1
---------------------------------------------------------------
[ 2019-09-14T14:05:41+08:00 ] 223.104.255.205 POST /api/Bedorder/queryauth
[ info ] queryauth request: 
[ info ] {"mac":"EA00FBB5F899"}
[ info ] queryauth response: 
[ info ] 1
---------------------------------------------------------------
[ 2019-09-14T17:10:13+08:00 ] 117.132.197.77 POST /api/Bedorder/queryauth
[ info ] queryauth request: 
[ info ] {"mac":"EA00FBB5F899"}
[ info ] queryauth response: 
[ info ] 1
---------------------------------------------------------------
[ 2019-09-14T18:20:49+08:00 ] 221.178.126.182 POST /api/Bedorder/queryauth
[ info ] queryauth request: 
[ info ] {"mac":"E8413CE9A071"}
[ info ] queryauth response: 
[ info ] 1
