---------------------------------------------------------------
[ 2019-09-20T03:31:07+08:00 ] 117.132.195.6 POST /api/Bedorder/queryauth
[ info ] queryauth request: 
[ info ] {"mac":"FF3F13AA896D"}
[ info ] queryauth response: 
[ info ] 1
---------------------------------------------------------------
[ 2019-09-20T10:12:19+08:00 ] 117.132.197.251 POST /api/Bedorder/queryauth
[ info ] queryauth request: 
[ info ] {"mac":"CA41B5A22D1A"}
[ info ] queryauth response: 
[ info ] 1
---------------------------------------------------------------
[ 2019-09-20T10:12:47+08:00 ] 117.132.192.57 POST /api/Bedorder/queryauth
[ info ] queryauth request: 
[ info ] {"mac":"EFC9B32B5086"}
[ info ] queryauth response: 
[ info ] 0
---------------------------------------------------------------
[ 2019-09-20T10:14:11+08:00 ] 223.104.254.158 POST /api/Bedorder/queryauth
[ info ] queryauth request: 
[ info ] {"mac":"FF3F13AA896D"}
[ info ] queryauth response: 
[ info ] 1
---------------------------------------------------------------
[ 2019-09-20T10:14:16+08:00 ] 117.132.195.19 POST /api/Bedorder/queryauth
[ info ] queryauth request: 
[ info ] {"mac":"E25A3ABC0DBB"}
[ info ] queryauth response: 
[ info ] 1
---------------------------------------------------------------
[ 2019-09-20T11:13:20+08:00 ] 117.132.194.120 POST /api/Bedorder/queryauth
[ info ] queryauth request: 
[ info ] {"mac":"CA41B5A22D1A"}
[ info ] queryauth response: 
[ info ] 1
---------------------------------------------------------------
[ 2019-09-20T11:14:01+08:00 ] 117.132.191.143 POST /api/Bedorder/queryauth
[ info ] queryauth request: 
[ info ] {"mac":"CA41B5A22D1A"}
[ info ] queryauth response: 
[ info ] 1
---------------------------------------------------------------
[ 2019-09-20T11:14:04+08:00 ] 117.132.191.143 POST /api/Bedorder/queryauth
[ info ] queryauth request: 
[ info ] {"mac":"CA41B5A22D1A"}
[ info ] queryauth response: 
[ info ] 1
---------------------------------------------------------------
[ 2019-09-20T11:14:08+08:00 ] 117.132.191.143 POST /api/Bedorder/queryauth
[ info ] queryauth request: 
[ info ] {"mac":"CA41B5A22D1A"}
[ info ] queryauth response: 
[ info ] 1
---------------------------------------------------------------
[ 2019-09-20T15:09:55+08:00 ] 117.132.192.205 POST /api/Bedorder/queryauth
[ info ] queryauth request: 
[ info ] {"mac":"CA41B5A22D1A"}
[ info ] queryauth response: 
[ info ] 1
---------------------------------------------------------------
[ 2019-09-20T15:21:53+08:00 ] 117.132.192.116 POST /api/Bedorder/queryauth
[ info ] queryauth request: 
[ info ] {"mac":"CA41B5A22D1A"}
[ info ] queryauth response: 
[ info ] 1
---------------------------------------------------------------
[ 2019-09-20T15:23:37+08:00 ] 117.132.192.116 POST /api/Bedorder/queryauth
[ info ] queryauth request: 
[ info ] {"mac":"CA41B5A22D1A"}
[ info ] queryauth response: 
[ info ] 1
---------------------------------------------------------------
[ 2019-09-20T16:15:36+08:00 ] 117.132.193.18 POST /api/Bedorder/queryauth
[ info ] queryauth request: 
[ info ] {"mac":"C585EAD1E015"}
[ info ] queryauth response: 
[ info ] 1
---------------------------------------------------------------
[ 2019-09-20T16:17:48+08:00 ] 223.104.254.214 POST /api/Bedorder/queryauth
[ info ] queryauth request: 
[ info ] {"mac":"C585EAD1E015"}
[ info ] queryauth response: 
[ info ] 1
---------------------------------------------------------------
[ 2019-09-20T16:18:21+08:00 ] 117.132.196.27 POST /api/Bedorder/queryauth
[ info ] queryauth request: 
[ info ] {"mac":"C585EAD1E015"}
[ info ] queryauth response: 
[ info ] 1
---------------------------------------------------------------
[ 2019-09-20T16:23:00+08:00 ] 117.132.196.27 POST /api/Bedorder/queryauth
[ info ] queryauth request: 
[ info ] {"mac":"C585EAD1E015"}
[ info ] queryauth response: 
[ info ] 1
---------------------------------------------------------------
[ 2019-09-20T16:23:05+08:00 ] 117.132.196.27 POST /api/Bedorder/queryauth
[ info ] queryauth request: 
[ info ] {"mac":"C585EAD1E015"}
[ info ] queryauth response: 
[ info ] 1
---------------------------------------------------------------
[ 2019-09-20T16:23:09+08:00 ] 117.132.196.27 POST /api/Bedorder/queryauth
[ info ] queryauth request: 
[ info ] {"mac":"C585EAD1E015"}
[ info ] queryauth response: 
[ info ] 1
---------------------------------------------------------------
[ 2019-09-20T16:23:19+08:00 ] 117.132.196.27 POST /api/Bedorder/queryauth
[ info ] queryauth request: 
[ info ] {"mac":"C585EAD1E015"}
[ info ] queryauth response: 
[ info ] 1
