---------------------------------------------------------------
[ 2019-05-21T08:09:05+08:00 ] 223.104.254.99 POST /api/Bedorder/queryauth
[ info ] queryauth request: 
[ info ] {"mac":"FBEF5683DF46"}
[ info ] queryauth response: 
[ info ] 1
---------------------------------------------------------------
[ 2019-05-21T08:10:14+08:00 ] 223.104.254.99 POST /api/Bedorder/queryauth
[ info ] queryauth request: 
[ info ] {"mac":"FBEF5683DF46"}
[ info ] queryauth response: 
[ info ] 1
---------------------------------------------------------------
[ 2019-05-21T08:10:37+08:00 ] 223.104.254.99 POST /api/Bedorder/queryauth
[ info ] queryauth request: 
[ info ] {"mac":"FBEF5683DF46"}
[ info ] queryauth response: 
[ info ] 1
---------------------------------------------------------------
[ 2019-05-21T08:10:50+08:00 ] 223.104.254.99 POST /api/Bedorder/queryauth
[ info ] queryauth request: 
[ info ] {"mac":"FBEF5683DF46"}
[ info ] queryauth response: 
[ info ] 1
---------------------------------------------------------------
[ 2019-05-21T08:11:57+08:00 ] 223.104.255.237 POST /api/Bedorder/queryauth
[ info ] queryauth request: 
[ info ] {"mac":"FBEF5683DF46"}
[ info ] queryauth response: 
[ info ] 1
---------------------------------------------------------------
[ 2019-05-21T08:15:00+08:00 ] 223.104.255.9 POST /api/Bedorder/queryauth
[ info ] queryauth request: 
[ info ] {"mac":"F1BFB1A1C411"}
[ info ] queryauth response: 
[ info ] 1
---------------------------------------------------------------
[ 2019-05-21T08:19:09+08:00 ] 117.132.197.107 POST /api/Bedorder/queryauth
[ info ] queryauth request: 
[ info ] {"mac":"FBEF5683DF46"}
[ info ] queryauth response: 
[ info ] 1
---------------------------------------------------------------
[ 2019-05-21T08:21:33+08:00 ] 223.104.255.9 POST /api/Bedorder/queryauth
[ info ] queryauth request: 
[ info ] {"mac":"F1BFB1A1C411"}
[ info ] queryauth response: 
[ info ] 1
---------------------------------------------------------------
[ 2019-05-21T08:35:20+08:00 ] 218.204.252.46 POST /api/Bedorder/queryauth
[ info ] queryauth request: 
[ info ] {"mac":"C8B0E9E7CFFF"}
[ info ] queryauth response: 
[ info ] 1
---------------------------------------------------------------
[ 2019-05-21T08:55:50+08:00 ] 117.132.194.203 POST /api/Bedorder/queryauth
[ info ] queryauth request: 
[ info ] {"mac":"C4A5AC67A8FF"}
[ info ] queryauth response: 
[ info ] 1
---------------------------------------------------------------
[ 2019-05-21T09:00:03+08:00 ] 223.104.254.113 POST /api/Bedorder/queryauth
[ info ] queryauth request: 
[ info ] {"mac":"C4A5AC67A8FF"}
[ info ] queryauth response: 
[ info ] 1
---------------------------------------------------------------
[ 2019-05-21T09:01:21+08:00 ] 117.132.191.203 POST /api/Bedorder/queryauth
[ info ] queryauth request: 
[ info ] {"mac":"CEEA848F665E"}
[ info ] queryauth response: 
[ info ] 1
---------------------------------------------------------------
[ 2019-05-21T09:01:53+08:00 ] 117.132.196.153 POST /api/Bedorder/queryauth
[ info ] queryauth request: 
[ info ] {"mac":"E8413CE9A071"}
[ info ] queryauth response: 
[ info ] 1
---------------------------------------------------------------
[ 2019-05-21T09:02:08+08:00 ] 117.132.196.153 POST /api/Bedorder/queryauth
[ info ] queryauth request: 
[ info ] {"mac":"E8413CE9A071"}
[ info ] queryauth response: 
[ info ] 1
---------------------------------------------------------------
[ 2019-05-21T09:05:13+08:00 ] 117.132.191.203 POST /api/Bedorder/queryauth
[ info ] queryauth request: 
[ info ] {"mac":"CEEA848F665E"}
[ info ] queryauth response: 
[ info ] 1
---------------------------------------------------------------
[ 2019-05-21T09:05:31+08:00 ] 221.178.125.113 POST /api/Bedorder/queryauth
[ info ] queryauth request: 
[ info ] {"mac":"FEAA81A07480"}
[ info ] queryauth response: 
[ info ] 1
---------------------------------------------------------------
[ 2019-05-21T09:05:51+08:00 ] 223.104.254.179 POST /api/Bedorder/queryauth
[ info ] queryauth request: 
[ info ] {"mac":"CEEA848F665E"}
[ info ] queryauth response: 
[ info ] 1
---------------------------------------------------------------
[ 2019-05-21T09:09:46+08:00 ] 117.132.198.63 POST /api/Bedorder/queryauth
[ info ] queryauth request: 
[ info ] {"mac":"FBEF5683DF46"}
[ info ] queryauth response: 
[ info ] 1
---------------------------------------------------------------
[ 2019-05-21T09:10:52+08:00 ] 218.204.253.249 POST /api/Bedorder/queryauth
[ info ] queryauth request: 
[ info ] {"mac":"FBEF5683DF46"}
[ info ] queryauth response: 
[ info ] 1
---------------------------------------------------------------
[ 2019-05-21T09:11:24+08:00 ] 117.132.193.178 POST /api/Bedorder/queryauth
[ info ] queryauth request: 
[ info ] {"mac":"FBEF5683DF46"}
[ info ] queryauth response: 
[ info ] 1
---------------------------------------------------------------
[ 2019-05-21T09:12:54+08:00 ] 117.132.193.178 POST /api/Bedorder/queryauth
[ info ] queryauth request: 
[ info ] {"mac":"FBEF5683DF46"}
[ info ] queryauth response: 
[ info ] 1
---------------------------------------------------------------
[ 2019-05-21T09:13:36+08:00 ] 218.204.252.113 POST /api/Bedorder/queryauth
[ info ] queryauth request: 
[ info ] {"mac":"C8B0E9E7CFFF"}
[ info ] queryauth response: 
[ info ] 1
---------------------------------------------------------------
[ 2019-05-21T09:13:39+08:00 ] 117.132.195.159 POST /api/Bedorder/queryauth
[ info ] queryauth request: 
[ info ] {"mac":"C4A5AC67A8FF"}
[ info ] queryauth response: 
[ info ] 1
---------------------------------------------------------------
[ 2019-05-21T09:13:52+08:00 ] 223.104.255.254 POST /api/Bedorder/queryauth
[ info ] queryauth request: 
[ info ] {"mac":"DD282FAD9646"}
[ info ] queryauth response: 
[ info ] 1
---------------------------------------------------------------
[ 2019-05-21T09:14:00+08:00 ] 117.132.192.239 POST /api/Bedorder/queryauth
[ info ] queryauth request: 
[ info ] {"mac":"E8413CE9A071"}
[ info ] queryauth response: 
[ info ] 1
---------------------------------------------------------------
[ 2019-05-21T09:14:48+08:00 ] 218.204.252.106 POST /api/Bedorder/queryauth
[ info ] queryauth request: 
[ info ] {"mac":"CEEA848F665E"}
[ info ] queryauth response: 
[ info ] 1
---------------------------------------------------------------
[ 2019-05-21T09:14:55+08:00 ] 221.178.126.20 POST /api/Bedorder/queryauth
[ info ] queryauth request: 
[ info ] {"mac":"FEAA81A07480"}
[ info ] queryauth response: 
[ info ] 1
---------------------------------------------------------------
[ 2019-05-21T11:09:05+08:00 ] 117.132.198.135 POST /api/Bedorder/queryauth
[ info ] queryauth request: 
[ info ] {"mac":"FEAA81A07480"}
[ info ] queryauth response: 
[ info ] 1
---------------------------------------------------------------
[ 2019-05-21T11:09:27+08:00 ] 221.178.124.154 POST /api/Bedorder/queryauth
[ info ] queryauth request: 
[ info ] {"mac":"FEAA81A07480"}
[ info ] queryauth response: 
[ info ] 1
---------------------------------------------------------------
[ 2019-05-21T11:12:40+08:00 ] 221.178.124.154 POST /api/Bedorder/queryauth
[ info ] queryauth request: 
[ info ] {"mac":"FEAA81A07480"}
[ info ] queryauth response: 
[ info ] 1
---------------------------------------------------------------
[ 2019-05-21T11:18:42+08:00 ] 117.132.197.244 POST /api/Bedorder/queryauth
[ info ] queryauth request: 
[ info ] {"mac":"FEAA81A07480"}
[ info ] queryauth response: 
[ info ] 1
