---------------------------------------------------------------
[ 2019-06-02T01:48:34+08:00 ] 221.178.124.189 POST /api/Bedorder/queryauth
[ info ] queryauth request: 
[ info ] {"mac":"DD282FAD9646"}
[ info ] queryauth response: 
[ info ] 1
---------------------------------------------------------------
[ 2019-06-02T09:14:35+08:00 ] 223.104.255.102 POST /api/Bedorder/queryauth
[ info ] queryauth request: 
[ info ] {"mac":"FBEF5683DF46"}
[ info ] queryauth response: 
[ info ] 1
---------------------------------------------------------------
[ 2019-06-02T16:10:35+08:00 ] 218.204.253.239 POST /api/Bedorder/queryauth
[ info ] queryauth request: 
[ info ] {"mac":"CFF68135017E"}
[ info ] queryauth response: 
[ info ] 0
---------------------------------------------------------------
[ 2019-06-02T16:49:20+08:00 ] 117.132.193.137 POST /api/Bedorder/queryauth
[ info ] queryauth request: 
[ info ] {"mac":"CEEA848F665E"}
[ info ] queryauth response: 
[ info ] 1
---------------------------------------------------------------
[ 2019-06-02T16:49:59+08:00 ] 117.132.193.137 POST /api/Bedorder/queryauth
[ info ] queryauth request: 
[ info ] {"mac":"CEEA848F665E"}
[ info ] queryauth response: 
[ info ] 1
---------------------------------------------------------------
[ 2019-06-02T16:50:17+08:00 ] 117.132.193.137 POST /api/Bedorder/queryauth
[ info ] queryauth request: 
[ info ] {"mac":"CEEA848F665E"}
[ info ] queryauth response: 
[ info ] 1
---------------------------------------------------------------
[ 2019-06-02T16:50:55+08:00 ] 117.132.193.137 POST /api/Bedorder/queryauth
[ info ] queryauth request: 
[ info ] {"mac":"CEEA848F665E"}
[ info ] queryauth response: 
[ info ] 0
---------------------------------------------------------------
[ 2019-06-02T17:34:26+08:00 ] 221.178.127.30 POST /api/Bedorder/queryauth
[ info ] queryauth request: 
[ info ] {"mac":"C8F0C64C482C"}
[ info ] queryauth response: 
[ info ] 1
---------------------------------------------------------------
[ 2019-06-02T17:34:31+08:00 ] 221.178.127.30 POST /api/Bedorder/queryauth
[ info ] queryauth request: 
[ info ] {"mac":"C8F0C64C482C"}
[ info ] queryauth response: 
[ info ] 1
---------------------------------------------------------------
[ 2019-06-02T17:34:38+08:00 ] 221.178.127.30 POST /api/Bedorder/queryauth
[ info ] queryauth request: 
[ info ] {"mac":"C8F0C64C482C"}
[ info ] queryauth response: 
[ info ] 1
---------------------------------------------------------------
[ 2019-06-02T17:34:43+08:00 ] 221.178.127.30 POST /api/Bedorder/queryauth
[ info ] queryauth request: 
[ info ] {"mac":"C8F0C64C482C"}
[ info ] queryauth response: 
[ info ] 1
---------------------------------------------------------------
[ 2019-06-02T17:34:48+08:00 ] 221.178.127.30 POST /api/Bedorder/queryauth
[ info ] queryauth request: 
[ info ] {"mac":"C8F0C64C482C"}
[ info ] queryauth response: 
[ info ] 1
---------------------------------------------------------------
[ 2019-06-02T17:34:58+08:00 ] 221.178.127.30 POST /api/Bedorder/queryauth
[ info ] queryauth request: 
[ info ] {"mac":"C8F0C64C482C"}
[ info ] queryauth response: 
[ info ] 1
---------------------------------------------------------------
[ 2019-06-02T17:35:03+08:00 ] 221.178.127.30 POST /api/Bedorder/queryauth
[ info ] queryauth request: 
[ info ] {"mac":"C8F0C64C482C"}
[ info ] queryauth response: 
[ info ] 1
---------------------------------------------------------------
[ 2019-06-02T17:35:12+08:00 ] 221.178.127.30 POST /api/Bedorder/queryauth
[ info ] queryauth request: 
[ info ] {"mac":"C8F0C64C482C"}
[ info ] queryauth response: 
[ info ] 1
---------------------------------------------------------------
[ 2019-06-02T17:35:17+08:00 ] 221.178.127.30 POST /api/Bedorder/queryauth
[ info ] queryauth request: 
[ info ] {"mac":"C8F0C64C482C"}
[ info ] queryauth response: 
[ info ] 1
---------------------------------------------------------------
[ 2019-06-02T17:35:26+08:00 ] 221.178.127.30 POST /api/Bedorder/queryauth
[ info ] queryauth request: 
[ info ] {"mac":"C8F0C64C482C"}
[ info ] queryauth response: 
[ info ] 1
---------------------------------------------------------------
[ 2019-06-02T17:35:35+08:00 ] 221.178.127.30 POST /api/Bedorder/queryauth
[ info ] queryauth request: 
[ info ] {"mac":"C8F0C64C482C"}
[ info ] queryauth response: 
[ info ] 1
---------------------------------------------------------------
[ 2019-06-02T17:35:40+08:00 ] 221.178.127.30 POST /api/Bedorder/queryauth
[ info ] queryauth request: 
[ info ] {"mac":"C8F0C64C482C"}
[ info ] queryauth response: 
[ info ] 1
---------------------------------------------------------------
[ 2019-06-02T19:11:33+08:00 ] 221.178.127.30 POST /api/Bedorder/queryauth
[ info ] queryauth request: 
[ info ] {"mac":"C8F0C64C482C"}
[ info ] queryauth response: 
[ info ] 1
