---------------------------------------------------------------
[ 2019-06-04T09:00:18+08:00 ] 221.178.127.30 POST /api/Bedorder/queryauth
[ info ] queryauth request: 
[ info ] {"mac":"C8F0C64C482C"}
[ info ] queryauth response: 
[ info ] 1
---------------------------------------------------------------
[ 2019-06-04T09:44:39+08:00 ] 218.204.252.119 POST /api/Bedorder/queryauth
[ info ] queryauth request: 
[ info ] {"mac":"E8413CE9A071"}
[ info ] queryauth response: 
[ info ] 1
---------------------------------------------------------------
[ 2019-06-04T16:53:33+08:00 ] 117.132.193.137 POST /api/Bedorder/queryauth
[ info ] queryauth request: 
[ info ] {"mac":"CEEA848F665E"}
[ info ] queryauth response: 
[ info ] 1
---------------------------------------------------------------
[ 2019-06-04T16:56:16+08:00 ] 117.132.193.137 POST /api/Bedorder/queryauth
[ info ] queryauth request: 
[ info ] {"mac":"CEEA848F665E"}
[ info ] queryauth response: 
[ info ] 1
---------------------------------------------------------------
[ 2019-06-04T16:56:21+08:00 ] 117.132.193.137 POST /api/Bedorder/queryauth
[ info ] queryauth request: 
[ info ] {"mac":"CEEA848F665E"}
[ info ] queryauth response: 
[ info ] 1
---------------------------------------------------------------
[ 2019-06-04T21:39:08+08:00 ] 221.178.127.30 POST /api/Bedorder/queryauth
[ info ] queryauth request: 
[ info ] {"mac":"C8F0C64C482C"}
[ info ] queryauth response: 
[ info ] 1
---------------------------------------------------------------
[ 2019-06-04T21:39:13+08:00 ] 221.178.127.30 POST /api/Bedorder/queryauth
[ info ] queryauth request: 
[ info ] {"mac":"C8F0C64C482C"}
[ info ] queryauth response: 
[ info ] 1
---------------------------------------------------------------
[ 2019-06-04T21:39:19+08:00 ] 221.178.127.30 POST /api/Bedorder/queryauth
[ info ] queryauth request: 
[ info ] {"mac":"C8F0C64C482C"}
[ info ] queryauth response: 
[ info ] 1
---------------------------------------------------------------
[ 2019-06-04T21:39:24+08:00 ] 221.178.127.30 POST /api/Bedorder/queryauth
[ info ] queryauth request: 
[ info ] {"mac":"C8F0C64C482C"}
[ info ] queryauth response: 
[ info ] 1
