---------------------------------------------------------------
[ 2019-06-15T09:26:06+08:00 ] 223.104.255.116 POST /api/Bedorder/queryauth
[ info ] queryauth request: 
[ info ] {"mac":"DD282FAD9646"}
[ info ] queryauth response: 
[ info ] 1
---------------------------------------------------------------
[ 2019-06-15T09:26:57+08:00 ] 218.204.252.65 POST /api/Bedorder/queryauth
[ info ] queryauth request: 
[ info ] {"mac":"DD282FAD9646"}
[ info ] queryauth response: 
[ info ] 0
---------------------------------------------------------------
[ 2019-06-15T13:11:33+08:00 ] 223.104.255.160 POST /api/Bedorder/queryauth
[ info ] queryauth request: 
[ info ] {"mac":"E8413CE9A071"}
[ info ] queryauth response: 
[ info ] 0
---------------------------------------------------------------
[ 2019-06-15T18:50:53+08:00 ] 221.178.127.30 POST /api/Bedorder/queryauth
[ info ] queryauth request: 
[ info ] {"mac":"C8F0C64C482C"}
[ info ] queryauth response: 
[ info ] 1
---------------------------------------------------------------
[ 2019-06-15T18:50:58+08:00 ] 221.178.127.30 POST /api/Bedorder/queryauth
[ info ] queryauth request: 
[ info ] {"mac":"C8F0C64C482C"}
[ info ] queryauth response: 
[ info ] 1
---------------------------------------------------------------
[ 2019-06-15T18:51:07+08:00 ] 221.178.127.30 POST /api/Bedorder/queryauth
[ info ] queryauth request: 
[ info ] {"mac":"C8F0C64C482C"}
[ info ] queryauth response: 
[ info ] 1
---------------------------------------------------------------
[ 2019-06-15T18:51:12+08:00 ] 221.178.127.30 POST /api/Bedorder/queryauth
[ info ] queryauth request: 
[ info ] {"mac":"C8F0C64C482C"}
[ info ] queryauth response: 
[ info ] 1
---------------------------------------------------------------
[ 2019-06-15T18:51:19+08:00 ] 221.178.127.30 POST /api/Bedorder/queryauth
[ info ] queryauth request: 
[ info ] {"mac":"C8F0C64C482C"}
[ info ] queryauth response: 
[ info ] 1
---------------------------------------------------------------
[ 2019-06-15T18:51:26+08:00 ] 221.178.127.30 POST /api/Bedorder/queryauth
[ info ] queryauth request: 
[ info ] {"mac":"C8F0C64C482C"}
[ info ] queryauth response: 
[ info ] 1
---------------------------------------------------------------
[ 2019-06-15T18:51:31+08:00 ] 221.178.127.30 POST /api/Bedorder/queryauth
[ info ] queryauth request: 
[ info ] {"mac":"C8F0C64C482C"}
[ info ] queryauth response: 
[ info ] 1
