---------------------------------------------------------------
[ 2020-02-01T07:57:23+08:00 ] 223.104.254.148 POST /api/Bedorder/queryauth
[ info ] queryauth request: 
[ info ] {"mac":"F583231DD7BF"}
[ info ] queryauth response: 
[ info ] 1
---------------------------------------------------------------
[ 2020-02-01T08:26:35+08:00 ] 218.204.252.208 POST /api/Bedorder/queryauth
[ info ] queryauth request: 
[ info ] {"mac":"D936444A1258"}
[ info ] queryauth response: 
[ info ] 1
---------------------------------------------------------------
[ 2020-02-01T08:30:11+08:00 ] 221.178.127.78 POST /api/Bedorder/queryauth
[ info ] queryauth request: 
[ info ] {"mac":"F61896AF99E8"}
[ info ] queryauth response: 
[ info ] 1
---------------------------------------------------------------
[ 2020-02-01T08:30:29+08:00 ] 221.178.127.78 POST /api/Bedorder/queryauth
[ info ] queryauth request: 
[ info ] {"mac":"F61896AF99E8"}
[ info ] queryauth response: 
[ info ] 1
---------------------------------------------------------------
[ 2020-02-01T08:30:53+08:00 ] 221.178.127.78 POST /api/Bedorder/queryauth
[ info ] queryauth request: 
[ info ] {"mac":"F61896AF99E8"}
[ info ] queryauth response: 
[ info ] 1
---------------------------------------------------------------
[ 2020-02-01T09:03:23+08:00 ] 221.178.125.82 POST /api/Bedorder/queryauth
[ info ] queryauth request: 
[ info ] {"mac":"CF212153B558"}
[ info ] queryauth response: 
[ info ] 1
---------------------------------------------------------------
[ 2020-02-01T09:17:55+08:00 ] 221.178.124.3 POST /api/Bedorder/queryauth
[ info ] queryauth request: 
[ info ] {"mac":"CC3DD33D1998"}
[ info ] queryauth response: 
[ info ] 1
---------------------------------------------------------------
[ 2020-02-01T09:21:00+08:00 ] 117.132.193.197 POST /api/Bedorder/queryauth
[ info ] queryauth request: 
[ info ] {"mac":"F583231DD7BF"}
[ info ] queryauth response: 
[ info ] 1
---------------------------------------------------------------
[ 2020-02-01T09:29:35+08:00 ] 221.178.127.133 POST /api/Bedorder/queryauth
[ info ] queryauth request: 
[ info ] {"mac":"E85D6E44927C"}
[ info ] queryauth response: 
[ info ] 1
---------------------------------------------------------------
[ 2020-02-01T09:31:40+08:00 ] 218.204.252.38 POST /api/Bedorder/queryauth
[ info ] queryauth request: 
[ info ] {"mac":"E85D6E44927C"}
[ info ] queryauth response: 
[ info ] 1
---------------------------------------------------------------
[ 2020-02-01T09:32:06+08:00 ] 218.204.252.38 POST /api/Bedorder/queryauth
[ info ] queryauth request: 
[ info ] {"mac":"E85D6E44927C"}
[ info ] queryauth response: 
[ info ] 1
---------------------------------------------------------------
[ 2020-02-01T09:33:18+08:00 ] 117.132.197.19 POST /api/Bedorder/queryauth
[ info ] queryauth request: 
[ info ] {"mac":"E85D6E44927C"}
[ info ] queryauth response: 
[ info ] 1
---------------------------------------------------------------
[ 2020-02-01T09:40:51+08:00 ] 221.178.124.229 POST /api/Bedorder/queryauth
[ info ] queryauth request: 
[ info ] {"mac":"FD4D7469C811"}
[ info ] queryauth response: 
[ info ] 1
---------------------------------------------------------------
[ 2020-02-01T11:26:56+08:00 ] 117.132.195.204 POST /api/Bedorder/queryauth
[ info ] queryauth request: 
[ info ] {"mac":"D826528CEF47"}
[ info ] queryauth response: 
[ info ] 1
---------------------------------------------------------------
[ 2020-02-01T11:48:08+08:00 ] 221.178.125.82 POST /api/Bedorder/queryauth
[ info ] queryauth request: 
[ info ] {"mac":"CF212153B558"}
[ info ] queryauth response: 
[ info ] 1
---------------------------------------------------------------
[ 2020-02-01T11:48:21+08:00 ] 221.178.125.82 POST /api/Bedorder/queryauth
[ info ] queryauth request: 
[ info ] {"mac":"CF212153B558"}
[ info ] queryauth response: 
[ info ] 1
---------------------------------------------------------------
[ 2020-02-01T11:53:35+08:00 ] 117.132.195.232 POST /api/Bedorder/queryauth
[ info ] queryauth request: 
[ info ] {"mac":"C66BCBCB081A"}
[ info ] queryauth response: 
[ info ] 1
---------------------------------------------------------------
[ 2020-02-01T11:53:49+08:00 ] 218.204.252.208 POST /api/Bedorder/queryauth
[ info ] queryauth request: 
[ info ] {"mac":"D936444A1258"}
[ info ] queryauth response: 
[ info ] 1
---------------------------------------------------------------
[ 2020-02-01T11:54:00+08:00 ] 218.204.252.208 POST /api/Bedorder/queryauth
[ info ] queryauth request: 
[ info ] {"mac":"D936444A1258"}
[ info ] queryauth response: 
[ info ] 1
---------------------------------------------------------------
[ 2020-02-01T11:55:11+08:00 ] 117.132.195.204 POST /api/Bedorder/queryauth
[ info ] queryauth request: 
[ info ] {"mac":"D826528CEF47"}
[ info ] queryauth response: 
[ info ] 1
---------------------------------------------------------------
[ 2020-02-01T12:05:06+08:00 ] 223.104.255.68 POST /api/Bedorder/queryauth
[ info ] queryauth request: 
[ info ] {"mac":"DF799E29F105"}
[ info ] queryauth response: 
[ info ] 1
---------------------------------------------------------------
[ 2020-02-01T12:20:19+08:00 ] 218.204.252.208 POST /api/Bedorder/queryauth
[ info ] queryauth request: 
[ info ] {"mac":"D936444A1258"}
[ info ] queryauth response: 
[ info ] 1
---------------------------------------------------------------
[ 2020-02-01T12:20:22+08:00 ] 218.204.252.208 POST /api/Bedorder/queryauth
[ info ] queryauth request: 
[ info ] {"mac":"D936444A1258"}
[ info ] queryauth response: 
[ info ] 1
---------------------------------------------------------------
[ 2020-02-01T14:53:52+08:00 ] 223.104.255.68 POST /api/Bedorder/queryauth
[ info ] queryauth request: 
[ info ] {"mac":"DF799E29F105"}
[ info ] queryauth response: 
[ info ] 1
---------------------------------------------------------------
[ 2020-02-01T14:57:47+08:00 ] 117.132.197.66 POST /api/Bedorder/queryauth
[ info ] queryauth request: 
[ info ] {"mac":"F81E204D3FC0"}
[ info ] queryauth response: 
[ info ] 1
---------------------------------------------------------------
[ 2020-02-01T15:10:15+08:00 ] 117.132.192.241 POST /api/Bedorder/queryauth
[ info ] queryauth request: 
[ info ] {"mac":"C84C763D531C"}
[ info ] queryauth response: 
[ info ] 1
---------------------------------------------------------------
[ 2020-02-01T15:10:21+08:00 ] 117.132.192.241 POST /api/Bedorder/queryauth
[ info ] queryauth request: 
[ info ] {"mac":"C84C763D531C"}
[ info ] queryauth response: 
[ info ] 1
---------------------------------------------------------------
[ 2020-02-01T15:39:17+08:00 ] 117.132.196.12 POST /api/Bedorder/queryauth
[ info ] queryauth request: 
[ info ] {"mac":"E85D6E44927C"}
[ info ] queryauth response: 
[ info ] 1
---------------------------------------------------------------
[ 2020-02-01T15:39:42+08:00 ] 117.132.196.12 POST /api/Bedorder/queryauth
[ info ] queryauth request: 
[ info ] {"mac":"E85D6E44927C"}
[ info ] queryauth response: 
[ info ] 1
---------------------------------------------------------------
[ 2020-02-01T16:06:01+08:00 ] 223.104.254.224 POST /api/Bedorder/queryauth
[ info ] queryauth request: 
[ info ] {"mac":"C0CD416BDDC4"}
[ info ] queryauth response: 
[ info ] 1
---------------------------------------------------------------
[ 2020-02-01T16:36:26+08:00 ] 218.204.252.148 POST /api/Bedorder/queryauth
[ info ] queryauth request: 
[ info ] {"mac":"DDEF23BB9FAF"}
[ info ] queryauth response: 
[ info ] 1
---------------------------------------------------------------
[ 2020-02-01T16:36:27+08:00 ] 223.104.255.51 POST /api/Bedorder/queryauth
[ info ] queryauth request: 
[ info ] {"mac":"F1DC5B21F1DB"}
[ info ] queryauth response: 
[ info ] 1
---------------------------------------------------------------
[ 2020-02-01T17:14:56+08:00 ] 221.178.125.160 POST /api/Bedorder/queryauth
[ info ] queryauth request: 
[ info ] {"mac":"F2D0DF8A2528"}
[ info ] queryauth response: 
[ info ] 1
---------------------------------------------------------------
[ 2020-02-01T18:41:50+08:00 ] 117.132.193.203 POST /api/Bedorder/queryauth
[ info ] queryauth request: 
[ info ] {"mac":"E85D6E44927C"}
[ info ] queryauth response: 
[ info ] 1
---------------------------------------------------------------
[ 2020-02-01T18:56:51+08:00 ] 221.178.124.7 POST /api/Bedorder/queryauth
[ info ] queryauth request: 
[ info ] {"mac":"E85D6E44927C"}
[ info ] queryauth response: 
[ info ] 1
---------------------------------------------------------------
[ 2020-02-01T19:11:23+08:00 ] 117.132.198.10 POST /api/Bedorder/queryauth
[ info ] queryauth request: 
[ info ] {"mac":"E85D6E44927C"}
[ info ] queryauth response: 
[ info ] 1
---------------------------------------------------------------
[ 2020-02-01T19:12:04+08:00 ] 117.132.198.10 POST /api/Bedorder/queryauth
[ info ] queryauth request: 
[ info ] {"mac":"E85D6E44927C"}
[ info ] queryauth response: 
[ info ] 1
---------------------------------------------------------------
[ 2020-02-01T19:16:23+08:00 ] 218.204.252.33 POST /api/Bedorder/queryauth
[ info ] queryauth request: 
[ info ] {"mac":"E85D6E44927C"}
[ info ] queryauth response: 
[ info ] 1
---------------------------------------------------------------
[ 2020-02-01T19:16:51+08:00 ] 218.204.252.33 POST /api/Bedorder/queryauth
[ info ] queryauth request: 
[ info ] {"mac":"E85D6E44927C"}
[ info ] queryauth response: 
[ info ] 1
---------------------------------------------------------------
[ 2020-02-01T19:20:16+08:00 ] 221.178.125.229 POST /api/Bedorder/queryauth
[ info ] queryauth request: 
[ info ] {"mac":"E85D6E44927C"}
[ info ] queryauth response: 
[ info ] 1
---------------------------------------------------------------
[ 2020-02-01T19:33:22+08:00 ] 117.132.196.16 POST /api/Bedorder/queryauth
[ info ] queryauth request: 
[ info ] {"mac":"E85D6E44927C"}
[ info ] queryauth response: 
[ info ] 1
---------------------------------------------------------------
[ 2020-02-01T21:39:25+08:00 ] 221.178.125.219 POST /api/Bedorder/queryauth
[ info ] queryauth request: 
[ info ] {"mac":"EBEDA007282D"}
[ info ] queryauth response: 
[ info ] 1
