---------------------------------------------------------------
[ 2020-02-03T00:30:02+08:00 ] 218.204.252.37 POST /api/Bedorder/queryauth
[ info ] queryauth request: 
[ info ] {"mac":"DA1AE0FFC53B"}
[ info ] queryauth response: 
[ info ] 1
---------------------------------------------------------------
[ 2020-02-03T05:06:09+08:00 ] 218.204.252.201 POST /api/Bedorder/queryauth
[ info ] queryauth request: 
[ info ] {"mac":"CEC32DC80687"}
[ info ] queryauth response: 
[ info ] 1
---------------------------------------------------------------
[ 2020-02-03T10:52:27+08:00 ] 117.132.194.220 POST /api/Bedorder/queryauth
[ info ] queryauth request: 
[ info ] {"mac":"DA577891A4BF"}
[ info ] queryauth response: 
[ info ] 1
---------------------------------------------------------------
[ 2020-02-03T10:52:57+08:00 ] 117.132.194.220 POST /api/Bedorder/queryauth
[ info ] queryauth request: 
[ info ] {"mac":"DA577891A4BF"}
[ info ] queryauth response: 
[ info ] 1
---------------------------------------------------------------
[ 2020-02-03T11:06:13+08:00 ] 117.132.194.220 POST /api/Bedorder/queryauth
[ info ] queryauth request: 
[ info ] {"mac":"DA577891A4BF"}
[ info ] queryauth response: 
[ info ] 1
---------------------------------------------------------------
[ 2020-02-03T13:03:00+08:00 ] 39.144.17.183 POST /api/Bedorder/queryauth
[ info ] queryauth request: 
[ info ] {"mac":"C13D829CA83E"}
[ info ] queryauth response: 
[ info ] 1
---------------------------------------------------------------
[ 2020-02-03T14:58:27+08:00 ] 117.132.194.88 POST /api/Bedorder/queryauth
[ info ] queryauth request: 
[ info ] {"mac":"C1AB67B02580"}
[ info ] queryauth response: 
[ info ] 1
---------------------------------------------------------------
[ 2020-02-03T14:58:31+08:00 ] 117.132.194.88 POST /api/Bedorder/queryauth
[ info ] queryauth request: 
[ info ] {"mac":"C1AB67B02580"}
[ info ] queryauth response: 
[ info ] 1
---------------------------------------------------------------
[ 2020-02-03T16:57:35+08:00 ] 218.204.252.240 POST /api/Bedorder/queryauth
[ info ] queryauth request: 
[ info ] {"mac":"D49E61EF4131"}
[ info ] queryauth response: 
[ info ] 1
---------------------------------------------------------------
[ 2020-02-03T17:05:33+08:00 ] 117.132.197.179 POST /api/Bedorder/queryauth
[ info ] queryauth request: 
[ info ] {"mac":"EAE2D4E7E11A"}
[ info ] queryauth response: 
[ info ] 1
---------------------------------------------------------------
[ 2020-02-03T17:16:16+08:00 ] 117.132.194.88 POST /api/Bedorder/queryauth
[ info ] queryauth request: 
[ info ] {"mac":"C1AB67B02580"}
[ info ] queryauth response: 
[ info ] 1
---------------------------------------------------------------
[ 2020-02-03T17:18:09+08:00 ] 218.204.252.208 POST /api/Bedorder/queryauth
[ info ] queryauth request: 
[ info ] {"mac":"D936444A1258"}
[ info ] queryauth response: 
[ info ] 1
---------------------------------------------------------------
[ 2020-02-03T17:24:09+08:00 ] 218.204.253.111 POST /api/Bedorder/queryauth
[ info ] queryauth request: 
[ info ] {"mac":"C16B8BD3EC7D"}
[ info ] queryauth response: 
[ info ] 1
---------------------------------------------------------------
[ 2020-02-03T17:27:34+08:00 ] 223.104.255.231 POST /api/Bedorder/queryauth
[ info ] queryauth request: 
[ info ] {"mac":"D3D67CFC2865"}
[ info ] queryauth response: 
[ info ] 1
---------------------------------------------------------------
[ 2020-02-03T17:35:42+08:00 ] 218.204.253.111 POST /api/Bedorder/queryauth
[ info ] queryauth request: 
[ info ] {"mac":"C16B8BD3EC7D"}
[ info ] queryauth response: 
[ info ] 1
---------------------------------------------------------------
[ 2020-02-03T17:59:15+08:00 ] 218.204.253.111 POST /api/Bedorder/queryauth
[ info ] queryauth request: 
[ info ] {"mac":"C16B8BD3EC7D"}
[ info ] queryauth response: 
[ info ] 1
---------------------------------------------------------------
[ 2020-02-03T19:35:09+08:00 ] 117.132.193.141 POST /api/Bedorder/queryauth
[ info ] queryauth request: 
[ info ] {"mac":"CDBAA1C23C32"}
[ info ] queryauth response: 
[ info ] 1
---------------------------------------------------------------
[ 2020-02-03T19:35:28+08:00 ] 117.132.193.141 POST /api/Bedorder/queryauth
[ info ] queryauth request: 
[ info ] {"mac":"CDBAA1C23C32"}
[ info ] queryauth response: 
[ info ] 1
---------------------------------------------------------------
[ 2020-02-03T21:56:33+08:00 ] 112.38.63.187 GET /admin/index/index
[ sql ] [ DB ] CONNECT:[ UseTime:0.000654s ] mysql:host=127.0.0.1;dbname=share;charset=utf8
[ sql ] [ SQL ] SHOW COLUMNS FROM `fa_auth_group_access` [ RunTime:0.000634s ]
[ sql ] [ SQL ] SELECT `aga`.`uid`,`aga`.`group_id`,`ag`.`id`,`ag`.`pid`,`ag`.`name`,`ag`.`rules` FROM `fa_auth_group_access` `aga` LEFT JOIN `fa_auth_group` `ag` ON `aga`.`group_id`=`ag`.`id` WHERE  (  aga.uid='11' and ag.status='normal' ) [ RunTime:0.000373s ]
[ sql ] [ SQL ] SHOW COLUMNS FROM `fa_auth_rule` [ RunTime:0.000520s ]
[ sql ] [ SQL ] SELECT `id`,`pid`,`condition`,`icon`,`name`,`title`,`ismenu` FROM `fa_auth_rule` WHERE  `status` = 'normal'  AND `id` IN (2,7,9,11,23,24,25,26,27,28,40,41,42,43,47,48,49,50,92,93,94,95,96,97,98,99,100,101,102,103,104,105,106,107,108,109,110,111,112,113,114,115,117,118,119,120,121,122,123,124,125,126,127,128,129,130,132,133,134,135,136,137,138,139,140,141,142,143,150,151,152,153,154,155,156,157,159,160,167,168,175,176,177,178,194,5,131) [ RunTime:0.000856s ]
---------------------------------------------------------------
[ 2020-02-03T21:56:44+08:00 ] 112.38.63.187 GET /admin/general/attachment?addtabs=1
[ sql ] [ DB ] CONNECT:[ UseTime:0.000636s ] mysql:host=127.0.0.1;dbname=share;charset=utf8
[ sql ] [ SQL ] SHOW COLUMNS FROM `fa_auth_group_access` [ RunTime:0.000625s ]
[ sql ] [ SQL ] SELECT `aga`.`uid`,`aga`.`group_id`,`ag`.`id`,`ag`.`pid`,`ag`.`name`,`ag`.`rules` FROM `fa_auth_group_access` `aga` LEFT JOIN `fa_auth_group` `ag` ON `aga`.`group_id`=`ag`.`id` WHERE  (  aga.uid='11' and ag.status='normal' ) [ RunTime:0.000362s ]
[ sql ] [ SQL ] SHOW COLUMNS FROM `fa_auth_rule` [ RunTime:0.000494s ]
[ sql ] [ SQL ] SELECT `id`,`pid`,`condition`,`icon`,`name`,`title`,`ismenu` FROM `fa_auth_rule` WHERE  `status` = 'normal'  AND `id` IN (2,7,9,11,23,24,25,26,27,28,40,41,42,43,47,48,49,50,92,93,94,95,96,97,98,99,100,101,102,103,104,105,106,107,108,109,110,111,112,113,114,115,117,118,119,120,121,122,123,124,125,126,127,128,129,130,132,133,134,135,136,137,138,139,140,141,142,143,150,151,152,153,154,155,156,157,159,160,167,168,175,176,177,178,194,5,131) [ RunTime:0.000842s ]
[ sql ] [ SQL ] SELECT `title`,`remark` FROM `fa_auth_rule` WHERE  `name` = 'general/attachment' LIMIT 1 [ RunTime:0.000307s ]
---------------------------------------------------------------
[ 2020-02-03T21:56:44+08:00 ] 112.38.63.187 GET /admin/general/attachment/index?sort=id&order=desc&offset=0&limit=10&filter=%7B%7D&op=%7B%7D&_=1580738204414
[ sql ] [ DB ] CONNECT:[ UseTime:0.000664s ] mysql:host=127.0.0.1;dbname=share;charset=utf8
[ sql ] [ SQL ] SHOW COLUMNS FROM `fa_auth_group_access` [ RunTime:0.000596s ]
[ sql ] [ SQL ] SELECT `aga`.`uid`,`aga`.`group_id`,`ag`.`id`,`ag`.`pid`,`ag`.`name`,`ag`.`rules` FROM `fa_auth_group_access` `aga` LEFT JOIN `fa_auth_group` `ag` ON `aga`.`group_id`=`ag`.`id` WHERE  (  aga.uid='11' and ag.status='normal' ) [ RunTime:0.000372s ]
[ sql ] [ SQL ] SHOW COLUMNS FROM `fa_auth_rule` [ RunTime:0.000530s ]
[ sql ] [ SQL ] SELECT `id`,`pid`,`condition`,`icon`,`name`,`title`,`ismenu` FROM `fa_auth_rule` WHERE  `status` = 'normal'  AND `id` IN (2,7,9,11,23,24,25,26,27,28,40,41,42,43,47,48,49,50,92,93,94,95,96,97,98,99,100,101,102,103,104,105,106,107,108,109,110,111,112,113,114,115,117,118,119,120,121,122,123,124,125,126,127,128,129,130,132,133,134,135,136,137,138,139,140,141,142,143,150,151,152,153,154,155,156,157,159,160,167,168,175,176,177,178,194,5,131) [ RunTime:0.000827s ]
[ sql ] [ SQL ] SHOW COLUMNS FROM `fa_attachment` [ RunTime:0.000583s ]
[ sql ] [ SQL ] SELECT COUNT(*) AS tp_count FROM `fa_attachment` ORDER BY `id` DESC LIMIT 1 [ RunTime:0.000216s ]
[ sql ] [ SQL ] SELECT * FROM `fa_attachment` ORDER BY `id` DESC LIMIT 0,10 [ RunTime:0.000252s ]
---------------------------------------------------------------
[ 2020-02-03T21:56:52+08:00 ] 112.38.63.187 GET /admin/order/bedorder?addtabs=1
[ sql ] [ DB ] CONNECT:[ UseTime:0.000628s ] mysql:host=127.0.0.1;dbname=share;charset=utf8
[ sql ] [ SQL ] SHOW COLUMNS FROM `fa_auth_group_access` [ RunTime:0.000646s ]
[ sql ] [ SQL ] SELECT `aga`.`uid`,`aga`.`group_id`,`ag`.`id`,`ag`.`pid`,`ag`.`name`,`ag`.`rules` FROM `fa_auth_group_access` `aga` LEFT JOIN `fa_auth_group` `ag` ON `aga`.`group_id`=`ag`.`id` WHERE  (  aga.uid='11' and ag.status='normal' ) [ RunTime:0.000402s ]
[ sql ] [ SQL ] SHOW COLUMNS FROM `fa_auth_rule` [ RunTime:0.000486s ]
[ sql ] [ SQL ] SELECT `id`,`pid`,`condition`,`icon`,`name`,`title`,`ismenu` FROM `fa_auth_rule` WHERE  `status` = 'normal'  AND `id` IN (2,7,9,11,23,24,25,26,27,28,40,41,42,43,47,48,49,50,92,93,94,95,96,97,98,99,100,101,102,103,104,105,106,107,108,109,110,111,112,113,114,115,117,118,119,120,121,122,123,124,125,126,127,128,129,130,132,133,134,135,136,137,138,139,140,141,142,143,150,151,152,153,154,155,156,157,159,160,167,168,175,176,177,178,194,5,131) [ RunTime:0.000823s ]
[ sql ] [ SQL ] SELECT `title`,`remark` FROM `fa_auth_rule` WHERE  `name` = 'order/bedorder' LIMIT 1 [ RunTime:0.000322s ]
---------------------------------------------------------------
[ 2020-02-03T21:56:53+08:00 ] 112.38.63.187 GET /admin/order/bedorder/index?sort=order_no&order=desc&offset=0&limit=10&filter=%7B%7D&op=%7B%7D&_=1580738213051
[ sql ] [ DB ] CONNECT:[ UseTime:0.000717s ] mysql:host=127.0.0.1;dbname=share;charset=utf8
[ sql ] [ SQL ] SHOW COLUMNS FROM `fa_auth_group_access` [ RunTime:0.000634s ]
[ sql ] [ SQL ] SELECT `aga`.`uid`,`aga`.`group_id`,`ag`.`id`,`ag`.`pid`,`ag`.`name`,`ag`.`rules` FROM `fa_auth_group_access` `aga` LEFT JOIN `fa_auth_group` `ag` ON `aga`.`group_id`=`ag`.`id` WHERE  (  aga.uid='11' and ag.status='normal' ) [ RunTime:0.000372s ]
[ sql ] [ SQL ] SHOW COLUMNS FROM `fa_auth_rule` [ RunTime:0.000499s ]
[ sql ] [ SQL ] SELECT `id`,`pid`,`condition`,`icon`,`name`,`title`,`ismenu` FROM `fa_auth_rule` WHERE  `status` = 'normal'  AND `id` IN (2,7,9,11,23,24,25,26,27,28,40,41,42,43,47,48,49,50,92,93,94,95,96,97,98,99,100,101,102,103,104,105,106,107,108,109,110,111,112,113,114,115,117,118,119,120,121,122,123,124,125,126,127,128,129,130,132,133,134,135,136,137,138,139,140,141,142,143,150,151,152,153,154,155,156,157,159,160,167,168,175,176,177,178,194,5,131) [ RunTime:0.000818s ]
[ sql ] [ SQL ] SHOW COLUMNS FROM `fa_auth_group` [ RunTime:0.000586s ]
[ sql ] [ SQL ] SELECT * FROM `fa_auth_group` WHERE  `status` = 'normal' [ RunTime:0.000308s ]
[ sql ] [ SQL ] SELECT `uid`,`group_id` FROM `fa_auth_group_access` WHERE  `group_id` IN (24) [ RunTime:0.000260s ]
[ sql ] [ SQL ] SHOW COLUMNS FROM `fa_bedorder` [ RunTime:0.000557s ]
[ sql ] [ SQL ] SHOW COLUMNS FROM `fa_netpoint` [ RunTime:0.000675s ]
[ sql ] [ SQL ] SHOW COLUMNS FROM `fa_device` [ RunTime:0.000503s ]
[ sql ] [ SQL ] SELECT COUNT(*) AS tp_count FROM `fa_bedorder` `bedorder` LEFT JOIN `fa_netpoint` `netpoint` ON `bedorder`.`netpoint_id`=`netpoint`.`id` LEFT JOIN `fa_device` `device` ON `bedorder`.`dev_id`=`device`.`dev_id` WHERE  (  `bedorder`.`admin_id` IN (15,11) ) ORDER BY `bedorder`.`order_no` DESC LIMIT 1 [ RunTime:0.001204s ]
[ sql ] [ SQL ] SELECT `bedorder`.`order_no`,`bedorder`.`users_id`,`bedorder`.`phone`,`bedorder`.`dev_id`,`bedorder`.`admin_id`,`bedorder`.`entity_id`,`bedorder`.`netpoint_id`,`bedorder`.`pricetype`,`bedorder`.`price_id`,`bedorder`.`deposit`,`bedorder`.`lightnight`,`bedorder`.`canusestart`,`bedorder`.`canuseend`,`bedorder`.`hourprice`,`bedorder`.`lighttimesprice`,`bedorder`.`nighttimesprice`,`bedorder`.`dayprice`,`bedorder`.`days`,`bedorder`.`pricedata`,`bedorder`.`total`,`bedorder`.`save`,`bedorder`.`pay`,`bedorder`.`tran_id`,`bedorder`.`refund`,`bedorder`.`refundtime`,`bedorder`.`refundnote`,`bedorder`.`step`,`bedorder`.`status`,`bedorder`.`rtn_admin_id`,`bedorder`.`createtime`,`bedorder`.`endtime`,netpoint.id AS netpoint__id,netpoint.admin_id AS netpoint__admin_id,netpoint.name AS netpoint__name,netpoint.shortname AS netpoint__shortname,netpoint.netaddr AS netpoint__netaddr,netpoint.netlng AS netpoint__netlng,netpoint.netlat AS netpoint__netlat,netpoint.deposit AS netpoint__deposit,netpoint.level1 AS netpoint__level1,netpoint.level2 AS netpoint__level2,netpoint.level3 AS netpoint__level3,netpoint.level4 AS netpoint__level4,netpoint.percent1 AS netpoint__percent1,netpoint.percent2 AS netpoint__percent2,netpoint.percent3 AS netpoint__percent3,netpoint.percent4 AS netpoint__percent4,netpoint.mt_admin_id AS netpoint__mt_admin_id,netpoint.mall_admin_id AS netpoint__mall_admin_id,netpoint.status AS netpoint__status,device.id AS device__id,device.dev_id AS device__dev_id,device.iscabinet AS device__iscabinet,device.devtype_id AS device__devtype_id,device.price_id AS device__price_id,device.netpoint_id AS device__netpoint_id,device.department AS device__department,device.room AS device__room,device.bed AS device__bed,device.entity_id AS device__entity_id,device.admin_id AS device__admin_id,device.mac AS device__mac,device.blekey AS device__blekey,device.blepwd AS device__blepwd,device.mac2 AS device__mac2,device.blekey2 AS device__blekey2,device.blepwd2 AS device__blepwd2,device.createtime AS device__createtime,device.updatetime AS device__updatetime,device.status AS device__status FROM `fa_bedorder` `bedorder` LEFT JOIN `fa_netpoint` `netpoint` ON `bedorder`.`netpoint_id`=`netpoint`.`id` LEFT JOIN `fa_device` `device` ON `bedorder`.`dev_id`=`device`.`dev_id` WHERE  (  `bedorder`.`admin_id` IN (15,11) ) ORDER BY `bedorder`.`order_no` DESC LIMIT 0,10 [ RunTime:0.000759s ]
---------------------------------------------------------------
[ 2020-02-03T21:56:54+08:00 ] 112.38.63.187 GET /admin/order/bedorder/index?sort=order_no&order=desc&offset=0&limit=10&filter=%7B%7D&op=%7B%7D&_=1580738213052
[ sql ] [ DB ] CONNECT:[ UseTime:0.000642s ] mysql:host=127.0.0.1;dbname=share;charset=utf8
[ sql ] [ SQL ] SHOW COLUMNS FROM `fa_auth_group_access` [ RunTime:0.000601s ]
[ sql ] [ SQL ] SELECT `aga`.`uid`,`aga`.`group_id`,`ag`.`id`,`ag`.`pid`,`ag`.`name`,`ag`.`rules` FROM `fa_auth_group_access` `aga` LEFT JOIN `fa_auth_group` `ag` ON `aga`.`group_id`=`ag`.`id` WHERE  (  aga.uid='11' and ag.status='normal' ) [ RunTime:0.000364s ]
[ sql ] [ SQL ] SHOW COLUMNS FROM `fa_auth_rule` [ RunTime:0.000508s ]
[ sql ] [ SQL ] SELECT `id`,`pid`,`condition`,`icon`,`name`,`title`,`ismenu` FROM `fa_auth_rule` WHERE  `status` = 'normal'  AND `id` IN (2,7,9,11,23,24,25,26,27,28,40,41,42,43,47,48,49,50,92,93,94,95,96,97,98,99,100,101,102,103,104,105,106,107,108,109,110,111,112,113,114,115,117,118,119,120,121,122,123,124,125,126,127,128,129,130,132,133,134,135,136,137,138,139,140,141,142,143,150,151,152,153,154,155,156,157,159,160,167,168,175,176,177,178,194,5,131) [ RunTime:0.000850s ]
[ sql ] [ SQL ] SHOW COLUMNS FROM `fa_auth_group` [ RunTime:0.000527s ]
[ sql ] [ SQL ] SELECT * FROM `fa_auth_group` WHERE  `status` = 'normal' [ RunTime:0.000287s ]
[ sql ] [ SQL ] SELECT `uid`,`group_id` FROM `fa_auth_group_access` WHERE  `group_id` IN (24) [ RunTime:0.000247s ]
[ sql ] [ SQL ] SHOW COLUMNS FROM `fa_bedorder` [ RunTime:0.000526s ]
[ sql ] [ SQL ] SHOW COLUMNS FROM `fa_netpoint` [ RunTime:0.000507s ]
[ sql ] [ SQL ] SHOW COLUMNS FROM `fa_device` [ RunTime:0.000524s ]
[ sql ] [ SQL ] SELECT COUNT(*) AS tp_count FROM `fa_bedorder` `bedorder` LEFT JOIN `fa_netpoint` `netpoint` ON `bedorder`.`netpoint_id`=`netpoint`.`id` LEFT JOIN `fa_device` `device` ON `bedorder`.`dev_id`=`device`.`dev_id` WHERE  (  `bedorder`.`admin_id` IN (15,11) ) ORDER BY `bedorder`.`order_no` DESC LIMIT 1 [ RunTime:0.001218s ]
[ sql ] [ SQL ] SELECT `bedorder`.`order_no`,`bedorder`.`users_id`,`bedorder`.`phone`,`bedorder`.`dev_id`,`bedorder`.`admin_id`,`bedorder`.`entity_id`,`bedorder`.`netpoint_id`,`bedorder`.`pricetype`,`bedorder`.`price_id`,`bedorder`.`deposit`,`bedorder`.`lightnight`,`bedorder`.`canusestart`,`bedorder`.`canuseend`,`bedorder`.`hourprice`,`bedorder`.`lighttimesprice`,`bedorder`.`nighttimesprice`,`bedorder`.`dayprice`,`bedorder`.`days`,`bedorder`.`pricedata`,`bedorder`.`total`,`bedorder`.`save`,`bedorder`.`pay`,`bedorder`.`tran_id`,`bedorder`.`refund`,`bedorder`.`refundtime`,`bedorder`.`refundnote`,`bedorder`.`step`,`bedorder`.`status`,`bedorder`.`rtn_admin_id`,`bedorder`.`createtime`,`bedorder`.`endtime`,netpoint.id AS netpoint__id,netpoint.admin_id AS netpoint__admin_id,netpoint.name AS netpoint__name,netpoint.shortname AS netpoint__shortname,netpoint.netaddr AS netpoint__netaddr,netpoint.netlng AS netpoint__netlng,netpoint.netlat AS netpoint__netlat,netpoint.deposit AS netpoint__deposit,netpoint.level1 AS netpoint__level1,netpoint.level2 AS netpoint__level2,netpoint.level3 AS netpoint__level3,netpoint.level4 AS netpoint__level4,netpoint.percent1 AS netpoint__percent1,netpoint.percent2 AS netpoint__percent2,netpoint.percent3 AS netpoint__percent3,netpoint.percent4 AS netpoint__percent4,netpoint.mt_admin_id AS netpoint__mt_admin_id,netpoint.mall_admin_id AS netpoint__mall_admin_id,netpoint.status AS netpoint__status,device.id AS device__id,device.dev_id AS device__dev_id,device.iscabinet AS device__iscabinet,device.devtype_id AS device__devtype_id,device.price_id AS device__price_id,device.netpoint_id AS device__netpoint_id,device.department AS device__department,device.room AS device__room,device.bed AS device__bed,device.entity_id AS device__entity_id,device.admin_id AS device__admin_id,device.mac AS device__mac,device.blekey AS device__blekey,device.blepwd AS device__blepwd,device.mac2 AS device__mac2,device.blekey2 AS device__blekey2,device.blepwd2 AS device__blepwd2,device.createtime AS device__createtime,device.updatetime AS device__updatetime,device.status AS device__status FROM `fa_bedorder` `bedorder` LEFT JOIN `fa_netpoint` `netpoint` ON `bedorder`.`netpoint_id`=`netpoint`.`id` LEFT JOIN `fa_device` `device` ON `bedorder`.`dev_id`=`device`.`dev_id` WHERE  (  `bedorder`.`admin_id` IN (15,11) ) ORDER BY `bedorder`.`order_no` DESC LIMIT 0,10 [ RunTime:0.000736s ]
