---------------------------------------------------------------
[ 2020-02-04T06:27:49+08:00 ] 117.132.197.179 POST /api/Bedorder/queryauth
[ info ] queryauth request: 
[ info ] {"mac":"EAE2D4E7E11A"}
[ info ] queryauth response: 
[ info ] 1
---------------------------------------------------------------
[ 2020-02-04T08:16:21+08:00 ] 218.204.253.111 POST /api/Bedorder/queryauth
[ info ] queryauth request: 
[ info ] {"mac":"C16B8BD3EC7D"}
[ info ] queryauth response: 
[ info ] 1
---------------------------------------------------------------
[ 2020-02-04T08:16:24+08:00 ] 218.204.253.111 POST /api/Bedorder/queryauth
[ info ] queryauth request: 
[ info ] {"mac":"C16B8BD3EC7D"}
[ info ] queryauth response: 
[ info ] 1
---------------------------------------------------------------
[ 2020-02-04T08:26:21+08:00 ] 223.104.255.51 POST /api/Bedorder/queryauth
[ info ] queryauth request: 
[ info ] {"mac":"F1DC5B21F1DB"}
[ info ] queryauth response: 
[ info ] 1
---------------------------------------------------------------
[ 2020-02-04T09:13:24+08:00 ] 117.132.194.88 POST /api/Bedorder/queryauth
[ info ] queryauth request: 
[ info ] {"mac":"C1AB67B02580"}
[ info ] queryauth response: 
[ info ] 1
---------------------------------------------------------------
[ 2020-02-04T11:00:00+08:00 ] 117.132.194.138 POST /api/Bedorder/queryauth
[ info ] queryauth request: 
[ info ] {"mac":"F1DC5B21F1DB"}
[ info ] queryauth response: 
[ info ] 1
---------------------------------------------------------------
[ 2020-02-04T11:10:56+08:00 ] 218.204.253.111 POST /api/Bedorder/queryauth
[ info ] queryauth request: 
[ info ] {"mac":"C16B8BD3EC7D"}
[ info ] queryauth response: 
[ info ] 1
---------------------------------------------------------------
[ 2020-02-04T11:11:06+08:00 ] 218.204.253.111 POST /api/Bedorder/queryauth
[ info ] queryauth request: 
[ info ] {"mac":"C16B8BD3EC7D"}
[ info ] queryauth response: 
[ info ] 1
---------------------------------------------------------------
[ 2020-02-04T15:04:09+08:00 ] 113.214.195.172 POST /admin/index/login.html
[ sql ] [ DB ] CONNECT:[ UseTime:0.000629s ] mysql:host=127.0.0.1;dbname=share;charset=utf8
[ sql ] [ SQL ] SHOW COLUMNS FROM `fa_admin` [ RunTime:0.000692s ]
[ sql ] [ SQL ] SELECT * FROM `fa_admin` WHERE  `username` = 'admin' LIMIT 1 [ RunTime:0.000352s ]
[ sql ] [ SQL ] UPDATE `fa_admin`  SET `logintime`=1580799849,`token`='e3322d74-c0f7-4092-9465-0b8506c82f7f',`updatetime`=1580799849  WHERE  `id` = 2 [ RunTime:0.000340s ]
[ sql ] [ SQL ] SHOW COLUMNS FROM `fa_admin_log` [ RunTime:0.000518s ]
[ sql ] [ SQL ] INSERT INTO `fa_admin_log` (`title` , `content` , `url` , `admin_id` , `username` , `useragent` , `ip` , `createtime`) VALUES ('登录' , '{\"__token__\":\"fe470525e2ba16f51cdddc0bc60027ff\",\"username\":\"admin\"}' , '/admin/index/login.html' , 2 , 'admin' , 'Mozilla/5.0 (Windows NT 6.1; Win64; x64; rv:72.0) Gecko/20100101 Firefox/72.0' , '113.214.195.172' , 1580799849) [ RunTime:0.000267s ]
---------------------------------------------------------------
[ 2020-02-04T15:04:10+08:00 ] 113.214.195.172 GET /admin/index/index
[ sql ] [ DB ] CONNECT:[ UseTime:0.000612s ] mysql:host=127.0.0.1;dbname=share;charset=utf8
[ sql ] [ SQL ] SHOW COLUMNS FROM `fa_auth_group_access` [ RunTime:0.000616s ]
[ sql ] [ SQL ] SELECT `aga`.`uid`,`aga`.`group_id`,`ag`.`id`,`ag`.`pid`,`ag`.`name`,`ag`.`rules` FROM `fa_auth_group_access` `aga` LEFT JOIN `fa_auth_group` `ag` ON `aga`.`group_id`=`ag`.`id` WHERE  (  aga.uid='2' and ag.status='normal' ) [ RunTime:0.000375s ]
[ sql ] [ SQL ] SHOW COLUMNS FROM `fa_auth_rule` [ RunTime:0.000477s ]
[ sql ] [ SQL ] SELECT `id`,`pid`,`condition`,`icon`,`name`,`title`,`ismenu` FROM `fa_auth_rule` WHERE  `status` = 'normal'  AND `id` IN (1,2,6,7,8,9,10,11,13,14,15,16,17,18,19,20,21,22,23,24,25,26,27,28,29,30,31,32,33,34,40,41,42,43,44,45,46,47,48,49,50,92,93,94,95,96,97,98,99,100,101,102,103,104,105,106,107,108,109,110,111,112,113,114,115,116,117,118,119,120,121,122,123,124,125,126,127,128,129,130,132,133,134,135,136,137,138,139,140,141,142,143,144,145,146,147,148,149,150,151,152,153,154,155,156,157,159,160,161,162,163,164,165,166,167,168,169,170,171,172,173,174,175,176,177,178,179,180,183,184,189,190,191,192,193,194,197,198,199,200,201,202,203,204,205,206,207,208,209,211,5,131,182,181,188) [ RunTime:0.001204s ]
---------------------------------------------------------------
[ 2020-02-04T15:04:10+08:00 ] 113.214.195.172 GET /admin/dashboard?addtabs=1
[ sql ] [ DB ] CONNECT:[ UseTime:0.000671s ] mysql:host=127.0.0.1;dbname=share;charset=utf8
[ sql ] [ SQL ] SHOW COLUMNS FROM `fa_auth_group_access` [ RunTime:0.000622s ]
[ sql ] [ SQL ] SELECT `aga`.`uid`,`aga`.`group_id`,`ag`.`id`,`ag`.`pid`,`ag`.`name`,`ag`.`rules` FROM `fa_auth_group_access` `aga` LEFT JOIN `fa_auth_group` `ag` ON `aga`.`group_id`=`ag`.`id` WHERE  (  aga.uid='2' and ag.status='normal' ) [ RunTime:0.000370s ]
[ sql ] [ SQL ] SHOW COLUMNS FROM `fa_auth_group` [ RunTime:0.000505s ]
[ sql ] [ SQL ] SELECT * FROM `fa_auth_group` WHERE  `status` = 'normal' [ RunTime:0.000313s ]
[ sql ] [ SQL ] SELECT `uid`,`group_id` FROM `fa_auth_group_access` WHERE  `group_id` IN (3,14,17,18,19,20,24,23,25,26) [ RunTime:0.000335s ]
[ sql ] [ SQL ] SELECT * FROM `fa_auth_group` WHERE  `status` = 'normal' [ RunTime:0.000293s ]
[ sql ] [ SQL ] SHOW COLUMNS FROM `fa_users` [ RunTime:0.000507s ]
[ sql ] [ SQL ] SELECT * FROM `fa_users` WHERE  ( `createtime` >= 1579017600 AND `createtime` < 1580832000 ) [ RunTime:0.001029s ]
[ sql ] [ SQL ] SHOW COLUMNS FROM `fa_bedorder` [ RunTime:0.000567s ]
[ sql ] [ SQL ] SELECT * FROM `fa_bedorder` WHERE  `status` >= -1  AND ( `createtime` >= 1579017600 AND `createtime` < 1580832000 ) [ RunTime:0.002444s ]
[ sql ] [ SQL ] SHOW COLUMNS FROM `fa_auth_rule` [ RunTime:0.000461s ]
[ sql ] [ SQL ] SELECT `title`,`remark` FROM `fa_auth_rule` WHERE  `name` = 'dashboard' LIMIT 1 [ RunTime:0.000267s ]
---------------------------------------------------------------
[ 2020-02-04T15:04:11+08:00 ] 113.214.195.172 GET /admin/dashboard/usercount
[ sql ] [ DB ] CONNECT:[ UseTime:0.000594s ] mysql:host=127.0.0.1;dbname=share;charset=utf8
[ sql ] [ SQL ] SHOW COLUMNS FROM `fa_auth_group_access` [ RunTime:0.000605s ]
[ sql ] [ SQL ] SELECT `aga`.`uid`,`aga`.`group_id`,`ag`.`id`,`ag`.`pid`,`ag`.`name`,`ag`.`rules` FROM `fa_auth_group_access` `aga` LEFT JOIN `fa_auth_group` `ag` ON `aga`.`group_id`=`ag`.`id` WHERE  (  aga.uid='2' and ag.status='normal' ) [ RunTime:0.000353s ]
[ sql ] [ SQL ] SHOW COLUMNS FROM `fa_auth_group` [ RunTime:0.000597s ]
[ sql ] [ SQL ] SELECT * FROM `fa_auth_group` WHERE  `status` = 'normal' [ RunTime:0.000409s ]
[ sql ] [ SQL ] SELECT `uid`,`group_id` FROM `fa_auth_group_access` WHERE  `group_id` IN (3,14,17,18,19,20,24,23,25,26) [ RunTime:0.000367s ]
[ sql ] [ SQL ] SELECT * FROM `fa_auth_group` WHERE  `status` = 'normal' [ RunTime:0.000324s ]
[ sql ] [ SQL ] SHOW COLUMNS FROM `fa_users` [ RunTime:0.000685s ]
[ sql ] [ SQL ] SELECT COUNT(*) AS tp_count FROM `fa_users` LIMIT 1 [ RunTime:0.000558s ]
---------------------------------------------------------------
[ 2020-02-04T15:04:11+08:00 ] 113.214.195.172 GET /admin/dashboard/devcount
[ sql ] [ DB ] CONNECT:[ UseTime:0.000568s ] mysql:host=127.0.0.1;dbname=share;charset=utf8
[ sql ] [ SQL ] SHOW COLUMNS FROM `fa_auth_group_access` [ RunTime:0.000451s ]
[ sql ] [ SQL ] SELECT `aga`.`uid`,`aga`.`group_id`,`ag`.`id`,`ag`.`pid`,`ag`.`name`,`ag`.`rules` FROM `fa_auth_group_access` `aga` LEFT JOIN `fa_auth_group` `ag` ON `aga`.`group_id`=`ag`.`id` WHERE  (  aga.uid='2' and ag.status='normal' ) [ RunTime:0.000306s ]
[ sql ] [ SQL ] SHOW COLUMNS FROM `fa_auth_group` [ RunTime:0.000482s ]
[ sql ] [ SQL ] SELECT * FROM `fa_auth_group` WHERE  `status` = 'normal' [ RunTime:0.000293s ]
[ sql ] [ SQL ] SELECT `uid`,`group_id` FROM `fa_auth_group_access` WHERE  `group_id` IN (3,14,17,18,19,20,24,23,25,26) [ RunTime:0.000382s ]
[ sql ] [ SQL ] SELECT * FROM `fa_auth_group` WHERE  `status` = 'normal' [ RunTime:0.000333s ]
[ sql ] [ SQL ] SHOW COLUMNS FROM `fa_device` [ RunTime:0.047117s ]
[ sql ] [ SQL ] SELECT COUNT(*) AS tp_count FROM `fa_device` WHERE  `admin_id` IN (7,10,11,15,16,17,2) LIMIT 1 [ RunTime:0.000581s ]
---------------------------------------------------------------
[ 2020-02-04T15:04:11+08:00 ] 113.214.195.172 GET /admin/dashboard/todaylogin
[ sql ] [ DB ] CONNECT:[ UseTime:0.000788s ] mysql:host=127.0.0.1;dbname=share;charset=utf8
[ sql ] [ SQL ] SHOW COLUMNS FROM `fa_auth_group_access` [ RunTime:0.000734s ]
[ sql ] [ SQL ] SELECT `aga`.`uid`,`aga`.`group_id`,`ag`.`id`,`ag`.`pid`,`ag`.`name`,`ag`.`rules` FROM `fa_auth_group_access` `aga` LEFT JOIN `fa_auth_group` `ag` ON `aga`.`group_id`=`ag`.`id` WHERE  (  aga.uid='2' and ag.status='normal' ) [ RunTime:0.000421s ]
[ sql ] [ SQL ] SHOW COLUMNS FROM `fa_auth_group` [ RunTime:0.000625s ]
[ sql ] [ SQL ] SELECT * FROM `fa_auth_group` WHERE  `status` = 'normal' [ RunTime:0.000382s ]
[ sql ] [ SQL ] SELECT `uid`,`group_id` FROM `fa_auth_group_access` WHERE  `group_id` IN (3,14,17,18,19,20,24,23,25,26) [ RunTime:0.000399s ]
[ sql ] [ SQL ] SELECT * FROM `fa_auth_group` WHERE  `status` = 'normal' [ RunTime:0.000367s ]
[ sql ] [ SQL ] SHOW COLUMNS FROM `fa_oauth` [ RunTime:0.000474s ]
[ sql ] [ SQL ] SELECT COUNT(*) AS tp_count FROM `fa_oauth` WHERE  ( `createtime` >= 1580745600 AND `createtime` < 1580832000 ) LIMIT 1 [ RunTime:0.001720s ]
---------------------------------------------------------------
[ 2020-02-04T15:04:11+08:00 ] 113.214.195.172 GET /admin/dashboard/orderinfo
[ sql ] [ DB ] CONNECT:[ UseTime:0.000579s ] mysql:host=127.0.0.1;dbname=share;charset=utf8
[ sql ] [ SQL ] SHOW COLUMNS FROM `fa_auth_group_access` [ RunTime:0.000475s ]
[ sql ] [ SQL ] SELECT `aga`.`uid`,`aga`.`group_id`,`ag`.`id`,`ag`.`pid`,`ag`.`name`,`ag`.`rules` FROM `fa_auth_group_access` `aga` LEFT JOIN `fa_auth_group` `ag` ON `aga`.`group_id`=`ag`.`id` WHERE  (  aga.uid='2' and ag.status='normal' ) [ RunTime:0.000287s ]
[ sql ] [ SQL ] SHOW COLUMNS FROM `fa_auth_group` [ RunTime:0.000489s ]
[ sql ] [ SQL ] SELECT * FROM `fa_auth_group` WHERE  `status` = 'normal' [ RunTime:0.000279s ]
[ sql ] [ SQL ] SELECT `uid`,`group_id` FROM `fa_auth_group_access` WHERE  `group_id` IN (3,14,17,18,19,20,24,23,25,26) [ RunTime:0.000318s ]
[ sql ] [ SQL ] SELECT * FROM `fa_auth_group` WHERE  `status` = 'normal' [ RunTime:0.000904s ]
[ sql ] [ SQL ] SHOW COLUMNS FROM `fa_bedorder` [ RunTime:0.000740s ]
[ sql ] [ SQL ] SELECT (total-refund) as amount FROM `fa_bedorder` WHERE  `admin_id` IN (7,10,11,15,16,17,2)  AND `status` >= -1 [ RunTime:0.002677s ]
---------------------------------------------------------------
[ 2020-02-04T15:04:11+08:00 ] 113.214.195.172 GET /admin/dashboard/todayorder
[ sql ] [ DB ] CONNECT:[ UseTime:0.000634s ] mysql:host=127.0.0.1;dbname=share;charset=utf8
[ sql ] [ SQL ] SHOW COLUMNS FROM `fa_auth_group_access` [ RunTime:0.000576s ]
[ sql ] [ SQL ] SELECT `aga`.`uid`,`aga`.`group_id`,`ag`.`id`,`ag`.`pid`,`ag`.`name`,`ag`.`rules` FROM `fa_auth_group_access` `aga` LEFT JOIN `fa_auth_group` `ag` ON `aga`.`group_id`=`ag`.`id` WHERE  (  aga.uid='2' and ag.status='normal' ) [ RunTime:0.000364s ]
[ sql ] [ SQL ] SHOW COLUMNS FROM `fa_auth_group` [ RunTime:0.000598s ]
[ sql ] [ SQL ] SELECT * FROM `fa_auth_group` WHERE  `status` = 'normal' [ RunTime:0.000356s ]
[ sql ] [ SQL ] SELECT `uid`,`group_id` FROM `fa_auth_group_access` WHERE  `group_id` IN (3,14,17,18,19,20,24,23,25,26) [ RunTime:0.000353s ]
[ sql ] [ SQL ] SELECT * FROM `fa_auth_group` WHERE  `status` = 'normal' [ RunTime:0.000330s ]
[ sql ] [ SQL ] SHOW COLUMNS FROM `fa_bedorder` [ RunTime:0.000700s ]
[ sql ] [ SQL ] SELECT COUNT(*) AS tp_count FROM `fa_bedorder` WHERE  `status` >= -1  AND ( `createtime` >= 1580745600 AND `createtime` < 1580832000 ) LIMIT 1 [ RunTime:0.001453s ]
---------------------------------------------------------------
[ 2020-02-04T15:04:11+08:00 ] 113.214.195.172 GET /admin/dashboard/sevendnudau
[ sql ] [ DB ] CONNECT:[ UseTime:0.000543s ] mysql:host=127.0.0.1;dbname=share;charset=utf8
[ sql ] [ SQL ] SHOW COLUMNS FROM `fa_auth_group_access` [ RunTime:0.000447s ]
[ sql ] [ SQL ] SELECT `aga`.`uid`,`aga`.`group_id`,`ag`.`id`,`ag`.`pid`,`ag`.`name`,`ag`.`rules` FROM `fa_auth_group_access` `aga` LEFT JOIN `fa_auth_group` `ag` ON `aga`.`group_id`=`ag`.`id` WHERE  (  aga.uid='2' and ag.status='normal' ) [ RunTime:0.000304s ]
[ sql ] [ SQL ] SHOW COLUMNS FROM `fa_auth_group` [ RunTime:0.000488s ]
[ sql ] [ SQL ] SELECT * FROM `fa_auth_group` WHERE  `status` = 'normal' [ RunTime:0.000277s ]
[ sql ] [ SQL ] SELECT `uid`,`group_id` FROM `fa_auth_group_access` WHERE  `group_id` IN (3,14,17,18,19,20,24,23,25,26) [ RunTime:0.000292s ]
[ sql ] [ SQL ] SELECT * FROM `fa_auth_group` WHERE  `status` = 'normal' [ RunTime:0.000303s ]
[ sql ] [ SQL ] SHOW COLUMNS FROM `fa_users` [ RunTime:0.000542s ]
[ sql ] [ SQL ] SELECT COUNT(*) AS tp_count FROM `fa_users` WHERE  ( `createtime` >= 1580140800 AND `createtime` < 1580832000 ) LIMIT 1 [ RunTime:0.000462s ]
[ sql ] [ SQL ] SHOW COLUMNS FROM `fa_oauth` [ RunTime:0.000386s ]
[ sql ] [ SQL ] SELECT COUNT(*) AS tp_count FROM ( SELECT count(*) FROM `fa_oauth` WHERE  ( `createtime` >= 1580140800 AND `createtime` < 1580832000 ) GROUP BY `id` ) `_group_count_` LIMIT 1 [ RunTime:0.002134s ]
[ sql ] [ SQL ] SELECT COUNT(*) AS tp_count FROM `fa_users` LIMIT 1 [ RunTime:0.000363s ]
---------------------------------------------------------------
[ 2020-02-04T15:04:11+08:00 ] 113.214.195.172 GET /admin/dashboard/unsettleorder
[ sql ] [ DB ] CONNECT:[ UseTime:0.000526s ] mysql:host=127.0.0.1;dbname=share;charset=utf8
[ sql ] [ SQL ] SHOW COLUMNS FROM `fa_auth_group_access` [ RunTime:0.000458s ]
[ sql ] [ SQL ] SELECT `aga`.`uid`,`aga`.`group_id`,`ag`.`id`,`ag`.`pid`,`ag`.`name`,`ag`.`rules` FROM `fa_auth_group_access` `aga` LEFT JOIN `fa_auth_group` `ag` ON `aga`.`group_id`=`ag`.`id` WHERE  (  aga.uid='2' and ag.status='normal' ) [ RunTime:0.000286s ]
[ sql ] [ SQL ] SHOW COLUMNS FROM `fa_auth_group` [ RunTime:0.000470s ]
[ sql ] [ SQL ] SELECT * FROM `fa_auth_group` WHERE  `status` = 'normal' [ RunTime:0.000276s ]
[ sql ] [ SQL ] SELECT `uid`,`group_id` FROM `fa_auth_group_access` WHERE  `group_id` IN (3,14,17,18,19,20,24,23,25,26) [ RunTime:0.000320s ]
[ sql ] [ SQL ] SELECT * FROM `fa_auth_group` WHERE  `status` = 'normal' [ RunTime:0.000308s ]
[ sql ] [ SQL ] SHOW COLUMNS FROM `fa_bedorder` [ RunTime:0.000501s ]
[ sql ] [ SQL ] SELECT COUNT(*) AS tp_count FROM `fa_bedorder` WHERE  `status` >= -1  AND `step` < 9000 LIMIT 1 [ RunTime:0.000950s ]
---------------------------------------------------------------
[ 2020-02-04T15:04:11+08:00 ] 113.214.195.172 GET /admin/dashboard/todayregister
[ sql ] [ DB ] CONNECT:[ UseTime:0.000550s ] mysql:host=127.0.0.1;dbname=share;charset=utf8
[ sql ] [ SQL ] SHOW COLUMNS FROM `fa_auth_group_access` [ RunTime:0.000473s ]
[ sql ] [ SQL ] SELECT `aga`.`uid`,`aga`.`group_id`,`ag`.`id`,`ag`.`pid`,`ag`.`name`,`ag`.`rules` FROM `fa_auth_group_access` `aga` LEFT JOIN `fa_auth_group` `ag` ON `aga`.`group_id`=`ag`.`id` WHERE  (  aga.uid='2' and ag.status='normal' ) [ RunTime:0.000276s ]
[ sql ] [ SQL ] SHOW COLUMNS FROM `fa_auth_group` [ RunTime:0.000493s ]
[ sql ] [ SQL ] SELECT * FROM `fa_auth_group` WHERE  `status` = 'normal' [ RunTime:0.000278s ]
[ sql ] [ SQL ] SELECT `uid`,`group_id` FROM `fa_auth_group_access` WHERE  `group_id` IN (3,14,17,18,19,20,24,23,25,26) [ RunTime:0.000287s ]
[ sql ] [ SQL ] SELECT * FROM `fa_auth_group` WHERE  `status` = 'normal' [ RunTime:0.000270s ]
[ sql ] [ SQL ] SHOW COLUMNS FROM `fa_users` [ RunTime:0.000471s ]
[ sql ] [ SQL ] SELECT COUNT(*) AS tp_count FROM `fa_users` WHERE  ( `createtime` >= 1580745600 AND `createtime` < 1580832000 ) LIMIT 1 [ RunTime:0.000430s ]
---------------------------------------------------------------
[ 2020-02-04T15:04:15+08:00 ] 113.214.195.172 GET /admin/order/bedorder?addtabs=1
[ sql ] [ DB ] CONNECT:[ UseTime:0.000634s ] mysql:host=127.0.0.1;dbname=share;charset=utf8
[ sql ] [ SQL ] SHOW COLUMNS FROM `fa_auth_group_access` [ RunTime:0.000621s ]
[ sql ] [ SQL ] SELECT `aga`.`uid`,`aga`.`group_id`,`ag`.`id`,`ag`.`pid`,`ag`.`name`,`ag`.`rules` FROM `fa_auth_group_access` `aga` LEFT JOIN `fa_auth_group` `ag` ON `aga`.`group_id`=`ag`.`id` WHERE  (  aga.uid='2' and ag.status='normal' ) [ RunTime:0.000380s ]
[ sql ] [ SQL ] SHOW COLUMNS FROM `fa_auth_rule` [ RunTime:0.000482s ]
[ sql ] [ SQL ] SELECT `id`,`pid`,`condition`,`icon`,`name`,`title`,`ismenu` FROM `fa_auth_rule` WHERE  `status` = 'normal'  AND `id` IN (1,2,6,7,8,9,10,11,13,14,15,16,17,18,19,20,21,22,23,24,25,26,27,28,29,30,31,32,33,34,40,41,42,43,44,45,46,47,48,49,50,92,93,94,95,96,97,98,99,100,101,102,103,104,105,106,107,108,109,110,111,112,113,114,115,116,117,118,119,120,121,122,123,124,125,126,127,128,129,130,132,133,134,135,136,137,138,139,140,141,142,143,144,145,146,147,148,149,150,151,152,153,154,155,156,157,159,160,161,162,163,164,165,166,167,168,169,170,171,172,173,174,175,176,177,178,179,180,183,184,189,190,191,192,193,194,197,198,199,200,201,202,203,204,205,206,207,208,209,211,5,131,182,181,188) [ RunTime:0.001209s ]
[ sql ] [ SQL ] SELECT `title`,`remark` FROM `fa_auth_rule` WHERE  `name` = 'order/bedorder' LIMIT 1 [ RunTime:0.000378s ]
---------------------------------------------------------------
[ 2020-02-04T15:04:16+08:00 ] 113.214.195.172 GET /admin/order/bedorder/index?sort=order_no&order=desc&offset=0&limit=10&filter=%7B%7D&op=%7B%7D&_=1580799850300
[ sql ] [ DB ] CONNECT:[ UseTime:0.000663s ] mysql:host=127.0.0.1;dbname=share;charset=utf8
[ sql ] [ SQL ] SHOW COLUMNS FROM `fa_auth_group_access` [ RunTime:0.000656s ]
[ sql ] [ SQL ] SELECT `aga`.`uid`,`aga`.`group_id`,`ag`.`id`,`ag`.`pid`,`ag`.`name`,`ag`.`rules` FROM `fa_auth_group_access` `aga` LEFT JOIN `fa_auth_group` `ag` ON `aga`.`group_id`=`ag`.`id` WHERE  (  aga.uid='2' and ag.status='normal' ) [ RunTime:0.000350s ]
[ sql ] [ SQL ] SHOW COLUMNS FROM `fa_auth_rule` [ RunTime:0.000486s ]
[ sql ] [ SQL ] SELECT `id`,`pid`,`condition`,`icon`,`name`,`title`,`ismenu` FROM `fa_auth_rule` WHERE  `status` = 'normal'  AND `id` IN (1,2,6,7,8,9,10,11,13,14,15,16,17,18,19,20,21,22,23,24,25,26,27,28,29,30,31,32,33,34,40,41,42,43,44,45,46,47,48,49,50,92,93,94,95,96,97,98,99,100,101,102,103,104,105,106,107,108,109,110,111,112,113,114,115,116,117,118,119,120,121,122,123,124,125,126,127,128,129,130,132,133,134,135,136,137,138,139,140,141,142,143,144,145,146,147,148,149,150,151,152,153,154,155,156,157,159,160,161,162,163,164,165,166,167,168,169,170,171,172,173,174,175,176,177,178,179,180,183,184,189,190,191,192,193,194,197,198,199,200,201,202,203,204,205,206,207,208,209,211,5,131,182,181,188) [ RunTime:0.001202s ]
[ sql ] [ SQL ] SHOW COLUMNS FROM `fa_auth_group` [ RunTime:0.000593s ]
[ sql ] [ SQL ] SELECT * FROM `fa_auth_group` WHERE  `status` = 'normal' [ RunTime:0.000326s ]
[ sql ] [ SQL ] SELECT `uid`,`group_id` FROM `fa_auth_group_access` WHERE  `group_id` IN (3,14,17,18,19,20,24,23,25,26) [ RunTime:0.000281s ]
[ sql ] [ SQL ] SHOW COLUMNS FROM `fa_bedorder` [ RunTime:0.000541s ]
[ sql ] [ SQL ] SHOW COLUMNS FROM `fa_netpoint` [ RunTime:0.000460s ]
[ sql ] [ SQL ] SHOW COLUMNS FROM `fa_device` [ RunTime:0.000469s ]
[ sql ] [ SQL ] SELECT COUNT(*) AS tp_count FROM `fa_bedorder` `bedorder` LEFT JOIN `fa_netpoint` `netpoint` ON `bedorder`.`netpoint_id`=`netpoint`.`id` LEFT JOIN `fa_device` `device` ON `bedorder`.`dev_id`=`device`.`dev_id` WHERE  (  `bedorder`.`admin_id` IN (7,10,11,15,16,17,2) ) ORDER BY `bedorder`.`order_no` DESC LIMIT 1 [ RunTime:0.003822s ]
[ sql ] [ SQL ] SELECT `bedorder`.`order_no`,`bedorder`.`users_id`,`bedorder`.`phone`,`bedorder`.`dev_id`,`bedorder`.`admin_id`,`bedorder`.`entity_id`,`bedorder`.`netpoint_id`,`bedorder`.`pricetype`,`bedorder`.`price_id`,`bedorder`.`deposit`,`bedorder`.`lightnight`,`bedorder`.`canusestart`,`bedorder`.`canuseend`,`bedorder`.`hourprice`,`bedorder`.`lighttimesprice`,`bedorder`.`nighttimesprice`,`bedorder`.`dayprice`,`bedorder`.`days`,`bedorder`.`pricedata`,`bedorder`.`total`,`bedorder`.`save`,`bedorder`.`pay`,`bedorder`.`tran_id`,`bedorder`.`refund`,`bedorder`.`refundtime`,`bedorder`.`refundnote`,`bedorder`.`step`,`bedorder`.`status`,`bedorder`.`rtn_admin_id`,`bedorder`.`createtime`,`bedorder`.`endtime`,netpoint.id AS netpoint__id,netpoint.admin_id AS netpoint__admin_id,netpoint.name AS netpoint__name,netpoint.shortname AS netpoint__shortname,netpoint.netaddr AS netpoint__netaddr,netpoint.netlng AS netpoint__netlng,netpoint.netlat AS netpoint__netlat,netpoint.deposit AS netpoint__deposit,netpoint.level1 AS netpoint__level1,netpoint.level2 AS netpoint__level2,netpoint.level3 AS netpoint__level3,netpoint.level4 AS netpoint__level4,netpoint.percent1 AS netpoint__percent1,netpoint.percent2 AS netpoint__percent2,netpoint.percent3 AS netpoint__percent3,netpoint.percent4 AS netpoint__percent4,netpoint.mt_admin_id AS netpoint__mt_admin_id,netpoint.mall_admin_id AS netpoint__mall_admin_id,netpoint.status AS netpoint__status,device.id AS device__id,device.dev_id AS device__dev_id,device.iscabinet AS device__iscabinet,device.devtype_id AS device__devtype_id,device.price_id AS device__price_id,device.netpoint_id AS device__netpoint_id,device.department AS device__department,device.room AS device__room,device.bed AS device__bed,device.entity_id AS device__entity_id,device.admin_id AS device__admin_id,device.mac AS device__mac,device.blekey AS device__blekey,device.blepwd AS device__blepwd,device.mac2 AS device__mac2,device.blekey2 AS device__blekey2,device.blepwd2 AS device__blepwd2,device.createtime AS device__createtime,device.updatetime AS device__updatetime,device.status AS device__status FROM `fa_bedorder` `bedorder` LEFT JOIN `fa_netpoint` `netpoint` ON `bedorder`.`netpoint_id`=`netpoint`.`id` LEFT JOIN `fa_device` `device` ON `bedorder`.`dev_id`=`device`.`dev_id` WHERE  (  `bedorder`.`admin_id` IN (7,10,11,15,16,17,2) ) ORDER BY `bedorder`.`order_no` DESC LIMIT 0,10 [ RunTime:0.000598s ]
---------------------------------------------------------------
[ 2020-02-04T15:42:20+08:00 ] 218.204.253.111 POST /api/Bedorder/queryauth
[ info ] queryauth request: 
[ info ] {"mac":"C16B8BD3EC7D"}
[ info ] queryauth response: 
[ info ] 1
---------------------------------------------------------------
[ 2020-02-04T15:42:24+08:00 ] 218.204.253.111 POST /api/Bedorder/queryauth
[ info ] queryauth request: 
[ info ] {"mac":"C16B8BD3EC7D"}
[ info ] queryauth response: 
[ info ] 1
---------------------------------------------------------------
[ 2020-02-04T15:43:34+08:00 ] 223.104.254.224 POST /api/Bedorder/queryauth
[ info ] queryauth request: 
[ info ] {"mac":"C5E46B095C73"}
[ info ] queryauth response: 
[ info ] 1
---------------------------------------------------------------
[ 2020-02-04T16:57:28+08:00 ] 223.104.255.68 POST /api/Bedorder/queryauth
[ info ] queryauth request: 
[ info ] {"mac":"DF799E29F105"}
[ info ] queryauth response: 
[ info ] 1
---------------------------------------------------------------
[ 2020-02-04T16:57:44+08:00 ] 223.104.255.68 POST /api/Bedorder/queryauth
[ info ] queryauth request: 
[ info ] {"mac":"DF799E29F105"}
[ info ] queryauth response: 
[ info ] 1
---------------------------------------------------------------
[ 2020-02-04T16:59:19+08:00 ] 117.132.194.106 POST /api/Bedorder/queryauth
[ info ] queryauth request: 
[ info ] {"mac":"CE61DB94F719"}
[ info ] queryauth response: 
[ info ] 1
---------------------------------------------------------------
[ 2020-02-04T16:59:24+08:00 ] 117.132.194.106 POST /api/Bedorder/queryauth
[ info ] queryauth request: 
[ info ] {"mac":"CE61DB94F719"}
[ info ] queryauth response: 
[ info ] 1
---------------------------------------------------------------
[ 2020-02-04T18:37:54+08:00 ] 221.178.124.3 POST /api/Bedorder/queryauth
[ info ] queryauth request: 
[ info ] {"mac":"CC3DD33D1998"}
[ info ] queryauth response: 
[ info ] 1
---------------------------------------------------------------
[ 2020-02-04T19:24:08+08:00 ] 221.178.124.3 POST /api/Bedorder/queryauth
[ info ] queryauth request: 
[ info ] {"mac":"CC3DD33D1998"}
[ info ] queryauth response: 
[ info ] 1
---------------------------------------------------------------
[ 2020-02-04T19:28:58+08:00 ] 221.178.124.3 POST /api/Bedorder/queryauth
[ info ] queryauth request: 
[ info ] {"mac":"CC3DD33D1998"}
[ info ] queryauth response: 
[ info ] 1
---------------------------------------------------------------
[ 2020-02-04T19:29:53+08:00 ] 117.132.192.241 POST /api/Bedorder/queryauth
[ info ] queryauth request: 
[ info ] {"mac":"C84C763D531C"}
[ info ] queryauth response: 
[ info ] 1
---------------------------------------------------------------
[ 2020-02-04T19:29:56+08:00 ] 117.132.192.241 POST /api/Bedorder/queryauth
[ info ] queryauth request: 
[ info ] {"mac":"C84C763D531C"}
[ info ] queryauth response: 
[ info ] 1
---------------------------------------------------------------
[ 2020-02-04T19:42:12+08:00 ] 117.132.194.138 POST /api/Bedorder/queryauth
[ info ] queryauth request: 
[ info ] {"mac":"F1DC5B21F1DB"}
[ info ] queryauth response: 
[ info ] 1
---------------------------------------------------------------
[ 2020-02-04T19:44:31+08:00 ] 39.144.17.23 POST /api/Bedorder/queryauth
[ info ] queryauth request: 
[ info ] {"mac":"EC675A47FFAA"}
[ info ] queryauth response: 
[ info ] 1
---------------------------------------------------------------
[ 2020-02-04T19:44:37+08:00 ] 39.144.17.23 POST /api/Bedorder/queryauth
[ info ] queryauth request: 
[ info ] {"mac":"EC675A47FFAA"}
[ info ] queryauth response: 
[ info ] 1
---------------------------------------------------------------
[ 2020-02-04T20:12:39+08:00 ] 39.144.17.23 POST /api/Bedorder/queryauth
[ info ] queryauth request: 
[ info ] {"mac":"EC675A47FFAA"}
[ info ] queryauth response: 
[ info ] 1
---------------------------------------------------------------
[ 2020-02-04T20:23:01+08:00 ] 117.132.191.191 POST /api/Bedorder/queryauth
[ info ] queryauth request: 
[ info ] {"mac":"D5E2AE9D2DEA"}
[ info ] queryauth response: 
[ info ] 1
---------------------------------------------------------------
[ 2020-02-04T21:32:01+08:00 ] 117.132.195.190 POST /api/Bedorder/queryauth
[ info ] queryauth request: 
[ info ] {"mac":"C3AC1215EDC8"}
[ info ] queryauth response: 
[ info ] 1
---------------------------------------------------------------
[ 2020-02-04T22:31:39+08:00 ] 117.132.191.191 POST /api/Bedorder/queryauth
[ info ] queryauth request: 
[ info ] {"mac":"D5E2AE9D2DEA"}
[ info ] queryauth response: 
[ info ] 1
---------------------------------------------------------------
[ 2020-02-04T22:31:43+08:00 ] 117.132.191.191 POST /api/Bedorder/queryauth
[ info ] queryauth request: 
[ info ] {"mac":"D5E2AE9D2DEA"}
[ info ] queryauth response: 
[ info ] 1
