---------------------------------------------------------------
[ 2020-02-11T06:39:29+08:00 ] 39.144.17.183 POST /api/Bedorder/queryauth
[ info ] queryauth request: 
[ info ] {"mac":"C13D829CA83E"}
[ info ] queryauth response: 
[ info ] 1
---------------------------------------------------------------
[ 2020-02-11T06:53:01+08:00 ] 218.204.252.69 POST /api/Bedorder/queryauth
[ info ] queryauth request: 
[ info ] {"mac":"F61896AF99E8"}
[ info ] queryauth response: 
[ info ] 1
---------------------------------------------------------------
[ 2020-02-11T07:29:54+08:00 ] 221.178.126.68 POST /api/Bedorder/queryauth
[ info ] queryauth request: 
[ info ] {"mac":"C84C763D531C"}
[ info ] queryauth response: 
[ info ] 1
---------------------------------------------------------------
[ 2020-02-11T07:30:34+08:00 ] 221.178.125.91 POST /api/Bedorder/queryauth
[ info ] queryauth request: 
[ info ] {"mac":"F34634F389D4"}
[ info ] queryauth response: 
[ info ] 1
---------------------------------------------------------------
[ 2020-02-11T07:37:12+08:00 ] 221.178.125.91 POST /api/Bedorder/queryauth
[ info ] queryauth request: 
[ info ] {"mac":"F34634F389D4"}
[ info ] queryauth response: 
[ info ] 1
---------------------------------------------------------------
[ 2020-02-11T09:17:35+08:00 ] 221.178.127.111 POST /api/Bedorder/queryauth
[ info ] queryauth request: 
[ info ] {"mac":"F8A702B6332A"}
[ info ] queryauth response: 
[ info ] 1
---------------------------------------------------------------
[ 2020-02-11T09:17:42+08:00 ] 221.178.127.111 POST /api/Bedorder/queryauth
[ info ] queryauth request: 
[ info ] {"mac":"F8A702B6332A"}
[ info ] queryauth response: 
[ info ] 1
---------------------------------------------------------------
[ 2020-02-11T10:18:40+08:00 ] 221.178.125.91 POST /api/Bedorder/queryauth
[ info ] queryauth request: 
[ info ] {"mac":"F34634F389D4"}
[ info ] queryauth response: 
[ info ] 1
---------------------------------------------------------------
[ 2020-02-11T10:19:12+08:00 ] 221.178.125.91 POST /api/Bedorder/queryauth
[ info ] queryauth request: 
[ info ] {"mac":"F34634F389D4"}
[ info ] queryauth response: 
[ info ] 1
---------------------------------------------------------------
[ 2020-02-11T10:19:41+08:00 ] 221.178.125.91 POST /api/Bedorder/queryauth
[ info ] queryauth request: 
[ info ] {"mac":"F34634F389D4"}
[ info ] queryauth response: 
[ info ] 1
---------------------------------------------------------------
[ 2020-02-11T10:20:14+08:00 ] 221.178.125.91 POST /api/Bedorder/queryauth
[ info ] queryauth request: 
[ info ] {"mac":"F34634F389D4"}
[ info ] queryauth response: 
[ info ] 1
---------------------------------------------------------------
[ 2020-02-11T10:42:48+08:00 ] 221.178.127.111 POST /api/Bedorder/queryauth
[ info ] queryauth request: 
[ info ] {"mac":"F8A702B6332A"}
[ info ] queryauth response: 
[ info ] 1
---------------------------------------------------------------
[ 2020-02-11T14:44:48+08:00 ] 221.178.125.91 POST /api/Bedorder/queryauth
[ info ] queryauth request: 
[ info ] {"mac":"F34634F389D4"}
[ info ] queryauth response: 
[ info ] 1
---------------------------------------------------------------
[ 2020-02-11T14:44:50+08:00 ] 221.178.125.91 POST /api/Bedorder/queryauth
[ info ] queryauth request: 
[ info ] {"mac":"F34634F389D4"}
[ info ] queryauth response: 
[ info ] 1
---------------------------------------------------------------
[ 2020-02-11T15:52:06+08:00 ] 221.178.125.32 POST /api/Bedorder/queryauth
[ info ] queryauth request: 
[ info ] {"mac":"C85FD234721F"}
[ info ] queryauth response: 
[ info ] 1
---------------------------------------------------------------
[ 2020-02-11T19:36:53+08:00 ] 221.178.124.229 POST /api/Bedorder/queryauth
[ info ] queryauth request: 
[ info ] {"mac":"FD4D7469C811"}
[ info ] queryauth response: 
[ info ] 1
---------------------------------------------------------------
[ 2020-02-11T20:57:47+08:00 ] 221.178.125.91 POST /api/Bedorder/queryauth
[ info ] queryauth request: 
[ info ] {"mac":"F34634F389D4"}
[ info ] queryauth response: 
[ info ] 1
