---------------------------------------------------------------
[ 2020-02-13T06:52:07+08:00 ] 223.104.255.160 POST /api/Bedorder/queryauth
[ info ] queryauth request: 
[ info ] {"mac":"F397FD587052"}
[ info ] queryauth response: 
[ info ] 1
---------------------------------------------------------------
[ 2020-02-13T07:21:19+08:00 ] 117.132.191.236 POST /api/Bedorder/queryauth
[ info ] queryauth request: 
[ info ] {"mac":"EB75862D51C8"}
[ info ] queryauth response: 
[ info ] 1
---------------------------------------------------------------
[ 2020-02-13T07:21:45+08:00 ] 117.132.191.236 POST /api/Bedorder/queryauth
[ info ] queryauth request: 
[ info ] {"mac":"EB75862D51C8"}
[ info ] queryauth response: 
[ info ] 1
---------------------------------------------------------------
[ 2020-02-13T07:21:48+08:00 ] 117.132.191.236 POST /api/Bedorder/queryauth
[ info ] queryauth request: 
[ info ] {"mac":"EB75862D51C8"}
[ info ] queryauth response: 
[ info ] 1
---------------------------------------------------------------
[ 2020-02-13T07:53:09+08:00 ] 117.132.198.125 POST /api/Bedorder/queryauth
[ info ] queryauth request: 
[ info ] {"mac":"CA8F55037700"}
[ info ] queryauth response: 
[ info ] 1
---------------------------------------------------------------
[ 2020-02-13T08:08:47+08:00 ] 223.104.254.161 POST /api/Bedorder/queryauth
[ info ] queryauth request: 
[ info ] {"mac":"E54D2F2F6E46"}
[ info ] queryauth response: 
[ info ] 1
---------------------------------------------------------------
[ 2020-02-13T08:09:33+08:00 ] 223.104.254.161 POST /api/Bedorder/queryauth
[ info ] queryauth request: 
[ info ] {"mac":"E54D2F2F6E46"}
[ info ] queryauth response: 
[ info ] 1
---------------------------------------------------------------
[ 2020-02-13T08:12:04+08:00 ] 223.104.254.161 POST /api/Bedorder/queryauth
[ info ] queryauth request: 
[ info ] {"mac":"E54D2F2F6E46"}
[ info ] queryauth response: 
[ info ] 1
---------------------------------------------------------------
[ 2020-02-13T08:39:37+08:00 ] 218.204.252.227 POST /api/Bedorder/queryauth
[ info ] queryauth request: 
[ info ] {"mac":"FCB92889C178"}
[ info ] queryauth response: 
[ info ] 1
---------------------------------------------------------------
[ 2020-02-13T08:45:36+08:00 ] 221.178.125.32 POST /api/Bedorder/queryauth
[ info ] queryauth request: 
[ info ] {"mac":"C85FD234721F"}
[ info ] queryauth response: 
[ info ] 1
---------------------------------------------------------------
[ 2020-02-13T09:59:36+08:00 ] 223.104.254.161 POST /api/Bedorder/queryauth
[ info ] queryauth request: 
[ info ] {"mac":"E54D2F2F6E46"}
[ info ] queryauth response: 
[ info ] 1
---------------------------------------------------------------
[ 2020-02-13T09:59:48+08:00 ] 223.104.254.161 POST /api/Bedorder/queryauth
[ info ] queryauth request: 
[ info ] {"mac":"E54D2F2F6E46"}
[ info ] queryauth response: 
[ info ] 1
---------------------------------------------------------------
[ 2020-02-13T10:08:39+08:00 ] 223.104.254.161 POST /api/Bedorder/queryauth
[ info ] queryauth request: 
[ info ] {"mac":"E54D2F2F6E46"}
[ info ] queryauth response: 
[ info ] 1
---------------------------------------------------------------
[ 2020-02-13T10:37:51+08:00 ] 221.178.125.225 POST /api/Bedorder/queryauth
[ info ] queryauth request: 
[ info ] {"mac":"C57609D24749"}
[ info ] queryauth response: 
[ info ] 1
---------------------------------------------------------------
[ 2020-02-13T10:38:00+08:00 ] 221.178.125.225 POST /api/Bedorder/queryauth
[ info ] queryauth request: 
[ info ] {"mac":"C57609D24749"}
[ info ] queryauth response: 
[ info ] 1
---------------------------------------------------------------
[ 2020-02-13T11:07:25+08:00 ] 223.104.254.161 POST /api/Bedorder/queryauth
[ info ] queryauth request: 
[ info ] {"mac":"E54D2F2F6E46"}
[ info ] queryauth response: 
[ info ] 1
---------------------------------------------------------------
[ 2020-02-13T12:42:00+08:00 ] 218.204.252.122 POST /api/Bedorder/queryauth
[ info ] queryauth request: 
[ info ] {"mac":"D68156CDD97D"}
[ info ] queryauth response: 
[ info ] 1
---------------------------------------------------------------
[ 2020-02-13T12:42:10+08:00 ] 218.204.252.122 POST /api/Bedorder/queryauth
[ info ] queryauth request: 
[ info ] {"mac":"D68156CDD97D"}
[ info ] queryauth response: 
[ info ] 1
---------------------------------------------------------------
[ 2020-02-13T12:44:05+08:00 ] 117.132.195.125 POST /api/Bedorder/queryauth
[ info ] queryauth request: 
[ info ] {"mac":"C98AEEB9770B"}
[ info ] queryauth response: 
[ info ] 1
---------------------------------------------------------------
[ 2020-02-13T12:44:16+08:00 ] 117.132.195.125 POST /api/Bedorder/queryauth
[ info ] queryauth request: 
[ info ] {"mac":"C98AEEB9770B"}
[ info ] queryauth response: 
[ info ] 1
---------------------------------------------------------------
[ 2020-02-13T13:01:59+08:00 ] 218.204.252.122 POST /api/Bedorder/queryauth
[ info ] queryauth request: 
[ info ] {"mac":"D68156CDD97D"}
[ info ] queryauth response: 
[ info ] 1
---------------------------------------------------------------
[ 2020-02-13T13:35:42+08:00 ] 218.204.252.149 POST /api/Bedorder/queryauth
[ info ] queryauth request: 
[ info ] {"mac":"DA577891A4BF"}
[ info ] queryauth response: 
[ info ] 1
---------------------------------------------------------------
[ 2020-02-13T13:38:25+08:00 ] 117.132.195.125 POST /api/Bedorder/queryauth
[ info ] queryauth request: 
[ info ] {"mac":"C98AEEB9770B"}
[ info ] queryauth response: 
[ info ] 1
---------------------------------------------------------------
[ 2020-02-13T13:38:37+08:00 ] 117.132.195.125 POST /api/Bedorder/queryauth
[ info ] queryauth request: 
[ info ] {"mac":"C98AEEB9770B"}
[ info ] queryauth response: 
[ info ] 1
---------------------------------------------------------------
[ 2020-02-13T13:38:53+08:00 ] 117.132.195.125 POST /api/Bedorder/queryauth
[ info ] queryauth request: 
[ info ] {"mac":"C98AEEB9770B"}
[ info ] queryauth response: 
[ info ] 1
---------------------------------------------------------------
[ 2020-02-13T13:39:45+08:00 ] 117.132.195.125 POST /api/Bedorder/queryauth
[ info ] queryauth request: 
[ info ] {"mac":"C98AEEB9770B"}
[ info ] queryauth response: 
[ info ] 1
---------------------------------------------------------------
[ 2020-02-13T14:27:47+08:00 ] 223.104.254.161 POST /api/Bedorder/queryauth
[ info ] queryauth request: 
[ info ] {"mac":"E54D2F2F6E46"}
[ info ] queryauth response: 
[ info ] 1
---------------------------------------------------------------
[ 2020-02-13T14:27:52+08:00 ] 223.104.254.161 POST /api/Bedorder/queryauth
[ info ] queryauth request: 
[ info ] {"mac":"E54D2F2F6E46"}
[ info ] queryauth response: 
[ info ] 1
---------------------------------------------------------------
[ 2020-02-13T14:28:05+08:00 ] 223.104.254.161 POST /api/Bedorder/queryauth
[ info ] queryauth request: 
[ info ] {"mac":"E54D2F2F6E46"}
[ info ] queryauth response: 
[ info ] 1
---------------------------------------------------------------
[ 2020-02-13T14:28:10+08:00 ] 223.104.254.161 POST /api/Bedorder/queryauth
[ info ] queryauth request: 
[ info ] {"mac":"E54D2F2F6E46"}
[ info ] queryauth response: 
[ info ] 1
---------------------------------------------------------------
[ 2020-02-13T14:28:24+08:00 ] 223.104.254.161 POST /api/Bedorder/queryauth
[ info ] queryauth request: 
[ info ] {"mac":"E54D2F2F6E46"}
[ info ] queryauth response: 
[ info ] 1
---------------------------------------------------------------
[ 2020-02-13T14:28:28+08:00 ] 223.104.254.161 POST /api/Bedorder/queryauth
[ info ] queryauth request: 
[ info ] {"mac":"E54D2F2F6E46"}
[ info ] queryauth response: 
[ info ] 1
---------------------------------------------------------------
[ 2020-02-13T14:28:36+08:00 ] 223.104.254.161 POST /api/Bedorder/queryauth
[ info ] queryauth request: 
[ info ] {"mac":"E54D2F2F6E46"}
[ info ] queryauth response: 
[ info ] 1
---------------------------------------------------------------
[ 2020-02-13T14:28:40+08:00 ] 223.104.254.161 POST /api/Bedorder/queryauth
[ info ] queryauth request: 
[ info ] {"mac":"E54D2F2F6E46"}
[ info ] queryauth response: 
[ info ] 1
---------------------------------------------------------------
[ 2020-02-13T14:28:54+08:00 ] 223.104.254.161 POST /api/Bedorder/queryauth
[ info ] queryauth request: 
[ info ] {"mac":"E54D2F2F6E46"}
[ info ] queryauth response: 
[ info ] 1
---------------------------------------------------------------
[ 2020-02-13T14:28:56+08:00 ] 223.104.254.161 POST /api/Bedorder/queryauth
[ info ] queryauth request: 
[ info ] {"mac":"E54D2F2F6E46"}
[ info ] queryauth response: 
[ info ] 1
---------------------------------------------------------------
[ 2020-02-13T14:29:02+08:00 ] 223.104.254.161 POST /api/Bedorder/queryauth
[ info ] queryauth request: 
[ info ] {"mac":"E54D2F2F6E46"}
[ info ] queryauth response: 
[ info ] 1
---------------------------------------------------------------
[ 2020-02-13T14:41:33+08:00 ] 223.104.254.161 POST /api/Bedorder/queryauth
[ info ] queryauth request: 
[ info ] {"mac":"E54D2F2F6E46"}
[ info ] queryauth response: 
[ info ] 1
---------------------------------------------------------------
[ 2020-02-13T14:41:42+08:00 ] 223.104.254.161 POST /api/Bedorder/queryauth
[ info ] queryauth request: 
[ info ] {"mac":"E54D2F2F6E46"}
[ info ] queryauth response: 
[ info ] 1
---------------------------------------------------------------
[ 2020-02-13T15:05:51+08:00 ] 221.178.125.225 POST /api/Bedorder/queryauth
[ info ] queryauth request: 
[ info ] {"mac":"C57609D24749"}
[ info ] queryauth response: 
[ info ] 1
---------------------------------------------------------------
[ 2020-02-13T15:32:34+08:00 ] 223.104.254.161 POST /api/Bedorder/queryauth
[ info ] queryauth request: 
[ info ] {"mac":"E54D2F2F6E46"}
[ info ] queryauth response: 
[ info ] 1
---------------------------------------------------------------
[ 2020-02-13T15:32:38+08:00 ] 223.104.254.161 POST /api/Bedorder/queryauth
[ info ] queryauth request: 
[ info ] {"mac":"E54D2F2F6E46"}
[ info ] queryauth response: 
[ info ] 1
---------------------------------------------------------------
[ 2020-02-13T15:32:43+08:00 ] 223.104.254.161 POST /api/Bedorder/queryauth
[ info ] queryauth request: 
[ info ] {"mac":"E54D2F2F6E46"}
[ info ] queryauth response: 
[ info ] 1
---------------------------------------------------------------
[ 2020-02-13T15:41:44+08:00 ] 223.104.254.161 POST /api/Bedorder/queryauth
[ info ] queryauth request: 
[ info ] {"mac":"E54D2F2F6E46"}
[ info ] queryauth response: 
[ info ] 1
---------------------------------------------------------------
[ 2020-02-13T15:59:27+08:00 ] 223.104.255.68 POST /api/Bedorder/queryauth
[ info ] queryauth request: 
[ info ] {"mac":"DF799E29F105"}
[ info ] queryauth response: 
[ info ] 1
---------------------------------------------------------------
[ 2020-02-13T19:09:57+08:00 ] 117.132.191.236 POST /api/Bedorder/queryauth
[ info ] queryauth request: 
[ info ] {"mac":"EB75862D51C8"}
[ info ] queryauth response: 
[ info ] 1
---------------------------------------------------------------
[ 2020-02-13T19:10:03+08:00 ] 117.132.191.236 POST /api/Bedorder/queryauth
[ info ] queryauth request: 
[ info ] {"mac":"EB75862D51C8"}
[ info ] queryauth response: 
[ info ] 1
---------------------------------------------------------------
[ 2020-02-13T19:21:56+08:00 ] 223.104.254.161 POST /api/Bedorder/queryauth
[ info ] queryauth request: 
[ info ] {"mac":"E54D2F2F6E46"}
[ info ] queryauth response: 
[ info ] 1
---------------------------------------------------------------
[ 2020-02-13T19:29:57+08:00 ] 117.132.198.125 POST /api/Bedorder/queryauth
[ info ] queryauth request: 
[ info ] {"mac":"CA8F55037700"}
[ info ] queryauth response: 
[ info ] 1
---------------------------------------------------------------
[ 2020-02-13T19:30:15+08:00 ] 221.178.125.107 POST /api/Bedorder/queryauth
[ info ] queryauth request: 
[ info ] {"mac":"F43526181FF0"}
[ info ] queryauth response: 
[ info ] 1
