---------------------------------------------------------------
[ 2020-02-17T08:47:14+08:00 ] 221.178.124.172 POST /api/Bedorder/queryauth
[ info ] queryauth request: 
[ info ] {"mac":"CB7601C20AA1"}
[ info ] queryauth response: 
[ info ] 1
---------------------------------------------------------------
[ 2020-02-17T08:47:18+08:00 ] 221.178.124.172 POST /api/Bedorder/queryauth
[ info ] queryauth request: 
[ info ] {"mac":"CB7601C20AA1"}
[ info ] queryauth response: 
[ info ] 1
---------------------------------------------------------------
[ 2020-02-17T08:47:21+08:00 ] 221.178.124.172 POST /api/Bedorder/queryauth
[ info ] queryauth request: 
[ info ] {"mac":"CB7601C20AA1"}
[ info ] queryauth response: 
[ info ] 1
---------------------------------------------------------------
[ 2020-02-17T08:47:27+08:00 ] 221.178.124.172 POST /api/Bedorder/queryauth
[ info ] queryauth request: 
[ info ] {"mac":"CB7601C20AA1"}
[ info ] queryauth response: 
[ info ] 1
---------------------------------------------------------------
[ 2020-02-17T09:18:23+08:00 ] 117.132.192.1 POST /api/Bedorder/queryauth
[ info ] queryauth request: 
[ info ] {"mac":"E54D2F2F6E46"}
[ info ] queryauth response: 
[ info ] 1
---------------------------------------------------------------
[ 2020-02-17T09:50:12+08:00 ] 221.178.125.202 POST /api/Bedorder/queryauth
[ info ] queryauth request: 
[ info ] {"mac":"FE67B8F40025"}
[ info ] queryauth response: 
[ info ] 1
---------------------------------------------------------------
[ 2020-02-17T09:50:20+08:00 ] 221.178.125.202 POST /api/Bedorder/queryauth
[ info ] queryauth request: 
[ info ] {"mac":"FE67B8F40025"}
[ info ] queryauth response: 
[ info ] 1
---------------------------------------------------------------
[ 2020-02-17T11:02:17+08:00 ] 221.178.125.91 POST /api/Bedorder/queryauth
[ info ] queryauth request: 
[ info ] {"mac":"F34634F389D4"}
[ info ] queryauth response: 
[ info ] 1
---------------------------------------------------------------
[ 2020-02-17T11:06:00+08:00 ] 221.178.126.66 POST /api/Bedorder/queryauth
[ info ] queryauth request: 
[ info ] {"mac":"E19B5C873082"}
[ info ] queryauth response: 
[ info ] 1
---------------------------------------------------------------
[ 2020-02-17T11:47:15+08:00 ] 218.204.253.230 POST /api/Bedorder/queryauth
[ info ] queryauth request: 
[ info ] {"mac":"CF212153B558"}
[ info ] queryauth response: 
[ info ] 1
---------------------------------------------------------------
[ 2020-02-17T11:47:35+08:00 ] 218.204.253.230 POST /api/Bedorder/queryauth
[ info ] queryauth request: 
[ info ] {"mac":"CF212153B558"}
[ info ] queryauth response: 
[ info ] 1
---------------------------------------------------------------
[ 2020-02-17T11:50:38+08:00 ] 218.204.253.230 POST /api/Bedorder/queryauth
[ info ] queryauth request: 
[ info ] {"mac":"CF212153B558"}
[ info ] queryauth response: 
[ info ] 1
---------------------------------------------------------------
[ 2020-02-17T11:53:45+08:00 ] 218.204.253.197 POST /api/Bedorder/queryauth
[ info ] queryauth request: 
[ info ] {"mac":"CB7601C20AA1"}
[ info ] queryauth response: 
[ info ] 1
---------------------------------------------------------------
[ 2020-02-17T11:53:48+08:00 ] 218.204.253.230 POST /api/Bedorder/queryauth
[ info ] queryauth request: 
[ info ] {"mac":"CF212153B558"}
[ info ] queryauth response: 
[ info ] 1
---------------------------------------------------------------
[ 2020-02-17T11:53:51+08:00 ] 218.204.253.230 POST /api/Bedorder/queryauth
[ info ] queryauth request: 
[ info ] {"mac":"CF212153B558"}
[ info ] queryauth response: 
[ info ] 1
---------------------------------------------------------------
[ 2020-02-17T11:54:06+08:00 ] 218.204.253.230 POST /api/Bedorder/queryauth
[ info ] queryauth request: 
[ info ] {"mac":"CF212153B558"}
[ info ] queryauth response: 
[ info ] 1
---------------------------------------------------------------
[ 2020-02-17T11:54:17+08:00 ] 218.204.253.230 POST /api/Bedorder/queryauth
[ info ] queryauth request: 
[ info ] {"mac":"CF212153B558"}
[ info ] queryauth response: 
[ info ] 1
---------------------------------------------------------------
[ 2020-02-17T11:54:22+08:00 ] 218.204.253.230 POST /api/Bedorder/queryauth
[ info ] queryauth request: 
[ info ] {"mac":"CF212153B558"}
[ info ] queryauth response: 
[ info ] 1
---------------------------------------------------------------
[ 2020-02-17T12:04:34+08:00 ] 218.204.253.230 POST /api/Bedorder/queryauth
[ info ] queryauth request: 
[ info ] {"mac":"CF212153B558"}
[ info ] queryauth response: 
[ info ] 1
---------------------------------------------------------------
[ 2020-02-17T14:20:05+08:00 ] 218.204.253.230 POST /api/Bedorder/queryauth
[ info ] queryauth request: 
[ info ] {"mac":"CF212153B558"}
[ info ] queryauth response: 
[ info ] 1
---------------------------------------------------------------
[ 2020-02-17T14:20:42+08:00 ] 218.204.253.230 POST /api/Bedorder/queryauth
[ info ] queryauth request: 
[ info ] {"mac":"CF212153B558"}
[ info ] queryauth response: 
[ info ] 1
---------------------------------------------------------------
[ 2020-02-17T14:38:36+08:00 ] 39.144.17.85 POST /api/Bedorder/queryauth
[ info ] queryauth request: 
[ info ] {"mac":"D91FE12B3049"}
[ info ] queryauth response: 
[ info ] 1
---------------------------------------------------------------
[ 2020-02-17T14:38:44+08:00 ] 39.144.17.85 POST /api/Bedorder/queryauth
[ info ] queryauth request: 
[ info ] {"mac":"D91FE12B3049"}
[ info ] queryauth response: 
[ info ] 1
---------------------------------------------------------------
[ 2020-02-17T14:51:12+08:00 ] 117.132.198.37 POST /api/Bedorder/queryauth
[ info ] queryauth request: 
[ info ] {"mac":"F1DC5B21F1DB"}
[ info ] queryauth response: 
[ info ] 1
---------------------------------------------------------------
[ 2020-02-17T14:58:30+08:00 ] 39.144.17.85 POST /api/Bedorder/queryauth
[ info ] queryauth request: 
[ info ] {"mac":"D91FE12B3049"}
[ info ] queryauth response: 
[ info ] 1
---------------------------------------------------------------
[ 2020-02-17T16:47:28+08:00 ] 218.204.252.72 POST /api/Bedorder/queryauth
[ info ] queryauth request: 
[ info ] {"mac":"FD4D7469C811"}
[ info ] queryauth response: 
[ info ] 1
---------------------------------------------------------------
[ 2020-02-17T16:47:32+08:00 ] 218.204.252.72 POST /api/Bedorder/queryauth
[ info ] queryauth request: 
[ info ] {"mac":"FD4D7469C811"}
[ info ] queryauth response: 
[ info ] 1
---------------------------------------------------------------
[ 2020-02-17T16:52:02+08:00 ] 117.132.193.24 POST /api/Bedorder/queryauth
[ info ] queryauth request: 
[ info ] {"mac":"E3029E0D84DA"}
[ info ] queryauth response: 
[ info ] 1
---------------------------------------------------------------
[ 2020-02-17T18:39:10+08:00 ] 221.178.125.202 POST /api/Bedorder/queryauth
[ info ] queryauth request: 
[ info ] {"mac":"FE67B8F40025"}
[ info ] queryauth response: 
[ info ] 1
---------------------------------------------------------------
[ 2020-02-17T20:24:12+08:00 ] 218.204.253.126 POST /api/Bedorder/queryauth
[ info ] queryauth request: 
[ info ] {"mac":"F43526181FF0"}
[ info ] queryauth response: 
[ info ] 1
---------------------------------------------------------------
[ 2020-02-17T21:48:08+08:00 ] 223.104.255.160 POST /api/Bedorder/queryauth
[ info ] queryauth request: 
[ info ] {"mac":"F397FD587052"}
[ info ] queryauth response: 
[ info ] 1
---------------------------------------------------------------
[ 2020-02-17T21:48:23+08:00 ] 223.104.255.160 POST /api/Bedorder/queryauth
[ info ] queryauth request: 
[ info ] {"mac":"F397FD587052"}
[ info ] queryauth response: 
[ info ] 1
---------------------------------------------------------------
[ 2020-02-17T23:53:50+08:00 ] 117.132.192.227 POST /api/Bedorder/queryauth
[ info ] queryauth request: 
[ info ] {"mac":"FCB92889C178"}
[ info ] queryauth response: 
[ info ] 1
---------------------------------------------------------------
[ 2020-02-17T23:53:55+08:00 ] 117.132.192.227 POST /api/Bedorder/queryauth
[ info ] queryauth request: 
[ info ] {"mac":"FCB92889C178"}
[ info ] queryauth response: 
[ info ] 1
